#
# A fatal error has been detected by the Java Runtime Environment:
#
#  EXCEPTION_ACCESS_VIOLATION (0xc0000005) at pc=0x00007ff91fdcecb4, pid=11800, tid=3464
#
# JRE version: Java(TM) SE Runtime Environment (8.0_51-b16) (build 1.8.0_51-b16)
# Java VM: Java HotSpot(TM) 64-Bit Server VM (25.51-b03 mixed mode windows-amd64 compressed oops)
# Problematic frame:
# C  [OPENGL32.dll+0xdecb4]
#
# Failed to write core dump. Minidumps are not enabled by default on client versions of Windows
#
# If you would like to submit a bug report, please visit:
#   http://bugreport.java.com/bugreport/crash.jsp
#

---------------  T H R E A D  ---------------

Current thread (0x0000000016e37800):  VMThread [stack: 0x0000000017ed0000,0x0000000017fd0000] [id=3464]

siginfo: ExceptionCode=0xc0000005, reading address 0x0000000000000a38

Registers:
RAX=0x0000000000000000, RBX=0x000000002118e2d0, RCX=0x0000000000000001, RDX=0x000000002118e2d8
RSP=0x0000000017fcf068, RBP=0x0000000000000000, RSI=0x000000002b6541c0, RDI=0x000000002b6541c0
R8 =0x0000000017fcf0e8, R9 =0x0000000016d45400, R10=0x0000000000000042, R11=0x00007ff91fde1bb8
R12=0x0000000000000000, R13=0x0000000021187f98, R14=0x0000000021187e50, R15=0x0000000000000000
RIP=0x00007ff91fdcecb4, EFLAGS=0x0000000000010283

Top of Stack: (sp=0x0000000017fcf068)
0x0000000017fcf068:   00007ff912ae44eb 0000000000000001
0x0000000017fcf078:   000000002118e2d8 0000000017fcf0e8
0x0000000017fcf088:   0000000016d45400 0000000000000000
0x0000000017fcf098:   00007ff912ae9fb7 0000000000000000
0x0000000017fcf0a8:   000000002118a460 0000000021187f80
0x0000000017fcf0b8:   00007ff912ae9323 fffffffffffffffe
0x0000000017fcf0c8:   0000000017fcf130 0000000000000000
0x0000000017fcf0d8:   00007ff912aea869 000000002b6541c0
0x0000000017fcf0e8:   000000002118b660 0000000021187e50
0x0000000017fcf0f8:   00007ff912b4a910 fffffffffffffffe
0x0000000017fcf108:   000000002118a4a0 0000000000000001
0x0000000017fcf118:   0000000021187f78 0000000021187e50
0x0000000017fcf128:   00007ff912b52a31 00007ff912c74790
0x0000000017fcf138:   00007ff912bb7ad0 0000000016d45400
0x0000000017fcf148:   0000000000000000 0000000021187f78
0x0000000017fcf158:   0000000021187e50 0000000021187e50 

Instructions: (pc=0x00007ff91fdcecb4)
0x00007ff91fdcec94:   cc cc cc cc cc cc 66 0f 1f 44 00 00 8b 05 62 63
0x00007ff91fdceca4:   01 00 83 f8 40 73 0f 65 48 8b 04 c5 80 14 00 00
0x00007ff91fdcecb4:   ff a0 38 0a 00 00 b8 47 01 00 00 e9 ec d4 ff ff
0x00007ff91fdcecc4:   cc cc cc cc cc cc 66 0f 1f 44 00 00 8b 05 32 63 


Register to memory mapping:

RAX=0x0000000000000000 is an unknown value
RBX=0x000000002118e2d0 is an unknown value
RCX=0x0000000000000001 is an unknown value
RDX=0x000000002118e2d8 is an unknown value
RSP=0x0000000017fcf068 is an unknown value
RBP=0x0000000000000000 is an unknown value
RSI=0x000000002b6541c0 is an unknown value
RDI=0x000000002b6541c0 is an unknown value
R8 =0x0000000017fcf0e8 is an unknown value
R9 =0x0000000016d45400 is an unknown value
R10=0x0000000000000042 is an unknown value
R11=0x00007ff91fde1bb8 is an unknown value
R12=0x0000000000000000 is an unknown value
R13=0x0000000021187f98 is an unknown value
R14=0x0000000021187e50 is an unknown value
R15=0x0000000000000000 is an unknown value


Stack: [0x0000000017ed0000,0x0000000017fd0000],  sp=0x0000000017fcf068,  free space=1020k
Native frames: (J=compiled Java code, j=interpreted, Vv=VM code, C=native code)

VM_Operation (0x000000001bd6e440): Exit, mode: safepoint, requested by thread 0x000000001d98e800


---------------  P R O C E S S  ---------------

Java Threads: ( => current thread )
  0x00000000195e9000 JavaThread "LWJGL Timer" daemon [_thread_blocked, id=140, stack(0x000000002a500000,0x000000002a600000)]
  0x0000000019678000 JavaThread "Java2D Disposer" daemon [_thread_blocked, id=6852, stack(0x000000001bd70000,0x000000001be70000)]
  0x000000001d98e800 JavaThread "event.project.java.MyGameJava.main()" [_thread_blocked, id=444, stack(0x000000001bc70000,0x000000001bd70000)]
  0x0000000016ecc800 JavaThread "Service Thread" daemon [_thread_blocked, id=10212, stack(0x0000000018ad0000,0x0000000018bd0000)]
  0x0000000016eb5800 JavaThread "C1 CompilerThread2" daemon [_thread_blocked, id=3736, stack(0x00000000185d0000,0x00000000186d0000)]
  0x0000000016e98000 JavaThread "C2 CompilerThread1" daemon [_thread_blocked, id=7076, stack(0x00000000184d0000,0x00000000185d0000)]
  0x0000000016e6e800 JavaThread "C2 CompilerThread0" daemon [_thread_blocked, id=9260, stack(0x00000000183d0000,0x00000000184d0000)]
  0x0000000016e6d000 JavaThread "Attach Listener" daemon [_thread_blocked, id=11828, stack(0x00000000182d0000,0x00000000183d0000)]
  0x0000000016e6c000 JavaThread "Signal Dispatcher" daemon [_thread_blocked, id=1084, stack(0x00000000181d0000,0x00000000182d0000)]
  0x00000000022c7800 JavaThread "Finalizer" daemon [_thread_blocked, id=5260, stack(0x00000000180d0000,0x00000000181d0000)]
  0x00000000022bf800 JavaThread "Reference Handler" daemon [_thread_blocked, id=5396, stack(0x0000000017fd0000,0x00000000180d0000)]
  0x00000000021ae000 JavaThread "main" [_thread_blocked, id=8884, stack(0x0000000002090000,0x0000000002190000)]

Other Threads:
=>0x0000000016e37800 VMThread [stack: 0x0000000017ed0000,0x0000000017fd0000] [id=3464]

VM state:at safepoint (shutting down)

VM Mutex/Monitor currently owned by a thread:  ([mutex/lock_event])
[0x00000000021ad6a0] Threads_lock - owner thread: 0x0000000016e37800

Heap:
 PSYoungGen      total 58368K, used 24176K [0x00000000d5c00000, 0x00000000dae00000, 0x0000000100000000)
  eden space 50688K, 33% used [0x00000000d5c00000,0x00000000d6c8ef28,0x00000000d8d80000)
  from space 7680K, 94% used [0x00000000da680000,0x00000000dad8d328,0x00000000dae00000)
  to   space 9216K, 0% used [0x00000000d9c00000,0x00000000d9c00000,0x00000000da500000)
 ParOldGen       total 65536K, used 10068K [0x0000000081400000, 0x0000000085400000, 0x00000000d5c00000)
  object space 65536K, 15% used [0x0000000081400000,0x0000000081dd52b0,0x0000000085400000)
 Metaspace       used 28021K, capacity 28704K, committed 28928K, reserved 1075200K
  class space    used 3311K, capacity 3582K, committed 3584K, reserved 1048576K

Card table byte_map: [0x0000000011690000,0x0000000011a90000] byte_map_base: 0x0000000011286000

Marking Bits: (ParMarkBitMap*) 0x000000005a1e4040
 Begin Bits: [0x0000000012140000, 0x00000000140f0000)
 End Bits:   [0x00000000140f0000, 0x00000000160a0000)

Polling page: 0x0000000000510000

CodeCache: size=245760Kb used=12160Kb max_used=12165Kb free=233599Kb
 bounds [0x00000000022d0000, 0x0000000002ef0000, 0x00000000112d0000]
 total_blobs=4464 nmethods=3837 adapters=539
 compilation: enabled

Compilation events (10 events):
Event: 22.304 Thread 0x0000000016eb5800 nmethod 4302 0x000000000278fbd0 code [0x000000000278fd20, 0x000000000278fe50]
Event: 22.304 Thread 0x0000000016eb5800 4303       3       java.nio.Bits::int1 (6 bytes)
Event: 22.304 Thread 0x0000000016eb5800 nmethod 4303 0x000000000278f8d0 code [0x000000000278fa20, 0x000000000278fb50]
Event: 22.304 Thread 0x0000000016eb5800 4304       3       java.nio.Bits::int0 (3 bytes)
Event: 22.304 Thread 0x0000000016eb5800 nmethod 4304 0x000000000278f5d0 code [0x000000000278f720, 0x000000000278f850]
Event: 22.334 Thread 0x0000000016eb5800 4306       3       playn.java.JavaGL20::glTexParameteri (7 bytes)
Event: 22.335 Thread 0x0000000016eb5800 nmethod 4306 0x000000000278e6d0 code [0x000000000278e8c0, 0x000000000278f078]
Event: 22.335 Thread 0x0000000016eb5800 4305       1       java.nio.DirectIntBufferU::isDirect (2 bytes)
Event: 22.336 Thread 0x0000000016eb5800 nmethod 4305 0x000000000278e410 code [0x000000000278e560, 0x000000000278e670]
Event: 22.600 Thread 0x0000000016eb5800 4307   !   3       java.util.logging.LogManager::ensureLogManagerInitialized (128 bytes)

GC Heap History (10 events):
Event: 3.245 GC heap before
{Heap before GC invocations=3 (full 0):
 PSYoungGen      total 38400K, used 38377K [0x00000000d5c00000, 0x00000000d8680000, 0x0000000100000000)
  eden space 33280K, 100% used [0x00000000d5c00000,0x00000000d7c80000,0x00000000d7c80000)
  from space 5120K, 99% used [0x00000000d8180000,0x00000000d867a7d0,0x00000000d8680000)
  to   space 5120K, 0% used [0x00000000d7c80000,0x00000000d7c80000,0x00000000d8180000)
 ParOldGen       total 87552K, used 2862K [0x0000000081400000, 0x0000000086980000, 0x00000000d5c00000)
  object space 87552K, 3% used [0x0000000081400000,0x00000000816cb8a0,0x0000000086980000)
 Metaspace       used 15143K, capacity 15416K, committed 15616K, reserved 1062912K
  class space    used 1845K, capacity 1945K, committed 2048K, reserved 1048576K
Event: 3.258 GC heap after
Heap after GC invocations=3 (full 0):
 PSYoungGen      total 38400K, used 5104K [0x00000000d5c00000, 0x00000000d8680000, 0x0000000100000000)
  eden space 33280K, 0% used [0x00000000d5c00000,0x00000000d5c00000,0x00000000d7c80000)
  from space 5120K, 99% used [0x00000000d7c80000,0x00000000d817c030,0x00000000d8180000)
  to   space 5120K, 0% used [0x00000000d8180000,0x00000000d8180000,0x00000000d8680000)
 ParOldGen       total 87552K, used 4736K [0x0000000081400000, 0x0000000086980000, 0x00000000d5c00000)
  object space 87552K, 5% used [0x0000000081400000,0x00000000818a03e8,0x0000000086980000)
 Metaspace       used 15143K, capacity 15416K, committed 15616K, reserved 1062912K
  class space    used 1845K, capacity 1945K, committed 2048K, reserved 1048576K
}
Event: 4.165 GC heap before
{Heap before GC invocations=4 (full 0):
 PSYoungGen      total 38400K, used 38384K [0x00000000d5c00000, 0x00000000d8680000, 0x0000000100000000)
  eden space 33280K, 100% used [0x00000000d5c00000,0x00000000d7c80000,0x00000000d7c80000)
  from space 5120K, 99% used [0x00000000d7c80000,0x00000000d817c030,0x00000000d8180000)
  to   space 5120K, 0% used [0x00000000d8180000,0x00000000d8180000,0x00000000d8680000)
 ParOldGen       total 87552K, used 4736K [0x0000000081400000, 0x0000000086980000, 0x00000000d5c00000)
  object space 87552K, 5% used [0x0000000081400000,0x00000000818a03e8,0x0000000086980000)
 Metaspace       used 16221K, capacity 16618K, committed 16768K, reserved 1064960K
  class space    used 1946K, capacity 2091K, committed 2176K, reserved 1048576K
Event: 4.189 GC heap after
Heap after GC invocations=4 (full 0):
 PSYoungGen      total 38400K, used 5104K [0x00000000d5c00000, 0x00000000da700000, 0x0000000100000000)
  eden space 33280K, 0% used [0x00000000d5c00000,0x00000000d5c00000,0x00000000d7c80000)
  from space 5120K, 99% used [0x00000000d8180000,0x00000000d867c050,0x00000000d8680000)
  to   space 5120K, 0% used [0x00000000d7c80000,0x00000000d7c80000,0x00000000d8180000)
 ParOldGen       total 87552K, used 7573K [0x0000000081400000, 0x0000000086980000, 0x00000000d5c00000)
  object space 87552K, 8% used [0x0000000081400000,0x0000000081b654d0,0x0000000086980000)
 Metaspace       used 16221K, capacity 16618K, committed 16768K, reserved 1064960K
  class space    used 1946K, capacity 2091K, committed 2176K, reserved 1048576K
}
Event: 5.695 GC heap before
{Heap before GC invocations=5 (full 0):
 PSYoungGen      total 38400K, used 36301K [0x00000000d5c00000, 0x00000000da700000, 0x0000000100000000)
  eden space 33280K, 93% used [0x00000000d5c00000,0x00000000d7a773e8,0x00000000d7c80000)
  from space 5120K, 99% used [0x00000000d8180000,0x00000000d867c050,0x00000000d8680000)
  to   space 5120K, 0% used [0x00000000d7c80000,0x00000000d7c80000,0x00000000d8180000)
 ParOldGen       total 87552K, used 7573K [0x0000000081400000, 0x0000000086980000, 0x00000000d5c00000)
  object space 87552K, 8% used [0x0000000081400000,0x0000000081b654d0,0x0000000086980000)
 Metaspace       used 20567K, capacity 21092K, committed 21248K, reserved 1067008K
  class space    used 2536K, capacity 2727K, committed 2816K, reserved 1048576K
Event: 5.719 GC heap after
Heap after GC invocations=5 (full 0):
 PSYoungGen      total 38400K, used 5104K [0x00000000d5c00000, 0x00000000db000000, 0x0000000100000000)
  eden space 33280K, 0% used [0x00000000d5c00000,0x00000000d5c00000,0x00000000d7c80000)
  from space 5120K, 99% used [0x00000000d7c80000,0x00000000d817c030,0x00000000d8180000)
  to   space 9728K, 0% used [0x00000000da680000,0x00000000da680000,0x00000000db000000)
 ParOldGen       total 87552K, used 10580K [0x0000000081400000, 0x0000000086980000, 0x00000000d5c00000)
  object space 87552K, 12% used [0x0000000081400000,0x0000000081e55230,0x0000000086980000)
 Metaspace       used 20567K, capacity 21092K, committed 21248K, reserved 1067008K
  class space    used 2536K, capacity 2727K, committed 2816K, reserved 1048576K
}
Event: 5.719 GC heap before
{Heap before GC invocations=6 (full 1):
 PSYoungGen      total 38400K, used 5104K [0x00000000d5c00000, 0x00000000db000000, 0x0000000100000000)
  eden space 33280K, 0% used [0x00000000d5c00000,0x00000000d5c00000,0x00000000d7c80000)
  from space 5120K, 99% used [0x00000000d7c80000,0x00000000d817c030,0x00000000d8180000)
  to   space 9728K, 0% used [0x00000000da680000,0x00000000da680000,0x00000000db000000)
 ParOldGen       total 87552K, used 10580K [0x0000000081400000, 0x0000000086980000, 0x00000000d5c00000)
  object space 87552K, 12% used [0x0000000081400000,0x0000000081e55230,0x0000000086980000)
 Metaspace       used 20567K, capacity 21092K, committed 21248K, reserved 1067008K
  class space    used 2536K, capacity 2727K, committed 2816K, reserved 1048576K
Event: 5.811 GC heap after
Heap after GC invocations=6 (full 1):
 PSYoungGen      total 38400K, used 0K [0x00000000d5c00000, 0x00000000db000000, 0x0000000100000000)
  eden space 33280K, 0% used [0x00000000d5c00000,0x00000000d5c00000,0x00000000d7c80000)
  from space 5120K, 0% used [0x00000000d7c80000,0x00000000d7c80000,0x00000000d8180000)
  to   space 9728K, 0% used [0x00000000da680000,0x00000000da680000,0x00000000db000000)
 ParOldGen       total 65536K, used 10060K [0x0000000081400000, 0x0000000085400000, 0x00000000d5c00000)
  object space 65536K, 15% used [0x0000000081400000,0x0000000081dd32b0,0x0000000085400000)
 Metaspace       used 20567K, capacity 21092K, committed 21248K, reserved 1067008K
  class space    used 2536K, capacity 2727K, committed 2816K, reserved 1048576K
}
Event: 7.879 GC heap before
{Heap before GC invocations=7 (full 1):
 PSYoungGen      total 38400K, used 33280K [0x00000000d5c00000, 0x00000000db000000, 0x0000000100000000)
  eden space 33280K, 100% used [0x00000000d5c00000,0x00000000d7c80000,0x00000000d7c80000)
  from space 5120K, 0% used [0x00000000d7c80000,0x00000000d7c80000,0x00000000d8180000)
  to   space 9728K, 0% used [0x00000000da680000,0x00000000da680000,0x00000000db000000)
 ParOldGen       total 65536K, used 10060K [0x0000000081400000, 0x0000000085400000, 0x00000000d5c00000)
  object space 65536K, 15% used [0x0000000081400000,0x0000000081dd32b0,0x0000000085400000)
 Metaspace       used 24854K, capacity 25564K, committed 25856K, reserved 1071104K
  class space    used 3003K, capacity 3255K, committed 3328K, reserved 1048576K
Event: 7.933 GC heap after
Heap after GC invocations=7 (full 1):
 PSYoungGen      total 58368K, used 7220K [0x00000000d5c00000, 0x00000000dae00000, 0x0000000100000000)
  eden space 50688K, 0% used [0x00000000d5c00000,0x00000000d5c00000,0x00000000d8d80000)
  from space 7680K, 94% used [0x00000000da680000,0x00000000dad8d328,0x00000000dae00000)
  to   space 9216K, 0% used [0x00000000d9c00000,0x00000000d9c00000,0x00000000da500000)
 ParOldGen       total 65536K, used 10068K [0x0000000081400000, 0x0000000085400000, 0x00000000d5c00000)
  object space 65536K, 15% used [0x0000000081400000,0x0000000081dd52b0,0x0000000085400000)
 Metaspace       used 24854K, capacity 25564K, committed 25856K, reserved 1071104K
  class space    used 3003K, capacity 3255K, committed 3328K, reserved 1048576K
}

Deoptimization events (10 events):
Event: 8.472 Thread 0x000000001d98e800 Uncommon trap: reason=unstable_if action=reinterpret pc=0x00000000023dd684 method=java.lang.StringCoding.decode(Ljava/lang/String;[BII)[C @ 51
Event: 8.472 Thread 0x000000001d98e800 Uncommon trap: reason=unstable_if action=reinterpret pc=0x00000000023dfdb0 method=java.util.StringTokenizer.setMaxDelimCodePoint()V @ 71
Event: 8.625 Thread 0x000000001a256800 Uncommon trap: reason=class_check action=maybe_recompile pc=0x0000000002c384fc method=java.util.concurrent.locks.AbstractQueuedSynchronizer.release(I)Z @ 2
Event: 8.626 Thread 0x000000001b2bb800 Uncommon trap: reason=class_check action=maybe_recompile pc=0x0000000002c384fc method=java.util.concurrent.locks.AbstractQueuedSynchronizer.release(I)Z @ 2
Event: 8.628 Thread 0x000000001b2bb800 Uncommon trap: reason=unstable_if action=reinterpret pc=0x00000000025e3de4 method=sun.net.www.ParseUtil.encodePath(Ljava/lang/String;Z)Ljava/lang/String; @ 109
Event: 8.628 Thread 0x000000001a256800 Uncommon trap: reason=unstable_if action=reinterpret pc=0x00000000025e3bf8 method=sun.net.www.ParseUtil.encodePath(Ljava/lang/String;Z)Ljava/lang/String; @ 123
Event: 8.656 Thread 0x0000000019d23000 Uncommon trap: reason=class_check action=maybe_recompile pc=0x0000000002c384fc method=java.util.concurrent.locks.AbstractQueuedSynchronizer.release(I)Z @ 2
Event: 8.658 Thread 0x000000001967d000 Uncommon trap: reason=class_check action=maybe_recompile pc=0x0000000002c384fc method=java.util.concurrent.locks.AbstractQueuedSynchronizer.release(I)Z @ 2
Event: 8.738 Thread 0x000000001b2bb800 Uncommon trap: reason=class_check action=maybe_recompile pc=0x0000000002ce1af4 method=java.util.Hashtable.addEntry(ILjava/lang/Object;Ljava/lang/Object;I)V @ 38
Event: 8.760 Thread 0x000000001b2bb800 Uncommon trap: reason=unstable_if action=reinterpret pc=0x000000000288df5c method=java.awt.image.ComponentColorModel.coerceData(Ljava/awt/image/WritableRaster;Z)Ljava/awt/image/ColorModel; @ 178

Internal exceptions (10 events):
Event: 2.725 Thread 0x00000000021ae000 Implicit null exception at 0x000000000268772f to 0x0000000002687799
Event: 2.869 Thread 0x00000000021ae000 Implicit null exception at 0x000000000293ad72 to 0x000000000293afb9
Event: 4.045 Thread 0x00000000021ae000 Implicit null exception at 0x0000000002b79331 to 0x0000000002b7a49d
Event: 6.378 Thread 0x00000000021ae000 Exception <a 'java/io/FileNotFoundException'> (0x00000000d632ada8) thrown at [C:\re\workspace\8-2-build-windows-amd64-cygwin\jdk8u51\3951\hotspot\src\share\vm\prims\jni.cpp, line 709]
Event: 6.386 Thread 0x00000000021ae000 Exception <a 'java/io/FileNotFoundException'> (0x00000000d635e250) thrown at [C:\re\workspace\8-2-build-windows-amd64-cygwin\jdk8u51\3951\hotspot\src\share\vm\prims\jni.cpp, line 709]
Event: 7.521 Thread 0x000000001d98e800 Implicit null exception at 0x0000000002d8e80c to 0x0000000002d8efad
Event: 7.693 Thread 0x000000001d98e800 Exception <a 'java/io/FileNotFoundException'> (0x00000000d7bdb2e0) thrown at [C:\re\workspace\8-2-build-windows-amd64-cygwin\jdk8u51\3951\hotspot\src\share\vm\prims\jni.cpp, line 709]
Event: 7.793 Thread 0x000000001d98e800 Exception <a 'java/io/FileNotFoundException'> (0x00000000d7bff330) thrown at [C:\re\workspace\8-2-build-windows-amd64-cygwin\jdk8u51\3951\hotspot\src\share\vm\prims\jni.cpp, line 709]
Event: 7.955 Thread 0x000000001d98e800 Exception <a 'java/lang/NoSuchFieldError': method resolution failed> (0x00000000d5caf358) thrown at [C:\re\workspace\8-2-build-windows-amd64-cygwin\jdk8u51\3951\hotspot\src\share\vm\prims\methodHandles.cpp, line 1125]
Event: 7.957 Thread 0x000000001d98e800 Exception <a 'java/lang/NoSuchFieldError': method resolution failed> (0x00000000d5cbe2b8) thrown at [C:\re\workspace\8-2-build-windows-amd64-cygwin\jdk8u51\3951\hotspot\src\share\vm\prims\methodHandles.cpp, line 1125]

Events (10 events):
Event: 22.599 Executing VM operation: RevokeBias
Event: 22.599 Executing VM operation: RevokeBias done
Event: 22.599 Thread 0x000000001967d000 Thread exited: 0x000000001967d000
Event: 22.600 Thread 0x000000001967d000 Thread added: 0x000000001967d000
Event: 22.600 Thread 0x000000001c916800 Thread added: 0x000000001c916800
Event: 22.600 Executing VM operation: RevokeBias
Event: 22.600 Executing VM operation: RevokeBias done
Event: 22.600 Thread 0x000000001967d000 Thread exited: 0x000000001967d000
Event: 22.600 Thread 0x000000001c916800 Thread exited: 0x000000001c916800
Event: 22.600 Executing VM operation: Exit


Dynamic libraries:
0x00007ff675db0000 - 0x00007ff675de7000 	C:\Program Files\Java\jdk1.8.0_51\bin\java.exe
0x00007ff940c70000 - 0x00007ff940e39000 	C:\WINDOWS\SYSTEM32\ntdll.dll
0x00007ff940b10000 - 0x00007ff940bbb000 	C:\WINDOWS\system32\KERNEL32.DLL
0x00007ff93d400000 - 0x00007ff93d5fc000 	C:\WINDOWS\system32\KERNELBASE.dll
0x00007ff93f9a0000 - 0x00007ff93fa47000 	C:\WINDOWS\system32\ADVAPI32.dll
0x00007ff93fbc0000 - 0x00007ff93fc5d000 	C:\WINDOWS\system32\msvcrt.dll
0x00007ff940650000 - 0x00007ff9406ac000 	C:\WINDOWS\system32\sechost.dll
0x00007ff940780000 - 0x00007ff9408a5000 	C:\WINDOWS\system32\RPCRT4.dll
0x00007ff93fa50000 - 0x00007ff93fbb6000 	C:\WINDOWS\system32\USER32.dll
0x000000005bbe0000 - 0x000000005bbff000 	C:\WINDOWS\system32\win32u.dll
0x00007ff93f970000 - 0x00007ff93f9a0000 	C:\WINDOWS\system32\GDI32.dll
0x00007ff93e050000 - 0x00007ff93e1d0000 	C:\WINDOWS\system32\gdi32full.dll
0x00007ff933f70000 - 0x00007ff9341dc000 	C:\WINDOWS\WinSxS\amd64_microsoft.windows.common-controls_6595b64144ccf1df_6.0.14295.1000_none_7d072e80b85c67b2\COMCTL32.dll
0x00007ff940090000 - 0x00007ff94031f000 	C:\WINDOWS\system32\combase.dll
0x00007ff93d870000 - 0x00007ff93d964000 	C:\WINDOWS\system32\ucrtbase.dll
0x00007ff93d2e0000 - 0x00007ff93d349000 	C:\WINDOWS\system32\bcryptPrimitives.dll
0x00007ff940580000 - 0x00007ff9405ae000 	C:\WINDOWS\system32\IMM32.DLL
0x000000005a270000 - 0x000000005a342000 	C:\Program Files\Java\jdk1.8.0_51\jre\bin\msvcr100.dll
0x00000000599e0000 - 0x000000005a263000 	C:\Program Files\Java\jdk1.8.0_51\jre\bin\server\jvm.dll
0x00007ff940bc0000 - 0x00007ff940bc7000 	C:\WINDOWS\system32\PSAPI.DLL
0x00007ff938bd0000 - 0x00007ff938bd9000 	C:\WINDOWS\SYSTEM32\WSOCK32.dll
0x00007ff931a50000 - 0x00007ff931a5a000 	C:\WINDOWS\SYSTEM32\VERSION.dll
0x00007ff940710000 - 0x00007ff94077b000 	C:\WINDOWS\system32\WS2_32.dll
0x00007ff93b910000 - 0x00007ff93b933000 	C:\WINDOWS\SYSTEM32\WINMM.dll
0x00007ff93b8e0000 - 0x00007ff93b90b000 	C:\WINDOWS\SYSTEM32\WINMMBASE.dll
0x00007ff93d350000 - 0x00007ff93d393000 	C:\WINDOWS\system32\cfgmgr32.dll
0x00000000599d0000 - 0x00000000599df000 	C:\Program Files\Java\jdk1.8.0_51\jre\bin\verify.dll
0x00000000599a0000 - 0x00000000599c9000 	C:\Program Files\Java\jdk1.8.0_51\jre\bin\java.dll
0x0000000059980000 - 0x0000000059996000 	C:\Program Files\Java\jdk1.8.0_51\jre\bin\zip.dll
0x00007ff93e420000 - 0x00007ff93f8f1000 	C:\WINDOWS\system32\SHELL32.dll
0x00007ff93d970000 - 0x00007ff93e023000 	C:\WINDOWS\system32\windows.storage.dll
0x00007ff9406b0000 - 0x00007ff940702000 	C:\WINDOWS\system32\shlwapi.dll
0x00007ff93d2d0000 - 0x00007ff93d2df000 	C:\WINDOWS\system32\kernel.appcore.dll
0x00007ff93d600000 - 0x00007ff93d6a8000 	C:\WINDOWS\system32\shcore.dll
0x00007ff93d260000 - 0x00007ff93d2ab000 	C:\WINDOWS\system32\powrprof.dll
0x00007ff93d2b0000 - 0x00007ff93d2c4000 	C:\WINDOWS\system32\profapi.dll
0x0000000059960000 - 0x000000005997a000 	C:\Program Files\Java\jdk1.8.0_51\jre\bin\net.dll
0x00007ff93cb30000 - 0x00007ff93cb8c000 	C:\WINDOWS\system32\mswsock.dll
0x0000000059940000 - 0x0000000059951000 	C:\Program Files\Java\jdk1.8.0_51\jre\bin\nio.dll
0x00000000597a0000 - 0x0000000059938000 	C:\Program Files\Java\jdk1.8.0_51\jre\bin\awt.dll
0x00007ff9408b0000 - 0x00007ff94096b000 	C:\WINDOWS\system32\OLEAUT32.dll
0x00007ff93bb80000 - 0x00007ff93bbf9000 	C:\WINDOWS\SYSTEM32\apphelp.dll
0x00007ff93a970000 - 0x00007ff93a994000 	C:\WINDOWS\system32\DWMAPI.DLL
0x00007ff93bcd0000 - 0x00007ff93bd63000 	C:\WINDOWS\system32\uxtheme.dll
0x0000000180000000 - 0x0000000180050000 	C:\cygwin64\tmp\playnaphis\1284024257\lwjgl64.dll
0x00007ff91fcf0000 - 0x00007ff91fe13000 	C:\WINDOWS\SYSTEM32\OPENGL32.dll
0x00007ff91fcc0000 - 0x00007ff91fcec000 	C:\WINDOWS\SYSTEM32\GLU32.dll
0x00007ff91fbc0000 - 0x00007ff91fcb7000 	C:\WINDOWS\SYSTEM32\DDRAW.dll
0x00007ff920020000 - 0x00007ff920028000 	C:\WINDOWS\SYSTEM32\DCIMAN32.dll
0x00007ff940320000 - 0x00007ff940471000 	C:\WINDOWS\system32\MSCTF.dll
0x00007ff927fa0000 - 0x00007ff927fcb000 	C:\PROGRA~2\RAPTRI~1\Raptr\ltc_help64-109838.dll
0x00007ff93d3a0000 - 0x00007ff93d3f5000 	C:\WINDOWS\system32\WINTRUST.dll
0x00007ff93d250000 - 0x00007ff93d260000 	C:\WINDOWS\system32\MSASN1.dll
0x00007ff93d6b0000 - 0x00007ff93d86c000 	C:\WINDOWS\system32\CRYPT32.dll
0x00007ff8ff7b0000 - 0x00007ff900469000 	C:\WINDOWS\SYSTEM32\ig8icd64.dll
0x00007ff934480000 - 0x00007ff934e85000 	C:\WINDOWS\SYSTEM32\igdusc64.dll
0x00007ff93b090000 - 0x00007ff93b0a3000 	C:\WINDOWS\SYSTEM32\WTSAPI32.dll
0x00007ff91d890000 - 0x00007ff91d91d000 	C:\WINDOWS\SYSTEM32\mscms.dll
0x00007ff93c9c0000 - 0x00007ff93c9df000 	C:\WINDOWS\SYSTEM32\USERENV.dll
0x00007ff92a790000 - 0x00007ff92a7d2000 	C:\WINDOWS\SYSTEM32\icm32.dll
0x00007ff93cbe0000 - 0x00007ff93cbf7000 	C:\WINDOWS\system32\CRYPTSP.dll
0x00007ff93c8d0000 - 0x00007ff93c904000 	C:\WINDOWS\system32\rsaenh.dll
0x00007ff93d190000 - 0x00007ff93d1b9000 	C:\WINDOWS\SYSTEM32\bcrypt.dll
0x00007ff93cd00000 - 0x00007ff93cd0b000 	C:\WINDOWS\SYSTEM32\CRYPTBASE.dll
0x00007ff940630000 - 0x00007ff94064c000 	C:\WINDOWS\system32\imagehlp.dll
0x00007ff93c3b0000 - 0x00007ff93c3d3000 	C:\WINDOWS\SYSTEM32\gpapi.dll
0x00007ff92c170000 - 0x00007ff92c19f000 	C:\Windows\System32\cryptnet.dll
0x00007ff939f60000 - 0x00007ff939f97000 	C:\WINDOWS\SYSTEM32\IPHLPAPI.DLL
0x00007ff939c20000 - 0x00007ff939c2b000 	C:\WINDOWS\SYSTEM32\WINNSI.DLL
0x00007ff940620000 - 0x00007ff940628000 	C:\WINDOWS\system32\NSI.dll
0x00007ff912a80000 - 0x00007ff912c90000 	C:\PROGRA~2\RAPTRI~1\Raptr\ltc_game64-109838.dll
0x00007ff93e280000 - 0x00007ff93e3b8000 	C:\WINDOWS\system32\ole32.dll
0x00007ff912dd0000 - 0x00007ff912f5b000 	C:\WINDOWS\SYSTEM32\dbghelp.dll

VM Arguments:
jvm_args: -Dclassworlds.conf=C:\apache-maven-3.3.9/bin/m2.conf -Dmaven.home=C:\apache-maven-3.3.9 -Dmaven.multiModuleProjectDirectory=C:\cygwin64\home\aphis\event\Event-Driven-Programming-Project\project 
java_command: org.codehaus.plexus.classworlds.launcher.Launcher test -Pjava
java_class_path (initial): C:\apache-maven-3.3.9/boot/plexus-classworlds-2.5.2.jar
Launcher Type: SUN_STANDARD

Environment Variables:
JAVA_HOME=C:\Program Files\Java\jdk1.8.0_51
PATH=C:\cygwin64\usr\local\bin;C:\cygwin64\bin;C:\Program Files (x86)\Intel\iCLS Client;C:\Program Files\Intel\iCLS Client;C:\ProgramData\Oracle\Java\javapath;C:\WINDOWS\system32;C:\WINDOWS;C:\WINDOWS\System32\Wbem;C:\WINDOWS\System32\WindowsPowerShell\v1.0;C:\Program Files (x86)\AMD\ATI.ACE\Core-Static;C:\Program Files\Java\jdk1.8.0_51\bin;C:\Program Files\Intel\Intel(R) Management Engine Components\DAL;C:\Program Files (x86)\Intel\Intel(R) Management Engine Components\DAL;C:\Program Files\Intel\Intel(R) Management Engine Components\IPT;C:\Program Files (x86)\Intel\Intel(R) Management Engine Components\IPT;C:\Program Files\Java\jdk1.8.0_51\bin;C:\grails-2.4.5\grails-2.4.5\bin;C:\Program Files (x86)\ATI Technologies\ATI.ACE\Core-Static;C:\Program Files (x86)\Dev-Cpp\MinGW64\bin;C:\Go\bin;C:\Program Files\Git\bin;C:\Program Files (x86)\Skype\Phone;C:\Program Files (x86)\GtkSharp\2.12\bin;C:\apache-maven-3.3.9\bin;C:\Users\aphis\AppData\Local\Programs\Python\Python35-32\Scripts;C:\Users\aphis\AppData\Local\Programs\Python\Python35-32;C:\Program Files (x86)\Microsoft VS Code\bin
USERNAME=aphis
SHELL=/bin/bash
OS=Windows_NT
PROCESSOR_IDENTIFIER=Intel64 Family 6 Model 61 Stepping 4, GenuineIntel



---------------  S Y S T E M  ---------------

OS: Windows 10.0 , 64 bit Build 14295 (10.0.14295.1000)

CPU:total 4 (2 cores per cpu, 2 threads per core) family 6 model 61 stepping 4, cmov, cx8, fxsr, mmx, sse, sse2, sse3, ssse3, sse4.1, sse4.2, popcnt, avx, avx2, aes, clmul, erms, 3dnowpref, lzcnt, ht, tsc, tscinvbit, bmi1, bmi2, adx

Memory: 4k page, physical 8301016k(3325672k free), swap 9611736k(1735932k free)

vm_info: Java HotSpot(TM) 64-Bit Server VM (25.51-b03) for windows-amd64 JRE (1.8.0_51-b16), built on Jun  8 2015 18:03:07 by "java_re" with MS VC++ 10.0 (VS2010)

time: Sat Apr 02 11:23:38 2016
elapsed time: 22 seconds (0d 0h 0m 22s)

