#
# A fatal error has been detected by the Java Runtime Environment:
#
#  EXCEPTION_ACCESS_VIOLATION (0xc0000005) at pc=0x00007ffd81fbecb4, pid=17236, tid=15640
#
# JRE version: Java(TM) SE Runtime Environment (8.0_51-b16) (build 1.8.0_51-b16)
# Java VM: Java HotSpot(TM) 64-Bit Server VM (25.51-b03 mixed mode windows-amd64 compressed oops)
# Problematic frame:
# C  [OPENGL32.dll+0xdecb4]
#
# Failed to write core dump. Minidumps are not enabled by default on client versions of Windows
#
# If you would like to submit a bug report, please visit:
#   http://bugreport.java.com/bugreport/crash.jsp
#

---------------  T H R E A D  ---------------

Current thread (0x0000000016e48000):  VMThread [stack: 0x0000000017ed0000,0x0000000017fd0000] [id=15640]

siginfo: ExceptionCode=0xc0000005, reading address 0x0000000000000a38

Registers:
RAX=0x0000000000000000, RBX=0x000000001e91e1b0, RCX=0x0000000000000001, RDX=0x000000001e91e1b8
RSP=0x0000000017fcf018, RBP=0x0000000000000000, RSI=0x000000001e7a41c0, RDI=0x000000001e7a41c0
R8 =0x0000000017fcf098, R9 =0x0000000016d55400, R10=0x0000000000000042, R11=0x00007ffd81fd1bb8
R12=0x0000000000000000, R13=0x000000001e917f98, R14=0x000000001e917e50, R15=0x0000000000000000
RIP=0x00007ffd81fbecb4, EFLAGS=0x0000000000010283

Top of Stack: (sp=0x0000000017fcf018)
0x0000000017fcf018:   00007ffd6eb544eb 0000000000000001
0x0000000017fcf028:   000000001e91e1b8 0000000017fcf098
0x0000000017fcf038:   0000000016d55400 0000000000000000
0x0000000017fcf048:   00007ffd6eb59fb7 0000000000000000
0x0000000017fcf058:   000000001e91a460 000000001e917f80
0x0000000017fcf068:   00007ffd6eb59323 fffffffffffffffe
0x0000000017fcf078:   0000000017fcf0e0 0000000000000000
0x0000000017fcf088:   00007ffd6eb5a869 000000001e7a41c0
0x0000000017fcf098:   000000001e9176e0 000000001e917e50
0x0000000017fcf0a8:   00007ffd6ebba910 fffffffffffffffe
0x0000000017fcf0b8:   000000001e91a4a0 0000000000000001
0x0000000017fcf0c8:   000000001e917f78 000000001e917e50
0x0000000017fcf0d8:   00007ffd6ebc2a31 00007ffd6ece4790
0x0000000017fcf0e8:   00007ffd6ec27ad0 0000000016d55400
0x0000000017fcf0f8:   0000000000000000 000000001e917f78
0x0000000017fcf108:   000000001e917e50 000000001e917e50 

Instructions: (pc=0x00007ffd81fbecb4)
0x00007ffd81fbec94:   cc cc cc cc cc cc 66 0f 1f 44 00 00 8b 05 62 63
0x00007ffd81fbeca4:   01 00 83 f8 40 73 0f 65 48 8b 04 c5 80 14 00 00
0x00007ffd81fbecb4:   ff a0 38 0a 00 00 b8 47 01 00 00 e9 ec d4 ff ff
0x00007ffd81fbecc4:   cc cc cc cc cc cc 66 0f 1f 44 00 00 8b 05 32 63 


Register to memory mapping:

RAX=0x0000000000000000 is an unknown value
RBX=0x000000001e91e1b0 is an unknown value
RCX=0x0000000000000001 is an unknown value
RDX=0x000000001e91e1b8 is an unknown value
RSP=0x0000000017fcf018 is an unknown value
RBP=0x0000000000000000 is an unknown value
RSI=0x000000001e7a41c0 is an unknown value
RDI=0x000000001e7a41c0 is an unknown value
R8 =0x0000000017fcf098 is an unknown value
R9 =0x0000000016d55400 is an unknown value
R10=0x0000000000000042 is an unknown value
R11=0x00007ffd81fd1bb8 is an unknown value
R12=0x0000000000000000 is an unknown value
R13=0x000000001e917f98 is an unknown value
R14=0x000000001e917e50 is an unknown value
R15=0x0000000000000000 is an unknown value


Stack: [0x0000000017ed0000,0x0000000017fd0000],  sp=0x0000000017fcf018,  free space=1020k
Native frames: (J=compiled Java code, j=interpreted, Vv=VM code, C=native code)

VM_Operation (0x000000001ea7e5c0): Exit, mode: safepoint, requested by thread 0x000000001a10b000


---------------  P R O C E S S  ---------------

Java Threads: ( => current thread )
  0x0000000018aae800 JavaThread "LWJGL Timer" daemon [_thread_blocked, id=16968, stack(0x000000002ad00000,0x000000002ae00000)]
  0x000000001d8a9000 JavaThread "Java2D Disposer" daemon [_thread_blocked, id=6904, stack(0x000000001ea80000,0x000000001eb80000)]
  0x000000001a10b000 JavaThread "event.project.java.MyGameJava.main()" [_thread_blocked, id=16632, stack(0x000000001e980000,0x000000001ea80000)]
  0x00000000186f0800 JavaThread "Service Thread" daemon [_thread_blocked, id=11976, stack(0x0000000018ad0000,0x0000000018bd0000)]
  0x0000000016e89000 JavaThread "C1 CompilerThread2" daemon [_thread_blocked, id=14160, stack(0x00000000185d0000,0x00000000186d0000)]
  0x0000000016e82000 JavaThread "C2 CompilerThread1" daemon [_thread_blocked, id=12984, stack(0x00000000184d0000,0x00000000185d0000)]
  0x0000000016e7e800 JavaThread "C2 CompilerThread0" daemon [_thread_blocked, id=16824, stack(0x00000000183d0000,0x00000000184d0000)]
  0x0000000016e7d000 JavaThread "Attach Listener" daemon [_thread_blocked, id=17048, stack(0x00000000182d0000,0x00000000183d0000)]
  0x0000000016e7b800 JavaThread "Signal Dispatcher" daemon [_thread_blocked, id=17244, stack(0x00000000181d0000,0x00000000182d0000)]
  0x0000000002307000 JavaThread "Finalizer" daemon [_thread_blocked, id=16952, stack(0x00000000180d0000,0x00000000181d0000)]
  0x00000000022fe000 JavaThread "Reference Handler" daemon [_thread_blocked, id=16320, stack(0x0000000017fd0000,0x00000000180d0000)]
  0x000000000095e000 JavaThread "main" [_thread_blocked, id=16884, stack(0x0000000002110000,0x0000000002210000)]

Other Threads:
=>0x0000000016e48000 VMThread [stack: 0x0000000017ed0000,0x0000000017fd0000] [id=15640]

VM state:at safepoint (shutting down)

VM Mutex/Monitor currently owned by a thread:  ([mutex/lock_event])
[0x000000000095dca0] Threads_lock - owner thread: 0x0000000016e48000

Heap:
 PSYoungGen      total 71680K, used 49274K [0x00000000d5c00000, 0x00000000df100000, 0x0000000100000000)
  eden space 66560K, 74% used [0x00000000d5c00000,0x00000000d8c1e968,0x00000000d9d00000)
  from space 5120K, 0% used [0x00000000d9d00000,0x00000000d9d00000,0x00000000da200000)
  to   space 9728K, 0% used [0x00000000de780000,0x00000000de780000,0x00000000df100000)
 ParOldGen       total 66560K, used 10055K [0x0000000081400000, 0x0000000085500000, 0x00000000d5c00000)
  object space 66560K, 15% used [0x0000000081400000,0x0000000081dd1f00,0x0000000085500000)
 Metaspace       used 27654K, capacity 28378K, committed 28672K, reserved 1075200K
  class space    used 3260K, capacity 3517K, committed 3584K, reserved 1048576K

Card table byte_map: [0x00000000116d0000,0x0000000011ad0000] byte_map_base: 0x00000000112c6000

Marking Bits: (ParMarkBitMap*) 0x000000005c1d4040
 Begin Bits: [0x0000000012180000, 0x0000000014130000)
 End Bits:   [0x0000000014130000, 0x00000000160e0000)

Polling page: 0x00000000004d0000

CodeCache: size=245760Kb used=10971Kb max_used=11784Kb free=234788Kb
 bounds [0x0000000002310000, 0x0000000002f10000, 0x0000000011310000]
 total_blobs=4351 nmethods=3726 adapters=537
 compilation: enabled

Compilation events (10 events):
Event: 97.496 Thread 0x0000000016e82000 4226       4       playn.java.JavaPlatform::processFrame (53 bytes)
Event: 97.505 Thread 0x0000000016e7e800 nmethod 4223 0x000000000291b7d0 code [0x000000000291baa0, 0x000000000291d040]
Event: 97.560 Thread 0x0000000016e82000 nmethod 4226 0x0000000002a04210 code [0x0000000002a04560, 0x0000000002a06958]
Event: 99.618 Thread 0x0000000016e7e800 4227       4       tripleplay.game.ScreenStack::paint (39 bytes)
Event: 99.620 Thread 0x0000000016e7e800 nmethod 4227 0x000000000272e210 code [0x000000000272e360, 0x000000000272e4d8]
Event: 179.991 Thread 0x0000000016e82000 4228       4       org.lwjgl.opengl.Sync$RunningAvg::dampenForLowResTicker (42 bytes)
Event: 179.994 Thread 0x0000000016e82000 nmethod 4228 0x0000000002895a50 code [0x0000000002895be0, 0x0000000002895eb8]
Event: 272.393 Thread 0x0000000016e89000 4229       3       playn.core.MouseImpl::onMouseMove (261 bytes)
Event: 272.395 Thread 0x0000000016e89000 nmethod 4229 0x000000000294ec90 code [0x000000000294efa0, 0x0000000002950d48]
Event: 274.842 Thread 0x0000000016e89000 4230   !   3       java.util.logging.LogManager::ensureLogManagerInitialized (128 bytes)

GC Heap History (10 events):
Event: 1.349 GC heap before
{Heap before GC invocations=2 (full 0):
 PSYoungGen      total 38400K, used 38380K [0x00000000d5c00000, 0x00000000d8680000, 0x0000000100000000)
  eden space 33280K, 100% used [0x00000000d5c00000,0x00000000d7c80000,0x00000000d7c80000)
  from space 5120K, 99% used [0x00000000d7c80000,0x00000000d817b2a0,0x00000000d8180000)
  to   space 5120K, 0% used [0x00000000d8180000,0x00000000d8180000,0x00000000d8680000)
 ParOldGen       total 87552K, used 202K [0x0000000081400000, 0x0000000086980000, 0x00000000d5c00000)
  object space 87552K, 0% used [0x0000000081400000,0x0000000081432930,0x0000000086980000)
 Metaspace       used 12884K, capacity 13060K, committed 13312K, reserved 1060864K
  class space    used 1628K, capacity 1742K, committed 1792K, reserved 1048576K
Event: 1.358 GC heap after
Heap after GC invocations=2 (full 0):
 PSYoungGen      total 38400K, used 5089K [0x00000000d5c00000, 0x00000000d8680000, 0x0000000100000000)
  eden space 33280K, 0% used [0x00000000d5c00000,0x00000000d5c00000,0x00000000d7c80000)
  from space 5120K, 99% used [0x00000000d8180000,0x00000000d8678608,0x00000000d8680000)
  to   space 5120K, 0% used [0x00000000d7c80000,0x00000000d7c80000,0x00000000d8180000)
 ParOldGen       total 87552K, used 2875K [0x0000000081400000, 0x0000000086980000, 0x00000000d5c00000)
  object space 87552K, 3% used [0x0000000081400000,0x00000000816cee78,0x0000000086980000)
 Metaspace       used 12884K, capacity 13060K, committed 13312K, reserved 1060864K
  class space    used 1628K, capacity 1742K, committed 1792K, reserved 1048576K
}
Event: 2.202 GC heap before
{Heap before GC invocations=3 (full 0):
 PSYoungGen      total 38400K, used 38369K [0x00000000d5c00000, 0x00000000d8680000, 0x0000000100000000)
  eden space 33280K, 100% used [0x00000000d5c00000,0x00000000d7c80000,0x00000000d7c80000)
  from space 5120K, 99% used [0x00000000d8180000,0x00000000d8678608,0x00000000d8680000)
  to   space 5120K, 0% used [0x00000000d7c80000,0x00000000d7c80000,0x00000000d8180000)
 ParOldGen       total 87552K, used 2875K [0x0000000081400000, 0x0000000086980000, 0x00000000d5c00000)
  object space 87552K, 3% used [0x0000000081400000,0x00000000816cee78,0x0000000086980000)
 Metaspace       used 15140K, capacity 15450K, committed 15616K, reserved 1062912K
  class space    used 1848K, capacity 1979K, committed 2048K, reserved 1048576K
Event: 2.215 GC heap after
Heap after GC invocations=3 (full 0):
 PSYoungGen      total 38400K, used 5088K [0x00000000d5c00000, 0x00000000da700000, 0x0000000100000000)
  eden space 33280K, 0% used [0x00000000d5c00000,0x00000000d5c00000,0x00000000d7c80000)
  from space 5120K, 99% used [0x00000000d7c80000,0x00000000d8178040,0x00000000d8180000)
  to   space 5120K, 0% used [0x00000000da200000,0x00000000da200000,0x00000000da700000)
 ParOldGen       total 87552K, used 4783K [0x0000000081400000, 0x0000000086980000, 0x00000000d5c00000)
  object space 87552K, 5% used [0x0000000081400000,0x00000000818abeb0,0x0000000086980000)
 Metaspace       used 15140K, capacity 15450K, committed 15616K, reserved 1062912K
  class space    used 1848K, capacity 1979K, committed 2048K, reserved 1048576K
}
Event: 3.021 GC heap before
{Heap before GC invocations=4 (full 0):
 PSYoungGen      total 38400K, used 38368K [0x00000000d5c00000, 0x00000000da700000, 0x0000000100000000)
  eden space 33280K, 100% used [0x00000000d5c00000,0x00000000d7c80000,0x00000000d7c80000)
  from space 5120K, 99% used [0x00000000d7c80000,0x00000000d8178040,0x00000000d8180000)
  to   space 5120K, 0% used [0x00000000da200000,0x00000000da200000,0x00000000da700000)
 ParOldGen       total 87552K, used 4783K [0x0000000081400000, 0x0000000086980000, 0x00000000d5c00000)
  object space 87552K, 5% used [0x0000000081400000,0x00000000818abeb0,0x0000000086980000)
 Metaspace       used 16222K, capacity 16618K, committed 16768K, reserved 1064960K
  class space    used 1946K, capacity 2091K, committed 2176K, reserved 1048576K
Event: 3.040 GC heap after
Heap after GC invocations=4 (full 0):
 PSYoungGen      total 71680K, used 5104K [0x00000000d5c00000, 0x00000000da700000, 0x0000000100000000)
  eden space 66560K, 0% used [0x00000000d5c00000,0x00000000d5c00000,0x00000000d9d00000)
  from space 5120K, 99% used [0x00000000da200000,0x00000000da6fc030,0x00000000da700000)
  to   space 5120K, 0% used [0x00000000d9d00000,0x00000000d9d00000,0x00000000da200000)
 ParOldGen       total 87552K, used 7678K [0x0000000081400000, 0x0000000086980000, 0x00000000d5c00000)
  object space 87552K, 8% used [0x0000000081400000,0x0000000081b7fa10,0x0000000086980000)
 Metaspace       used 16222K, capacity 16618K, committed 16768K, reserved 1064960K
  class space    used 1946K, capacity 2091K, committed 2176K, reserved 1048576K
}
Event: 3.904 GC heap before
{Heap before GC invocations=5 (full 0):
 PSYoungGen      total 71680K, used 34541K [0x00000000d5c00000, 0x00000000da700000, 0x0000000100000000)
  eden space 66560K, 44% used [0x00000000d5c00000,0x00000000d78bf638,0x00000000d9d00000)
  from space 5120K, 99% used [0x00000000da200000,0x00000000da6fc030,0x00000000da700000)
  to   space 5120K, 0% used [0x00000000d9d00000,0x00000000d9d00000,0x00000000da200000)
 ParOldGen       total 87552K, used 7678K [0x0000000081400000, 0x0000000086980000, 0x00000000d5c00000)
  object space 87552K, 8% used [0x0000000081400000,0x0000000081b7fa10,0x0000000086980000)
 Metaspace       used 20664K, capacity 21150K, committed 21248K, reserved 1067008K
  class space    used 2544K, capacity 2726K, committed 2816K, reserved 1048576K
Event: 3.930 GC heap after
Heap after GC invocations=5 (full 0):
 PSYoungGen      total 71680K, used 5104K [0x00000000d5c00000, 0x00000000df100000, 0x0000000100000000)
  eden space 66560K, 0% used [0x00000000d5c00000,0x00000000d5c00000,0x00000000d9d00000)
  from space 5120K, 99% used [0x00000000d9d00000,0x00000000da1fc010,0x00000000da200000)
  to   space 9728K, 0% used [0x00000000de780000,0x00000000de780000,0x00000000df100000)
 ParOldGen       total 87552K, used 10609K [0x0000000081400000, 0x0000000086980000, 0x00000000d5c00000)
  object space 87552K, 12% used [0x0000000081400000,0x0000000081e5c750,0x0000000086980000)
 Metaspace       used 20664K, capacity 21150K, committed 21248K, reserved 1067008K
  class space    used 2544K, capacity 2726K, committed 2816K, reserved 1048576K
}
Event: 3.930 GC heap before
{Heap before GC invocations=6 (full 1):
 PSYoungGen      total 71680K, used 5104K [0x00000000d5c00000, 0x00000000df100000, 0x0000000100000000)
  eden space 66560K, 0% used [0x00000000d5c00000,0x00000000d5c00000,0x00000000d9d00000)
  from space 5120K, 99% used [0x00000000d9d00000,0x00000000da1fc010,0x00000000da200000)
  to   space 9728K, 0% used [0x00000000de780000,0x00000000de780000,0x00000000df100000)
 ParOldGen       total 87552K, used 10609K [0x0000000081400000, 0x0000000086980000, 0x00000000d5c00000)
  object space 87552K, 12% used [0x0000000081400000,0x0000000081e5c750,0x0000000086980000)
 Metaspace       used 20664K, capacity 21150K, committed 21248K, reserved 1067008K
  class space    used 2544K, capacity 2726K, committed 2816K, reserved 1048576K
Event: 4.019 GC heap after
Heap after GC invocations=6 (full 1):
 PSYoungGen      total 71680K, used 0K [0x00000000d5c00000, 0x00000000df100000, 0x0000000100000000)
  eden space 66560K, 0% used [0x00000000d5c00000,0x00000000d5c00000,0x00000000d9d00000)
  from space 5120K, 0% used [0x00000000d9d00000,0x00000000d9d00000,0x00000000da200000)
  to   space 9728K, 0% used [0x00000000de780000,0x00000000de780000,0x00000000df100000)
 ParOldGen       total 66560K, used 10055K [0x0000000081400000, 0x0000000085500000, 0x00000000d5c00000)
  object space 66560K, 15% used [0x0000000081400000,0x0000000081dd1f00,0x0000000085500000)
 Metaspace       used 20664K, capacity 21150K, committed 21248K, reserved 1067008K
  class space    used 2544K, capacity 2726K, committed 2816K, reserved 1048576K
}

Deoptimization events (10 events):
Event: 4.783 Thread 0x000000001a10b000 Uncommon trap: reason=unstable_if action=reinterpret pc=0x0000000002e1a9e8 method=java.lang.Package.isSealed()Z @ 4
Event: 4.842 Thread 0x000000001a10b000 Uncommon trap: reason=unstable_if action=reinterpret pc=0x000000000286546c method=java.lang.reflect.Field.get(Ljava/lang/Object;)Ljava/lang/Object; @ 4
Event: 4.843 Thread 0x000000001a10b000 Uncommon trap: reason=predicate action=maybe_recompile pc=0x0000000002e348a0 method=java.lang.String.regionMatches(ZILjava/lang/String;II)Z @ 63
Event: 4.965 Thread 0x000000001a10b000 Uncommon trap: reason=predicate action=maybe_recompile pc=0x0000000002c8c1ac method=java.util.StringTokenizer.skipDelimiters(I)I @ 17
Event: 4.965 Thread 0x000000001a10b000 Uncommon trap: reason=unstable_if action=reinterpret pc=0x0000000002b02440 method=java.util.StringTokenizer.scanToken(I)I @ 96
Event: 4.965 Thread 0x000000001a10b000 Uncommon trap: reason=predicate action=maybe_recompile pc=0x0000000002cd8b38 method=java.util.StringTokenizer.skipDelimiters(I)I @ 17
Event: 4.965 Thread 0x000000001a10b000 Uncommon trap: reason=predicate action=maybe_recompile pc=0x0000000002c49320 method=java.util.StringTokenizer.skipDelimiters(I)I @ 17
Event: 5.128 Thread 0x000000001a10b000 Uncommon trap: reason=unstable_if action=reinterpret pc=0x0000000002cd9be0 method=java.util.StringTokenizer.setMaxDelimCodePoint()V @ 71
Event: 5.257 Thread 0x000000001c405000 Uncommon trap: reason=unstable_if action=reinterpret pc=0x00000000026159e4 method=sun.net.www.ParseUtil.encodePath(Ljava/lang/String;Z)Ljava/lang/String; @ 109
Event: 93.664 Thread 0x000000001a10b000 Uncommon trap: reason=unstable_if action=reinterpret pc=0x0000000002985758 method=org.lwjgl.opengl.Sync$RunningAvg.dampenForLowResTicker()V @ 8

Internal exceptions (10 events):
Event: 1.418 Thread 0x000000000095e000 Exception <a 'java/lang/NullPointerException'> (0x00000000d5f10740) thrown at [C:\re\workspace\8-2-build-windows-amd64-cygwin\jdk8u51\3951\hotspot\src\share\vm\interpreter\linkResolver.cpp, line 1178]
Event: 1.726 Thread 0x000000000095e000 Implicit null exception at 0x00000000026c8dd5 to 0x00000000026c8fad
Event: 1.727 Thread 0x000000000095e000 Implicit null exception at 0x0000000002644b6f to 0x0000000002644bd9
Event: 2.332 Thread 0x000000000095e000 Implicit null exception at 0x0000000002a0f662 to 0x0000000002a10971
Event: 4.147 Thread 0x000000000095e000 Exception <a 'java/io/FileNotFoundException'> (0x00000000d636c898) thrown at [C:\re\workspace\8-2-build-windows-amd64-cygwin\jdk8u51\3951\hotspot\src\share\vm\prims\jni.cpp, line 709]
Event: 4.150 Thread 0x000000000095e000 Exception <a 'java/io/FileNotFoundException'> (0x00000000d63a2918) thrown at [C:\re\workspace\8-2-build-windows-amd64-cygwin\jdk8u51\3951\hotspot\src\share\vm\prims\jni.cpp, line 709]
Event: 4.809 Thread 0x000000001a10b000 Exception <a 'java/io/FileNotFoundException'> (0x00000000d7b9ff18) thrown at [C:\re\workspace\8-2-build-windows-amd64-cygwin\jdk8u51\3951\hotspot\src\share\vm\prims\jni.cpp, line 709]
Event: 4.834 Thread 0x000000001a10b000 Exception <a 'java/io/FileNotFoundException'> (0x00000000d7bc3f68) thrown at [C:\re\workspace\8-2-build-windows-amd64-cygwin\jdk8u51\3951\hotspot\src\share\vm\prims\jni.cpp, line 709]
Event: 4.879 Thread 0x000000001a10b000 Exception <a 'java/lang/NoSuchFieldError': method resolution failed> (0x00000000d7c92eb8) thrown at [C:\re\workspace\8-2-build-windows-amd64-cygwin\jdk8u51\3951\hotspot\src\share\vm\prims\methodHandles.cpp, line 1125]
Event: 4.882 Thread 0x000000001a10b000 Exception <a 'java/lang/NoSuchFieldError': method resolution failed> (0x00000000d7ca17e8) thrown at [C:\re\workspace\8-2-build-windows-amd64-cygwin\jdk8u51\3951\hotspot\src\share\vm\prims\methodHandles.cpp, line 1125]

Events (10 events):
Event: 274.841 Executing VM operation: RevokeBias done
Event: 274.841 Thread 0x000000001d401800 Thread exited: 0x000000001d401800
Event: 274.841 Thread 0x000000001c405000 Thread exited: 0x000000001c405000
Event: 274.842 Thread 0x000000001c405000 Thread added: 0x000000001c405000
Event: 274.842 Thread 0x000000001921c000 Thread added: 0x000000001921c000
Event: 274.842 Executing VM operation: RevokeBias
Event: 274.842 Executing VM operation: RevokeBias done
Event: 274.842 Thread 0x000000001c405000 Thread exited: 0x000000001c405000
Event: 274.842 Thread 0x000000001921c000 Thread exited: 0x000000001921c000
Event: 274.842 Executing VM operation: Exit


Dynamic libraries:
0x00007ff684190000 - 0x00007ff6841c7000 	C:\Program Files\Java\jdk1.8.0_51\bin\java.exe
0x00007ffda31f0000 - 0x00007ffda33b9000 	C:\WINDOWS\SYSTEM32\ntdll.dll
0x00007ffda2860000 - 0x00007ffda290b000 	C:\WINDOWS\system32\KERNEL32.DLL
0x00007ffd9fc60000 - 0x00007ffd9fe5c000 	C:\WINDOWS\system32\KERNELBASE.dll
0x00007ffda0ab0000 - 0x00007ffda0b57000 	C:\WINDOWS\system32\ADVAPI32.dll
0x00007ffda27c0000 - 0x00007ffda285d000 	C:\WINDOWS\system32\msvcrt.dll
0x00007ffda3170000 - 0x00007ffda31cc000 	C:\WINDOWS\system32\sechost.dll
0x00007ffda0cb0000 - 0x00007ffda0dd5000 	C:\WINDOWS\system32\RPCRT4.dll
0x00007ffda2650000 - 0x00007ffda27b6000 	C:\WINDOWS\system32\USER32.dll
0x000000005da60000 - 0x000000005da7f000 	C:\WINDOWS\system32\win32u.dll
0x00007ffda0b60000 - 0x00007ffda0b90000 	C:\WINDOWS\system32\GDI32.dll
0x00007ffd9ff10000 - 0x00007ffda0090000 	C:\WINDOWS\system32\gdi32full.dll
0x00007ffd99530000 - 0x00007ffd9979c000 	C:\WINDOWS\WinSxS\amd64_microsoft.windows.common-controls_6595b64144ccf1df_6.0.14295.1000_none_7d072e80b85c67b2\COMCTL32.dll
0x00007ffda2360000 - 0x00007ffda25ef000 	C:\WINDOWS\system32\combase.dll
0x00007ffd9fb60000 - 0x00007ffd9fc54000 	C:\WINDOWS\system32\ucrtbase.dll
0x00007ffd9f930000 - 0x00007ffd9f999000 	C:\WINDOWS\system32\bcryptPrimitives.dll
0x00007ffda2e60000 - 0x00007ffda2e8e000 	C:\WINDOWS\system32\IMM32.DLL
0x000000005b470000 - 0x000000005b542000 	C:\Program Files\Java\jdk1.8.0_51\jre\bin\msvcr100.dll
0x000000005b9d0000 - 0x000000005c253000 	C:\Program Files\Java\jdk1.8.0_51\jre\bin\server\jvm.dll
0x00007ffda0940000 - 0x00007ffda0947000 	C:\WINDOWS\system32\PSAPI.DLL
0x00007ffd9df30000 - 0x00007ffd9df53000 	C:\WINDOWS\SYSTEM32\WINMM.dll
0x00007ffd98a00000 - 0x00007ffd98a0a000 	C:\WINDOWS\SYSTEM32\VERSION.dll
0x00007ffd9b9e0000 - 0x00007ffd9b9e9000 	C:\WINDOWS\SYSTEM32\WSOCK32.dll
0x00007ffda2f00000 - 0x00007ffda2f6b000 	C:\WINDOWS\system32\WS2_32.dll
0x0000000000920000 - 0x000000000094b000 	C:\WINDOWS\SYSTEM32\WINMMBASE.dll
0x00007ffd9fe60000 - 0x00007ffd9fea3000 	C:\WINDOWS\system32\cfgmgr32.dll
0x000000005b8e0000 - 0x000000005b8ef000 	C:\Program Files\Java\jdk1.8.0_51\jre\bin\verify.dll
0x000000005b8b0000 - 0x000000005b8d9000 	C:\Program Files\Java\jdk1.8.0_51\jre\bin\java.dll
0x000000005b890000 - 0x000000005b8a6000 	C:\Program Files\Java\jdk1.8.0_51\jre\bin\zip.dll
0x00007ffda0e80000 - 0x00007ffda2351000 	C:\WINDOWS\system32\SHELL32.dll
0x00007ffda0140000 - 0x00007ffda07f3000 	C:\WINDOWS\system32\windows.storage.dll
0x00007ffda25f0000 - 0x00007ffda2642000 	C:\WINDOWS\system32\shlwapi.dll
0x00007ffd9f850000 - 0x00007ffd9f85f000 	C:\WINDOWS\system32\kernel.appcore.dll
0x00007ffd9f860000 - 0x00007ffd9f908000 	C:\WINDOWS\system32\shcore.dll
0x00007ffd9f7e0000 - 0x00007ffd9f82b000 	C:\WINDOWS\system32\powrprof.dll
0x00007ffd9f830000 - 0x00007ffd9f844000 	C:\WINDOWS\system32\profapi.dll
0x000000005b870000 - 0x000000005b88a000 	C:\Program Files\Java\jdk1.8.0_51\jre\bin\net.dll
0x00007ffd9f0b0000 - 0x00007ffd9f10c000 	C:\WINDOWS\system32\mswsock.dll
0x000000005b850000 - 0x000000005b861000 	C:\Program Files\Java\jdk1.8.0_51\jre\bin\nio.dll
0x000000005b6b0000 - 0x000000005b848000 	C:\Program Files\Java\jdk1.8.0_51\jre\bin\awt.dll
0x00007ffda2da0000 - 0x00007ffda2e5b000 	C:\WINDOWS\system32\OLEAUT32.dll
0x00007ffd9deb0000 - 0x00007ffd9df29000 	C:\WINDOWS\SYSTEM32\apphelp.dll
0x00007ffd9cb70000 - 0x00007ffd9cb94000 	C:\WINDOWS\system32\DWMAPI.DLL
0x00007ffd9e290000 - 0x00007ffd9e323000 	C:\WINDOWS\system32\uxtheme.dll
0x0000000180000000 - 0x0000000180050000 	C:\cygwin64\tmp\playnaphis\1284024257\lwjgl64.dll
0x00007ffd81ee0000 - 0x00007ffd82003000 	C:\WINDOWS\SYSTEM32\OPENGL32.dll
0x00007ffd82080000 - 0x00007ffd820ac000 	C:\WINDOWS\SYSTEM32\GLU32.dll
0x00007ffd81de0000 - 0x00007ffd81ed7000 	C:\WINDOWS\SYSTEM32\DDRAW.dll
0x00007ffd82390000 - 0x00007ffd82398000 	C:\WINDOWS\SYSTEM32\DCIMAN32.dll
0x00007ffda0950000 - 0x00007ffda0aa1000 	C:\WINDOWS\system32\MSCTF.dll
0x00007ffd78660000 - 0x00007ffd7868b000 	C:\PROGRA~2\RAPTRI~1\Raptr\ltc_help64-109838.dll
0x00007ffd9feb0000 - 0x00007ffd9ff05000 	C:\WINDOWS\system32\WINTRUST.dll
0x00007ffd9f7d0000 - 0x00007ffd9f7e0000 	C:\WINDOWS\system32\MSASN1.dll
0x00007ffd9f9a0000 - 0x00007ffd9fb5c000 	C:\WINDOWS\system32\CRYPT32.dll
0x00007ffd5bf90000 - 0x00007ffd5cc49000 	C:\WINDOWS\SYSTEM32\ig8icd64.dll
0x00007ffd97b70000 - 0x00007ffd98575000 	C:\WINDOWS\SYSTEM32\igdusc64.dll
0x00007ffd9d810000 - 0x00007ffd9d823000 	C:\WINDOWS\SYSTEM32\WTSAPI32.dll
0x00007ffd826c0000 - 0x00007ffd8274d000 	C:\WINDOWS\SYSTEM32\mscms.dll
0x00007ffd9ef40000 - 0x00007ffd9ef5f000 	C:\WINDOWS\SYSTEM32\USERENV.dll
0x00007ffd7a110000 - 0x00007ffd7a152000 	C:\WINDOWS\SYSTEM32\icm32.dll
0x00007ffd9f160000 - 0x00007ffd9f177000 	C:\WINDOWS\system32\CRYPTSP.dll
0x00007ffd9ee50000 - 0x00007ffd9ee84000 	C:\WINDOWS\system32\rsaenh.dll
0x00007ffd9f710000 - 0x00007ffd9f739000 	C:\WINDOWS\SYSTEM32\bcrypt.dll
0x00007ffd9f280000 - 0x00007ffd9f28b000 	C:\WINDOWS\SYSTEM32\CRYPTBASE.dll
0x00007ffda0c90000 - 0x00007ffda0cac000 	C:\WINDOWS\system32\imagehlp.dll
0x00007ffd9e930000 - 0x00007ffd9e953000 	C:\WINDOWS\SYSTEM32\gpapi.dll
0x00007ffd843e0000 - 0x00007ffd8440f000 	C:\Windows\System32\cryptnet.dll
0x00007ffd9cca0000 - 0x00007ffd9ccd7000 	C:\WINDOWS\SYSTEM32\IPHLPAPI.DLL
0x00007ffd9bde0000 - 0x00007ffd9bdeb000 	C:\WINDOWS\SYSTEM32\WINNSI.DLL
0x00007ffda31d0000 - 0x00007ffda31d8000 	C:\WINDOWS\system32\NSI.dll
0x00007ffd6eaf0000 - 0x00007ffd6ed00000 	C:\PROGRA~2\RAPTRI~1\Raptr\ltc_game64-109838.dll
0x00007ffda0800000 - 0x00007ffda0938000 	C:\WINDOWS\system32\ole32.dll
0x00007ffd77d00000 - 0x00007ffd77e8b000 	C:\WINDOWS\SYSTEM32\dbghelp.dll

VM Arguments:
jvm_args: -Dclassworlds.conf=C:\apache-maven-3.3.9/bin/m2.conf -Dmaven.home=C:\apache-maven-3.3.9 -Dmaven.multiModuleProjectDirectory=C:\cygwin64\home\aphis\event\Event-Driven-Programming-Project\project 
java_command: org.codehaus.plexus.classworlds.launcher.Launcher test -Pjava
java_class_path (initial): C:\apache-maven-3.3.9/boot/plexus-classworlds-2.5.2.jar
Launcher Type: SUN_STANDARD

Environment Variables:
JAVA_HOME=C:\Program Files\Java\jdk1.8.0_51
PATH=C:\cygwin64\usr\local\bin;C:\cygwin64\bin;C:\Program Files (x86)\Intel\iCLS Client;C:\Program Files\Intel\iCLS Client;C:\ProgramData\Oracle\Java\javapath;C:\WINDOWS\system32;C:\WINDOWS;C:\WINDOWS\System32\Wbem;C:\WINDOWS\System32\WindowsPowerShell\v1.0;C:\Program Files (x86)\AMD\ATI.ACE\Core-Static;C:\Program Files\Java\jdk1.8.0_51\bin;C:\Program Files\Intel\Intel(R) Management Engine Components\DAL;C:\Program Files (x86)\Intel\Intel(R) Management Engine Components\DAL;C:\Program Files\Intel\Intel(R) Management Engine Components\IPT;C:\Program Files (x86)\Intel\Intel(R) Management Engine Components\IPT;C:\Program Files\Java\jdk1.8.0_51\bin;C:\grails-2.4.5\grails-2.4.5\bin;C:\Program Files (x86)\ATI Technologies\ATI.ACE\Core-Static;C:\Program Files (x86)\Dev-Cpp\MinGW64\bin;C:\Go\bin;C:\Program Files\Git\bin;C:\Program Files (x86)\Skype\Phone;C:\Program Files (x86)\GtkSharp\2.12\bin;C:\apache-maven-3.3.9\bin;C:\Users\aphis\AppData\Local\Programs\Python\Python35-32\Scripts;C:\Users\aphis\AppData\Local\Programs\Python\Python35-32;C:\Program Files (x86)\Microsoft VS Code\bin
USERNAME=aphis
SHELL=/bin/bash
OS=Windows_NT
PROCESSOR_IDENTIFIER=Intel64 Family 6 Model 61 Stepping 4, GenuineIntel



---------------  S Y S T E M  ---------------

OS: Windows 10.0 , 64 bit Build 14295 (10.0.14295.1000)

CPU:total 4 (2 cores per cpu, 2 threads per core) family 6 model 61 stepping 4, cmov, cx8, fxsr, mmx, sse, sse2, sse3, ssse3, sse4.1, sse4.2, popcnt, avx, avx2, aes, clmul, erms, 3dnowpref, lzcnt, ht, tsc, tscinvbit, bmi1, bmi2, adx

Memory: 4k page, physical 8301016k(3126336k free), swap 10278944k(1731016k free)

vm_info: Java HotSpot(TM) 64-Bit Server VM (25.51-b03) for windows-amd64 JRE (1.8.0_51-b16), built on Jun  8 2015 18:03:07 by "java_re" with MS VC++ 10.0 (VS2010)

time: Mon Mar 28 17:28:05 2016
elapsed time: 274 seconds (0d 0h 4m 34s)

