#
# A fatal error has been detected by the Java Runtime Environment:
#
#  EXCEPTION_ACCESS_VIOLATION (0xc0000005) at pc=0x00007ffd81fbecb4, pid=7476, tid=5388
#
# JRE version: Java(TM) SE Runtime Environment (8.0_51-b16) (build 1.8.0_51-b16)
# Java VM: Java HotSpot(TM) 64-Bit Server VM (25.51-b03 mixed mode windows-amd64 compressed oops)
# Problematic frame:
# C  [OPENGL32.dll+0xdecb4]
#
# Failed to write core dump. Minidumps are not enabled by default on client versions of Windows
#
# If you would like to submit a bug report, please visit:
#   http://bugreport.java.com/bugreport/crash.jsp
#

---------------  T H R E A D  ---------------

Current thread (0x0000000016f38000):  VMThread [stack: 0x0000000017fd0000,0x00000000180d0000] [id=5388]

siginfo: ExceptionCode=0xc0000005, reading address 0x0000000000000a38

Registers:
RAX=0x0000000000000000, RBX=0x000000002a28e670, RCX=0x0000000000000001, RDX=0x000000002a28e678
RSP=0x00000000180cef78, RBP=0x0000000000000000, RSI=0x000000002b8641c0, RDI=0x000000002b8641c0
R8 =0x00000000180ceff8, R9 =0x0000000016e45400, R10=0x0000000000000042, R11=0x00007ffd81fd1bb8
R12=0x0000000000000000, R13=0x000000002a287f98, R14=0x000000002a287e50, R15=0x0000000000000000
RIP=0x00007ffd81fbecb4, EFLAGS=0x0000000000010283

Top of Stack: (sp=0x00000000180cef78)
0x00000000180cef78:   00007ffd8da744eb 0000000000000001
0x00000000180cef88:   000000002a28e678 00000000180ceff8
0x00000000180cef98:   0000000016e45400 0000000000000000
0x00000000180cefa8:   00007ffd8da79fb7 0000000000000000
0x00000000180cefb8:   000000002a28a460 000000002a287f80
0x00000000180cefc8:   00007ffd8da79323 fffffffffffffffe
0x00000000180cefd8:   00000000180cf040 0000000000000000
0x00000000180cefe8:   00007ffd8da7a869 000000002b8641c0
0x00000000180ceff8:   000000002a287870 000000002a287e50
0x00000000180cf008:   00007ffd8dada910 fffffffffffffffe
0x00000000180cf018:   000000002a28a4a0 0000000000000001
0x00000000180cf028:   000000002a287f78 000000002a287e50
0x00000000180cf038:   00007ffd8dae2a31 00007ffd8dc04790
0x00000000180cf048:   00007ffd8db47ad0 0000000016e45400
0x00000000180cf058:   0000000000000000 000000002a287f78
0x00000000180cf068:   000000002a287e50 000000002a287e50 

Instructions: (pc=0x00007ffd81fbecb4)
0x00007ffd81fbec94:   cc cc cc cc cc cc 66 0f 1f 44 00 00 8b 05 62 63
0x00007ffd81fbeca4:   01 00 83 f8 40 73 0f 65 48 8b 04 c5 80 14 00 00
0x00007ffd81fbecb4:   ff a0 38 0a 00 00 b8 47 01 00 00 e9 ec d4 ff ff
0x00007ffd81fbecc4:   cc cc cc cc cc cc 66 0f 1f 44 00 00 8b 05 32 63 


Register to memory mapping:

RAX=0x0000000000000000 is an unknown value
RBX=0x000000002a28e670 is an unknown value
RCX=0x0000000000000001 is an unknown value
RDX=0x000000002a28e678 is an unknown value
RSP=0x00000000180cef78 is an unknown value
RBP=0x0000000000000000 is an unknown value
RSI=0x000000002b8641c0 is an unknown value
RDI=0x000000002b8641c0 is an unknown value
R8 =0x00000000180ceff8 is an unknown value
R9 =0x0000000016e45400 is an unknown value
R10=0x0000000000000042 is an unknown value
R11=0x00007ffd81fd1bb8 is an unknown value
R12=0x0000000000000000 is an unknown value
R13=0x000000002a287f98 is an unknown value
R14=0x000000002a287e50 is an unknown value
R15=0x0000000000000000 is an unknown value


Stack: [0x0000000017fd0000,0x00000000180d0000],  sp=0x00000000180cef78,  free space=1019k
Native frames: (J=compiled Java code, j=interpreted, Vv=VM code, C=native code)

VM_Operation (0x000000001eb1e2d0): Exit, mode: safepoint, requested by thread 0x000000001d14e000


---------------  P R O C E S S  ---------------

Java Threads: ( => current thread )
  0x00000000188a6000 JavaThread "LWJGL Timer" daemon [_thread_blocked, id=8428, stack(0x000000002aad0000,0x000000002abd0000)]
  0x000000001bbe7800 JavaThread "Java2D Disposer" daemon [_thread_blocked, id=7076, stack(0x000000001ed70000,0x000000001ee70000)]
  0x000000001d14e000 JavaThread "event.project.java.MyGameJava.main()" [_thread_blocked, id=4980, stack(0x000000001ea20000,0x000000001eb20000)]
  0x00000000187ed000 JavaThread "Service Thread" daemon [_thread_blocked, id=10040, stack(0x0000000018bd0000,0x0000000018cd0000)]
  0x0000000016f7e000 JavaThread "C1 CompilerThread2" daemon [_thread_blocked, id=7228, stack(0x00000000186d0000,0x00000000187d0000)]
  0x0000000016f6e800 JavaThread "C2 CompilerThread1" daemon [_thread_blocked, id=10352, stack(0x00000000185d0000,0x00000000186d0000)]
  0x0000000016f79800 JavaThread "C2 CompilerThread0" daemon [_thread_blocked, id=5056, stack(0x00000000184d0000,0x00000000185d0000)]
  0x0000000016f78000 JavaThread "Attach Listener" daemon [_thread_blocked, id=4152, stack(0x00000000183d0000,0x00000000184d0000)]
  0x0000000016f76800 JavaThread "Signal Dispatcher" daemon [_thread_blocked, id=10772, stack(0x00000000182d0000,0x00000000183d0000)]
  0x0000000002348800 JavaThread "Finalizer" daemon [_thread_blocked, id=7952, stack(0x00000000181d0000,0x00000000182d0000)]
  0x000000000233e000 JavaThread "Reference Handler" daemon [_thread_blocked, id=1924, stack(0x00000000180d0000,0x00000000181d0000)]
  0x00000000023fe000 JavaThread "main" [_thread_blocked, id=10940, stack(0x0000000002120000,0x0000000002220000)]

Other Threads:
=>0x0000000016f38000 VMThread [stack: 0x0000000017fd0000,0x00000000180d0000] [id=5388]

VM state:at safepoint (shutting down)

VM Mutex/Monitor currently owned by a thread:  ([mutex/lock_event])
[0x00000000023fd520] Threads_lock - owner thread: 0x0000000016f38000

Heap:
 PSYoungGen      total 49152K, used 23563K [0x00000000d5c00000, 0x00000000dae00000, 0x0000000100000000)
  eden space 41472K, 39% used [0x00000000d5c00000,0x00000000d6bd86a8,0x00000000d8480000)
  from space 7680K, 95% used [0x00000000da680000,0x00000000dadaa908,0x00000000dae00000)
  to   space 9216K, 0% used [0x00000000d9c00000,0x00000000d9c00000,0x00000000da500000)
 ParOldGen       total 72704K, used 10074K [0x0000000081400000, 0x0000000085b00000, 0x00000000d5c00000)
  object space 72704K, 13% used [0x0000000081400000,0x0000000081dd6a68,0x0000000085b00000)
 Metaspace       used 27581K, capacity 28250K, committed 28416K, reserved 1075200K
  class space    used 3256K, capacity 3517K, committed 3584K, reserved 1048576K

Card table byte_map: [0x00000000117c0000,0x0000000011bc0000] byte_map_base: 0x00000000113b6000

Marking Bits: (ParMarkBitMap*) 0x000000005c1d4040
 Begin Bits: [0x0000000012270000, 0x0000000014220000)
 End Bits:   [0x0000000014220000, 0x00000000161d0000)

Polling page: 0x00000000001f0000

CodeCache: size=245760Kb used=11709Kb max_used=12777Kb free=234050Kb
 bounds [0x0000000002400000, 0x0000000003080000, 0x0000000011400000]
 total_blobs=4275 nmethods=3652 adapters=535
 compilation: enabled

Compilation events (10 events):
Event: 20.158 Thread 0x0000000016f79800 nmethod 4092 0x000000000269d050 code [0x000000000269d180, 0x000000000269d238]
Event: 21.738 Thread 0x0000000016f6e800 4093       4       playn.core.AbstractLayer::transform (114 bytes)
Event: 21.739 Thread 0x0000000016f6e800 nmethod 4093 0x0000000002951810 code [0x0000000002951940, 0x00000000029519d8]
Event: 23.188 Thread 0x0000000016f79800 4094       4       playn.core.StockInternalTransform::set (36 bytes)
Event: 23.189 Thread 0x0000000016f79800 nmethod 4094 0x00000000026a7ad0 code [0x00000000026a7c20, 0x00000000026a7cf8]
Event: 23.605 Thread 0x0000000016f6e800 4095       4       playn.core.StockInternalTransform::concatenate (42 bytes)
Event: 23.605 Thread 0x0000000016f79800 4096       4       pythagoras.f.Transforms::multiply (39 bytes)
Event: 23.606 Thread 0x0000000016f79800 nmethod 4096 0x00000000025c4290 code [0x00000000025c43e0, 0x00000000025c4538]
Event: 23.607 Thread 0x0000000016f6e800 nmethod 4095 0x00000000026dfb10 code [0x00000000026dfc80, 0x00000000026dfe18]
Event: 24.403 Thread 0x0000000016f7e000 4097   !   3       java.util.logging.LogManager::ensureLogManagerInitialized (128 bytes)

GC Heap History (10 events):
Event: 2.042 GC heap before
{Heap before GC invocations=3 (full 0):
 PSYoungGen      total 38400K, used 38384K [0x00000000d5c00000, 0x00000000d8680000, 0x0000000100000000)
  eden space 33280K, 100% used [0x00000000d5c00000,0x00000000d7c80000,0x00000000d7c80000)
  from space 5120K, 99% used [0x00000000d8180000,0x00000000d867c2f8,0x00000000d8680000)
  to   space 5120K, 0% used [0x00000000d7c80000,0x00000000d7c80000,0x00000000d8180000)
 ParOldGen       total 87552K, used 2755K [0x0000000081400000, 0x0000000086980000, 0x00000000d5c00000)
  object space 87552K, 3% used [0x0000000081400000,0x00000000816b0e40,0x0000000086980000)
 Metaspace       used 15130K, capacity 15416K, committed 15616K, reserved 1062912K
  class space    used 1845K, capacity 1945K, committed 2048K, reserved 1048576K
Event: 2.051 GC heap after
Heap after GC invocations=3 (full 0):
 PSYoungGen      total 38400K, used 5088K [0x00000000d5c00000, 0x00000000d8680000, 0x0000000100000000)
  eden space 33280K, 0% used [0x00000000d5c00000,0x00000000d5c00000,0x00000000d7c80000)
  from space 5120K, 99% used [0x00000000d7c80000,0x00000000d8178020,0x00000000d8180000)
  to   space 5120K, 0% used [0x00000000d8180000,0x00000000d8180000,0x00000000d8680000)
 ParOldGen       total 87552K, used 4610K [0x0000000081400000, 0x0000000086980000, 0x00000000d5c00000)
  object space 87552K, 5% used [0x0000000081400000,0x0000000081880a10,0x0000000086980000)
 Metaspace       used 15130K, capacity 15416K, committed 15616K, reserved 1062912K
  class space    used 1845K, capacity 1945K, committed 2048K, reserved 1048576K
}
Event: 2.674 GC heap before
{Heap before GC invocations=4 (full 0):
 PSYoungGen      total 38400K, used 38368K [0x00000000d5c00000, 0x00000000d8680000, 0x0000000100000000)
  eden space 33280K, 100% used [0x00000000d5c00000,0x00000000d7c80000,0x00000000d7c80000)
  from space 5120K, 99% used [0x00000000d7c80000,0x00000000d8178020,0x00000000d8180000)
  to   space 5120K, 0% used [0x00000000d8180000,0x00000000d8180000,0x00000000d8680000)
 ParOldGen       total 87552K, used 4610K [0x0000000081400000, 0x0000000086980000, 0x00000000d5c00000)
  object space 87552K, 5% used [0x0000000081400000,0x0000000081880a10,0x0000000086980000)
 Metaspace       used 16220K, capacity 16618K, committed 16768K, reserved 1064960K
  class space    used 1945K, capacity 2091K, committed 2176K, reserved 1048576K
Event: 2.687 GC heap after
Heap after GC invocations=4 (full 0):
 PSYoungGen      total 38400K, used 5088K [0x00000000d5c00000, 0x00000000da700000, 0x0000000100000000)
  eden space 33280K, 0% used [0x00000000d5c00000,0x00000000d5c00000,0x00000000d7c80000)
  from space 5120K, 99% used [0x00000000d8180000,0x00000000d8678040,0x00000000d8680000)
  to   space 5120K, 0% used [0x00000000d7c80000,0x00000000d7c80000,0x00000000d8180000)
 ParOldGen       total 87552K, used 7511K [0x0000000081400000, 0x0000000086980000, 0x00000000d5c00000)
  object space 87552K, 8% used [0x0000000081400000,0x0000000081b55f08,0x0000000086980000)
 Metaspace       used 16220K, capacity 16618K, committed 16768K, reserved 1064960K
  class space    used 1945K, capacity 2091K, committed 2176K, reserved 1048576K
}
Event: 3.406 GC heap before
{Heap before GC invocations=5 (full 0):
 PSYoungGen      total 38400K, used 34461K [0x00000000d5c00000, 0x00000000da700000, 0x0000000100000000)
  eden space 33280K, 88% used [0x00000000d5c00000,0x00000000d78af5e0,0x00000000d7c80000)
  from space 5120K, 99% used [0x00000000d8180000,0x00000000d8678040,0x00000000d8680000)
  to   space 5120K, 0% used [0x00000000d7c80000,0x00000000d7c80000,0x00000000d8180000)
 ParOldGen       total 87552K, used 7511K [0x0000000081400000, 0x0000000086980000, 0x00000000d5c00000)
  object space 87552K, 8% used [0x0000000081400000,0x0000000081b55f08,0x0000000086980000)
 Metaspace       used 20639K, capacity 21150K, committed 21248K, reserved 1067008K
  class space    used 2541K, capacity 2726K, committed 2816K, reserved 1048576K
Event: 3.427 GC heap after
Heap after GC invocations=5 (full 0):
 PSYoungGen      total 38400K, used 5120K [0x00000000d5c00000, 0x00000000db000000, 0x0000000100000000)
  eden space 33280K, 0% used [0x00000000d5c00000,0x00000000d5c00000,0x00000000d7c80000)
  from space 5120K, 100% used [0x00000000d7c80000,0x00000000d8180000,0x00000000d8180000)
  to   space 9728K, 0% used [0x00000000da680000,0x00000000da680000,0x00000000db000000)
 ParOldGen       total 87552K, used 10464K [0x0000000081400000, 0x0000000086980000, 0x00000000d5c00000)
  object space 87552K, 11% used [0x0000000081400000,0x0000000081e383c8,0x0000000086980000)
 Metaspace       used 20639K, capacity 21150K, committed 21248K, reserved 1067008K
  class space    used 2541K, capacity 2726K, committed 2816K, reserved 1048576K
}
Event: 3.428 GC heap before
{Heap before GC invocations=6 (full 1):
 PSYoungGen      total 38400K, used 5120K [0x00000000d5c00000, 0x00000000db000000, 0x0000000100000000)
  eden space 33280K, 0% used [0x00000000d5c00000,0x00000000d5c00000,0x00000000d7c80000)
  from space 5120K, 100% used [0x00000000d7c80000,0x00000000d8180000,0x00000000d8180000)
  to   space 9728K, 0% used [0x00000000da680000,0x00000000da680000,0x00000000db000000)
 ParOldGen       total 87552K, used 10464K [0x0000000081400000, 0x0000000086980000, 0x00000000d5c00000)
  object space 87552K, 11% used [0x0000000081400000,0x0000000081e383c8,0x0000000086980000)
 Metaspace       used 20639K, capacity 21150K, committed 21248K, reserved 1067008K
  class space    used 2541K, capacity 2726K, committed 2816K, reserved 1048576K
Event: 3.593 GC heap after
Heap after GC invocations=6 (full 1):
 PSYoungGen      total 38400K, used 0K [0x00000000d5c00000, 0x00000000db000000, 0x0000000100000000)
  eden space 33280K, 0% used [0x00000000d5c00000,0x00000000d5c00000,0x00000000d7c80000)
  from space 5120K, 0% used [0x00000000d7c80000,0x00000000d7c80000,0x00000000d8180000)
  to   space 9728K, 0% used [0x00000000da680000,0x00000000da680000,0x00000000db000000)
 ParOldGen       total 72704K, used 10066K [0x0000000081400000, 0x0000000085b00000, 0x00000000d5c00000)
  object space 72704K, 13% used [0x0000000081400000,0x0000000081dd4a68,0x0000000085b00000)
 Metaspace       used 20639K, capacity 21150K, committed 21248K, reserved 1067008K
  class space    used 2541K, capacity 2726K, committed 2816K, reserved 1048576K
}
Event: 4.607 GC heap before
{Heap before GC invocations=7 (full 1):
 PSYoungGen      total 38400K, used 33280K [0x00000000d5c00000, 0x00000000db000000, 0x0000000100000000)
  eden space 33280K, 100% used [0x00000000d5c00000,0x00000000d7c80000,0x00000000d7c80000)
  from space 5120K, 0% used [0x00000000d7c80000,0x00000000d7c80000,0x00000000d8180000)
  to   space 9728K, 0% used [0x00000000da680000,0x00000000da680000,0x00000000db000000)
 ParOldGen       total 72704K, used 10066K [0x0000000081400000, 0x0000000085b00000, 0x00000000d5c00000)
  object space 72704K, 13% used [0x0000000081400000,0x0000000081dd4a68,0x0000000085b00000)
 Metaspace       used 25179K, capacity 25924K, committed 26112K, reserved 1073152K
  class space    used 3045K, capacity 3325K, committed 3328K, reserved 1048576K
Event: 4.623 GC heap after
Heap after GC invocations=7 (full 1):
 PSYoungGen      total 49152K, used 7338K [0x00000000d5c00000, 0x00000000dae00000, 0x0000000100000000)
  eden space 41472K, 0% used [0x00000000d5c00000,0x00000000d5c00000,0x00000000d8480000)
  from space 7680K, 95% used [0x00000000da680000,0x00000000dadaa908,0x00000000dae00000)
  to   space 9216K, 0% used [0x00000000d9c00000,0x00000000d9c00000,0x00000000da500000)
 ParOldGen       total 72704K, used 10074K [0x0000000081400000, 0x0000000085b00000, 0x00000000d5c00000)
  object space 72704K, 13% used [0x0000000081400000,0x0000000081dd6a68,0x0000000085b00000)
 Metaspace       used 25179K, capacity 25924K, committed 26112K, reserved 1073152K
  class space    used 3045K, capacity 3325K, committed 3328K, reserved 1048576K
}

Deoptimization events (10 events):
Event: 4.685 Thread 0x000000001d14e000 Uncommon trap: reason=predicate action=maybe_recompile pc=0x0000000002c8a960 method=java.util.StringTokenizer.skipDelimiters(I)I @ 17
Event: 4.757 Thread 0x000000001d14e000 Uncommon trap: reason=unstable_if action=reinterpret pc=0x000000000303c384 method=java.lang.Package.isSealed()Z @ 4
Event: 5.004 Thread 0x000000001d14e000 Uncommon trap: reason=unstable_if action=reinterpret pc=0x0000000002eec784 method=java.lang.StringCoding.decode(Ljava/lang/String;[BII)[C @ 51
Event: 5.004 Thread 0x000000001d14e000 Uncommon trap: reason=unstable_if action=reinterpret pc=0x0000000002e28b20 method=java.util.StringTokenizer.setMaxDelimCodePoint()V @ 71
Event: 5.134 Thread 0x000000001df0c800 Uncommon trap: reason=class_check action=maybe_recompile pc=0x0000000002d8befc method=java.util.concurrent.locks.AbstractQueuedSynchronizer.release(I)Z @ 2
Event: 5.136 Thread 0x0000000019b3d800 Uncommon trap: reason=class_check action=maybe_recompile pc=0x0000000002d8befc method=java.util.concurrent.locks.AbstractQueuedSynchronizer.release(I)Z @ 2
Event: 5.136 Thread 0x000000001dfba800 Uncommon trap: reason=class_check action=maybe_recompile pc=0x0000000002d8befc method=java.util.concurrent.locks.AbstractQueuedSynchronizer.release(I)Z @ 2
Event: 5.139 Thread 0x000000001d01a800 Uncommon trap: reason=class_check action=maybe_recompile pc=0x0000000002d8befc method=java.util.concurrent.locks.AbstractQueuedSynchronizer.release(I)Z @ 2
Event: 5.146 Thread 0x0000000019b3d800 Uncommon trap: reason=unstable_if action=reinterpret pc=0x0000000002719ba4 method=sun.net.www.ParseUtil.encodePath(Ljava/lang/String;Z)Ljava/lang/String; @ 109
Event: 5.279 Thread 0x0000000019b3d800 Uncommon trap: reason=unstable_if action=reinterpret pc=0x000000000258c888 method=java.awt.image.ComponentColorModel.coerceData(Ljava/awt/image/WritableRaster;Z)Ljava/awt/image/ColorModel; @ 125

Internal exceptions (10 events):
Event: 1.585 Thread 0x00000000023fe000 Implicit null exception at 0x00000000026e006f to 0x00000000026e00d9
Event: 1.766 Thread 0x00000000023fe000 Implicit null exception at 0x0000000002adff62 to 0x0000000002ae1269
Event: 2.596 Thread 0x00000000023fe000 Implicit null exception at 0x0000000002ccceb0 to 0x0000000002cce021
Event: 3.793 Thread 0x00000000023fe000 Exception <a 'java/io/FileNotFoundException'> (0x00000000d62f6700) thrown at [C:\re\workspace\8-2-build-windows-amd64-cygwin\jdk8u51\3951\hotspot\src\share\vm\prims\jni.cpp, line 709]
Event: 3.796 Thread 0x00000000023fe000 Exception <a 'java/io/FileNotFoundException'> (0x00000000d6329bc0) thrown at [C:\re\workspace\8-2-build-windows-amd64-cygwin\jdk8u51\3951\hotspot\src\share\vm\prims\jni.cpp, line 709]
Event: 4.269 Thread 0x000000001d14e000 Implicit null exception at 0x0000000002ed59cc to 0x0000000002ed616d
Event: 4.445 Thread 0x000000001d14e000 Exception <a 'java/io/FileNotFoundException'> (0x00000000d7af1560) thrown at [C:\re\workspace\8-2-build-windows-amd64-cygwin\jdk8u51\3951\hotspot\src\share\vm\prims\jni.cpp, line 709]
Event: 4.488 Thread 0x000000001d14e000 Exception <a 'java/io/FileNotFoundException'> (0x00000000d7b155b0) thrown at [C:\re\workspace\8-2-build-windows-amd64-cygwin\jdk8u51\3951\hotspot\src\share\vm\prims\jni.cpp, line 709]
Event: 4.553 Thread 0x000000001d14e000 Exception <a 'java/lang/NoSuchFieldError': method resolution failed> (0x00000000d7be4488) thrown at [C:\re\workspace\8-2-build-windows-amd64-cygwin\jdk8u51\3951\hotspot\src\share\vm\prims\methodHandles.cpp, line 1125]
Event: 4.558 Thread 0x000000001d14e000 Exception <a 'java/lang/NoSuchFieldError': method resolution failed> (0x00000000d7bf2db8) thrown at [C:\re\workspace\8-2-build-windows-amd64-cygwin\jdk8u51\3951\hotspot\src\share\vm\prims\methodHandles.cpp, line 1125]

Events (10 events):
Event: 24.402 Executing VM operation: RevokeBias
Event: 24.402 Executing VM operation: RevokeBias done
Event: 24.402 Thread 0x0000000019b3d800 Thread exited: 0x0000000019b3d800
Event: 24.402 Thread 0x000000001b742800 Thread added: 0x000000001b742800
Event: 24.403 Thread 0x000000001d8bf800 Thread added: 0x000000001d8bf800
Event: 24.403 Executing VM operation: RevokeBias
Event: 24.403 Executing VM operation: RevokeBias done
Event: 24.403 Thread 0x000000001b742800 Thread exited: 0x000000001b742800
Event: 24.403 Thread 0x000000001d8bf800 Thread exited: 0x000000001d8bf800
Event: 24.403 Executing VM operation: Exit


Dynamic libraries:
0x00007ff7db780000 - 0x00007ff7db7b7000 	C:\Program Files\Java\jdk1.8.0_51\bin\java.exe
0x00007ffda31f0000 - 0x00007ffda33b9000 	C:\WINDOWS\SYSTEM32\ntdll.dll
0x00007ffda2860000 - 0x00007ffda290b000 	C:\WINDOWS\system32\KERNEL32.DLL
0x00007ffd9fc60000 - 0x00007ffd9fe5c000 	C:\WINDOWS\system32\KERNELBASE.dll
0x00007ffda0ab0000 - 0x00007ffda0b57000 	C:\WINDOWS\system32\ADVAPI32.dll
0x00007ffda27c0000 - 0x00007ffda285d000 	C:\WINDOWS\system32\msvcrt.dll
0x00007ffda3170000 - 0x00007ffda31cc000 	C:\WINDOWS\system32\sechost.dll
0x00007ffda0cb0000 - 0x00007ffda0dd5000 	C:\WINDOWS\system32\RPCRT4.dll
0x00007ffda2650000 - 0x00007ffda27b6000 	C:\WINDOWS\system32\USER32.dll
0x000000005da60000 - 0x000000005da7f000 	C:\WINDOWS\system32\win32u.dll
0x00007ffda0b60000 - 0x00007ffda0b90000 	C:\WINDOWS\system32\GDI32.dll
0x00007ffd9ff10000 - 0x00007ffda0090000 	C:\WINDOWS\system32\gdi32full.dll
0x00007ffd99530000 - 0x00007ffd9979c000 	C:\WINDOWS\WinSxS\amd64_microsoft.windows.common-controls_6595b64144ccf1df_6.0.14295.1000_none_7d072e80b85c67b2\COMCTL32.dll
0x00007ffda2360000 - 0x00007ffda25ef000 	C:\WINDOWS\system32\combase.dll
0x00007ffd9fb60000 - 0x00007ffd9fc54000 	C:\WINDOWS\system32\ucrtbase.dll
0x00007ffd9f930000 - 0x00007ffd9f999000 	C:\WINDOWS\system32\bcryptPrimitives.dll
0x00007ffda2e60000 - 0x00007ffda2e8e000 	C:\WINDOWS\system32\IMM32.DLL
0x000000005b470000 - 0x000000005b542000 	C:\Program Files\Java\jdk1.8.0_51\jre\bin\msvcr100.dll
0x000000005b9d0000 - 0x000000005c253000 	C:\Program Files\Java\jdk1.8.0_51\jre\bin\server\jvm.dll
0x00007ffda0940000 - 0x00007ffda0947000 	C:\WINDOWS\system32\PSAPI.DLL
0x00007ffd9aae0000 - 0x00007ffd9aae9000 	C:\WINDOWS\SYSTEM32\WSOCK32.dll
0x00007ffd9df30000 - 0x00007ffd9df53000 	C:\WINDOWS\SYSTEM32\WINMM.dll
0x00007ffd98a00000 - 0x00007ffd98a0a000 	C:\WINDOWS\SYSTEM32\VERSION.dll
0x00007ffda2f00000 - 0x00007ffda2f6b000 	C:\WINDOWS\system32\WS2_32.dll
0x0000000000960000 - 0x000000000098b000 	C:\WINDOWS\SYSTEM32\WINMMBASE.dll
0x00007ffd9fe60000 - 0x00007ffd9fea3000 	C:\WINDOWS\system32\cfgmgr32.dll
0x000000005b8e0000 - 0x000000005b8ef000 	C:\Program Files\Java\jdk1.8.0_51\jre\bin\verify.dll
0x000000005b8b0000 - 0x000000005b8d9000 	C:\Program Files\Java\jdk1.8.0_51\jre\bin\java.dll
0x000000005b890000 - 0x000000005b8a6000 	C:\Program Files\Java\jdk1.8.0_51\jre\bin\zip.dll
0x00007ffda0e80000 - 0x00007ffda2351000 	C:\WINDOWS\system32\SHELL32.dll
0x00007ffda0140000 - 0x00007ffda07f3000 	C:\WINDOWS\system32\windows.storage.dll
0x00007ffda25f0000 - 0x00007ffda2642000 	C:\WINDOWS\system32\shlwapi.dll
0x00007ffd9f850000 - 0x00007ffd9f85f000 	C:\WINDOWS\system32\kernel.appcore.dll
0x00007ffd9f860000 - 0x00007ffd9f908000 	C:\WINDOWS\system32\shcore.dll
0x00007ffd9f7e0000 - 0x00007ffd9f82b000 	C:\WINDOWS\system32\powrprof.dll
0x00007ffd9f830000 - 0x00007ffd9f844000 	C:\WINDOWS\system32\profapi.dll
0x000000005b870000 - 0x000000005b88a000 	C:\Program Files\Java\jdk1.8.0_51\jre\bin\net.dll
0x00007ffd9f0b0000 - 0x00007ffd9f10c000 	C:\WINDOWS\system32\mswsock.dll
0x000000005b850000 - 0x000000005b861000 	C:\Program Files\Java\jdk1.8.0_51\jre\bin\nio.dll
0x000000005b6b0000 - 0x000000005b848000 	C:\Program Files\Java\jdk1.8.0_51\jre\bin\awt.dll
0x00007ffda2da0000 - 0x00007ffda2e5b000 	C:\WINDOWS\system32\OLEAUT32.dll
0x00007ffd9deb0000 - 0x00007ffd9df29000 	C:\WINDOWS\SYSTEM32\apphelp.dll
0x00007ffd9cb70000 - 0x00007ffd9cb94000 	C:\WINDOWS\system32\DWMAPI.DLL
0x00007ffd9e290000 - 0x00007ffd9e323000 	C:\WINDOWS\system32\uxtheme.dll
0x0000000180000000 - 0x0000000180050000 	C:\cygwin64\tmp\playnaphis\1284024257\lwjgl64.dll
0x00007ffd81ee0000 - 0x00007ffd82003000 	C:\WINDOWS\SYSTEM32\OPENGL32.dll
0x00007ffd82080000 - 0x00007ffd820ac000 	C:\WINDOWS\SYSTEM32\GLU32.dll
0x00007ffd81de0000 - 0x00007ffd81ed7000 	C:\WINDOWS\SYSTEM32\DDRAW.dll
0x00007ffd82390000 - 0x00007ffd82398000 	C:\WINDOWS\SYSTEM32\DCIMAN32.dll
0x00007ffda0950000 - 0x00007ffda0aa1000 	C:\WINDOWS\system32\MSCTF.dll
0x00007ffd78660000 - 0x00007ffd7868b000 	C:\PROGRA~2\RAPTRI~1\Raptr\ltc_help64-109838.dll
0x00007ffd9feb0000 - 0x00007ffd9ff05000 	C:\WINDOWS\system32\WINTRUST.dll
0x00007ffd9f7d0000 - 0x00007ffd9f7e0000 	C:\WINDOWS\system32\MSASN1.dll
0x00007ffd9f9a0000 - 0x00007ffd9fb5c000 	C:\WINDOWS\system32\CRYPT32.dll
0x00007ffd63b30000 - 0x00007ffd647e9000 	C:\WINDOWS\SYSTEM32\ig8icd64.dll
0x00007ffd97b70000 - 0x00007ffd98575000 	C:\WINDOWS\SYSTEM32\igdusc64.dll
0x00007ffd9d810000 - 0x00007ffd9d823000 	C:\WINDOWS\SYSTEM32\WTSAPI32.dll
0x00007ffd826c0000 - 0x00007ffd8274d000 	C:\WINDOWS\SYSTEM32\mscms.dll
0x00007ffd9ef40000 - 0x00007ffd9ef5f000 	C:\WINDOWS\SYSTEM32\USERENV.dll
0x00007ffd8b760000 - 0x00007ffd8b7a2000 	C:\WINDOWS\SYSTEM32\icm32.dll
0x00007ffd9f160000 - 0x00007ffd9f177000 	C:\WINDOWS\system32\CRYPTSP.dll
0x00007ffd9ee50000 - 0x00007ffd9ee84000 	C:\WINDOWS\system32\rsaenh.dll
0x00007ffd9f710000 - 0x00007ffd9f739000 	C:\WINDOWS\SYSTEM32\bcrypt.dll
0x00007ffd9f280000 - 0x00007ffd9f28b000 	C:\WINDOWS\SYSTEM32\CRYPTBASE.dll
0x00007ffda0c90000 - 0x00007ffda0cac000 	C:\WINDOWS\system32\imagehlp.dll
0x00007ffd9e930000 - 0x00007ffd9e953000 	C:\WINDOWS\SYSTEM32\gpapi.dll
0x00007ffd843e0000 - 0x00007ffd8440f000 	C:\Windows\System32\cryptnet.dll
0x00007ffd9cca0000 - 0x00007ffd9ccd7000 	C:\WINDOWS\SYSTEM32\IPHLPAPI.DLL
0x00007ffd9bde0000 - 0x00007ffd9bdeb000 	C:\WINDOWS\SYSTEM32\WINNSI.DLL
0x00007ffda31d0000 - 0x00007ffda31d8000 	C:\WINDOWS\system32\NSI.dll
0x00007ffd8da10000 - 0x00007ffd8dc20000 	C:\PROGRA~2\RAPTRI~1\Raptr\ltc_game64-109838.dll
0x00007ffda0800000 - 0x00007ffda0938000 	C:\WINDOWS\system32\ole32.dll
0x00007ffd77d00000 - 0x00007ffd77e8b000 	C:\WINDOWS\SYSTEM32\dbghelp.dll

VM Arguments:
jvm_args: -Dclassworlds.conf=C:\apache-maven-3.3.9/bin/m2.conf -Dmaven.home=C:\apache-maven-3.3.9 -Dmaven.multiModuleProjectDirectory=C:\cygwin64\home\aphis\event\Event-Driven-Programming-Project\project 
java_command: org.codehaus.plexus.classworlds.launcher.Launcher test -Pjava
java_class_path (initial): C:\apache-maven-3.3.9/boot/plexus-classworlds-2.5.2.jar
Launcher Type: SUN_STANDARD

Environment Variables:
JAVA_HOME=C:\Program Files\Java\jdk1.8.0_51
PATH=C:\cygwin64\usr\local\bin;C:\cygwin64\bin;C:\Program Files (x86)\Intel\iCLS Client;C:\Program Files\Intel\iCLS Client;C:\ProgramData\Oracle\Java\javapath;C:\WINDOWS\system32;C:\WINDOWS;C:\WINDOWS\System32\Wbem;C:\WINDOWS\System32\WindowsPowerShell\v1.0;C:\Program Files (x86)\AMD\ATI.ACE\Core-Static;C:\Program Files\Java\jdk1.8.0_51\bin;C:\Program Files\Intel\Intel(R) Management Engine Components\DAL;C:\Program Files (x86)\Intel\Intel(R) Management Engine Components\DAL;C:\Program Files\Intel\Intel(R) Management Engine Components\IPT;C:\Program Files (x86)\Intel\Intel(R) Management Engine Components\IPT;C:\Program Files\Java\jdk1.8.0_51\bin;C:\grails-2.4.5\grails-2.4.5\bin;C:\Program Files (x86)\ATI Technologies\ATI.ACE\Core-Static;C:\Program Files (x86)\Dev-Cpp\MinGW64\bin;C:\Go\bin;C:\Program Files\Git\bin;C:\Program Files (x86)\Skype\Phone;C:\Program Files (x86)\GtkSharp\2.12\bin;C:\apache-maven-3.3.9\bin;C:\Users\aphis\AppData\Local\Programs\Python\Python35-32\Scripts;C:\Users\aphis\AppData\Local\Programs\Python\Python35-32;C:\Program Files (x86)\Microsoft VS Code\bin
USERNAME=aphis
SHELL=/bin/bash
OS=Windows_NT
PROCESSOR_IDENTIFIER=Intel64 Family 6 Model 61 Stepping 4, GenuineIntel



---------------  S Y S T E M  ---------------

OS: Windows 10.0 , 64 bit Build 14295 (10.0.14295.1000)

CPU:total 4 (2 cores per cpu, 2 threads per core) family 6 model 61 stepping 4, cmov, cx8, fxsr, mmx, sse, sse2, sse3, ssse3, sse4.1, sse4.2, popcnt, avx, avx2, aes, clmul, erms, 3dnowpref, lzcnt, ht, tsc, tscinvbit, bmi1, bmi2, adx

Memory: 4k page, physical 8301016k(3841460k free), swap 10267096k(4288304k free)

vm_info: Java HotSpot(TM) 64-Bit Server VM (25.51-b03) for windows-amd64 JRE (1.8.0_51-b16), built on Jun  8 2015 18:03:07 by "java_re" with MS VC++ 10.0 (VS2010)

time: Sun Mar 27 15:06:31 2016
elapsed time: 24 seconds (0d 0h 0m 24s)

