#
# A fatal error has been detected by the Java Runtime Environment:
#
#  EXCEPTION_ACCESS_VIOLATION (0xc0000005) at pc=0x00007ff87cccecb4, pid=6688, tid=10944
#
# JRE version: Java(TM) SE Runtime Environment (8.0_51-b16) (build 1.8.0_51-b16)
# Java VM: Java HotSpot(TM) 64-Bit Server VM (25.51-b03 mixed mode windows-amd64 compressed oops)
# Problematic frame:
# C  [OPENGL32.dll+0xdecb4]
#
# Failed to write core dump. Minidumps are not enabled by default on client versions of Windows
#
# If you would like to submit a bug report, please visit:
#   http://bugreport.java.com/bugreport/crash.jsp
#

---------------  T H R E A D  ---------------

Current thread (0x0000000016f18000):  VMThread [stack: 0x0000000017fc0000,0x00000000180c0000] [id=10944]

siginfo: ExceptionCode=0xc0000005, reading address 0x0000000000000a38

Registers:
RAX=0x0000000000000000, RBX=0x000000001e36e320, RCX=0x0000000000000001, RDX=0x000000001e36e328
RSP=0x00000000180bf388, RBP=0x0000000000000000, RSI=0x000000002b3f2220, RDI=0x000000002b3f2220
R8 =0x00000000180bf408, R9 =0x0000000002382600, R10=0x0000000000000042, R11=0x00007ff87cce1bb8
R12=0x0000000000000000, R13=0x000000001e367f48, R14=0x000000001e367e00, R15=0x0000000000000000
RIP=0x00007ff87cccecb4, EFLAGS=0x0000000000010287

Top of Stack: (sp=0x00000000180bf388)
0x00000000180bf388:   00007ff8670144eb 0000000000000001
0x00000000180bf398:   000000001e36e328 00000000180bf408
0x00000000180bf3a8:   0000000002382600 0000000000000000
0x00000000180bf3b8:   00007ff867019fb7 0000000000000000
0x00000000180bf3c8:   000000001e361c10 000000001e367f30
0x00000000180bf3d8:   00007ff867019323 fffffffffffffffe
0x00000000180bf3e8:   00000000180bf450 0000000000000000
0x00000000180bf3f8:   00007ff86701a869 000000002b3f2220
0x00000000180bf408:   000000001e3677e0 000000001e367e00
0x00000000180bf418:   00007ff86707a910 fffffffffffffffe
0x00000000180bf428:   000000001e36a410 0000000000000001
0x00000000180bf438:   000000001e367f28 000000001e367e00
0x00000000180bf448:   00007ff867082a31 00007ff8671a4790
0x00000000180bf458:   00007ff8670e7ad0 0000000002382600
0x00000000180bf468:   00000000022d0000 000000001e367f28
0x00000000180bf478:   000000001e367e00 000000001e367e00 

Instructions: (pc=0x00007ff87cccecb4)
0x00007ff87cccec94:   cc cc cc cc cc cc 66 0f 1f 44 00 00 8b 05 62 63
0x00007ff87ccceca4:   01 00 83 f8 40 73 0f 65 48 8b 04 c5 80 14 00 00
0x00007ff87cccecb4:   ff a0 38 0a 00 00 b8 47 01 00 00 e9 ec d4 ff ff
0x00007ff87cccecc4:   cc cc cc cc cc cc 66 0f 1f 44 00 00 8b 05 32 63 


Register to memory mapping:

RAX=0x0000000000000000 is an unknown value
RBX=0x000000001e36e320 is an unknown value
RCX=0x0000000000000001 is an unknown value
RDX=0x000000001e36e328 is an unknown value
RSP=0x00000000180bf388 is an unknown value
RBP=0x0000000000000000 is an unknown value
RSI=0x000000002b3f2220 is an unknown value
RDI=0x000000002b3f2220 is an unknown value
R8 =0x00000000180bf408 is an unknown value
R9 =0x0000000002382600 is an unknown value
R10=0x0000000000000042 is an unknown value
R11=0x00007ff87cce1bb8 is an unknown value
R12=0x0000000000000000 is an unknown value
R13=0x000000001e367f48 is an unknown value
R14=0x000000001e367e00 is an unknown value
R15=0x0000000000000000 is an unknown value


Stack: [0x0000000017fc0000,0x00000000180c0000],  sp=0x00000000180bf388,  free space=1020k
Native frames: (J=compiled Java code, j=interpreted, Vv=VM code, C=native code)

VM_Operation (0x000000001e0fe5d0): Exit, mode: safepoint, requested by thread 0x000000001c50c000


---------------  P R O C E S S  ---------------

Java Threads: ( => current thread )
  0x000000001b0e8800 JavaThread "LWJGL Timer" daemon [_thread_blocked, id=4572, stack(0x000000002a6a0000,0x000000002a7a0000)]
  0x000000001ca7e000 JavaThread "Java2D Disposer" daemon [_thread_blocked, id=11800, stack(0x000000001e100000,0x000000001e200000)]
  0x000000001c50c000 JavaThread "event.project.java.MyGameJava.main()" [_thread_blocked, id=4864, stack(0x000000001e000000,0x000000001e100000)]
  0x00000000187e7000 JavaThread "Service Thread" daemon [_thread_blocked, id=9036, stack(0x0000000018bc0000,0x0000000018cc0000)]
  0x0000000016f7c000 JavaThread "C1 CompilerThread2" daemon [_thread_blocked, id=6952, stack(0x00000000186c0000,0x00000000187c0000)]
  0x0000000016f56800 JavaThread "C2 CompilerThread1" daemon [_thread_blocked, id=6668, stack(0x00000000185c0000,0x00000000186c0000)]
  0x0000000016f4f000 JavaThread "C2 CompilerThread0" daemon [_thread_blocked, id=224, stack(0x00000000184c0000,0x00000000185c0000)]
  0x0000000016f4e000 JavaThread "Attach Listener" daemon [_thread_blocked, id=4472, stack(0x00000000183c0000,0x00000000184c0000)]
  0x00000000023d8800 JavaThread "Finalizer" daemon [_thread_blocked, id=6388, stack(0x00000000181c0000,0x00000000182c0000)]
  0x00000000023d0000 JavaThread "Reference Handler" daemon [_thread_blocked, id=956, stack(0x00000000180c0000,0x00000000181c0000)]
  0x00000000022de000 JavaThread "main" [_thread_blocked, id=12080, stack(0x0000000002180000,0x0000000002280000)]

Other Threads:
=>0x0000000016f18000 VMThread [stack: 0x0000000017fc0000,0x00000000180c0000] [id=10944]

VM state:at safepoint (shutting down)

VM Mutex/Monitor currently owned by a thread:  ([mutex/lock_event])
[0x00000000022dcdd0] Threads_lock - owner thread: 0x0000000016f18000

Heap:
 PSYoungGen      total 43008K, used 24542K [0x00000000d5c00000, 0x00000000d9e80000, 0x0000000100000000)
  eden space 32256K, 42% used [0x00000000d5c00000,0x00000000d697b230,0x00000000d7b80000)
  from space 10752K, 99% used [0x00000000d7b80000,0x00000000d85fc630,0x00000000d8600000)
  to   space 12288K, 0% used [0x00000000d9280000,0x00000000d9280000,0x00000000d9e80000)
 ParOldGen       total 68608K, used 11084K [0x0000000081400000, 0x0000000085700000, 0x00000000d5c00000)
  object space 68608K, 16% used [0x0000000081400000,0x0000000081ed3188,0x0000000085700000)
 Metaspace       used 29881K, capacity 30704K, committed 30976K, reserved 1077248K
  class space    used 3475K, capacity 3760K, committed 3840K, reserved 1048576K

Card table byte_map: [0x00000000117a0000,0x0000000011ba0000] byte_map_base: 0x0000000011396000

Marking Bits: (ParMarkBitMap*) 0x0000000052ed4040
 Begin Bits: [0x0000000012250000, 0x0000000014200000)
 End Bits:   [0x0000000014200000, 0x00000000161b0000)

Polling page: 0x00000000001f0000

CodeCache: size=245760Kb used=13210Kb max_used=13414Kb free=232549Kb
 bounds [0x00000000023e0000, 0x0000000003110000, 0x00000000113e0000]
 total_blobs=4955 nmethods=4264 adapters=603
 compilation: enabled

Compilation events (10 events):
Event: 153.761 Thread 0x0000000016f7c000 4858   !   3       org.lwjgl.opengl.WindowsDisplay::updateCursor (69 bytes)
Event: 153.761 Thread 0x0000000016f7c000 nmethod 4858 0x00000000030f8710 code [0x00000000030f8960, 0x00000000030f98d8]
Event: 153.910 Thread 0x0000000016f7c000 4859       3       org.lwjgl.opengl.WindowsDisplay$Rect::copyFromBuffer (37 bytes)
Event: 153.910 Thread 0x0000000016f7c000 nmethod 4859 0x0000000002658490 code [0x0000000002658620, 0x0000000002658ab8]
Event: 153.911 Thread 0x0000000016f7c000 4860   !   3       org.lwjgl.opengl.WindowsDisplay::updateClipping (97 bytes)
Event: 153.912 Thread 0x0000000016f7c000 nmethod 4860 0x00000000025d4050 code [0x00000000025d42e0, 0x00000000025d5428]
Event: 153.944 Thread 0x0000000016f7c000 4861       3       org.lwjgl.opengl.WindowsMouse::handleMouseMoved (109 bytes)
Event: 153.945 Thread 0x0000000016f7c000 nmethod 4861 0x00000000025b6fd0 code [0x00000000025b7160, 0x00000000025b7548]
Event: 154.550 Thread 0x0000000016f7c000 4862       3       java.util.logging.LogManager$LoggerContext::ensureDefaultLogger (70 bytes)
Event: 154.551 Thread 0x0000000016f7c000 nmethod 4862 0x00000000025d33d0 code [0x00000000025d3580, 0x00000000025d3e08]

GC Heap History (10 events):
Event: 6.203 GC heap before
{Heap before GC invocations=4 (full 0):
 PSYoungGen      total 38400K, used 38368K [0x00000000d5c00000, 0x00000000d8680000, 0x0000000100000000)
  eden space 33280K, 100% used [0x00000000d5c00000,0x00000000d7c80000,0x00000000d7c80000)
  from space 5120K, 99% used [0x00000000d7c80000,0x00000000d8178020,0x00000000d8180000)
  to   space 5120K, 0% used [0x00000000d8180000,0x00000000d8180000,0x00000000d8680000)
 ParOldGen       total 87552K, used 4721K [0x0000000081400000, 0x0000000086980000, 0x00000000d5c00000)
  object space 87552K, 5% used [0x0000000081400000,0x000000008189c4f0,0x0000000086980000)
 Metaspace       used 16204K, capacity 16618K, committed 16768K, reserved 1064960K
  class space    used 1946K, capacity 2091K, committed 2176K, reserved 1048576K
Event: 6.214 GC heap after
Heap after GC invocations=4 (full 0):
 PSYoungGen      total 38400K, used 5104K [0x00000000d5c00000, 0x00000000d8680000, 0x0000000100000000)
  eden space 33280K, 0% used [0x00000000d5c00000,0x00000000d5c00000,0x00000000d7c80000)
  from space 5120K, 99% used [0x00000000d8180000,0x00000000d867c030,0x00000000d8680000)
  to   space 5120K, 0% used [0x00000000d7c80000,0x00000000d7c80000,0x00000000d8180000)
 ParOldGen       total 87552K, used 7756K [0x0000000081400000, 0x0000000086980000, 0x00000000d5c00000)
  object space 87552K, 8% used [0x0000000081400000,0x0000000081b93350,0x0000000086980000)
 Metaspace       used 16204K, capacity 16618K, committed 16768K, reserved 1064960K
  class space    used 1946K, capacity 2091K, committed 2176K, reserved 1048576K
}
Event: 8.382 GC heap before
{Heap before GC invocations=5 (full 0):
 PSYoungGen      total 38400K, used 32854K [0x00000000d5c00000, 0x00000000d8680000, 0x0000000100000000)
  eden space 33280K, 83% used [0x00000000d5c00000,0x00000000d7719a68,0x00000000d7c80000)
  from space 5120K, 99% used [0x00000000d8180000,0x00000000d867c030,0x00000000d8680000)
  to   space 5120K, 0% used [0x00000000d7c80000,0x00000000d7c80000,0x00000000d8180000)
 ParOldGen       total 87552K, used 7756K [0x0000000081400000, 0x0000000086980000, 0x00000000d5c00000)
  object space 87552K, 8% used [0x0000000081400000,0x0000000081b93350,0x0000000086980000)
 Metaspace       used 20597K, capacity 21170K, committed 21296K, reserved 1069056K
  class space    used 2470K, capacity 2657K, committed 2688K, reserved 1048576K
Event: 8.393 GC heap after
Heap after GC invocations=5 (full 0):
 PSYoungGen      total 37888K, used 5088K [0x00000000d5c00000, 0x00000000d9000000, 0x0000000100000000)
  eden space 32768K, 0% used [0x00000000d5c00000,0x00000000d5c00000,0x00000000d7c00000)
  from space 5120K, 99% used [0x00000000d7c80000,0x00000000d8178020,0x00000000d8180000)
  to   space 10240K, 0% used [0x00000000d8600000,0x00000000d8600000,0x00000000d9000000)
 ParOldGen       total 87552K, used 11591K [0x0000000081400000, 0x0000000086980000, 0x00000000d5c00000)
  object space 87552K, 13% used [0x0000000081400000,0x0000000081f51d08,0x0000000086980000)
 Metaspace       used 20597K, capacity 21170K, committed 21296K, reserved 1069056K
  class space    used 2470K, capacity 2657K, committed 2688K, reserved 1048576K
}
Event: 8.393 GC heap before
{Heap before GC invocations=6 (full 1):
 PSYoungGen      total 37888K, used 5088K [0x00000000d5c00000, 0x00000000d9000000, 0x0000000100000000)
  eden space 32768K, 0% used [0x00000000d5c00000,0x00000000d5c00000,0x00000000d7c00000)
  from space 5120K, 99% used [0x00000000d7c80000,0x00000000d8178020,0x00000000d8180000)
  to   space 10240K, 0% used [0x00000000d8600000,0x00000000d8600000,0x00000000d9000000)
 ParOldGen       total 87552K, used 11591K [0x0000000081400000, 0x0000000086980000, 0x00000000d5c00000)
  object space 87552K, 13% used [0x0000000081400000,0x0000000081f51d08,0x0000000086980000)
 Metaspace       used 20597K, capacity 21170K, committed 21296K, reserved 1069056K
  class space    used 2470K, capacity 2657K, committed 2688K, reserved 1048576K
Event: 8.457 GC heap after
Heap after GC invocations=6 (full 1):
 PSYoungGen      total 37888K, used 0K [0x00000000d5c00000, 0x00000000d9000000, 0x0000000100000000)
  eden space 32768K, 0% used [0x00000000d5c00000,0x00000000d5c00000,0x00000000d7c00000)
  from space 5120K, 0% used [0x00000000d7c80000,0x00000000d7c80000,0x00000000d8180000)
  to   space 10240K, 0% used [0x00000000d8600000,0x00000000d8600000,0x00000000d9000000)
 ParOldGen       total 68608K, used 10981K [0x0000000081400000, 0x0000000085700000, 0x00000000d5c00000)
  object space 68608K, 16% used [0x0000000081400000,0x0000000081eb9630,0x0000000085700000)
 Metaspace       used 20597K, capacity 21170K, committed 21296K, reserved 1069056K
  class space    used 2470K, capacity 2657K, committed 2688K, reserved 1048576K
}
Event: 21.963 GC heap before
{Heap before GC invocations=7 (full 1):
 PSYoungGen      total 37888K, used 32768K [0x00000000d5c00000, 0x00000000d9000000, 0x0000000100000000)
  eden space 32768K, 100% used [0x00000000d5c00000,0x00000000d7c00000,0x00000000d7c00000)
  from space 5120K, 0% used [0x00000000d7c80000,0x00000000d7c80000,0x00000000d8180000)
  to   space 10240K, 0% used [0x00000000d8600000,0x00000000d8600000,0x00000000d9000000)
 ParOldGen       total 68608K, used 10981K [0x0000000081400000, 0x0000000085700000, 0x00000000d5c00000)
  object space 68608K, 16% used [0x0000000081400000,0x0000000081eb9630,0x0000000085700000)
 Metaspace       used 22979K, capacity 23706K, committed 23808K, reserved 1071104K
  class space    used 2753K, capacity 3004K, committed 3072K, reserved 1048576K
Event: 21.970 GC heap after
Heap after GC invocations=7 (full 1):
 PSYoungGen      total 42496K, used 3725K [0x00000000d5c00000, 0x00000000d9d00000, 0x0000000100000000)
  eden space 32256K, 0% used [0x00000000d5c00000,0x00000000d5c00000,0x00000000d7b80000)
  from space 10240K, 36% used [0x00000000d8600000,0x00000000d89a3508,0x00000000d9000000)
  to   space 10752K, 0% used [0x00000000d7b80000,0x00000000d7b80000,0x00000000d8600000)
 ParOldGen       total 68608K, used 10989K [0x0000000081400000, 0x0000000085700000, 0x00000000d5c00000)
  object space 68608K, 16% used [0x0000000081400000,0x0000000081ebb630,0x0000000085700000)
 Metaspace       used 22979K, capacity 23706K, committed 23808K, reserved 1071104K
  class space    used 2753K, capacity 3004K, committed 3072K, reserved 1048576K
}
Event: 24.142 GC heap before
{Heap before GC invocations=8 (full 1):
 PSYoungGen      total 42496K, used 35981K [0x00000000d5c00000, 0x00000000d9d00000, 0x0000000100000000)
  eden space 32256K, 100% used [0x00000000d5c00000,0x00000000d7b80000,0x00000000d7b80000)
  from space 10240K, 36% used [0x00000000d8600000,0x00000000d89a3508,0x00000000d9000000)
  to   space 10752K, 0% used [0x00000000d7b80000,0x00000000d7b80000,0x00000000d8600000)
 ParOldGen       total 68608K, used 10989K [0x0000000081400000, 0x0000000085700000, 0x00000000d5c00000)
  object space 68608K, 16% used [0x0000000081400000,0x0000000081ebb630,0x0000000085700000)
 Metaspace       used 28308K, capacity 29168K, committed 29312K, reserved 1075200K
  class space    used 3326K, capacity 3632K, committed 3712K, reserved 1048576K
Event: 24.149 GC heap after
Heap after GC invocations=8 (full 1):
 PSYoungGen      total 43008K, used 10737K [0x00000000d5c00000, 0x00000000d9e80000, 0x0000000100000000)
  eden space 32256K, 0% used [0x00000000d5c00000,0x00000000d5c00000,0x00000000d7b80000)
  from space 10752K, 99% used [0x00000000d7b80000,0x00000000d85fc630,0x00000000d8600000)
  to   space 12288K, 0% used [0x00000000d9280000,0x00000000d9280000,0x00000000d9e80000)
 ParOldGen       total 68608K, used 11084K [0x0000000081400000, 0x0000000085700000, 0x00000000d5c00000)
  object space 68608K, 16% used [0x0000000081400000,0x0000000081ed3188,0x0000000085700000)
 Metaspace       used 28308K, capacity 29168K, committed 29312K, reserved 1075200K
  class space    used 3326K, capacity 3632K, committed 3712K, reserved 1048576K
}

Deoptimization events (10 events):
Event: 24.051 Thread 0x000000001baa5800 Uncommon trap: reason=class_check action=maybe_recompile pc=0x000000000252edd8 method=java.util.zip.InflaterInputStream.read([BII)I @ 100
Event: 24.127 Thread 0x000000001929e800 Uncommon trap: reason=unstable_if action=reinterpret pc=0x0000000002bccb78 method=sun.awt.image.ByteInterleavedRaster.getDataElements(IILjava/lang/Object;)Ljava/lang/Object; @ 43
Event: 24.153 Thread 0x00000000023d8800 Uncommon trap: reason=null_check action=make_not_entrant pc=0x00000000024ef1c4 method=java.util.zip.ZipFile$ZipFileInflaterInputStream.close()V @ 40
Event: 24.222 Thread 0x000000001929e800 Uncommon trap: reason=unstable_if action=reinterpret pc=0x0000000002b73660 method=java.awt.image.ComponentColorModel.coerceData(Ljava/awt/image/WritableRaster;Z)Ljava/awt/image/ColorModel; @ 125
Event: 27.310 Thread 0x000000001c50c000 Uncommon trap: reason=unstable_if action=reinterpret pc=0x0000000002b60f28 method=java.lang.CharacterData.of(I)Ljava/lang/CharacterData; @ 4
Event: 27.366 Thread 0x000000001c50c000 Uncommon trap: reason=bimorphic action=maybe_recompile pc=0x00000000026d8bd0 method=java.io.DataInputStream.readChar()C @ 4
Event: 27.366 Thread 0x000000001c50c000 Uncommon trap: reason=bimorphic action=maybe_recompile pc=0x00000000026d8bd0 method=java.io.DataInputStream.readChar()C @ 4
Event: 27.366 Thread 0x000000001c50c000 Uncommon trap: reason=bimorphic action=maybe_recompile pc=0x00000000026d8bd0 method=java.io.DataInputStream.readChar()C @ 4
Event: 27.366 Thread 0x000000001c50c000 Uncommon trap: reason=bimorphic action=maybe_recompile pc=0x00000000026d8bd0 method=java.io.DataInputStream.readChar()C @ 4
Event: 153.296 Thread 0x000000001c50c000 Uncommon trap: reason=unstable_if action=reinterpret pc=0x000000000310090c method=org.lwjgl.opengl.WindowsDisplay.update()V @ 44

Internal exceptions (10 events):
Event: 13.576 Thread 0x00000000022de000 Exception <a 'java/net/SocketTimeoutException': Read timed out> (0x00000000d67a6410) thrown at [C:\re\workspace\8-2-build-windows-amd64-cygwin\jdk8u51\3951\hotspot\src\share\vm\prims\jni.cpp, line 735]
Event: 13.818 Thread 0x00000000022de000 Exception <a 'java/net/SocketTimeoutException': Read timed out> (0x00000000d67b95e8) thrown at [C:\re\workspace\8-2-build-windows-amd64-cygwin\jdk8u51\3951\hotspot\src\share\vm\prims\jni.cpp, line 735]
Event: 16.211 Thread 0x00000000022de000 Exception <a 'java/net/SocketTimeoutException': Read timed out> (0x00000000d690f120) thrown at [C:\re\workspace\8-2-build-windows-amd64-cygwin\jdk8u51\3951\hotspot\src\share\vm\prims\jni.cpp, line 735]
Event: 16.457 Thread 0x00000000022de000 Exception <a 'java/net/SocketTimeoutException': Read timed out> (0x00000000d6923ef0) thrown at [C:\re\workspace\8-2-build-windows-amd64-cygwin\jdk8u51\3951\hotspot\src\share\vm\prims\jni.cpp, line 735]
Event: 18.118 Thread 0x0000000019376000 Exception <a 'java/net/SocketTimeoutException': Read timed out> (0x00000000d6c89030) thrown at [C:\re\workspace\8-2-build-windows-amd64-cygwin\jdk8u51\3951\hotspot\src\share\vm\prims\jni.cpp, line 735]
Event: 21.347 Thread 0x0000000019376000 Exception <a 'java/net/SocketTimeoutException': Read timed out> (0x00000000d734b300) thrown at [C:\re\workspace\8-2-build-windows-amd64-cygwin\jdk8u51\3951\hotspot\src\share\vm\prims\jni.cpp, line 735]
Event: 21.381 Thread 0x0000000018e2c000 Exception <a 'java/net/SocketTimeoutException': Read timed out> (0x00000000d738cc48) thrown at [C:\re\workspace\8-2-build-windows-amd64-cygwin\jdk8u51\3951\hotspot\src\share\vm\prims\jni.cpp, line 735]
Event: 23.469 Thread 0x000000001c50c000 Exception <a 'java/io/FileNotFoundException'> (0x00000000d6e151e8) thrown at [C:\re\workspace\8-2-build-windows-amd64-cygwin\jdk8u51\3951\hotspot\src\share\vm\prims\jni.cpp, line 709]
Event: 23.525 Thread 0x000000001c50c000 Exception <a 'java/io/FileNotFoundException'> (0x00000000d6e392c0) thrown at [C:\re\workspace\8-2-build-windows-amd64-cygwin\jdk8u51\3951\hotspot\src\share\vm\prims\jni.cpp, line 709]
Event: 24.127 Thread 0x000000001929e800 Implicit null exception at 0x0000000002bcc900 to 0x0000000002bccb5d

Events (10 events):
Event: 154.550 Executing VM operation: RevokeBias
Event: 154.550 Executing VM operation: RevokeBias done
Event: 154.550 Thread 0x000000001929e800 Thread exited: 0x000000001929e800
Event: 154.551 Thread 0x0000000016f7c000 flushing nmethod 0x00000000029724d0
Event: 154.551 Thread 0x0000000016f7c000 flushing nmethod 0x00000000029c0cd0
Event: 154.551 Thread 0x0000000016f7c000 flushing nmethod 0x00000000029d6cd0
Event: 154.551 Thread 0x0000000016f7c000 flushing nmethod 0x00000000029dad10
Event: 154.582 Thread 0x00000000192bb800 Thread exited: 0x00000000192bb800
Event: 154.582 Thread 0x0000000016f4c800 Thread exited: 0x0000000016f4c800
Event: 154.582 Executing VM operation: Exit


Dynamic libraries:
0x00007ff6c7be0000 - 0x00007ff6c7c17000 	C:\Program Files\Java\jdk1.8.0_51\bin\java.exe
0x00007ff894930000 - 0x00007ff894af9000 	C:\WINDOWS\SYSTEM32\ntdll.dll
0x00007ff8924d0000 - 0x00007ff89257b000 	C:\WINDOWS\system32\KERNEL32.DLL
0x00007ff8912d0000 - 0x00007ff8914cc000 	C:\WINDOWS\system32\KERNELBASE.dll
0x00007ff8926d0000 - 0x00007ff892777000 	C:\WINDOWS\system32\ADVAPI32.dll
0x00007ff894890000 - 0x00007ff89492d000 	C:\WINDOWS\system32\msvcrt.dll
0x00007ff8925a0000 - 0x00007ff8925fc000 	C:\WINDOWS\system32\sechost.dll
0x00007ff894580000 - 0x00007ff8946a5000 	C:\WINDOWS\system32\RPCRT4.dll
0x00007ff8940b0000 - 0x00007ff894216000 	C:\WINDOWS\system32\USER32.dll
0x0000000054930000 - 0x000000005494f000 	C:\WINDOWS\system32\win32u.dll
0x00007ff892a10000 - 0x00007ff892a40000 	C:\WINDOWS\system32\GDI32.dll
0x00007ff891dc0000 - 0x00007ff891f40000 	C:\WINDOWS\system32\gdi32full.dll
0x00007ff886c70000 - 0x00007ff886edc000 	C:\WINDOWS\WinSxS\amd64_microsoft.windows.common-controls_6595b64144ccf1df_6.0.14291.1001_none_7ae2cee453e38faf\COMCTL32.dll
0x00007ff892780000 - 0x00007ff892a0f000 	C:\WINDOWS\system32\combase.dll
0x00007ff891cc0000 - 0x00007ff891db4000 	C:\WINDOWS\system32\ucrtbase.dll
0x00007ff890fa0000 - 0x00007ff891009000 	C:\WINDOWS\system32\bcryptPrimitives.dll
0x00007ff8926a0000 - 0x00007ff8926ce000 	C:\WINDOWS\system32\IMM32.DLL
0x0000000053150000 - 0x0000000053222000 	C:\Program Files\Java\jdk1.8.0_51\jre\bin\msvcr100.dll
0x00000000526d0000 - 0x0000000052f53000 	C:\Program Files\Java\jdk1.8.0_51\jre\bin\server\jvm.dll
0x00007ff894220000 - 0x00007ff894227000 	C:\WINDOWS\system32\PSAPI.DLL
0x00007ff889ba0000 - 0x00007ff889ba9000 	C:\WINDOWS\SYSTEM32\WSOCK32.dll
0x00007ff88f6b0000 - 0x00007ff88f6d3000 	C:\WINDOWS\SYSTEM32\WINMM.dll
0x00007ff8865e0000 - 0x00007ff8865ea000 	C:\WINDOWS\SYSTEM32\VERSION.dll
0x00007ff8946b0000 - 0x00007ff89471b000 	C:\WINDOWS\system32\WS2_32.dll
0x0000000000a10000 - 0x0000000000a3b000 	C:\WINDOWS\SYSTEM32\WINMMBASE.dll
0x00007ff891280000 - 0x00007ff8912c3000 	C:\WINDOWS\system32\cfgmgr32.dll
0x00000000532d0000 - 0x00000000532df000 	C:\Program Files\Java\jdk1.8.0_51\jre\bin\verify.dll
0x00000000532a0000 - 0x00000000532c9000 	C:\Program Files\Java\jdk1.8.0_51\jre\bin\java.dll
0x0000000053280000 - 0x0000000053296000 	C:\Program Files\Java\jdk1.8.0_51\jre\bin\zip.dll
0x00007ff892b70000 - 0x00007ff894041000 	C:\WINDOWS\system32\SHELL32.dll
0x00007ff8914d0000 - 0x00007ff891b83000 	C:\WINDOWS\system32\windows.storage.dll
0x00007ff892a40000 - 0x00007ff892a92000 	C:\WINDOWS\system32\shlwapi.dll
0x00007ff890f30000 - 0x00007ff890f3f000 	C:\WINDOWS\system32\kernel.appcore.dll
0x00007ff8911d0000 - 0x00007ff891278000 	C:\WINDOWS\system32\shcore.dll
0x00007ff890f50000 - 0x00007ff890f9b000 	C:\WINDOWS\system32\powrprof.dll
0x00007ff890f10000 - 0x00007ff890f24000 	C:\WINDOWS\system32\profapi.dll
0x0000000053130000 - 0x000000005314a000 	C:\Program Files\Java\jdk1.8.0_51\jre\bin\net.dll
0x00007ff8907f0000 - 0x00007ff89084c000 	C:\WINDOWS\system32\mswsock.dll
0x0000000053110000 - 0x0000000053121000 	C:\Program Files\Java\jdk1.8.0_51\jre\bin\nio.dll
0x00000000530e0000 - 0x0000000053104000 	C:\Program Files\Java\jdk1.8.0_51\jre\bin\sunec.dll
0x00007ff8908a0000 - 0x00007ff8908b7000 	C:\WINDOWS\SYSTEM32\CRYPTSP.dll
0x00007ff890590000 - 0x00007ff8905c4000 	C:\WINDOWS\system32\rsaenh.dll
0x00007ff890e50000 - 0x00007ff890e79000 	C:\WINDOWS\SYSTEM32\bcrypt.dll
0x00007ff890680000 - 0x00007ff89069f000 	C:\WINDOWS\SYSTEM32\USERENV.dll
0x00007ff8909c0000 - 0x00007ff8909cb000 	C:\WINDOWS\SYSTEM32\CRYPTBASE.dll
0x00007ff88e5b0000 - 0x00007ff88e5e7000 	C:\WINDOWS\SYSTEM32\IPHLPAPI.DLL
0x00007ff892aa0000 - 0x00007ff892aa8000 	C:\WINDOWS\system32\NSI.dll
0x00007ff88d190000 - 0x00007ff88d1a6000 	C:\WINDOWS\SYSTEM32\dhcpcsvc6.DLL
0x00007ff88db80000 - 0x00007ff88db9a000 	C:\WINDOWS\SYSTEM32\dhcpcsvc.DLL
0x00007ff88fad0000 - 0x00007ff88fb7a000 	C:\WINDOWS\SYSTEM32\DNSAPI.dll
0x00000000545b0000 - 0x00000000545d6000 	C:\Program Files\Bonjour\mdnsNSP.dll
0x00007ff885560000 - 0x00007ff88556a000 	C:\Windows\System32\rasadhlp.dll
0x00007ff889fc0000 - 0x00007ff88a027000 	C:\WINDOWS\System32\fwpuclnt.dll
0x00007ff8839b0000 - 0x00007ff8839c6000 	C:\WINDOWS\system32\napinsp.dll
0x00007ff883990000 - 0x00007ff8839aa000 	C:\WINDOWS\system32\pnrpnsp.dll
0x00007ff883980000 - 0x00007ff88398d000 	C:\WINDOWS\System32\winrnr.dll
0x00007ff88ee10000 - 0x00007ff88ee28000 	C:\WINDOWS\system32\NLAapi.dll
0x0000000052530000 - 0x00000000526c8000 	C:\Program Files\Java\jdk1.8.0_51\jre\bin\awt.dll
0x00007ff892ab0000 - 0x00007ff892b6b000 	C:\WINDOWS\system32\OLEAUT32.dll
0x00007ff88f800000 - 0x00007ff88f879000 	C:\WINDOWS\SYSTEM32\apphelp.dll
0x00007ff88ee30000 - 0x00007ff88ee54000 	C:\WINDOWS\system32\DWMAPI.DLL
0x00007ff88f9c0000 - 0x00007ff88fa53000 	C:\WINDOWS\system32\uxtheme.dll
0x0000000180000000 - 0x0000000180050000 	C:\cygwin64\tmp\playnaphis\1284024257\lwjgl64.dll
0x00007ff87cbf0000 - 0x00007ff87cd13000 	C:\WINDOWS\SYSTEM32\OPENGL32.dll
0x00007ff8838e0000 - 0x00007ff88390c000 	C:\WINDOWS\SYSTEM32\GLU32.dll
0x00007ff87c080000 - 0x00007ff87c177000 	C:\WINDOWS\SYSTEM32\DDRAW.dll
0x00007ff88a0e0000 - 0x00007ff88a0e8000 	C:\WINDOWS\SYSTEM32\DCIMAN32.dll
0x00007ff891f40000 - 0x00007ff892091000 	C:\WINDOWS\system32\MSCTF.dll
0x00007ff86ccc0000 - 0x00007ff86cceb000 	C:\PROGRA~2\RAPTRI~1\Raptr\ltc_help64-109838.dll
0x00007ff891c40000 - 0x00007ff891c95000 	C:\WINDOWS\system32\WINTRUST.dll
0x00007ff890f40000 - 0x00007ff890f50000 	C:\WINDOWS\system32\MSASN1.dll
0x00007ff891010000 - 0x00007ff8911cc000 	C:\WINDOWS\system32\CRYPT32.dll
0x00007ff851540000 - 0x00007ff8521f9000 	C:\WINDOWS\SYSTEM32\ig8icd64.dll
0x00007ff88a380000 - 0x00007ff88ad85000 	C:\WINDOWS\SYSTEM32\igdusc64.dll
0x00007ff88ee60000 - 0x00007ff88ee73000 	C:\WINDOWS\SYSTEM32\WTSAPI32.dll
0x00007ff86aa60000 - 0x00007ff86aaed000 	C:\WINDOWS\SYSTEM32\mscms.dll
0x00007ff87c6f0000 - 0x00007ff87c732000 	C:\WINDOWS\SYSTEM32\icm32.dll
0x0000000053090000 - 0x00000000530d7000 	C:\Program Files\Java\jdk1.8.0_51\jre\bin\fontmanager.dll
0x0000000053040000 - 0x0000000053082000 	C:\Program Files\Java\jdk1.8.0_51\jre\bin\t2k.dll
0x0000000053010000 - 0x000000005303a000 	C:\Program Files\Java\jdk1.8.0_51\jre\bin\dcpr.dll
0x00007ff892580000 - 0x00007ff89259c000 	C:\WINDOWS\system32\imagehlp.dll
0x00007ff890070000 - 0x00007ff890093000 	C:\WINDOWS\SYSTEM32\gpapi.dll
0x00007ff87fc50000 - 0x00007ff87fc7f000 	C:\Windows\System32\cryptnet.dll
0x00007ff88e030000 - 0x00007ff88e03b000 	C:\WINDOWS\SYSTEM32\WINNSI.DLL
0x00007ff866fb0000 - 0x00007ff8671c0000 	C:\PROGRA~2\RAPTRI~1\Raptr\ltc_game64-109838.dll
0x00007ff894240000 - 0x00007ff894378000 	C:\WINDOWS\system32\ole32.dll
0x00007ff86efc0000 - 0x00007ff86f14b000 	C:\WINDOWS\SYSTEM32\dbghelp.dll

VM Arguments:
jvm_args: -Dclassworlds.conf=C:\apache-maven-3.3.9/bin/m2.conf -Dmaven.home=C:\apache-maven-3.3.9 -Dmaven.multiModuleProjectDirectory=C:\cygwin64\home\aphis\event\Event-Driven-Programming-Project\project 
java_command: org.codehaus.plexus.classworlds.launcher.Launcher test -Pjava
java_class_path (initial): C:\apache-maven-3.3.9/boot/plexus-classworlds-2.5.2.jar
Launcher Type: SUN_STANDARD

Environment Variables:
JAVA_HOME=C:\Program Files\Java\jdk1.8.0_51
PATH=C:\cygwin64\usr\local\bin;C:\cygwin64\bin;C:\Program Files (x86)\Intel\iCLS Client;C:\Program Files\Intel\iCLS Client;C:\ProgramData\Oracle\Java\javapath;C:\WINDOWS\system32;C:\WINDOWS;C:\WINDOWS\System32\Wbem;C:\WINDOWS\System32\WindowsPowerShell\v1.0;C:\Program Files (x86)\AMD\ATI.ACE\Core-Static;C:\Program Files\Java\jdk1.8.0_51\bin;C:\Program Files\Intel\Intel(R) Management Engine Components\DAL;C:\Program Files (x86)\Intel\Intel(R) Management Engine Components\DAL;C:\Program Files\Intel\Intel(R) Management Engine Components\IPT;C:\Program Files (x86)\Intel\Intel(R) Management Engine Components\IPT;C:\Program Files\Java\jdk1.8.0_51\bin;C:\grails-2.4.5\grails-2.4.5\bin;C:\Program Files (x86)\ATI Technologies\ATI.ACE\Core-Static;C:\Program Files (x86)\Dev-Cpp\MinGW64\bin;C:\Go\bin;C:\Program Files\Git\bin;C:\Program Files (x86)\Skype\Phone;C:\Program Files (x86)\GtkSharp\2.12\bin;C:\apache-maven-3.3.9\bin;C:\Users\aphis\AppData\Local\Programs\Python\Python35-32\Scripts;C:\Users\aphis\AppData\Local\Programs\Python\Python35-32;C:\Program Files (x86)\Microsoft VS Code\bin
USERNAME=aphis
SHELL=/bin/bash
OS=Windows_NT
PROCESSOR_IDENTIFIER=Intel64 Family 6 Model 61 Stepping 4, GenuineIntel



---------------  S Y S T E M  ---------------

OS: Windows 10.0 , 64 bit Build 14291 (10.0.14291.1001)

CPU:total 4 (2 cores per cpu, 2 threads per core) family 6 model 61 stepping 4, cmov, cx8, fxsr, mmx, sse, sse2, sse3, ssse3, sse4.1, sse4.2, popcnt, avx, avx2, aes, clmul, erms, 3dnowpref, lzcnt, ht, tsc, tscinvbit, bmi1, bmi2, adx

Memory: 4k page, physical 8301016k(3822396k free), swap 9939416k(3684572k free)

vm_info: Java HotSpot(TM) 64-Bit Server VM (25.51-b03) for windows-amd64 JRE (1.8.0_51-b16), built on Jun  8 2015 18:03:07 by "java_re" with MS VC++ 10.0 (VS2010)

time: Wed Mar 23 12:35:33 2016
elapsed time: 154 seconds (0d 0h 2m 34s)

