#
# A fatal error has been detected by the Java Runtime Environment:
#
#  EXCEPTION_ACCESS_VIOLATION (0xc0000005) at pc=0x00007ffd81fbecb4, pid=2208, tid=6288
#
# JRE version: Java(TM) SE Runtime Environment (8.0_51-b16) (build 1.8.0_51-b16)
# Java VM: Java HotSpot(TM) 64-Bit Server VM (25.51-b03 mixed mode windows-amd64 compressed oops)
# Problematic frame:
# C  [OPENGL32.dll+0xdecb4]
#
# Failed to write core dump. Minidumps are not enabled by default on client versions of Windows
#
# If you would like to submit a bug report, please visit:
#   http://bugreport.java.com/bugreport/crash.jsp
#

---------------  T H R E A D  ---------------

Current thread (0x0000000016f38000):  VMThread [stack: 0x0000000017fe0000,0x00000000180e0000] [id=6288]

siginfo: ExceptionCode=0xc0000005, reading address 0x0000000000000a38

Registers:
RAX=0x0000000000000000, RBX=0x000000001c19e6f0, RCX=0x0000000000000001, RDX=0x000000001c19e6f8
RSP=0x00000000180dede8, RBP=0x0000000000000000, RSI=0x000000001c0041c0, RDI=0x000000001c0041c0
R8 =0x00000000180dee68, R9 =0x0000000016e45400, R10=0x0000000000000042, R11=0x00007ffd81fd1bb8
R12=0x0000000000000000, R13=0x000000001c197f98, R14=0x000000001c197e50, R15=0x0000000000000000
RIP=0x00007ffd81fbecb4, EFLAGS=0x0000000000010283

Top of Stack: (sp=0x00000000180dede8)
0x00000000180dede8:   00007ffd78c344eb 0000000000000001
0x00000000180dedf8:   000000001c19e6f8 00000000180dee68
0x00000000180dee08:   0000000016e45400 0000000000000000
0x00000000180dee18:   00007ffd78c39fb7 0000000000000000
0x00000000180dee28:   000000001c19a460 000000001c197f80
0x00000000180dee38:   00007ffd78c39323 fffffffffffffffe
0x00000000180dee48:   00000000180deeb0 0000000000000000
0x00000000180dee58:   00007ffd78c3a869 000000001c0041c0
0x00000000180dee68:   000000001c197960 000000001c197e50
0x00000000180dee78:   00007ffd78c9a910 fffffffffffffffe
0x00000000180dee88:   000000001c19a4a0 0000000000000001
0x00000000180dee98:   000000001c197f78 000000001c197e50
0x00000000180deea8:   00007ffd78ca2a31 00007ffd78dc4790
0x00000000180deeb8:   00007ffd78d07ad0 0000000016e45400
0x00000000180deec8:   0000000000000000 000000001c197f78
0x00000000180deed8:   000000001c197e50 000000001c197e50 

Instructions: (pc=0x00007ffd81fbecb4)
0x00007ffd81fbec94:   cc cc cc cc cc cc 66 0f 1f 44 00 00 8b 05 62 63
0x00007ffd81fbeca4:   01 00 83 f8 40 73 0f 65 48 8b 04 c5 80 14 00 00
0x00007ffd81fbecb4:   ff a0 38 0a 00 00 b8 47 01 00 00 e9 ec d4 ff ff
0x00007ffd81fbecc4:   cc cc cc cc cc cc 66 0f 1f 44 00 00 8b 05 32 63 


Register to memory mapping:

RAX=0x0000000000000000 is an unknown value
RBX=0x000000001c19e6f0 is an unknown value
RCX=0x0000000000000001 is an unknown value
RDX=0x000000001c19e6f8 is an unknown value
RSP=0x00000000180dede8 is an unknown value
RBP=0x0000000000000000 is an unknown value
RSI=0x000000001c0041c0 is an unknown value
RDI=0x000000001c0041c0 is an unknown value
R8 =0x00000000180dee68 is an unknown value
R9 =0x0000000016e45400 is an unknown value
R10=0x0000000000000042 is an unknown value
R11=0x00007ffd81fd1bb8 is an unknown value
R12=0x0000000000000000 is an unknown value
R13=0x000000001c197f98 is an unknown value
R14=0x000000001c197e50 is an unknown value
R15=0x0000000000000000 is an unknown value


Stack: [0x0000000017fe0000,0x00000000180e0000],  sp=0x00000000180dede8,  free space=1019k
Native frames: (J=compiled Java code, j=interpreted, Vv=VM code, C=native code)

VM_Operation (0x000000001d4ce560): Exit, mode: safepoint, requested by thread 0x000000001ce51800


---------------  P R O C E S S  ---------------

Java Threads: ( => current thread )
  0x00000000189ff800 JavaThread "LWJGL Timer" daemon [_thread_blocked, id=3128, stack(0x000000002b0b0000,0x000000002b1b0000)]
  0x000000001d199000 JavaThread "Java2D Disposer" daemon [_thread_blocked, id=8052, stack(0x000000001d6d0000,0x000000001d7d0000)]
  0x000000001ce51800 JavaThread "event.project.java.MyGameJava.main()" [_thread_blocked, id=9244, stack(0x000000001d3d0000,0x000000001d4d0000)]
  0x0000000018808800 JavaThread "Service Thread" daemon [_thread_blocked, id=448, stack(0x0000000018be0000,0x0000000018ce0000)]
  0x0000000016f75000 JavaThread "C1 CompilerThread2" daemon [_thread_blocked, id=9496, stack(0x00000000186e0000,0x00000000187e0000)]
  0x0000000016f72000 JavaThread "C2 CompilerThread1" daemon [_thread_blocked, id=8136, stack(0x00000000185e0000,0x00000000186e0000)]
  0x0000000016f6e800 JavaThread "C2 CompilerThread0" daemon [_thread_blocked, id=11240, stack(0x00000000184e0000,0x00000000185e0000)]
  0x0000000016f6d000 JavaThread "Attach Listener" daemon [_thread_blocked, id=9204, stack(0x00000000183e0000,0x00000000184e0000)]
  0x0000000016f6b800 JavaThread "Signal Dispatcher" daemon [_thread_blocked, id=3424, stack(0x00000000182e0000,0x00000000183e0000)]
  0x00000000023f7000 JavaThread "Finalizer" daemon [_thread_blocked, id=2300, stack(0x00000000181e0000,0x00000000182e0000)]
  0x00000000023ee000 JavaThread "Reference Handler" daemon [_thread_blocked, id=1348, stack(0x00000000180e0000,0x00000000181e0000)]
  0x00000000022fe000 JavaThread "main" [_thread_blocked, id=6752, stack(0x00000000021b0000,0x00000000022b0000)]

Other Threads:
=>0x0000000016f38000 VMThread [stack: 0x0000000017fe0000,0x00000000180e0000] [id=6288]

VM state:at safepoint (shutting down)

VM Mutex/Monitor currently owned by a thread:  ([mutex/lock_event])
[0x00000000022fd5a0] Threads_lock - owner thread: 0x0000000016f38000

Heap:
 PSYoungGen      total 71680K, used 51821K [0x00000000d5c00000, 0x00000000df100000, 0x0000000100000000)
  eden space 66560K, 77% used [0x00000000d5c00000,0x00000000d8e9b760,0x00000000d9d00000)
  from space 5120K, 0% used [0x00000000d9d00000,0x00000000d9d00000,0x00000000da200000)
  to   space 9728K, 0% used [0x00000000de780000,0x00000000de780000,0x00000000df100000)
 ParOldGen       total 69120K, used 11059K [0x0000000081400000, 0x0000000085780000, 0x00000000d5c00000)
  object space 69120K, 16% used [0x0000000081400000,0x0000000081eccfb0,0x0000000085780000)
 Metaspace       used 27577K, capacity 28314K, committed 28672K, reserved 1075200K
  class space    used 3257K, capacity 3517K, committed 3584K, reserved 1048576K

Card table byte_map: [0x00000000117c0000,0x0000000011bc0000] byte_map_base: 0x00000000113b6000

Marking Bits: (ParMarkBitMap*) 0x000000005c1d4040
 Begin Bits: [0x0000000012270000, 0x0000000014220000)
 End Bits:   [0x0000000014220000, 0x00000000161d0000)

Polling page: 0x00000000001f0000

CodeCache: size=245760Kb used=11002Kb max_used=12116Kb free=234757Kb
 bounds [0x0000000002400000, 0x0000000003030000, 0x0000000011400000]
 total_blobs=4263 nmethods=3638 adapters=537
 compilation: enabled

Compilation events (10 events):
Event: 124.391 Thread 0x0000000016f75000 nmethod 4141 0x0000000002defdd0 code [0x0000000002deffc0, 0x0000000002df0808]
Event: 124.391 Thread 0x0000000016f75000 4142       3       java.nio.HeapByteBuffer::putLong (21 bytes)
Event: 124.392 Thread 0x0000000016f75000 nmethod 4142 0x0000000002c76690 code [0x0000000002c76820, 0x0000000002c76be8]
Event: 124.406 Thread 0x0000000016f75000 4143       3       java.nio.HeapByteBuffer::getLong (19 bytes)
Event: 124.407 Thread 0x0000000016f75000 nmethod 4143 0x00000000028640d0 code [0x0000000002864260, 0x0000000002864608]
Event: 124.407 Thread 0x0000000016f75000 4144       3       java.nio.Bits::getLong (18 bytes)
Event: 124.407 Thread 0x0000000016f75000 nmethod 4144 0x0000000002d7add0 code [0x0000000002d7af40, 0x0000000002d7b138]
Event: 124.407 Thread 0x0000000016f75000 4145       3       playn.core.AbstractLayer::hitTestDefault (48 bytes)
Event: 124.407 Thread 0x0000000016f75000 nmethod 4145 0x0000000002b43e50 code [0x0000000002b43fe0, 0x0000000002b44498]
Event: 124.624 Thread 0x0000000016f75000 4146   !   3       java.util.logging.LogManager::ensureLogManagerInitialized (128 bytes)

GC Heap History (10 events):
Event: 1.555 GC heap before
{Heap before GC invocations=2 (full 0):
 PSYoungGen      total 38400K, used 38378K [0x00000000d5c00000, 0x00000000d8680000, 0x0000000100000000)
  eden space 33280K, 100% used [0x00000000d5c00000,0x00000000d7c80000,0x00000000d7c80000)
  from space 5120K, 99% used [0x00000000d7c80000,0x00000000d817a940,0x00000000d8180000)
  to   space 5120K, 0% used [0x00000000d8180000,0x00000000d8180000,0x00000000d8680000)
 ParOldGen       total 87552K, used 200K [0x0000000081400000, 0x0000000086980000, 0x00000000d5c00000)
  object space 87552K, 0% used [0x0000000081400000,0x0000000081432250,0x0000000086980000)
 Metaspace       used 12891K, capacity 13060K, committed 13312K, reserved 1060864K
  class space    used 1628K, capacity 1742K, committed 1792K, reserved 1048576K
Event: 1.563 GC heap after
Heap after GC invocations=2 (full 0):
 PSYoungGen      total 38400K, used 5104K [0x00000000d5c00000, 0x00000000d8680000, 0x0000000100000000)
  eden space 33280K, 0% used [0x00000000d5c00000,0x00000000d5c00000,0x00000000d7c80000)
  from space 5120K, 99% used [0x00000000d8180000,0x00000000d867c2f8,0x00000000d8680000)
  to   space 5120K, 0% used [0x00000000d7c80000,0x00000000d7c80000,0x00000000d8180000)
 ParOldGen       total 87552K, used 2804K [0x0000000081400000, 0x0000000086980000, 0x00000000d5c00000)
  object space 87552K, 3% used [0x0000000081400000,0x00000000816bd310,0x0000000086980000)
 Metaspace       used 12891K, capacity 13060K, committed 13312K, reserved 1060864K
  class space    used 1628K, capacity 1742K, committed 1792K, reserved 1048576K
}
Event: 2.313 GC heap before
{Heap before GC invocations=3 (full 0):
 PSYoungGen      total 38400K, used 38384K [0x00000000d5c00000, 0x00000000d8680000, 0x0000000100000000)
  eden space 33280K, 100% used [0x00000000d5c00000,0x00000000d7c80000,0x00000000d7c80000)
  from space 5120K, 99% used [0x00000000d8180000,0x00000000d867c2f8,0x00000000d8680000)
  to   space 5120K, 0% used [0x00000000d7c80000,0x00000000d7c80000,0x00000000d8180000)
 ParOldGen       total 87552K, used 2804K [0x0000000081400000, 0x0000000086980000, 0x00000000d5c00000)
  object space 87552K, 3% used [0x0000000081400000,0x00000000816bd310,0x0000000086980000)
 Metaspace       used 15133K, capacity 15416K, committed 15616K, reserved 1062912K
  class space    used 1845K, capacity 1945K, committed 2048K, reserved 1048576K
Event: 2.324 GC heap after
Heap after GC invocations=3 (full 0):
 PSYoungGen      total 38400K, used 5120K [0x00000000d5c00000, 0x00000000da700000, 0x0000000100000000)
  eden space 33280K, 0% used [0x00000000d5c00000,0x00000000d5c00000,0x00000000d7c80000)
  from space 5120K, 100% used [0x00000000d7c80000,0x00000000d8180000,0x00000000d8180000)
  to   space 5120K, 0% used [0x00000000da200000,0x00000000da200000,0x00000000da700000)
 ParOldGen       total 87552K, used 4638K [0x0000000081400000, 0x0000000086980000, 0x00000000d5c00000)
  object space 87552K, 5% used [0x0000000081400000,0x00000000818879e8,0x0000000086980000)
 Metaspace       used 15133K, capacity 15416K, committed 15616K, reserved 1062912K
  class space    used 1845K, capacity 1945K, committed 2048K, reserved 1048576K
}
Event: 2.952 GC heap before
{Heap before GC invocations=4 (full 0):
 PSYoungGen      total 38400K, used 38400K [0x00000000d5c00000, 0x00000000da700000, 0x0000000100000000)
  eden space 33280K, 100% used [0x00000000d5c00000,0x00000000d7c80000,0x00000000d7c80000)
  from space 5120K, 100% used [0x00000000d7c80000,0x00000000d8180000,0x00000000d8180000)
  to   space 5120K, 0% used [0x00000000da200000,0x00000000da200000,0x00000000da700000)
 ParOldGen       total 87552K, used 4638K [0x0000000081400000, 0x0000000086980000, 0x00000000d5c00000)
  object space 87552K, 5% used [0x0000000081400000,0x00000000818879e8,0x0000000086980000)
 Metaspace       used 16243K, capacity 16618K, committed 16768K, reserved 1064960K
  class space    used 1947K, capacity 2091K, committed 2176K, reserved 1048576K
Event: 2.966 GC heap after
Heap after GC invocations=4 (full 0):
 PSYoungGen      total 71680K, used 5088K [0x00000000d5c00000, 0x00000000da700000, 0x0000000100000000)
  eden space 66560K, 0% used [0x00000000d5c00000,0x00000000d5c00000,0x00000000d9d00000)
  from space 5120K, 99% used [0x00000000da200000,0x00000000da6f8020,0x00000000da700000)
  to   space 5120K, 0% used [0x00000000d9d00000,0x00000000d9d00000,0x00000000da200000)
 ParOldGen       total 87552K, used 7563K [0x0000000081400000, 0x0000000086980000, 0x00000000d5c00000)
  object space 87552K, 8% used [0x0000000081400000,0x0000000081b62f10,0x0000000086980000)
 Metaspace       used 16243K, capacity 16618K, committed 16768K, reserved 1064960K
  class space    used 1947K, capacity 2091K, committed 2176K, reserved 1048576K
}
Event: 3.623 GC heap before
{Heap before GC invocations=5 (full 0):
 PSYoungGen      total 71680K, used 35856K [0x00000000d5c00000, 0x00000000da700000, 0x0000000100000000)
  eden space 66560K, 46% used [0x00000000d5c00000,0x00000000d7a0c238,0x00000000d9d00000)
  from space 5120K, 99% used [0x00000000da200000,0x00000000da6f8020,0x00000000da700000)
  to   space 5120K, 0% used [0x00000000d9d00000,0x00000000d9d00000,0x00000000da200000)
 ParOldGen       total 87552K, used 7563K [0x0000000081400000, 0x0000000086980000, 0x00000000d5c00000)
  object space 87552K, 8% used [0x0000000081400000,0x0000000081b62f10,0x0000000086980000)
 Metaspace       used 20640K, capacity 21150K, committed 21248K, reserved 1067008K
  class space    used 2543K, capacity 2726K, committed 2816K, reserved 1048576K
Event: 3.645 GC heap after
Heap after GC invocations=5 (full 0):
 PSYoungGen      total 71680K, used 5088K [0x00000000d5c00000, 0x00000000df100000, 0x0000000100000000)
  eden space 66560K, 0% used [0x00000000d5c00000,0x00000000d5c00000,0x00000000d9d00000)
  from space 5120K, 99% used [0x00000000d9d00000,0x00000000da1f8020,0x00000000da200000)
  to   space 9728K, 0% used [0x00000000de780000,0x00000000de780000,0x00000000df100000)
 ParOldGen       total 87552K, used 10576K [0x0000000081400000, 0x0000000086980000, 0x00000000d5c00000)
  object space 87552K, 12% used [0x0000000081400000,0x0000000081e54038,0x0000000086980000)
 Metaspace       used 20640K, capacity 21150K, committed 21248K, reserved 1067008K
  class space    used 2543K, capacity 2726K, committed 2816K, reserved 1048576K
}
Event: 3.645 GC heap before
{Heap before GC invocations=6 (full 1):
 PSYoungGen      total 71680K, used 5088K [0x00000000d5c00000, 0x00000000df100000, 0x0000000100000000)
  eden space 66560K, 0% used [0x00000000d5c00000,0x00000000d5c00000,0x00000000d9d00000)
  from space 5120K, 99% used [0x00000000d9d00000,0x00000000da1f8020,0x00000000da200000)
  to   space 9728K, 0% used [0x00000000de780000,0x00000000de780000,0x00000000df100000)
 ParOldGen       total 87552K, used 10576K [0x0000000081400000, 0x0000000086980000, 0x00000000d5c00000)
  object space 87552K, 12% used [0x0000000081400000,0x0000000081e54038,0x0000000086980000)
 Metaspace       used 20640K, capacity 21150K, committed 21248K, reserved 1067008K
  class space    used 2543K, capacity 2726K, committed 2816K, reserved 1048576K
Event: 3.748 GC heap after
Heap after GC invocations=6 (full 1):
 PSYoungGen      total 71680K, used 0K [0x00000000d5c00000, 0x00000000df100000, 0x0000000100000000)
  eden space 66560K, 0% used [0x00000000d5c00000,0x00000000d5c00000,0x00000000d9d00000)
  from space 5120K, 0% used [0x00000000d9d00000,0x00000000d9d00000,0x00000000da200000)
  to   space 9728K, 0% used [0x00000000de780000,0x00000000de780000,0x00000000df100000)
 ParOldGen       total 69120K, used 11059K [0x0000000081400000, 0x0000000085780000, 0x00000000d5c00000)
  object space 69120K, 16% used [0x0000000081400000,0x0000000081eccfb0,0x0000000085780000)
 Metaspace       used 20640K, capacity 21150K, committed 21248K, reserved 1067008K
  class space    used 2543K, capacity 2726K, committed 2816K, reserved 1048576K
}

Deoptimization events (10 events):
Event: 4.632 Thread 0x000000001ce51800 Uncommon trap: reason=class_check action=maybe_recompile pc=0x0000000002f51bf4 method=java.lang.StringCoding$StringDecoder.decode([BII)[C @ 30
Event: 4.632 Thread 0x000000001ce51800 Uncommon trap: reason=class_check action=maybe_recompile pc=0x0000000002f51bf4 method=java.lang.StringCoding$StringDecoder.decode([BII)[C @ 30
Event: 4.746 Thread 0x000000001a251800 Uncommon trap: reason=class_check action=maybe_recompile pc=0x0000000002d51a3c method=java.util.concurrent.locks.AbstractQueuedSynchronizer.release(I)Z @ 2
Event: 4.747 Thread 0x000000001ce2f000 Uncommon trap: reason=class_check action=maybe_recompile pc=0x0000000002d51a3c method=java.util.concurrent.locks.AbstractQueuedSynchronizer.release(I)Z @ 2
Event: 4.747 Thread 0x000000001987c000 Uncommon trap: reason=class_check action=maybe_recompile pc=0x0000000002d51a3c method=java.util.concurrent.locks.AbstractQueuedSynchronizer.release(I)Z @ 2
Event: 4.747 Thread 0x000000001ce2e800 Uncommon trap: reason=class_check action=maybe_recompile pc=0x0000000002d51a3c method=java.util.concurrent.locks.AbstractQueuedSynchronizer.release(I)Z @ 2
Event: 4.750 Thread 0x000000001987c000 Uncommon trap: reason=unstable_if action=reinterpret pc=0x0000000002715ee4 method=sun.net.www.ParseUtil.encodePath(Ljava/lang/String;Z)Ljava/lang/String; @ 109
Event: 4.855 Thread 0x000000001a251800 Uncommon trap: reason=unstable_if action=reinterpret pc=0x0000000002dcf928 method=java.util.concurrent.ConcurrentHashMap.transfer([Ljava/util/concurrent/ConcurrentHashMap$Node;[Ljava/util/concurrent/ConcurrentHashMap$Node;)V @ 34
Event: 4.894 Thread 0x000000001ce51800 Uncommon trap: reason=unstable_if action=reinterpret pc=0x0000000002dcf958 method=java.util.concurrent.ConcurrentHashMap.transfer([Ljava/util/concurrent/ConcurrentHashMap$Node;[Ljava/util/concurrent/ConcurrentHashMap$Node;)V @ 277
Event: 4.895 Thread 0x000000001ce51800 Uncommon trap: reason=unstable_if action=reinterpret pc=0x000000000293ed04 method=java.util.concurrent.ConcurrentHashMap.putVal(Ljava/lang/Object;Ljava/lang/Object;Z)Ljava/lang/Object; @ 113

Internal exceptions (10 events):
Event: 1.884 Thread 0x00000000022fe000 Implicit null exception at 0x00000000027d9015 to 0x00000000027d91ed
Event: 1.885 Thread 0x00000000022fe000 Implicit null exception at 0x00000000027a29af to 0x00000000027a2a19
Event: 2.077 Thread 0x00000000022fe000 Implicit null exception at 0x0000000002ab28e2 to 0x0000000002ab3bed
Event: 3.875 Thread 0x00000000022fe000 Exception <a 'java/io/FileNotFoundException'> (0x00000000d63696f0) thrown at [C:\re\workspace\8-2-build-windows-amd64-cygwin\jdk8u51\3951\hotspot\src\share\vm\prims\jni.cpp, line 709]
Event: 3.878 Thread 0x00000000022fe000 Exception <a 'java/io/FileNotFoundException'> (0x00000000d639cbe8) thrown at [C:\re\workspace\8-2-build-windows-amd64-cygwin\jdk8u51\3951\hotspot\src\share\vm\prims\jni.cpp, line 709]
Event: 4.232 Thread 0x000000001ce51800 Implicit null exception at 0x0000000002f29ecc to 0x0000000002f2a66d
Event: 4.323 Thread 0x000000001ce51800 Exception <a 'java/io/FileNotFoundException'> (0x00000000d7ba3f50) thrown at [C:\re\workspace\8-2-build-windows-amd64-cygwin\jdk8u51\3951\hotspot\src\share\vm\prims\jni.cpp, line 709]
Event: 4.359 Thread 0x000000001ce51800 Exception <a 'java/io/FileNotFoundException'> (0x00000000d7bc7fa0) thrown at [C:\re\workspace\8-2-build-windows-amd64-cygwin\jdk8u51\3951\hotspot\src\share\vm\prims\jni.cpp, line 709]
Event: 4.409 Thread 0x000000001ce51800 Exception <a 'java/lang/NoSuchFieldError': method resolution failed> (0x00000000d7c96ec8) thrown at [C:\re\workspace\8-2-build-windows-amd64-cygwin\jdk8u51\3951\hotspot\src\share\vm\prims\methodHandles.cpp, line 1125]
Event: 4.411 Thread 0x000000001ce51800 Exception <a 'java/lang/NoSuchFieldError': method resolution failed> (0x00000000d7ca57f8) thrown at [C:\re\workspace\8-2-build-windows-amd64-cygwin\jdk8u51\3951\hotspot\src\share\vm\prims\methodHandles.cpp, line 1125]

Events (10 events):
Event: 124.624 Executing VM operation: RevokeBias
Event: 124.624 Executing VM operation: RevokeBias done
Event: 124.624 Thread 0x000000001a251800 Thread exited: 0x000000001a251800
Event: 124.624 Thread 0x000000001a251800 Thread added: 0x000000001a251800
Event: 124.624 Thread 0x00000000196aa000 Thread added: 0x00000000196aa000
Event: 124.624 Executing VM operation: RevokeBias
Event: 124.624 Executing VM operation: RevokeBias done
Event: 124.624 Thread 0x000000001a251800 Thread exited: 0x000000001a251800
Event: 124.625 Thread 0x00000000196aa000 Thread exited: 0x00000000196aa000
Event: 124.625 Executing VM operation: Exit


Dynamic libraries:
0x00007ff7db780000 - 0x00007ff7db7b7000 	C:\Program Files\Java\jdk1.8.0_51\bin\java.exe
0x00007ffda31f0000 - 0x00007ffda33b9000 	C:\WINDOWS\SYSTEM32\ntdll.dll
0x00007ffda2860000 - 0x00007ffda290b000 	C:\WINDOWS\system32\KERNEL32.DLL
0x00007ffd9fc60000 - 0x00007ffd9fe5c000 	C:\WINDOWS\system32\KERNELBASE.dll
0x00007ffda0ab0000 - 0x00007ffda0b57000 	C:\WINDOWS\system32\ADVAPI32.dll
0x00007ffda27c0000 - 0x00007ffda285d000 	C:\WINDOWS\system32\msvcrt.dll
0x00007ffda3170000 - 0x00007ffda31cc000 	C:\WINDOWS\system32\sechost.dll
0x00007ffda0cb0000 - 0x00007ffda0dd5000 	C:\WINDOWS\system32\RPCRT4.dll
0x00007ffda2650000 - 0x00007ffda27b6000 	C:\WINDOWS\system32\USER32.dll
0x000000005da60000 - 0x000000005da7f000 	C:\WINDOWS\system32\win32u.dll
0x00007ffda0b60000 - 0x00007ffda0b90000 	C:\WINDOWS\system32\GDI32.dll
0x00007ffd9ff10000 - 0x00007ffda0090000 	C:\WINDOWS\system32\gdi32full.dll
0x00007ffd99530000 - 0x00007ffd9979c000 	C:\WINDOWS\WinSxS\amd64_microsoft.windows.common-controls_6595b64144ccf1df_6.0.14295.1000_none_7d072e80b85c67b2\COMCTL32.dll
0x00007ffda2360000 - 0x00007ffda25ef000 	C:\WINDOWS\system32\combase.dll
0x00007ffd9fb60000 - 0x00007ffd9fc54000 	C:\WINDOWS\system32\ucrtbase.dll
0x00007ffd9f930000 - 0x00007ffd9f999000 	C:\WINDOWS\system32\bcryptPrimitives.dll
0x00007ffda2e60000 - 0x00007ffda2e8e000 	C:\WINDOWS\system32\IMM32.DLL
0x000000005b470000 - 0x000000005b542000 	C:\Program Files\Java\jdk1.8.0_51\jre\bin\msvcr100.dll
0x000000005b9d0000 - 0x000000005c253000 	C:\Program Files\Java\jdk1.8.0_51\jre\bin\server\jvm.dll
0x00007ffda0940000 - 0x00007ffda0947000 	C:\WINDOWS\system32\PSAPI.DLL
0x00007ffd98a00000 - 0x00007ffd98a0a000 	C:\WINDOWS\SYSTEM32\VERSION.dll
0x00007ffd9aae0000 - 0x00007ffd9aae9000 	C:\WINDOWS\SYSTEM32\WSOCK32.dll
0x00007ffd9df30000 - 0x00007ffd9df53000 	C:\WINDOWS\SYSTEM32\WINMM.dll
0x00007ffda2f00000 - 0x00007ffda2f6b000 	C:\WINDOWS\system32\WS2_32.dll
0x00007ffd9de60000 - 0x00007ffd9de8b000 	C:\WINDOWS\SYSTEM32\WINMMBASE.dll
0x00007ffd9fe60000 - 0x00007ffd9fea3000 	C:\WINDOWS\system32\cfgmgr32.dll
0x000000005b8e0000 - 0x000000005b8ef000 	C:\Program Files\Java\jdk1.8.0_51\jre\bin\verify.dll
0x000000005b8b0000 - 0x000000005b8d9000 	C:\Program Files\Java\jdk1.8.0_51\jre\bin\java.dll
0x000000005b890000 - 0x000000005b8a6000 	C:\Program Files\Java\jdk1.8.0_51\jre\bin\zip.dll
0x00007ffda0e80000 - 0x00007ffda2351000 	C:\WINDOWS\system32\SHELL32.dll
0x00007ffda0140000 - 0x00007ffda07f3000 	C:\WINDOWS\system32\windows.storage.dll
0x00007ffda25f0000 - 0x00007ffda2642000 	C:\WINDOWS\system32\shlwapi.dll
0x00007ffd9f850000 - 0x00007ffd9f85f000 	C:\WINDOWS\system32\kernel.appcore.dll
0x00007ffd9f860000 - 0x00007ffd9f908000 	C:\WINDOWS\system32\shcore.dll
0x00007ffd9f7e0000 - 0x00007ffd9f82b000 	C:\WINDOWS\system32\powrprof.dll
0x00007ffd9f830000 - 0x00007ffd9f844000 	C:\WINDOWS\system32\profapi.dll
0x000000005b870000 - 0x000000005b88a000 	C:\Program Files\Java\jdk1.8.0_51\jre\bin\net.dll
0x00007ffd9f0b0000 - 0x00007ffd9f10c000 	C:\WINDOWS\system32\mswsock.dll
0x000000005b850000 - 0x000000005b861000 	C:\Program Files\Java\jdk1.8.0_51\jre\bin\nio.dll
0x000000005b6b0000 - 0x000000005b848000 	C:\Program Files\Java\jdk1.8.0_51\jre\bin\awt.dll
0x00007ffda2da0000 - 0x00007ffda2e5b000 	C:\WINDOWS\system32\OLEAUT32.dll
0x00007ffd9deb0000 - 0x00007ffd9df29000 	C:\WINDOWS\SYSTEM32\apphelp.dll
0x00007ffd9cb70000 - 0x00007ffd9cb94000 	C:\WINDOWS\system32\DWMAPI.DLL
0x00007ffd9e290000 - 0x00007ffd9e323000 	C:\WINDOWS\system32\uxtheme.dll
0x0000000180000000 - 0x0000000180050000 	C:\cygwin64\tmp\playnaphis\1284024257\lwjgl64.dll
0x00007ffd81ee0000 - 0x00007ffd82003000 	C:\WINDOWS\SYSTEM32\OPENGL32.dll
0x00007ffd82080000 - 0x00007ffd820ac000 	C:\WINDOWS\SYSTEM32\GLU32.dll
0x00007ffd81de0000 - 0x00007ffd81ed7000 	C:\WINDOWS\SYSTEM32\DDRAW.dll
0x00007ffd82390000 - 0x00007ffd82398000 	C:\WINDOWS\SYSTEM32\DCIMAN32.dll
0x00007ffda0950000 - 0x00007ffda0aa1000 	C:\WINDOWS\system32\MSCTF.dll
0x00007ffd78660000 - 0x00007ffd7868b000 	C:\PROGRA~2\RAPTRI~1\Raptr\ltc_help64-109838.dll
0x00007ffd9feb0000 - 0x00007ffd9ff05000 	C:\WINDOWS\system32\WINTRUST.dll
0x00007ffd9f7d0000 - 0x00007ffd9f7e0000 	C:\WINDOWS\system32\MSASN1.dll
0x00007ffd9f9a0000 - 0x00007ffd9fb5c000 	C:\WINDOWS\system32\CRYPT32.dll
0x00007ffd677f0000 - 0x00007ffd684a9000 	C:\WINDOWS\SYSTEM32\ig8icd64.dll
0x00007ffd97b70000 - 0x00007ffd98575000 	C:\WINDOWS\SYSTEM32\igdusc64.dll
0x00007ffd9d810000 - 0x00007ffd9d823000 	C:\WINDOWS\SYSTEM32\WTSAPI32.dll
0x00007ffd826c0000 - 0x00007ffd8274d000 	C:\WINDOWS\SYSTEM32\mscms.dll
0x00007ffd9ef40000 - 0x00007ffd9ef5f000 	C:\WINDOWS\SYSTEM32\USERENV.dll
0x00007ffd8d950000 - 0x00007ffd8d992000 	C:\WINDOWS\SYSTEM32\icm32.dll
0x00007ffd9f160000 - 0x00007ffd9f177000 	C:\WINDOWS\system32\CRYPTSP.dll
0x00007ffd9ee50000 - 0x00007ffd9ee84000 	C:\WINDOWS\system32\rsaenh.dll
0x00007ffd9f710000 - 0x00007ffd9f739000 	C:\WINDOWS\SYSTEM32\bcrypt.dll
0x00007ffd9f280000 - 0x00007ffd9f28b000 	C:\WINDOWS\SYSTEM32\CRYPTBASE.dll
0x00007ffda0c90000 - 0x00007ffda0cac000 	C:\WINDOWS\system32\imagehlp.dll
0x00007ffd9e930000 - 0x00007ffd9e953000 	C:\WINDOWS\SYSTEM32\gpapi.dll
0x00007ffd843e0000 - 0x00007ffd8440f000 	C:\Windows\System32\cryptnet.dll
0x00007ffd9cca0000 - 0x00007ffd9ccd7000 	C:\WINDOWS\SYSTEM32\IPHLPAPI.DLL
0x00007ffd9bde0000 - 0x00007ffd9bdeb000 	C:\WINDOWS\SYSTEM32\WINNSI.DLL
0x00007ffda31d0000 - 0x00007ffda31d8000 	C:\WINDOWS\system32\NSI.dll
0x00007ffd78bd0000 - 0x00007ffd78de0000 	C:\PROGRA~2\RAPTRI~1\Raptr\ltc_game64-109838.dll
0x00007ffda0800000 - 0x00007ffda0938000 	C:\WINDOWS\system32\ole32.dll
0x00007ffd77d00000 - 0x00007ffd77e8b000 	C:\WINDOWS\SYSTEM32\dbghelp.dll

VM Arguments:
jvm_args: -Dclassworlds.conf=C:\apache-maven-3.3.9/bin/m2.conf -Dmaven.home=C:\apache-maven-3.3.9 -Dmaven.multiModuleProjectDirectory=C:\cygwin64\home\aphis\event\Event-Driven-Programming-Project\project 
java_command: org.codehaus.plexus.classworlds.launcher.Launcher test -Pjava
java_class_path (initial): C:\apache-maven-3.3.9/boot/plexus-classworlds-2.5.2.jar
Launcher Type: SUN_STANDARD

Environment Variables:
JAVA_HOME=C:\Program Files\Java\jdk1.8.0_51
PATH=C:\cygwin64\usr\local\bin;C:\cygwin64\bin;C:\Program Files (x86)\Intel\iCLS Client;C:\Program Files\Intel\iCLS Client;C:\ProgramData\Oracle\Java\javapath;C:\WINDOWS\system32;C:\WINDOWS;C:\WINDOWS\System32\Wbem;C:\WINDOWS\System32\WindowsPowerShell\v1.0;C:\Program Files (x86)\AMD\ATI.ACE\Core-Static;C:\Program Files\Java\jdk1.8.0_51\bin;C:\Program Files\Intel\Intel(R) Management Engine Components\DAL;C:\Program Files (x86)\Intel\Intel(R) Management Engine Components\DAL;C:\Program Files\Intel\Intel(R) Management Engine Components\IPT;C:\Program Files (x86)\Intel\Intel(R) Management Engine Components\IPT;C:\Program Files\Java\jdk1.8.0_51\bin;C:\grails-2.4.5\grails-2.4.5\bin;C:\Program Files (x86)\ATI Technologies\ATI.ACE\Core-Static;C:\Program Files (x86)\Dev-Cpp\MinGW64\bin;C:\Go\bin;C:\Program Files\Git\bin;C:\Program Files (x86)\Skype\Phone;C:\Program Files (x86)\GtkSharp\2.12\bin;C:\apache-maven-3.3.9\bin;C:\Users\aphis\AppData\Local\Programs\Python\Python35-32\Scripts;C:\Users\aphis\AppData\Local\Programs\Python\Python35-32;C:\Program Files (x86)\Microsoft VS Code\bin
USERNAME=aphis
SHELL=/bin/bash
OS=Windows_NT
PROCESSOR_IDENTIFIER=Intel64 Family 6 Model 61 Stepping 4, GenuineIntel



---------------  S Y S T E M  ---------------

OS: Windows 10.0 , 64 bit Build 14295 (10.0.14295.1000)

CPU:total 4 (2 cores per cpu, 2 threads per core) family 6 model 61 stepping 4, cmov, cx8, fxsr, mmx, sse, sse2, sse3, ssse3, sse4.1, sse4.2, popcnt, avx, avx2, aes, clmul, erms, 3dnowpref, lzcnt, ht, tsc, tscinvbit, bmi1, bmi2, adx

Memory: 4k page, physical 8301016k(3799228k free), swap 10267096k(4129900k free)

vm_info: Java HotSpot(TM) 64-Bit Server VM (25.51-b03) for windows-amd64 JRE (1.8.0_51-b16), built on Jun  8 2015 18:03:07 by "java_re" with MS VC++ 10.0 (VS2010)

time: Sun Mar 27 15:10:43 2016
elapsed time: 124 seconds (0d 0h 2m 4s)

