#
# A fatal error has been detected by the Java Runtime Environment:
#
#  EXCEPTION_ACCESS_VIOLATION (0xc0000005) at pc=0x00007ffd81fbecb4, pid=14908, tid=16096
#
# JRE version: Java(TM) SE Runtime Environment (8.0_51-b16) (build 1.8.0_51-b16)
# Java VM: Java HotSpot(TM) 64-Bit Server VM (25.51-b03 mixed mode windows-amd64 compressed oops)
# Problematic frame:
# C  [OPENGL32.dll+0xdecb4]
#
# Failed to write core dump. Minidumps are not enabled by default on client versions of Windows
#
# If you would like to submit a bug report, please visit:
#   http://bugreport.java.com/bugreport/crash.jsp
#

---------------  T H R E A D  ---------------

Current thread (0x0000000016e78000):  VMThread [stack: 0x0000000017f20000,0x0000000018020000] [id=16096]

siginfo: ExceptionCode=0xc0000005, reading address 0x0000000000000a38

Registers:
RAX=0x0000000000000000, RBX=0x000000001d81e150, RCX=0x0000000000000001, RDX=0x000000001d81e158
RSP=0x000000001801f1d8, RBP=0x0000000000000000, RSI=0x000000002a5241c0, RDI=0x000000002a5241c0
R8 =0x000000001801f258, R9 =0x0000000016d85400, R10=0x0000000000000042, R11=0x00007ffd81fd1bb8
R12=0x0000000000000000, R13=0x000000001d817f98, R14=0x000000001d817e50, R15=0x0000000000000000
RIP=0x00007ffd81fbecb4, EFLAGS=0x0000000000010283

Top of Stack: (sp=0x000000001801f1d8)
0x000000001801f1d8:   00007ffd6d8d44eb 0000000000000001
0x000000001801f1e8:   000000001d81e158 000000001801f258
0x000000001801f1f8:   0000000016d85400 0000000000000000
0x000000001801f208:   00007ffd6d8d9fb7 0000000000000000
0x000000001801f218:   000000001d81a460 000000001d817f80
0x000000001801f228:   00007ffd6d8d9323 fffffffffffffffe
0x000000001801f238:   000000001801f2a0 0000000000000000
0x000000001801f248:   00007ffd6d8da869 000000002a5241c0
0x000000001801f258:   000000001d8175a0 000000001d817e50
0x000000001801f268:   00007ffd6d93a910 fffffffffffffffe
0x000000001801f278:   000000001d81a4a0 0000000000000001
0x000000001801f288:   000000001d817f78 000000001d817e50
0x000000001801f298:   00007ffd6d942a31 00007ffd6da64790
0x000000001801f2a8:   00007ffd6d9a7ad0 0000000016d85400
0x000000001801f2b8:   0000000000000000 000000001d817f78
0x000000001801f2c8:   000000001d817e50 000000001d817e50 

Instructions: (pc=0x00007ffd81fbecb4)
0x00007ffd81fbec94:   cc cc cc cc cc cc 66 0f 1f 44 00 00 8b 05 62 63
0x00007ffd81fbeca4:   01 00 83 f8 40 73 0f 65 48 8b 04 c5 80 14 00 00
0x00007ffd81fbecb4:   ff a0 38 0a 00 00 b8 47 01 00 00 e9 ec d4 ff ff
0x00007ffd81fbecc4:   cc cc cc cc cc cc 66 0f 1f 44 00 00 8b 05 32 63 


Register to memory mapping:

RAX=0x0000000000000000 is an unknown value
RBX=0x000000001d81e150 is an unknown value
RCX=0x0000000000000001 is an unknown value
RDX=0x000000001d81e158 is an unknown value
RSP=0x000000001801f1d8 is an unknown value
RBP=0x0000000000000000 is an unknown value
RSI=0x000000002a5241c0 is an unknown value
RDI=0x000000002a5241c0 is an unknown value
R8 =0x000000001801f258 is an unknown value
R9 =0x0000000016d85400 is an unknown value
R10=0x0000000000000042 is an unknown value
R11=0x00007ffd81fd1bb8 is an unknown value
R12=0x0000000000000000 is an unknown value
R13=0x000000001d817f98 is an unknown value
R14=0x000000001d817e50 is an unknown value
R15=0x0000000000000000 is an unknown value


Stack: [0x0000000017f20000,0x0000000018020000],  sp=0x000000001801f1d8,  free space=1020k
Native frames: (J=compiled Java code, j=interpreted, Vv=VM code, C=native code)

VM_Operation (0x000000001d30e520): Exit, mode: safepoint, requested by thread 0x000000001add7000


---------------  P R O C E S S  ---------------

Java Threads: ( => current thread )
  0x00000000189df000 JavaThread "LWJGL Timer" daemon [_thread_blocked, id=13896, stack(0x000000002aa70000,0x000000002ab70000)]
  0x0000000019dce800 JavaThread "Java2D Disposer" daemon [_thread_blocked, id=16680, stack(0x000000001d310000,0x000000001d410000)]
  0x000000001add7000 JavaThread "event.project.java.MyGameJava.main()" [_thread_blocked, id=16772, stack(0x000000001d210000,0x000000001d310000)]
  0x0000000016f0e800 JavaThread "Service Thread" daemon [_thread_blocked, id=15788, stack(0x0000000018b20000,0x0000000018c20000)]
  0x0000000016eb6000 JavaThread "C1 CompilerThread2" daemon [_thread_blocked, id=11924, stack(0x0000000018620000,0x0000000018720000)]
  0x0000000016eb3000 JavaThread "C2 CompilerThread1" daemon [_thread_blocked, id=11704, stack(0x0000000018520000,0x0000000018620000)]
  0x0000000016eaf800 JavaThread "C2 CompilerThread0" daemon [_thread_blocked, id=12712, stack(0x0000000018420000,0x0000000018520000)]
  0x0000000016ead800 JavaThread "Attach Listener" daemon [_thread_blocked, id=15780, stack(0x0000000018320000,0x0000000018420000)]
  0x0000000016eac800 JavaThread "Signal Dispatcher" daemon [_thread_blocked, id=15304, stack(0x0000000018220000,0x0000000018320000)]
  0x0000000002338800 JavaThread "Finalizer" daemon [_thread_blocked, id=15316, stack(0x0000000018120000,0x0000000018220000)]
  0x000000000232e000 JavaThread "Reference Handler" daemon [_thread_blocked, id=12692, stack(0x0000000018020000,0x0000000018120000)]
  0x000000000203e000 JavaThread "main" [_thread_blocked, id=17140, stack(0x0000000002140000,0x0000000002240000)]

Other Threads:
=>0x0000000016e78000 VMThread [stack: 0x0000000017f20000,0x0000000018020000] [id=16096]

VM state:at safepoint (shutting down)

VM Mutex/Monitor currently owned by a thread:  ([mutex/lock_event])
[0x000000000203d320] Threads_lock - owner thread: 0x0000000016e78000

Heap:
 PSYoungGen      total 42496K, used 14056K [0x00000000d5c00000, 0x00000000daf00000, 0x0000000100000000)
  eden space 32768K, 42% used [0x00000000d5c00000,0x00000000d69ba208,0x00000000d7c00000)
  from space 9728K, 0% used [0x00000000d8580000,0x00000000d8580000,0x00000000d8f00000)
  to   space 9728K, 0% used [0x00000000d7c00000,0x00000000d7c00000,0x00000000d8580000)
 ParOldGen       total 60416K, used 9387K [0x0000000081400000, 0x0000000084f00000, 0x00000000d5c00000)
  object space 60416K, 15% used [0x0000000081400000,0x0000000081d2ad98,0x0000000084f00000)
 Metaspace       used 23075K, capacity 23790K, committed 23936K, reserved 1071104K
  class space    used 2657K, capacity 2901K, committed 2944K, reserved 1048576K

Card table byte_map: [0x0000000011700000,0x0000000011b00000] byte_map_base: 0x00000000112f6000

Marking Bits: (ParMarkBitMap*) 0x000000005c0f4040
 Begin Bits: [0x00000000121b0000, 0x0000000014160000)
 End Bits:   [0x0000000014160000, 0x0000000016110000)

Polling page: 0x00000000001f0000

CodeCache: size=245760Kb used=11117Kb max_used=11331Kb free=234643Kb
 bounds [0x0000000002340000, 0x0000000002ea0000, 0x0000000011340000]
 total_blobs=4026 nmethods=3428 adapters=510
 compilation: enabled

Compilation events (10 events):
Event: 19.527 Thread 0x0000000016eb6000 3804       3       playn.java.JavaPlatform::graphics (5 bytes)
Event: 19.527 Thread 0x0000000016eb6000 nmethod 3804 0x0000000002595c90 code [0x0000000002595de0, 0x0000000002595f50]
Event: 19.625 Thread 0x0000000016eb6000 3805   !   3       org.lwjgl.opengl.WindowsDisplay::updateCursor (69 bytes)
Event: 19.626 Thread 0x0000000016eb6000 nmethod 3805 0x0000000002468c10 code [0x0000000002468e60, 0x0000000002469dd8]
Event: 20.269 Thread 0x0000000016eb6000 3806   !   3       java.util.logging.LogManager::ensureLogManagerInitialized (128 bytes)
Event: 20.269 Thread 0x0000000016eb6000 nmethod 3806 0x000000000248e690 code [0x000000000248e840, 0x000000000248eec8]
Event: 20.269 Thread 0x0000000016eb6000 3807       3       java.util.logging.LogManager::access$100 (4 bytes)
Event: 20.270 Thread 0x0000000016eb6000 nmethod 3807 0x000000000273be50 code [0x000000000273bfa0, 0x000000000273c0d0]
Event: 20.270 Thread 0x0000000016eb6000 3808       3       java.util.logging.LogManager$LoggerContext::requiresDefaultLoggers (29 bytes)
Event: 20.270 Thread 0x0000000016eb6000 nmethod 3808 0x0000000002646150 code [0x00000000026462c0, 0x00000000026466e8]

GC Heap History (10 events):
Event: 3.960 GC heap before
{Heap before GC invocations=3 (full 0):
 PSYoungGen      total 38400K, used 38388K [0x00000000d5c00000, 0x00000000d8680000, 0x0000000100000000)
  eden space 33280K, 100% used [0x00000000d5c00000,0x00000000d7c80000,0x00000000d7c80000)
  from space 5120K, 99% used [0x00000000d8180000,0x00000000d867d318,0x00000000d8680000)
  to   space 5120K, 0% used [0x00000000d7c80000,0x00000000d7c80000,0x00000000d8180000)
 ParOldGen       total 87552K, used 2796K [0x0000000081400000, 0x0000000086980000, 0x00000000d5c00000)
  object space 87552K, 3% used [0x0000000081400000,0x00000000816bb348,0x0000000086980000)
 Metaspace       used 15110K, capacity 15416K, committed 15616K, reserved 1062912K
  class space    used 1845K, capacity 1945K, committed 2048K, reserved 1048576K
Event: 3.970 GC heap after
Heap after GC invocations=3 (full 0):
 PSYoungGen      total 38400K, used 5088K [0x00000000d5c00000, 0x00000000d8680000, 0x0000000100000000)
  eden space 33280K, 0% used [0x00000000d5c00000,0x00000000d5c00000,0x00000000d7c80000)
  from space 5120K, 99% used [0x00000000d7c80000,0x00000000d8178020,0x00000000d8180000)
  to   space 5120K, 0% used [0x00000000d8180000,0x00000000d8180000,0x00000000d8680000)
 ParOldGen       total 87552K, used 4650K [0x0000000081400000, 0x0000000086980000, 0x00000000d5c00000)
  object space 87552K, 5% used [0x0000000081400000,0x000000008188a8a8,0x0000000086980000)
 Metaspace       used 15110K, capacity 15416K, committed 15616K, reserved 1062912K
  class space    used 1845K, capacity 1945K, committed 2048K, reserved 1048576K
}
Event: 5.303 GC heap before
{Heap before GC invocations=4 (full 0):
 PSYoungGen      total 38400K, used 38368K [0x00000000d5c00000, 0x00000000d8680000, 0x0000000100000000)
  eden space 33280K, 100% used [0x00000000d5c00000,0x00000000d7c80000,0x00000000d7c80000)
  from space 5120K, 99% used [0x00000000d7c80000,0x00000000d8178020,0x00000000d8180000)
  to   space 5120K, 0% used [0x00000000d8180000,0x00000000d8180000,0x00000000d8680000)
 ParOldGen       total 87552K, used 4650K [0x0000000081400000, 0x0000000086980000, 0x00000000d5c00000)
  object space 87552K, 5% used [0x0000000081400000,0x000000008188a8a8,0x0000000086980000)
 Metaspace       used 16210K, capacity 16618K, committed 16768K, reserved 1064960K
  class space    used 1948K, capacity 2091K, committed 2176K, reserved 1048576K
Event: 5.318 GC heap after
Heap after GC invocations=4 (full 0):
 PSYoungGen      total 38400K, used 5104K [0x00000000d5c00000, 0x00000000d8680000, 0x0000000100000000)
  eden space 33280K, 0% used [0x00000000d5c00000,0x00000000d5c00000,0x00000000d7c80000)
  from space 5120K, 99% used [0x00000000d8180000,0x00000000d867c030,0x00000000d8680000)
  to   space 5120K, 0% used [0x00000000d7c80000,0x00000000d7c80000,0x00000000d8180000)
 ParOldGen       total 87552K, used 7550K [0x0000000081400000, 0x0000000086980000, 0x00000000d5c00000)
  object space 87552K, 8% used [0x0000000081400000,0x0000000081b5fb90,0x0000000086980000)
 Metaspace       used 16210K, capacity 16618K, committed 16768K, reserved 1064960K
  class space    used 1948K, capacity 2091K, committed 2176K, reserved 1048576K
}
Event: 6.620 GC heap before
{Heap before GC invocations=5 (full 0):
 PSYoungGen      total 38400K, used 38384K [0x00000000d5c00000, 0x00000000d8680000, 0x0000000100000000)
  eden space 33280K, 100% used [0x00000000d5c00000,0x00000000d7c80000,0x00000000d7c80000)
  from space 5120K, 99% used [0x00000000d8180000,0x00000000d867c030,0x00000000d8680000)
  to   space 5120K, 0% used [0x00000000d7c80000,0x00000000d7c80000,0x00000000d8180000)
 ParOldGen       total 87552K, used 7550K [0x0000000081400000, 0x0000000086980000, 0x00000000d5c00000)
  object space 87552K, 8% used [0x0000000081400000,0x0000000081b5fb90,0x0000000086980000)
 Metaspace       used 17834K, capacity 18474K, committed 18560K, reserved 1064960K
  class space    used 2138K, capacity 2350K, committed 2432K, reserved 1048576K
Event: 6.643 GC heap after
Heap after GC invocations=5 (full 0):
 PSYoungGen      total 37888K, used 5120K [0x00000000d5c00000, 0x00000000d8f00000, 0x0000000100000000)
  eden space 32768K, 0% used [0x00000000d5c00000,0x00000000d5c00000,0x00000000d7c00000)
  from space 5120K, 100% used [0x00000000d7c80000,0x00000000d8180000,0x00000000d8180000)
  to   space 9728K, 0% used [0x00000000d8580000,0x00000000d8580000,0x00000000d8f00000)
 ParOldGen       total 87552K, used 10568K [0x0000000081400000, 0x0000000086980000, 0x00000000d5c00000)
  object space 87552K, 12% used [0x0000000081400000,0x0000000081e520f0,0x0000000086980000)
 Metaspace       used 17834K, capacity 18474K, committed 18560K, reserved 1064960K
  class space    used 2138K, capacity 2350K, committed 2432K, reserved 1048576K
}
Event: 6.973 GC heap before
{Heap before GC invocations=6 (full 0):
 PSYoungGen      total 37888K, used 8906K [0x00000000d5c00000, 0x00000000d8f00000, 0x0000000100000000)
  eden space 32768K, 11% used [0x00000000d5c00000,0x00000000d5fb2810,0x00000000d7c00000)
  from space 5120K, 100% used [0x00000000d7c80000,0x00000000d8180000,0x00000000d8180000)
  to   space 9728K, 0% used [0x00000000d8580000,0x00000000d8580000,0x00000000d8f00000)
 ParOldGen       total 87552K, used 10568K [0x0000000081400000, 0x0000000086980000, 0x00000000d5c00000)
  object space 87552K, 12% used [0x0000000081400000,0x0000000081e520f0,0x0000000086980000)
 Metaspace       used 20478K, capacity 21176K, committed 21296K, reserved 1069056K
  class space    used 2417K, capacity 2677K, committed 2688K, reserved 1048576K
Event: 6.985 GC heap after
Heap after GC invocations=6 (full 0):
 PSYoungGen      total 42496K, used 5844K [0x00000000d5c00000, 0x00000000daf00000, 0x0000000100000000)
  eden space 32768K, 0% used [0x00000000d5c00000,0x00000000d5c00000,0x00000000d7c00000)
  from space 9728K, 60% used [0x00000000d8580000,0x00000000d8b35300,0x00000000d8f00000)
  to   space 9728K, 0% used [0x00000000d7c00000,0x00000000d7c00000,0x00000000d8580000)
 ParOldGen       total 87552K, used 10576K [0x0000000081400000, 0x0000000086980000, 0x00000000d5c00000)
  object space 87552K, 12% used [0x0000000081400000,0x0000000081e540f0,0x0000000086980000)
 Metaspace       used 20478K, capacity 21176K, committed 21296K, reserved 1069056K
  class space    used 2417K, capacity 2677K, committed 2688K, reserved 1048576K
}
Event: 6.985 GC heap before
{Heap before GC invocations=7 (full 1):
 PSYoungGen      total 42496K, used 5844K [0x00000000d5c00000, 0x00000000daf00000, 0x0000000100000000)
  eden space 32768K, 0% used [0x00000000d5c00000,0x00000000d5c00000,0x00000000d7c00000)
  from space 9728K, 60% used [0x00000000d8580000,0x00000000d8b35300,0x00000000d8f00000)
  to   space 9728K, 0% used [0x00000000d7c00000,0x00000000d7c00000,0x00000000d8580000)
 ParOldGen       total 87552K, used 10576K [0x0000000081400000, 0x0000000086980000, 0x00000000d5c00000)
  object space 87552K, 12% used [0x0000000081400000,0x0000000081e540f0,0x0000000086980000)
 Metaspace       used 20478K, capacity 21176K, committed 21296K, reserved 1069056K
  class space    used 2417K, capacity 2677K, committed 2688K, reserved 1048576K
Event: 7.054 GC heap after
Heap after GC invocations=7 (full 1):
 PSYoungGen      total 42496K, used 0K [0x00000000d5c00000, 0x00000000daf00000, 0x0000000100000000)
  eden space 32768K, 0% used [0x00000000d5c00000,0x00000000d5c00000,0x00000000d7c00000)
  from space 9728K, 0% used [0x00000000d8580000,0x00000000d8580000,0x00000000d8f00000)
  to   space 9728K, 0% used [0x00000000d7c00000,0x00000000d7c00000,0x00000000d8580000)
 ParOldGen       total 60416K, used 9387K [0x0000000081400000, 0x0000000084f00000, 0x00000000d5c00000)
  object space 60416K, 15% used [0x0000000081400000,0x0000000081d2ad98,0x0000000084f00000)
 Metaspace       used 20478K, capacity 21176K, committed 21296K, reserved 1069056K
  class space    used 2417K, capacity 2677K, committed 2688K, reserved 1048576K
}

Deoptimization events (10 events):
Event: 7.394 Thread 0x000000001b863800 Uncommon trap: reason=class_check action=maybe_recompile pc=0x0000000002c79a3c method=java.util.concurrent.locks.AbstractQueuedSynchronizer.release(I)Z @ 2
Event: 7.396 Thread 0x0000000019068800 Uncommon trap: reason=class_check action=maybe_recompile pc=0x0000000002c79a3c method=java.util.concurrent.locks.AbstractQueuedSynchronizer.release(I)Z @ 2
Event: 7.398 Thread 0x000000001b1ff800 Uncommon trap: reason=class_check action=maybe_recompile pc=0x0000000002c79a3c method=java.util.concurrent.locks.AbstractQueuedSynchronizer.release(I)Z @ 2
Event: 7.398 Thread 0x000000001cc44000 Uncommon trap: reason=class_check action=maybe_recompile pc=0x0000000002c79a3c method=java.util.concurrent.locks.AbstractQueuedSynchronizer.release(I)Z @ 2
Event: 7.401 Thread 0x000000001b863800 Uncommon trap: reason=unstable_if action=reinterpret pc=0x0000000002639db8 method=sun.net.www.ParseUtil.encodePath(Ljava/lang/String;Z)Ljava/lang/String; @ 123
Event: 7.401 Thread 0x0000000019068800 Uncommon trap: reason=unstable_if action=reinterpret pc=0x0000000002639fa4 method=sun.net.www.ParseUtil.encodePath(Ljava/lang/String;Z)Ljava/lang/String; @ 109
Event: 7.401 Thread 0x000000001b1ff800 Uncommon trap: reason=unstable_if action=reinterpret pc=0x0000000002639db8 method=sun.net.www.ParseUtil.encodePath(Ljava/lang/String;Z)Ljava/lang/String; @ 123
Event: 7.401 Thread 0x000000001cc44000 Uncommon trap: reason=unstable_if action=reinterpret pc=0x0000000002639db8 method=sun.net.www.ParseUtil.encodePath(Ljava/lang/String;Z)Ljava/lang/String; @ 123
Event: 7.422 Thread 0x000000001cc44000 Uncommon trap: reason=class_check action=maybe_recompile pc=0x00000000029b87ac method=java.util.Hashtable.put(Ljava/lang/Object;Ljava/lang/Object;)Ljava/lang/Object; @ 18
Event: 7.429 Thread 0x000000001b1ff800 Uncommon trap: reason=class_check action=maybe_recompile pc=0x00000000029b87ac method=java.util.Hashtable.put(Ljava/lang/Object;Ljava/lang/Object;)Ljava/lang/Object; @ 18

Internal exceptions (10 events):
Event: 2.427 Thread 0x000000000203e000 Exception <a 'java/lang/NullPointerException'> (0x00000000d5f12ea0) thrown at [C:\re\workspace\8-2-build-windows-amd64-cygwin\jdk8u51\3951\hotspot\src\share\vm\interpreter\linkResolver.cpp, line 1178]
Event: 2.427 Thread 0x000000000203e000 Exception <a 'java/lang/NullPointerException'> (0x00000000d5f13060) thrown at [C:\re\workspace\8-2-build-windows-amd64-cygwin\jdk8u51\3951\hotspot\src\share\vm\interpreter\linkResolver.cpp, line 1178]
Event: 2.787 Thread 0x000000000203e000 Implicit null exception at 0x00000000026f65d5 to 0x00000000026f67ad
Event: 2.787 Thread 0x000000000203e000 Implicit null exception at 0x00000000026af6ef to 0x00000000026af759
Event: 2.989 Thread 0x000000000203e000 Implicit null exception at 0x000000000299a2f2 to 0x000000000299a539
Event: 5.090 Thread 0x000000000203e000 Implicit null exception at 0x0000000002bc40b0 to 0x0000000002bc5221
Event: 6.864 Thread 0x000000001add7000 Exception <a 'java/io/FileNotFoundException'> (0x00000000d5e24580) thrown at [C:\re\workspace\8-2-build-windows-amd64-cygwin\jdk8u51\3951\hotspot\src\share\vm\prims\jni.cpp, line 709]
Event: 6.890 Thread 0x000000001add7000 Exception <a 'java/io/FileNotFoundException'> (0x00000000d5e48618) thrown at [C:\re\workspace\8-2-build-windows-amd64-cygwin\jdk8u51\3951\hotspot\src\share\vm\prims\jni.cpp, line 709]
Event: 6.943 Thread 0x000000001add7000 Exception <a 'java/lang/NoSuchFieldError': method resolution failed> (0x00000000d5f261b8) thrown at [C:\re\workspace\8-2-build-windows-amd64-cygwin\jdk8u51\3951\hotspot\src\share\vm\prims\methodHandles.cpp, line 1125]
Event: 6.946 Thread 0x000000001add7000 Exception <a 'java/lang/NoSuchFieldError': method resolution failed> (0x00000000d5f34b20) thrown at [C:\re\workspace\8-2-build-windows-amd64-cygwin\jdk8u51\3951\hotspot\src\share\vm\prims\methodHandles.cpp, line 1125]

Events (10 events):
Event: 20.270 Thread 0x0000000016eb6000 flushing nmethod 0x00000000028dc810
Event: 20.270 Thread 0x0000000016eb6000 flushing nmethod 0x00000000028e4f10
Event: 20.270 Thread 0x0000000016eb6000 flushing nmethod 0x00000000028e68d0
Event: 20.270 Thread 0x0000000016eb6000 flushing nmethod 0x00000000028ec650
Event: 20.270 Thread 0x0000000016eb6000 flushing nmethod 0x0000000002910710
Event: 20.270 Thread 0x0000000016eb6000 flushing nmethod 0x000000000291fc50
Event: 20.270 Thread 0x0000000016eb6000 flushing nmethod 0x0000000002920290
Event: 20.270 Thread 0x0000000016eb6000 flushing nmethod 0x0000000002939590
Event: 20.330 Thread 0x0000000018f74800 Thread exited: 0x0000000018f74800
Event: 20.331 Executing VM operation: Exit


Dynamic libraries:
0x00007ff684190000 - 0x00007ff6841c7000 	C:\Program Files\Java\jdk1.8.0_51\bin\java.exe
0x00007ffda31f0000 - 0x00007ffda33b9000 	C:\WINDOWS\SYSTEM32\ntdll.dll
0x00007ffda2860000 - 0x00007ffda290b000 	C:\WINDOWS\system32\KERNEL32.DLL
0x00007ffd9fc60000 - 0x00007ffd9fe5c000 	C:\WINDOWS\system32\KERNELBASE.dll
0x00007ffd9deb0000 - 0x00007ffd9df29000 	C:\WINDOWS\system32\apphelp.dll
0x00007ffda0ab0000 - 0x00007ffda0b57000 	C:\WINDOWS\system32\ADVAPI32.dll
0x00007ffda27c0000 - 0x00007ffda285d000 	C:\WINDOWS\system32\msvcrt.dll
0x00007ffda3170000 - 0x00007ffda31cc000 	C:\WINDOWS\system32\sechost.dll
0x00007ffda0cb0000 - 0x00007ffda0dd5000 	C:\WINDOWS\system32\RPCRT4.dll
0x00007ffda2650000 - 0x00007ffda27b6000 	C:\WINDOWS\system32\USER32.dll
0x000000005da60000 - 0x000000005da7f000 	C:\WINDOWS\system32\win32u.dll
0x00007ffda0b60000 - 0x00007ffda0b90000 	C:\WINDOWS\system32\GDI32.dll
0x00007ffd9ff10000 - 0x00007ffda0090000 	C:\WINDOWS\system32\gdi32full.dll
0x00007ffd99530000 - 0x00007ffd9979c000 	C:\WINDOWS\WinSxS\amd64_microsoft.windows.common-controls_6595b64144ccf1df_6.0.14295.1000_none_7d072e80b85c67b2\COMCTL32.dll
0x00007ffda2360000 - 0x00007ffda25ef000 	C:\WINDOWS\system32\combase.dll
0x00007ffd9fb60000 - 0x00007ffd9fc54000 	C:\WINDOWS\system32\ucrtbase.dll
0x00007ffd9f930000 - 0x00007ffd9f999000 	C:\WINDOWS\system32\bcryptPrimitives.dll
0x00007ffda2e60000 - 0x00007ffda2e8e000 	C:\WINDOWS\system32\IMM32.DLL
0x000000005c180000 - 0x000000005c252000 	C:\Program Files\Java\jdk1.8.0_51\jre\bin\msvcr100.dll
0x000000005b8f0000 - 0x000000005c173000 	C:\Program Files\Java\jdk1.8.0_51\jre\bin\server\jvm.dll
0x00007ffda0940000 - 0x00007ffda0947000 	C:\WINDOWS\system32\PSAPI.DLL
0x00007ffd9df30000 - 0x00007ffd9df53000 	C:\WINDOWS\SYSTEM32\WINMM.dll
0x00007ffd95c10000 - 0x00007ffd95c19000 	C:\WINDOWS\SYSTEM32\WSOCK32.dll
0x00007ffd98a00000 - 0x00007ffd98a0a000 	C:\WINDOWS\SYSTEM32\VERSION.dll
0x00007ffda2f00000 - 0x00007ffda2f6b000 	C:\WINDOWS\system32\WS2_32.dll
0x00007ffd9de60000 - 0x00007ffd9de8b000 	C:\WINDOWS\SYSTEM32\WINMMBASE.dll
0x00007ffd9fe60000 - 0x00007ffd9fea3000 	C:\WINDOWS\system32\cfgmgr32.dll
0x000000005b8e0000 - 0x000000005b8ef000 	C:\Program Files\Java\jdk1.8.0_51\jre\bin\verify.dll
0x000000005b8b0000 - 0x000000005b8d9000 	C:\Program Files\Java\jdk1.8.0_51\jre\bin\java.dll
0x000000005b890000 - 0x000000005b8a6000 	C:\Program Files\Java\jdk1.8.0_51\jre\bin\zip.dll
0x00007ffda0e80000 - 0x00007ffda2351000 	C:\WINDOWS\system32\SHELL32.dll
0x00007ffda0140000 - 0x00007ffda07f3000 	C:\WINDOWS\system32\windows.storage.dll
0x00007ffda25f0000 - 0x00007ffda2642000 	C:\WINDOWS\system32\shlwapi.dll
0x00007ffd9f850000 - 0x00007ffd9f85f000 	C:\WINDOWS\system32\kernel.appcore.dll
0x00007ffd9f860000 - 0x00007ffd9f908000 	C:\WINDOWS\system32\shcore.dll
0x00007ffd9f7e0000 - 0x00007ffd9f82b000 	C:\WINDOWS\system32\powrprof.dll
0x00007ffd9f830000 - 0x00007ffd9f844000 	C:\WINDOWS\system32\profapi.dll
0x000000005b870000 - 0x000000005b88a000 	C:\Program Files\Java\jdk1.8.0_51\jre\bin\net.dll
0x00007ffd9f0b0000 - 0x00007ffd9f10c000 	C:\WINDOWS\system32\mswsock.dll
0x000000005b850000 - 0x000000005b861000 	C:\Program Files\Java\jdk1.8.0_51\jre\bin\nio.dll
0x000000005b6b0000 - 0x000000005b848000 	C:\Program Files\Java\jdk1.8.0_51\jre\bin\awt.dll
0x00007ffda2da0000 - 0x00007ffda2e5b000 	C:\WINDOWS\system32\OLEAUT32.dll
0x00007ffd9cb70000 - 0x00007ffd9cb94000 	C:\WINDOWS\system32\DWMAPI.DLL
0x00007ffd9e290000 - 0x00007ffd9e323000 	C:\WINDOWS\system32\uxtheme.dll
0x0000000180000000 - 0x0000000180050000 	C:\cygwin64\tmp\playnaphis\1284024257\lwjgl64.dll
0x00007ffd81ee0000 - 0x00007ffd82003000 	C:\WINDOWS\SYSTEM32\OPENGL32.dll
0x00007ffd82080000 - 0x00007ffd820ac000 	C:\WINDOWS\SYSTEM32\GLU32.dll
0x00007ffd81de0000 - 0x00007ffd81ed7000 	C:\WINDOWS\SYSTEM32\DDRAW.dll
0x00007ffd82390000 - 0x00007ffd82398000 	C:\WINDOWS\SYSTEM32\DCIMAN32.dll
0x00007ffda0950000 - 0x00007ffda0aa1000 	C:\WINDOWS\system32\MSCTF.dll
0x00007ffd78660000 - 0x00007ffd7868b000 	C:\PROGRA~2\RAPTRI~1\Raptr\ltc_help64-109838.dll
0x00007ffd9feb0000 - 0x00007ffd9ff05000 	C:\WINDOWS\system32\WINTRUST.dll
0x00007ffd9f7d0000 - 0x00007ffd9f7e0000 	C:\WINDOWS\system32\MSASN1.dll
0x00007ffd9f9a0000 - 0x00007ffd9fb5c000 	C:\WINDOWS\system32\CRYPT32.dll
0x00007ffd5a8c0000 - 0x00007ffd5b579000 	C:\WINDOWS\SYSTEM32\ig8icd64.dll
0x00007ffd97b70000 - 0x00007ffd98575000 	C:\WINDOWS\SYSTEM32\igdusc64.dll
0x00007ffd9d810000 - 0x00007ffd9d823000 	C:\WINDOWS\SYSTEM32\WTSAPI32.dll
0x00007ffd826c0000 - 0x00007ffd8274d000 	C:\WINDOWS\SYSTEM32\mscms.dll
0x00007ffd9ef40000 - 0x00007ffd9ef5f000 	C:\WINDOWS\SYSTEM32\USERENV.dll
0x00007ffd7a110000 - 0x00007ffd7a152000 	C:\WINDOWS\SYSTEM32\icm32.dll
0x00007ffd9f160000 - 0x00007ffd9f177000 	C:\WINDOWS\system32\CRYPTSP.dll
0x00007ffd9ee50000 - 0x00007ffd9ee84000 	C:\WINDOWS\system32\rsaenh.dll
0x00007ffd9f710000 - 0x00007ffd9f739000 	C:\WINDOWS\SYSTEM32\bcrypt.dll
0x00007ffd9f280000 - 0x00007ffd9f28b000 	C:\WINDOWS\SYSTEM32\CRYPTBASE.dll
0x00007ffda0c90000 - 0x00007ffda0cac000 	C:\WINDOWS\system32\imagehlp.dll
0x00007ffd9e930000 - 0x00007ffd9e953000 	C:\WINDOWS\SYSTEM32\gpapi.dll
0x00007ffd843e0000 - 0x00007ffd8440f000 	C:\Windows\System32\cryptnet.dll
0x00007ffd9cca0000 - 0x00007ffd9ccd7000 	C:\WINDOWS\SYSTEM32\IPHLPAPI.DLL
0x00007ffd9bde0000 - 0x00007ffd9bdeb000 	C:\WINDOWS\SYSTEM32\WINNSI.DLL
0x00007ffda31d0000 - 0x00007ffda31d8000 	C:\WINDOWS\system32\NSI.dll
0x00007ffd6d870000 - 0x00007ffd6da80000 	C:\PROGRA~2\RAPTRI~1\Raptr\ltc_game64-109838.dll
0x00007ffda0800000 - 0x00007ffda0938000 	C:\WINDOWS\system32\ole32.dll
0x00007ffd77d00000 - 0x00007ffd77e8b000 	C:\WINDOWS\SYSTEM32\dbghelp.dll

VM Arguments:
jvm_args: -Dclassworlds.conf=C:\apache-maven-3.3.9/bin/m2.conf -Dmaven.home=C:\apache-maven-3.3.9 -Dmaven.multiModuleProjectDirectory=C:\cygwin64\home\aphis\event\Event-Driven-Programming-Project\project 
java_command: org.codehaus.plexus.classworlds.launcher.Launcher test -Pjava
java_class_path (initial): C:\apache-maven-3.3.9/boot/plexus-classworlds-2.5.2.jar
Launcher Type: SUN_STANDARD

Environment Variables:
JAVA_HOME=C:\Program Files\Java\jdk1.8.0_51
PATH=C:\cygwin64\usr\local\bin;C:\cygwin64\bin;C:\Program Files (x86)\Intel\iCLS Client;C:\Program Files\Intel\iCLS Client;C:\ProgramData\Oracle\Java\javapath;C:\WINDOWS\system32;C:\WINDOWS;C:\WINDOWS\System32\Wbem;C:\WINDOWS\System32\WindowsPowerShell\v1.0;C:\Program Files (x86)\AMD\ATI.ACE\Core-Static;C:\Program Files\Java\jdk1.8.0_51\bin;C:\Program Files\Intel\Intel(R) Management Engine Components\DAL;C:\Program Files (x86)\Intel\Intel(R) Management Engine Components\DAL;C:\Program Files\Intel\Intel(R) Management Engine Components\IPT;C:\Program Files (x86)\Intel\Intel(R) Management Engine Components\IPT;C:\Program Files\Java\jdk1.8.0_51\bin;C:\grails-2.4.5\grails-2.4.5\bin;C:\Program Files (x86)\ATI Technologies\ATI.ACE\Core-Static;C:\Program Files (x86)\Dev-Cpp\MinGW64\bin;C:\Go\bin;C:\Program Files\Git\bin;C:\Program Files (x86)\Skype\Phone;C:\Program Files (x86)\GtkSharp\2.12\bin;C:\apache-maven-3.3.9\bin;C:\Users\aphis\AppData\Local\Programs\Python\Python35-32\Scripts;C:\Users\aphis\AppData\Local\Programs\Python\Python35-32;C:\Program Files (x86)\Microsoft VS Code\bin
USERNAME=aphis
SHELL=/bin/bash
OS=Windows_NT
PROCESSOR_IDENTIFIER=Intel64 Family 6 Model 61 Stepping 4, GenuineIntel



---------------  S Y S T E M  ---------------

OS: Windows 10.0 , 64 bit Build 14295 (10.0.14295.1000)

CPU:total 4 (2 cores per cpu, 2 threads per core) family 6 model 61 stepping 4, cmov, cx8, fxsr, mmx, sse, sse2, sse3, ssse3, sse4.1, sse4.2, popcnt, avx, avx2, aes, clmul, erms, 3dnowpref, lzcnt, ht, tsc, tscinvbit, bmi1, bmi2, adx

Memory: 4k page, physical 8301016k(3864468k free), swap 10280996k(2779468k free)

vm_info: Java HotSpot(TM) 64-Bit Server VM (25.51-b03) for windows-amd64 JRE (1.8.0_51-b16), built on Jun  8 2015 18:03:07 by "java_re" with MS VC++ 10.0 (VS2010)

time: Mon Mar 28 17:08:23 2016
elapsed time: 20 seconds (0d 0h 0m 20s)

