#
# A fatal error has been detected by the Java Runtime Environment:
#
#  EXCEPTION_ACCESS_VIOLATION (0xc0000005) at pc=0x00007ff91fdcecb4, pid=10484, tid=2632
#
# JRE version: Java(TM) SE Runtime Environment (8.0_51-b16) (build 1.8.0_51-b16)
# Java VM: Java HotSpot(TM) 64-Bit Server VM (25.51-b03 mixed mode windows-amd64 compressed oops)
# Problematic frame:
# C  [OPENGL32.dll+0xdecb4]
#
# Failed to write core dump. Minidumps are not enabled by default on client versions of Windows
#
# If you would like to submit a bug report, please visit:
#   http://bugreport.java.com/bugreport/crash.jsp
#

---------------  T H R E A D  ---------------

Current thread (0x0000000016ec8000):  VMThread [stack: 0x0000000017f50000,0x0000000018050000] [id=2632]

siginfo: ExceptionCode=0xc0000005, reading address 0x0000000000000a38

Registers:
RAX=0x0000000000000000, RBX=0x000000002bf5e650, RCX=0x0000000000000001, RDX=0x000000002bf5e658
RSP=0x000000001804f288, RBP=0x0000000000000000, RSI=0x000000002c6541c0, RDI=0x000000002c6541c0
R8 =0x000000001804f308, R9 =0x0000000016dd5400, R10=0x0000000000000042, R11=0x00007ff91fde1bb8
R12=0x0000000000000000, R13=0x000000002bf57f98, R14=0x000000002bf57e50, R15=0x0000000000000000
RIP=0x00007ff91fdcecb4, EFLAGS=0x0000000000010283

Top of Stack: (sp=0x000000001804f288)
0x000000001804f288:   00007ff91bc144eb 0000000000000001
0x000000001804f298:   000000002bf5e658 000000001804f308
0x000000001804f2a8:   0000000016dd5400 0000000000000000
0x000000001804f2b8:   00007ff91bc19fb7 0000000000000000
0x000000001804f2c8:   000000002bf5a460 000000002bf57f80
0x000000001804f2d8:   00007ff91bc19323 fffffffffffffffe
0x000000001804f2e8:   000000001804f350 0000000000000000
0x000000001804f2f8:   00007ff91bc1a869 000000002c6541c0
0x000000001804f308:   000000002bf57550 000000002bf57e50
0x000000001804f318:   00007ff91bc7a910 fffffffffffffffe
0x000000001804f328:   000000002bf5a4a0 0000000000000001
0x000000001804f338:   000000002bf57f78 000000002bf57e50
0x000000001804f348:   00007ff91bc82a31 00007ff91bda4790
0x000000001804f358:   00007ff91bce7ad0 0000000016dd5400
0x000000001804f368:   0000000000000000 000000002bf57f78
0x000000001804f378:   000000002bf57e50 000000002bf57e50 

Instructions: (pc=0x00007ff91fdcecb4)
0x00007ff91fdcec94:   cc cc cc cc cc cc 66 0f 1f 44 00 00 8b 05 62 63
0x00007ff91fdceca4:   01 00 83 f8 40 73 0f 65 48 8b 04 c5 80 14 00 00
0x00007ff91fdcecb4:   ff a0 38 0a 00 00 b8 47 01 00 00 e9 ec d4 ff ff
0x00007ff91fdcecc4:   cc cc cc cc cc cc 66 0f 1f 44 00 00 8b 05 32 63 


Register to memory mapping:

RAX=0x0000000000000000 is an unknown value
RBX=0x000000002bf5e650 is an unknown value
RCX=0x0000000000000001 is an unknown value
RDX=0x000000002bf5e658 is an unknown value
RSP=0x000000001804f288 is an unknown value
RBP=0x0000000000000000 is an unknown value
RSI=0x000000002c6541c0 is an unknown value
RDI=0x000000002c6541c0 is an unknown value
R8 =0x000000001804f308 is an unknown value
R9 =0x0000000016dd5400 is an unknown value
R10=0x0000000000000042 is an unknown value
R11=0x00007ff91fde1bb8 is an unknown value
R12=0x0000000000000000 is an unknown value
R13=0x000000002bf57f98 is an unknown value
R14=0x000000002bf57e50 is an unknown value
R15=0x0000000000000000 is an unknown value


Stack: [0x0000000017f50000,0x0000000018050000],  sp=0x000000001804f288,  free space=1020k
Native frames: (J=compiled Java code, j=interpreted, Vv=VM code, C=native code)

VM_Operation (0x000000001e07e4e0): Exit, mode: safepoint, requested by thread 0x00000000194ae800


---------------  P R O C E S S  ---------------

Java Threads: ( => current thread )
  0x000000001d0d7800 JavaThread "LWJGL Timer" daemon [_thread_blocked, id=5944, stack(0x000000002b170000,0x000000002b270000)]
  0x000000001b9bd800 JavaThread "Java2D Disposer" daemon [_thread_blocked, id=1652, stack(0x000000001e280000,0x000000001e380000)]
  0x00000000194ae800 JavaThread "event.project.java.MyGameJava.main()" [_thread_blocked, id=11064, stack(0x000000001df80000,0x000000001e080000)]
  0x0000000016f4e000 JavaThread "Service Thread" daemon [_thread_blocked, id=1076, stack(0x0000000018b50000,0x0000000018c50000)]
  0x0000000016f09000 JavaThread "C1 CompilerThread2" daemon [_thread_blocked, id=8500, stack(0x0000000018650000,0x0000000018750000)]
  0x0000000016f05800 JavaThread "C2 CompilerThread1" daemon [_thread_blocked, id=12096, stack(0x0000000018550000,0x0000000018650000)]
  0x0000000016efe800 JavaThread "C2 CompilerThread0" daemon [_thread_blocked, id=3472, stack(0x0000000018450000,0x0000000018550000)]
  0x0000000016efd000 JavaThread "Attach Listener" daemon [_thread_blocked, id=1268, stack(0x0000000018350000,0x0000000018450000)]
  0x0000000002387000 JavaThread "Finalizer" daemon [_thread_blocked, id=10752, stack(0x0000000018150000,0x0000000018250000)]
  0x000000000237e000 JavaThread "Reference Handler" daemon [_thread_blocked, id=8364, stack(0x0000000018050000,0x0000000018150000)]
  0x000000000228e000 JavaThread "main" [_thread_blocked, id=312, stack(0x0000000002110000,0x0000000002210000)]

Other Threads:
=>0x0000000016ec8000 VMThread [stack: 0x0000000017f50000,0x0000000018050000] [id=2632]

VM state:at safepoint (shutting down)

VM Mutex/Monitor currently owned by a thread:  ([mutex/lock_event])
[0x000000000228d220] Threads_lock - owner thread: 0x0000000016ec8000

Heap:
 PSYoungGen      total 54272K, used 25162K [0x00000000d5c00000, 0x00000000dae00000, 0x0000000100000000)
  eden space 46592K, 38% used [0x00000000d5c00000,0x00000000d6d730e0,0x00000000d8980000)
  from space 7680K, 94% used [0x00000000da680000,0x00000000dad9f778,0x00000000dae00000)
  to   space 9216K, 0% used [0x00000000d9c00000,0x00000000d9c00000,0x00000000da500000)
 ParOldGen       total 68096K, used 10156K [0x0000000081400000, 0x0000000085680000, 0x00000000d5c00000)
  object space 68096K, 14% used [0x0000000081400000,0x0000000081deb230,0x0000000085680000)
 Metaspace       used 28076K, capacity 28768K, committed 28928K, reserved 1075200K
  class space    used 3316K, capacity 3582K, committed 3584K, reserved 1048576K

Card table byte_map: [0x0000000011750000,0x0000000011b50000] byte_map_base: 0x0000000011346000

Marking Bits: (ParMarkBitMap*) 0x000000005a2f4040
 Begin Bits: [0x0000000012200000, 0x00000000141b0000)
 End Bits:   [0x00000000141b0000, 0x0000000016160000)

Polling page: 0x00000000001f0000

CodeCache: size=245760Kb used=12538Kb max_used=12566Kb free=233221Kb
 bounds [0x0000000002390000, 0x0000000002ff0000, 0x0000000011390000]
 total_blobs=4578 nmethods=3950 adapters=540
 compilation: enabled

Compilation events (10 events):
Event: 40.044 Thread 0x0000000016efe800 nmethod 4375 0x0000000002b64b90 code [0x0000000002b64ce0, 0x0000000002b64dd8]
Event: 40.108 Thread 0x0000000016f05800 4376       4       playn.core.gl.ImageLayerGL::paint (70 bytes)
Event: 40.124 Thread 0x0000000016efe800 4377       4       playn.core.gl.AbstractImageGL::drawImpl (45 bytes)
Event: 40.296 Thread 0x0000000016efe800 nmethod 4377 0x0000000002b4acd0 code [0x0000000002b4b1e0, 0x0000000002b51eb0]
Event: 40.380 Thread 0x0000000016f05800 nmethod 4376 0x0000000002fc8a90 code [0x0000000002fc9360, 0x0000000002fcfa00]
Event: 41.042 Thread 0x0000000016efe800 4378       4       org.lwjgl.opengl.GLContext::getCapabilitiesImpl (23 bytes)
Event: 41.043 Thread 0x0000000016efe800 nmethod 4378 0x0000000002afcf90 code [0x0000000002afd0c0, 0x0000000002afd158]
Event: 41.592 Thread 0x0000000016f05800 4379       4       java.nio.DirectFloatBufferU::put (154 bytes)
Event: 41.595 Thread 0x0000000016f05800 nmethod 4379 0x0000000002d8cf50 code [0x0000000002d8d0a0, 0x0000000002d8d2f8]
Event: 43.014 Thread 0x0000000016f09000 4380   !   3       java.util.logging.LogManager::ensureLogManagerInitialized (128 bytes)

GC Heap History (10 events):
Event: 4.298 GC heap before
{Heap before GC invocations=3 (full 0):
 PSYoungGen      total 38400K, used 38384K [0x00000000d5c00000, 0x00000000d8680000, 0x0000000100000000)
  eden space 33280K, 100% used [0x00000000d5c00000,0x00000000d7c80000,0x00000000d7c80000)
  from space 5120K, 99% used [0x00000000d8180000,0x00000000d867c2d8,0x00000000d8680000)
  to   space 5120K, 0% used [0x00000000d7c80000,0x00000000d7c80000,0x00000000d8180000)
 ParOldGen       total 87552K, used 2799K [0x0000000081400000, 0x0000000086980000, 0x00000000d5c00000)
  object space 87552K, 3% used [0x0000000081400000,0x00000000816bbe48,0x0000000086980000)
 Metaspace       used 15140K, capacity 15416K, committed 15616K, reserved 1062912K
  class space    used 1844K, capacity 1945K, committed 2048K, reserved 1048576K
Event: 4.317 GC heap after
Heap after GC invocations=3 (full 0):
 PSYoungGen      total 38400K, used 5088K [0x00000000d5c00000, 0x00000000d8680000, 0x0000000100000000)
  eden space 33280K, 0% used [0x00000000d5c00000,0x00000000d5c00000,0x00000000d7c80000)
  from space 5120K, 99% used [0x00000000d7c80000,0x00000000d8178020,0x00000000d8180000)
  to   space 5120K, 0% used [0x00000000d8180000,0x00000000d8180000,0x00000000d8680000)
 ParOldGen       total 87552K, used 4659K [0x0000000081400000, 0x0000000086980000, 0x00000000d5c00000)
  object space 87552K, 5% used [0x0000000081400000,0x000000008188cf68,0x0000000086980000)
 Metaspace       used 15140K, capacity 15416K, committed 15616K, reserved 1062912K
  class space    used 1844K, capacity 1945K, committed 2048K, reserved 1048576K
}
Event: 5.288 GC heap before
{Heap before GC invocations=4 (full 0):
 PSYoungGen      total 38400K, used 38368K [0x00000000d5c00000, 0x00000000d8680000, 0x0000000100000000)
  eden space 33280K, 100% used [0x00000000d5c00000,0x00000000d7c80000,0x00000000d7c80000)
  from space 5120K, 99% used [0x00000000d7c80000,0x00000000d8178020,0x00000000d8180000)
  to   space 5120K, 0% used [0x00000000d8180000,0x00000000d8180000,0x00000000d8680000)
 ParOldGen       total 87552K, used 4659K [0x0000000081400000, 0x0000000086980000, 0x00000000d5c00000)
  object space 87552K, 5% used [0x0000000081400000,0x000000008188cf68,0x0000000086980000)
 Metaspace       used 16248K, capacity 16682K, committed 17024K, reserved 1064960K
  class space    used 1947K, capacity 2091K, committed 2176K, reserved 1048576K
Event: 5.302 GC heap after
Heap after GC invocations=4 (full 0):
 PSYoungGen      total 38400K, used 5104K [0x00000000d5c00000, 0x00000000d8680000, 0x0000000100000000)
  eden space 33280K, 0% used [0x00000000d5c00000,0x00000000d5c00000,0x00000000d7c80000)
  from space 5120K, 99% used [0x00000000d8180000,0x00000000d867c030,0x00000000d8680000)
  to   space 5120K, 0% used [0x00000000d7c80000,0x00000000d7c80000,0x00000000d8180000)
 ParOldGen       total 87552K, used 7557K [0x0000000081400000, 0x0000000086980000, 0x00000000d5c00000)
  object space 87552K, 8% used [0x0000000081400000,0x0000000081b614e0,0x0000000086980000)
 Metaspace       used 16248K, capacity 16682K, committed 17024K, reserved 1064960K
  class space    used 1947K, capacity 2091K, committed 2176K, reserved 1048576K
}
Event: 6.813 GC heap before
{Heap before GC invocations=5 (full 0):
 PSYoungGen      total 38400K, used 37016K [0x00000000d5c00000, 0x00000000d8680000, 0x0000000100000000)
  eden space 33280K, 95% used [0x00000000d5c00000,0x00000000d7b2a360,0x00000000d7c80000)
  from space 5120K, 99% used [0x00000000d8180000,0x00000000d867c030,0x00000000d8680000)
  to   space 5120K, 0% used [0x00000000d7c80000,0x00000000d7c80000,0x00000000d8180000)
 ParOldGen       total 87552K, used 7557K [0x0000000081400000, 0x0000000086980000, 0x00000000d5c00000)
  object space 87552K, 8% used [0x0000000081400000,0x0000000081b614e0,0x0000000086980000)
 Metaspace       used 20544K, capacity 21092K, committed 21248K, reserved 1067008K
  class space    used 2536K, capacity 2727K, committed 2816K, reserved 1048576K
Event: 6.869 GC heap after
Heap after GC invocations=5 (full 0):
 PSYoungGen      total 38400K, used 5104K [0x00000000d5c00000, 0x00000000db000000, 0x0000000100000000)
  eden space 33280K, 0% used [0x00000000d5c00000,0x00000000d5c00000,0x00000000d7c80000)
  from space 5120K, 99% used [0x00000000d7c80000,0x00000000d817c010,0x00000000d8180000)
  to   space 9728K, 0% used [0x00000000da680000,0x00000000da680000,0x00000000db000000)
 ParOldGen       total 87552K, used 10709K [0x0000000081400000, 0x0000000086980000, 0x00000000d5c00000)
  object space 87552K, 12% used [0x0000000081400000,0x0000000081e75678,0x0000000086980000)
 Metaspace       used 20544K, capacity 21092K, committed 21248K, reserved 1067008K
  class space    used 2536K, capacity 2727K, committed 2816K, reserved 1048576K
}
Event: 6.869 GC heap before
{Heap before GC invocations=6 (full 1):
 PSYoungGen      total 38400K, used 5104K [0x00000000d5c00000, 0x00000000db000000, 0x0000000100000000)
  eden space 33280K, 0% used [0x00000000d5c00000,0x00000000d5c00000,0x00000000d7c80000)
  from space 5120K, 99% used [0x00000000d7c80000,0x00000000d817c010,0x00000000d8180000)
  to   space 9728K, 0% used [0x00000000da680000,0x00000000da680000,0x00000000db000000)
 ParOldGen       total 87552K, used 10709K [0x0000000081400000, 0x0000000086980000, 0x00000000d5c00000)
  object space 87552K, 12% used [0x0000000081400000,0x0000000081e75678,0x0000000086980000)
 Metaspace       used 20544K, capacity 21092K, committed 21248K, reserved 1067008K
  class space    used 2536K, capacity 2727K, committed 2816K, reserved 1048576K
Event: 7.031 GC heap after
Heap after GC invocations=6 (full 1):
 PSYoungGen      total 38400K, used 0K [0x00000000d5c00000, 0x00000000db000000, 0x0000000100000000)
  eden space 33280K, 0% used [0x00000000d5c00000,0x00000000d5c00000,0x00000000d7c80000)
  from space 5120K, 0% used [0x00000000d7c80000,0x00000000d7c80000,0x00000000d8180000)
  to   space 9728K, 0% used [0x00000000da680000,0x00000000da680000,0x00000000db000000)
 ParOldGen       total 68096K, used 10148K [0x0000000081400000, 0x0000000085680000, 0x00000000d5c00000)
  object space 68096K, 14% used [0x0000000081400000,0x0000000081de9230,0x0000000085680000)
 Metaspace       used 20544K, capacity 21092K, committed 21248K, reserved 1067008K
  class space    used 2536K, capacity 2727K, committed 2816K, reserved 1048576K
}
Event: 8.992 GC heap before
{Heap before GC invocations=7 (full 1):
 PSYoungGen      total 38400K, used 33280K [0x00000000d5c00000, 0x00000000db000000, 0x0000000100000000)
  eden space 33280K, 100% used [0x00000000d5c00000,0x00000000d7c80000,0x00000000d7c80000)
  from space 5120K, 0% used [0x00000000d7c80000,0x00000000d7c80000,0x00000000d8180000)
  to   space 9728K, 0% used [0x00000000da680000,0x00000000da680000,0x00000000db000000)
 ParOldGen       total 68096K, used 10148K [0x0000000081400000, 0x0000000085680000, 0x00000000d5c00000)
  object space 68096K, 14% used [0x0000000081400000,0x0000000081de9230,0x0000000085680000)
 Metaspace       used 24062K, capacity 24732K, committed 24960K, reserved 1071104K
  class space    used 2928K, capacity 3159K, committed 3200K, reserved 1048576K
Event: 9.022 GC heap after
Heap after GC invocations=7 (full 1):
 PSYoungGen      total 54272K, used 7293K [0x00000000d5c00000, 0x00000000dae00000, 0x0000000100000000)
  eden space 46592K, 0% used [0x00000000d5c00000,0x00000000d5c00000,0x00000000d8980000)
  from space 7680K, 94% used [0x00000000da680000,0x00000000dad9f778,0x00000000dae00000)
  to   space 9216K, 0% used [0x00000000d9c00000,0x00000000d9c00000,0x00000000da500000)
 ParOldGen       total 68096K, used 10156K [0x0000000081400000, 0x0000000085680000, 0x00000000d5c00000)
  object space 68096K, 14% used [0x0000000081400000,0x0000000081deb230,0x0000000085680000)
 Metaspace       used 24062K, capacity 24732K, committed 24960K, reserved 1071104K
  class space    used 2928K, capacity 3159K, committed 3200K, reserved 1048576K
}

Deoptimization events (10 events):
Event: 9.756 Thread 0x00000000194ae800 Uncommon trap: reason=unstable_if action=reinterpret pc=0x0000000002dd6130 method=java.util.StringTokenizer.setMaxDelimCodePoint()V @ 71
Event: 9.945 Thread 0x000000001c6e7800 Uncommon trap: reason=class_check action=maybe_recompile pc=0x0000000002cf4ebc method=java.util.concurrent.locks.AbstractQueuedSynchronizer.release(I)Z @ 2
Event: 9.946 Thread 0x00000000198c5000 Uncommon trap: reason=class_check action=maybe_recompile pc=0x0000000002cf4ebc method=java.util.concurrent.locks.AbstractQueuedSynchronizer.release(I)Z @ 2
Event: 9.950 Thread 0x00000000198c5000 Uncommon trap: reason=unstable_if action=reinterpret pc=0x00000000026a0d64 method=sun.net.www.ParseUtil.encodePath(Ljava/lang/String;Z)Ljava/lang/String; @ 109
Event: 10.008 Thread 0x00000000198c7800 Uncommon trap: reason=class_check action=maybe_recompile pc=0x0000000002cf4ebc method=java.util.concurrent.locks.AbstractQueuedSynchronizer.release(I)Z @ 2
Event: 10.010 Thread 0x000000001c6d4800 Uncommon trap: reason=class_check action=maybe_recompile pc=0x0000000002cf4ebc method=java.util.concurrent.locks.AbstractQueuedSynchronizer.release(I)Z @ 2
Event: 10.016 Thread 0x00000000198c5000 Uncommon trap: reason=class_check action=maybe_recompile pc=0x0000000002658910 method=java.util.zip.InflaterInputStream.read([BII)I @ 100
Event: 10.016 Thread 0x00000000198c5000 Uncommon trap: reason=class_check action=maybe_recompile pc=0x0000000002658910 method=java.util.zip.InflaterInputStream.read([BII)I @ 100
Event: 10.016 Thread 0x00000000198c5000 Uncommon trap: reason=class_check action=maybe_recompile pc=0x0000000002658910 method=java.util.zip.InflaterInputStream.read([BII)I @ 100
Event: 10.016 Thread 0x00000000198c5000 Uncommon trap: reason=class_check action=maybe_recompile pc=0x0000000002658910 method=java.util.zip.InflaterInputStream.read([BII)I @ 100

Internal exceptions (10 events):
Event: 3.316 Thread 0x000000000228e000 Implicit null exception at 0x000000000273a195 to 0x000000000273a36d
Event: 3.316 Thread 0x000000000228e000 Implicit null exception at 0x0000000002736baf to 0x0000000002736c19
Event: 4.653 Thread 0x000000000228e000 Implicit null exception at 0x0000000002b2c2b2 to 0x0000000002b2c4f9
Event: 7.400 Thread 0x000000000228e000 Exception <a 'java/io/FileNotFoundException'> (0x00000000d63377d0) thrown at [C:\re\workspace\8-2-build-windows-amd64-cygwin\jdk8u51\3951\hotspot\src\share\vm\prims\jni.cpp, line 709]
Event: 7.405 Thread 0x000000000228e000 Exception <a 'java/io/FileNotFoundException'> (0x00000000d636ac78) thrown at [C:\re\workspace\8-2-build-windows-amd64-cygwin\jdk8u51\3951\hotspot\src\share\vm\prims\jni.cpp, line 709]
Event: 8.706 Thread 0x00000000194ae800 Implicit null exception at 0x000000000263e38c to 0x000000000263eb2d
Event: 8.955 Thread 0x00000000194ae800 Exception <a 'java/io/FileNotFoundException'> (0x00000000d7c710f0) thrown at [C:\re\workspace\8-2-build-windows-amd64-cygwin\jdk8u51\3951\hotspot\src\share\vm\prims\jni.cpp, line 709]
Event: 9.047 Thread 0x00000000194ae800 Exception <a 'java/io/FileNotFoundException'> (0x00000000d5c60dc8) thrown at [C:\re\workspace\8-2-build-windows-amd64-cygwin\jdk8u51\3951\hotspot\src\share\vm\prims\jni.cpp, line 709]
Event: 9.189 Thread 0x00000000194ae800 Exception <a 'java/lang/NoSuchFieldError': method resolution failed> (0x00000000d5d3d408) thrown at [C:\re\workspace\8-2-build-windows-amd64-cygwin\jdk8u51\3951\hotspot\src\share\vm\prims\methodHandles.cpp, line 1125]
Event: 9.195 Thread 0x00000000194ae800 Exception <a 'java/lang/NoSuchFieldError': method resolution failed> (0x00000000d5d4bd38) thrown at [C:\re\workspace\8-2-build-windows-amd64-cygwin\jdk8u51\3951\hotspot\src\share\vm\prims\methodHandles.cpp, line 1125]

Events (10 events):
Event: 43.013 Executing VM operation: RevokeBias done
Event: 43.013 Thread 0x000000001c6e7800 Thread exited: 0x000000001c6e7800
Event: 43.013 Thread 0x000000001c6d4800 Thread added: 0x000000001c6d4800
Event: 43.013 Thread 0x000000001ae34000 Thread added: 0x000000001ae34000
Event: 43.014 Executing VM operation: RevokeBias
Event: 43.014 Executing VM operation: RevokeBias done
Event: 43.014 Thread 0x000000001c6d4800 Thread exited: 0x000000001c6d4800
Event: 43.014 Thread 0x000000001ae34000 Thread exited: 0x000000001ae34000
Event: 43.014 Thread 0x0000000016efb800 Thread exited: 0x0000000016efb800
Event: 43.014 Executing VM operation: Exit


Dynamic libraries:
0x00007ff675db0000 - 0x00007ff675de7000 	C:\Program Files\Java\jdk1.8.0_51\bin\java.exe
0x00007ff940c70000 - 0x00007ff940e39000 	C:\WINDOWS\SYSTEM32\ntdll.dll
0x00007ff940b10000 - 0x00007ff940bbb000 	C:\WINDOWS\system32\KERNEL32.DLL
0x00007ff93d400000 - 0x00007ff93d5fc000 	C:\WINDOWS\system32\KERNELBASE.dll
0x00007ff93f9a0000 - 0x00007ff93fa47000 	C:\WINDOWS\system32\ADVAPI32.dll
0x00007ff93fbc0000 - 0x00007ff93fc5d000 	C:\WINDOWS\system32\msvcrt.dll
0x00007ff940650000 - 0x00007ff9406ac000 	C:\WINDOWS\system32\sechost.dll
0x00007ff940780000 - 0x00007ff9408a5000 	C:\WINDOWS\system32\RPCRT4.dll
0x00007ff93fa50000 - 0x00007ff93fbb6000 	C:\WINDOWS\system32\USER32.dll
0x000000005bbe0000 - 0x000000005bbff000 	C:\WINDOWS\system32\win32u.dll
0x00007ff93f970000 - 0x00007ff93f9a0000 	C:\WINDOWS\system32\GDI32.dll
0x00007ff93e050000 - 0x00007ff93e1d0000 	C:\WINDOWS\system32\gdi32full.dll
0x00007ff933f70000 - 0x00007ff9341dc000 	C:\WINDOWS\WinSxS\amd64_microsoft.windows.common-controls_6595b64144ccf1df_6.0.14295.1000_none_7d072e80b85c67b2\COMCTL32.dll
0x00007ff940090000 - 0x00007ff94031f000 	C:\WINDOWS\system32\combase.dll
0x00007ff93d870000 - 0x00007ff93d964000 	C:\WINDOWS\system32\ucrtbase.dll
0x00007ff93d2e0000 - 0x00007ff93d349000 	C:\WINDOWS\system32\bcryptPrimitives.dll
0x00007ff940580000 - 0x00007ff9405ae000 	C:\WINDOWS\system32\IMM32.DLL
0x000000005a380000 - 0x000000005a452000 	C:\Program Files\Java\jdk1.8.0_51\jre\bin\msvcr100.dll
0x0000000059af0000 - 0x000000005a373000 	C:\Program Files\Java\jdk1.8.0_51\jre\bin\server\jvm.dll
0x00007ff940bc0000 - 0x00007ff940bc7000 	C:\WINDOWS\system32\PSAPI.DLL
0x00007ff931a50000 - 0x00007ff931a5a000 	C:\WINDOWS\SYSTEM32\VERSION.dll
0x00007ff93ba70000 - 0x00007ff93ba79000 	C:\WINDOWS\SYSTEM32\WSOCK32.dll
0x00007ff93b910000 - 0x00007ff93b933000 	C:\WINDOWS\SYSTEM32\WINMM.dll
0x00007ff940710000 - 0x00007ff94077b000 	C:\WINDOWS\system32\WS2_32.dll
0x00007ff93b8e0000 - 0x00007ff93b90b000 	C:\WINDOWS\SYSTEM32\WINMMBASE.dll
0x00007ff93d350000 - 0x00007ff93d393000 	C:\WINDOWS\system32\cfgmgr32.dll
0x0000000059ae0000 - 0x0000000059aef000 	C:\Program Files\Java\jdk1.8.0_51\jre\bin\verify.dll
0x0000000059ab0000 - 0x0000000059ad9000 	C:\Program Files\Java\jdk1.8.0_51\jre\bin\java.dll
0x0000000059a90000 - 0x0000000059aa6000 	C:\Program Files\Java\jdk1.8.0_51\jre\bin\zip.dll
0x00007ff93e420000 - 0x00007ff93f8f1000 	C:\WINDOWS\system32\SHELL32.dll
0x00007ff93d970000 - 0x00007ff93e023000 	C:\WINDOWS\system32\windows.storage.dll
0x00007ff9406b0000 - 0x00007ff940702000 	C:\WINDOWS\system32\shlwapi.dll
0x00007ff93d2d0000 - 0x00007ff93d2df000 	C:\WINDOWS\system32\kernel.appcore.dll
0x00007ff93d600000 - 0x00007ff93d6a8000 	C:\WINDOWS\system32\shcore.dll
0x00007ff93d260000 - 0x00007ff93d2ab000 	C:\WINDOWS\system32\powrprof.dll
0x00007ff93d2b0000 - 0x00007ff93d2c4000 	C:\WINDOWS\system32\profapi.dll
0x0000000059a70000 - 0x0000000059a8a000 	C:\Program Files\Java\jdk1.8.0_51\jre\bin\net.dll
0x00007ff93cb30000 - 0x00007ff93cb8c000 	C:\WINDOWS\system32\mswsock.dll
0x0000000059a50000 - 0x0000000059a61000 	C:\Program Files\Java\jdk1.8.0_51\jre\bin\nio.dll
0x00000000598b0000 - 0x0000000059a48000 	C:\Program Files\Java\jdk1.8.0_51\jre\bin\awt.dll
0x00007ff9408b0000 - 0x00007ff94096b000 	C:\WINDOWS\system32\OLEAUT32.dll
0x00007ff93bb80000 - 0x00007ff93bbf9000 	C:\WINDOWS\SYSTEM32\apphelp.dll
0x00007ff93a970000 - 0x00007ff93a994000 	C:\WINDOWS\system32\DWMAPI.DLL
0x00007ff93bcd0000 - 0x00007ff93bd63000 	C:\WINDOWS\system32\uxtheme.dll
0x0000000180000000 - 0x0000000180050000 	C:\cygwin64\tmp\playnaphis\1284024257\lwjgl64.dll
0x00007ff91fcf0000 - 0x00007ff91fe13000 	C:\WINDOWS\SYSTEM32\OPENGL32.dll
0x00007ff91fcc0000 - 0x00007ff91fcec000 	C:\WINDOWS\SYSTEM32\GLU32.dll
0x00007ff91fbc0000 - 0x00007ff91fcb7000 	C:\WINDOWS\SYSTEM32\DDRAW.dll
0x00007ff920020000 - 0x00007ff920028000 	C:\WINDOWS\SYSTEM32\DCIMAN32.dll
0x00007ff940320000 - 0x00007ff940471000 	C:\WINDOWS\system32\MSCTF.dll
0x00007ff927fa0000 - 0x00007ff927fcb000 	C:\PROGRA~2\RAPTRI~1\Raptr\ltc_help64-109838.dll
0x00007ff93d3a0000 - 0x00007ff93d3f5000 	C:\WINDOWS\system32\WINTRUST.dll
0x00007ff93d250000 - 0x00007ff93d260000 	C:\WINDOWS\system32\MSASN1.dll
0x00007ff93d6b0000 - 0x00007ff93d86c000 	C:\WINDOWS\system32\CRYPT32.dll
0x00007ff908a30000 - 0x00007ff9096e9000 	C:\WINDOWS\SYSTEM32\ig8icd64.dll
0x00007ff934480000 - 0x00007ff934e85000 	C:\WINDOWS\SYSTEM32\igdusc64.dll
0x00007ff93b090000 - 0x00007ff93b0a3000 	C:\WINDOWS\SYSTEM32\WTSAPI32.dll
0x00007ff91d890000 - 0x00007ff91d91d000 	C:\WINDOWS\SYSTEM32\mscms.dll
0x00007ff93c9c0000 - 0x00007ff93c9df000 	C:\WINDOWS\SYSTEM32\USERENV.dll
0x00007ff92a650000 - 0x00007ff92a692000 	C:\WINDOWS\SYSTEM32\icm32.dll
0x00007ff93cbe0000 - 0x00007ff93cbf7000 	C:\WINDOWS\system32\CRYPTSP.dll
0x00007ff93c8d0000 - 0x00007ff93c904000 	C:\WINDOWS\system32\rsaenh.dll
0x00007ff93d190000 - 0x00007ff93d1b9000 	C:\WINDOWS\SYSTEM32\bcrypt.dll
0x00007ff93cd00000 - 0x00007ff93cd0b000 	C:\WINDOWS\SYSTEM32\CRYPTBASE.dll
0x00007ff940630000 - 0x00007ff94064c000 	C:\WINDOWS\system32\imagehlp.dll
0x00007ff93c3b0000 - 0x00007ff93c3d3000 	C:\WINDOWS\SYSTEM32\gpapi.dll
0x00007ff92c170000 - 0x00007ff92c19f000 	C:\Windows\System32\cryptnet.dll
0x00007ff939f60000 - 0x00007ff939f97000 	C:\WINDOWS\SYSTEM32\IPHLPAPI.DLL
0x00007ff939c20000 - 0x00007ff939c2b000 	C:\WINDOWS\SYSTEM32\WINNSI.DLL
0x00007ff940620000 - 0x00007ff940628000 	C:\WINDOWS\system32\NSI.dll
0x00007ff91bbb0000 - 0x00007ff91bdc0000 	C:\PROGRA~2\RAPTRI~1\Raptr\ltc_game64-109838.dll
0x00007ff93e280000 - 0x00007ff93e3b8000 	C:\WINDOWS\system32\ole32.dll
0x00007ff912dd0000 - 0x00007ff912f5b000 	C:\WINDOWS\SYSTEM32\dbghelp.dll

VM Arguments:
jvm_args: -Dclassworlds.conf=C:\apache-maven-3.3.9/bin/m2.conf -Dmaven.home=C:\apache-maven-3.3.9 -Dmaven.multiModuleProjectDirectory=C:\cygwin64\home\aphis\event\Event-Driven-Programming-Project\project 
java_command: org.codehaus.plexus.classworlds.launcher.Launcher test -Pjava
java_class_path (initial): C:\apache-maven-3.3.9/boot/plexus-classworlds-2.5.2.jar
Launcher Type: SUN_STANDARD

Environment Variables:
JAVA_HOME=C:\Program Files\Java\jdk1.8.0_51
PATH=C:\cygwin64\usr\local\bin;C:\cygwin64\bin;C:\Program Files (x86)\Intel\iCLS Client;C:\Program Files\Intel\iCLS Client;C:\ProgramData\Oracle\Java\javapath;C:\WINDOWS\system32;C:\WINDOWS;C:\WINDOWS\System32\Wbem;C:\WINDOWS\System32\WindowsPowerShell\v1.0;C:\Program Files (x86)\AMD\ATI.ACE\Core-Static;C:\Program Files\Java\jdk1.8.0_51\bin;C:\Program Files\Intel\Intel(R) Management Engine Components\DAL;C:\Program Files (x86)\Intel\Intel(R) Management Engine Components\DAL;C:\Program Files\Intel\Intel(R) Management Engine Components\IPT;C:\Program Files (x86)\Intel\Intel(R) Management Engine Components\IPT;C:\Program Files\Java\jdk1.8.0_51\bin;C:\grails-2.4.5\grails-2.4.5\bin;C:\Program Files (x86)\ATI Technologies\ATI.ACE\Core-Static;C:\Program Files (x86)\Dev-Cpp\MinGW64\bin;C:\Go\bin;C:\Program Files\Git\bin;C:\Program Files (x86)\Skype\Phone;C:\Program Files (x86)\GtkSharp\2.12\bin;C:\apache-maven-3.3.9\bin;C:\Users\aphis\AppData\Local\Programs\Python\Python35-32\Scripts;C:\Users\aphis\AppData\Local\Programs\Python\Python35-32;C:\Program Files (x86)\Microsoft VS Code\bin
USERNAME=aphis
SHELL=/bin/bash
OS=Windows_NT
PROCESSOR_IDENTIFIER=Intel64 Family 6 Model 61 Stepping 4, GenuineIntel



---------------  S Y S T E M  ---------------

OS: Windows 10.0 , 64 bit Build 14295 (10.0.14295.1000)

CPU:total 4 (2 cores per cpu, 2 threads per core) family 6 model 61 stepping 4, cmov, cx8, fxsr, mmx, sse, sse2, sse3, ssse3, sse4.1, sse4.2, popcnt, avx, avx2, aes, clmul, erms, 3dnowpref, lzcnt, ht, tsc, tscinvbit, bmi1, bmi2, adx

Memory: 4k page, physical 8301016k(3447024k free), swap 9611736k(2048944k free)

vm_info: Java HotSpot(TM) 64-Bit Server VM (25.51-b03) for windows-amd64 JRE (1.8.0_51-b16), built on Jun  8 2015 18:03:07 by "java_re" with MS VC++ 10.0 (VS2010)

time: Sat Apr 02 10:56:21 2016
elapsed time: 43 seconds (0d 0h 0m 43s)

