#
# A fatal error has been detected by the Java Runtime Environment:
#
#  EXCEPTION_ACCESS_VIOLATION (0xc0000005) at pc=0x00007ff866deecb4, pid=3564, tid=3156
#
# JRE version: Java(TM) SE Runtime Environment (8.0_51-b16) (build 1.8.0_51-b16)
# Java VM: Java HotSpot(TM) 64-Bit Server VM (25.51-b03 mixed mode windows-amd64 compressed oops)
# Problematic frame:
# C  [OPENGL32.dll+0xdecb4]
#
# Failed to write core dump. Minidumps are not enabled by default on client versions of Windows
#
# If you would like to submit a bug report, please visit:
#   http://bugreport.java.com/bugreport/crash.jsp
#

---------------  T H R E A D  ---------------

Current thread (0x0000000016ec7800):  VMThread [stack: 0x0000000017f50000,0x0000000018050000] [id=3156]

siginfo: ExceptionCode=0xc0000005, reading address 0x0000000000000a38

Registers:
RAX=0x0000000000000000, RBX=0x000000001d8de210, RCX=0x0000000000000001, RDX=0x000000001d8de218
RSP=0x000000001804efe8, RBP=0x0000000000000000, RSI=0x00000000659d41c0, RDI=0x00000000659d41c0
R8 =0x000000001804f068, R9 =0x0000000002273490, R10=0x0000000000000042, R11=0x00007ff866e01bb8
R12=0x0000000000000000, R13=0x000000001d8d7f98, R14=0x000000001d8d7e50, R15=0x0000000000000000
RIP=0x00007ff866deecb4, EFLAGS=0x0000000000010283

Top of Stack: (sp=0x000000001804efe8)
0x000000001804efe8:   00007ff8599544eb 0000000000000001
0x000000001804eff8:   000000001d8de218 000000001804f068
0x000000001804f008:   0000000002273490 0000000000000000
0x000000001804f018:   00007ff859959fb7 0000000000000000
0x000000001804f028:   000000001d8da460 000000001d8d7f80
0x000000001804f038:   00007ff859959323 fffffffffffffffe
0x000000001804f048:   000000001804f0b0 0000000000000000
0x000000001804f058:   00007ff85995a869 00000000659d41c0
0x000000001804f068:   000000001d8d7a00 000000001d8d7e50
0x000000001804f078:   00007ff8599ba910 fffffffffffffffe
0x000000001804f088:   000000001d8da4a0 0000000000000001
0x000000001804f098:   000000001d8d7f78 000000001d8d7e50
0x000000001804f0a8:   00007ff8599c2a31 00007ff859ae4790
0x000000001804f0b8:   00007ff859a27ad0 0000000002273490
0x000000001804f0c8:   0000000000a70000 000000001d8d7f78
0x000000001804f0d8:   000000001d8d7e50 000000001d8d7e50 

Instructions: (pc=0x00007ff866deecb4)
0x00007ff866deec94:   cc cc cc cc cc cc 66 0f 1f 44 00 00 8b 05 62 63
0x00007ff866deeca4:   01 00 83 f8 40 73 0f 65 48 8b 04 c5 80 14 00 00
0x00007ff866deecb4:   ff a0 38 0a 00 00 b8 47 01 00 00 e9 ec d4 ff ff
0x00007ff866deecc4:   cc cc cc cc cc cc 66 0f 1f 44 00 00 8b 05 32 63 


Register to memory mapping:

RAX=0x0000000000000000 is an unknown value
RBX=0x000000001d8de210 is an unknown value
RCX=0x0000000000000001 is an unknown value
RDX=0x000000001d8de218 is an unknown value
RSP=0x000000001804efe8 is an unknown value
RBP=0x0000000000000000 is an unknown value
RSI=0x00000000659d41c0 is an unknown value
RDI=0x00000000659d41c0 is an unknown value
R8 =0x000000001804f068 is an unknown value
R9 =0x0000000002273490 is an unknown value
R10=0x0000000000000042 is an unknown value
R11=0x00007ff866e01bb8 is an unknown value
R12=0x0000000000000000 is an unknown value
R13=0x000000001d8d7f98 is an unknown value
R14=0x000000001d8d7e50 is an unknown value
R15=0x0000000000000000 is an unknown value


Stack: [0x0000000017f50000,0x0000000018050000],  sp=0x000000001804efe8,  free space=1019k
Native frames: (J=compiled Java code, j=interpreted, Vv=VM code, C=native code)

VM_Operation (0x000000001bbee8f0): Exit, mode: safepoint, requested by thread 0x000000001ac9c800


---------------  P R O C E S S  ---------------

Java Threads: ( => current thread )
  0x000000001acc1800 JavaThread "LWJGL Timer" daemon [_thread_blocked, id=5180, stack(0x0000000063130000,0x0000000063230000)]
  0x0000000019672000 JavaThread "Java2D Disposer" daemon [_thread_blocked, id=4868, stack(0x000000001d150000,0x000000001d250000)]
  0x000000001ac9c800 JavaThread "event.project.java.MyGameJava.main()" [_thread_blocked, id=3944, stack(0x000000001baf0000,0x000000001bbf0000)]
  0x0000000018770800 JavaThread "Service Thread" daemon [_thread_blocked, id=4316, stack(0x0000000018b50000,0x0000000018c50000)]
  0x0000000016f04800 JavaThread "C1 CompilerThread2" daemon [_thread_blocked, id=11564, stack(0x0000000018650000,0x0000000018750000)]
  0x0000000016f01800 JavaThread "C2 CompilerThread1" daemon [_thread_blocked, id=6552, stack(0x0000000018550000,0x0000000018650000)]
  0x0000000016eff000 JavaThread "C2 CompilerThread0" daemon [_thread_blocked, id=5508, stack(0x0000000018450000,0x0000000018550000)]
  0x0000000016efe000 JavaThread "Attach Listener" daemon [_thread_blocked, id=212, stack(0x0000000018350000,0x0000000018450000)]
  0x0000000016efd000 JavaThread "Signal Dispatcher" daemon [_thread_blocked, id=6460, stack(0x0000000018250000,0x0000000018350000)]
  0x0000000016ec9000 JavaThread "Finalizer" daemon [_thread_blocked, id=7272, stack(0x0000000018150000,0x0000000018250000)]
  0x00000000022c1800 JavaThread "Reference Handler" daemon [_thread_blocked, id=7240, stack(0x0000000018050000,0x0000000018150000)]
  0x0000000000a7e000 JavaThread "main" [_thread_blocked, id=6784, stack(0x0000000000960000,0x0000000000a60000)]

Other Threads:
=>0x0000000016ec7800 VMThread [stack: 0x0000000017f50000,0x0000000018050000] [id=3156]

VM state:at safepoint (shutting down)

VM Mutex/Monitor currently owned by a thread:  ([mutex/lock_event])
[0x0000000000a7dba0] Threads_lock - owner thread: 0x0000000016ec7800

Heap:
 PSYoungGen      total 71680K, used 15618K [0x00000000d5c00000, 0x00000000df200000, 0x0000000100000000)
  eden space 66560K, 23% used [0x00000000d5c00000,0x00000000d6b40bb8,0x00000000d9d00000)
  from space 5120K, 0% used [0x00000000d9d00000,0x00000000d9d00000,0x00000000da200000)
  to   space 10240K, 0% used [0x00000000de800000,0x00000000de800000,0x00000000df200000)
 ParOldGen       total 71680K, used 10748K [0x0000000081400000, 0x0000000085a00000, 0x00000000d5c00000)
  object space 71680K, 14% used [0x0000000081400000,0x0000000081e7f270,0x0000000085a00000)
 Metaspace       used 23065K, capacity 23790K, committed 23936K, reserved 1071104K
  class space    used 2650K, capacity 2901K, committed 2944K, reserved 1048576K

Card table byte_map: [0x0000000011750000,0x0000000011b50000] byte_map_base: 0x0000000011346000

Marking Bits: (ParMarkBitMap*) 0x00000000644e4040
 Begin Bits: [0x0000000012200000, 0x00000000141b0000)
 End Bits:   [0x00000000141b0000, 0x0000000016160000)

Polling page: 0x00000000001f0000

CodeCache: size=245760Kb used=11552Kb max_used=12736Kb free=234207Kb
 bounds [0x0000000002390000, 0x0000000003010000, 0x0000000011390000]
 total_blobs=4147 nmethods=3549 adapters=510
 compilation: enabled

Compilation events (10 events):
Event: 19041.796 Thread 0x0000000016f04800 nmethod 3881 0x00000000027d3dd0 code [0x00000000027d40e0, 0x00000000027d58e8]
Event: 19042.327 Thread 0x0000000016eff000 3882       4       playn.java.JavaPointer::update (1 bytes)
Event: 19042.327 Thread 0x0000000016f01800 3884       4       playn.java.JavaGL20::glClear (5 bytes)
Event: 19042.327 Thread 0x0000000016f04800 3883       2       playn.java.JavaGraphics::paint (12 bytes)
Event: 19042.328 Thread 0x0000000016f04800 nmethod 3883 0x00000000025c6490 code [0x00000000025c6600, 0x00000000025c6788]
Event: 19042.328 Thread 0x0000000016eff000 nmethod 3882 0x00000000027d3b50 code [0x00000000027d3c80, 0x00000000027d3cd8]
Event: 19042.329 Thread 0x0000000016f01800 nmethod 3884 0x000000000298b910 code [0x000000000298ba60, 0x000000000298bb88]
Event: 19042.344 Thread 0x0000000016f04800 3885       3       playn.java.JavaPlatform::processFrame (53 bytes)
Event: 19042.345 Thread 0x0000000016f04800 nmethod 3885 0x00000000024cee10 code [0x00000000024cefe0, 0x00000000024cf688]
Event: 19043.185 Thread 0x0000000016f04800 3886   !   3       java.util.logging.LogManager::ensureLogManagerInitialized (128 bytes)

GC Heap History (10 events):
Event: 1.280 GC heap before
{Heap before GC invocations=2 (full 0):
 PSYoungGen      total 38400K, used 38368K [0x00000000d5c00000, 0x00000000d8680000, 0x0000000100000000)
  eden space 33280K, 100% used [0x00000000d5c00000,0x00000000d7c80000,0x00000000d7c80000)
  from space 5120K, 99% used [0x00000000d7c80000,0x00000000d81781d0,0x00000000d8180000)
  to   space 5120K, 0% used [0x00000000d8180000,0x00000000d8180000,0x00000000d8680000)
 ParOldGen       total 87552K, used 170K [0x0000000081400000, 0x0000000086980000, 0x00000000d5c00000)
  object space 87552K, 0% used [0x0000000081400000,0x000000008142a930,0x0000000086980000)
 Metaspace       used 12887K, capacity 13060K, committed 13312K, reserved 1060864K
  class space    used 1628K, capacity 1742K, committed 1792K, reserved 1048576K
Event: 1.288 GC heap after
Heap after GC invocations=2 (full 0):
 PSYoungGen      total 38400K, used 5101K [0x00000000d5c00000, 0x00000000da700000, 0x0000000100000000)
  eden space 33280K, 0% used [0x00000000d5c00000,0x00000000d5c00000,0x00000000d7c80000)
  from space 5120K, 99% used [0x00000000d8180000,0x00000000d867b6d0,0x00000000d8680000)
  to   space 5120K, 0% used [0x00000000d7c80000,0x00000000d7c80000,0x00000000d8180000)
 ParOldGen       total 87552K, used 2838K [0x0000000081400000, 0x0000000086980000, 0x00000000d5c00000)
  object space 87552K, 3% used [0x0000000081400000,0x00000000816c59f8,0x0000000086980000)
 Metaspace       used 12887K, capacity 13060K, committed 13312K, reserved 1060864K
  class space    used 1628K, capacity 1742K, committed 1792K, reserved 1048576K
}
Event: 2.198 GC heap before
{Heap before GC invocations=3 (full 0):
 PSYoungGen      total 38400K, used 38381K [0x00000000d5c00000, 0x00000000da700000, 0x0000000100000000)
  eden space 33280K, 100% used [0x00000000d5c00000,0x00000000d7c80000,0x00000000d7c80000)
  from space 5120K, 99% used [0x00000000d8180000,0x00000000d867b6d0,0x00000000d8680000)
  to   space 5120K, 0% used [0x00000000d7c80000,0x00000000d7c80000,0x00000000d8180000)
 ParOldGen       total 87552K, used 2838K [0x0000000081400000, 0x0000000086980000, 0x00000000d5c00000)
  object space 87552K, 3% used [0x0000000081400000,0x00000000816c59f8,0x0000000086980000)
 Metaspace       used 15140K, capacity 15416K, committed 15616K, reserved 1062912K
  class space    used 1845K, capacity 1945K, committed 2048K, reserved 1048576K
Event: 2.210 GC heap after
Heap after GC invocations=3 (full 0):
 PSYoungGen      total 38400K, used 5088K [0x00000000d5c00000, 0x00000000da700000, 0x0000000100000000)
  eden space 33280K, 0% used [0x00000000d5c00000,0x00000000d5c00000,0x00000000d7c80000)
  from space 5120K, 99% used [0x00000000d7c80000,0x00000000d8178020,0x00000000d8180000)
  to   space 5120K, 0% used [0x00000000da200000,0x00000000da200000,0x00000000da700000)
 ParOldGen       total 87552K, used 4716K [0x0000000081400000, 0x0000000086980000, 0x00000000d5c00000)
  object space 87552K, 5% used [0x0000000081400000,0x000000008189b010,0x0000000086980000)
 Metaspace       used 15140K, capacity 15416K, committed 15616K, reserved 1062912K
  class space    used 1845K, capacity 1945K, committed 2048K, reserved 1048576K
}
Event: 2.896 GC heap before
{Heap before GC invocations=4 (full 0):
 PSYoungGen      total 38400K, used 38368K [0x00000000d5c00000, 0x00000000da700000, 0x0000000100000000)
  eden space 33280K, 100% used [0x00000000d5c00000,0x00000000d7c80000,0x00000000d7c80000)
  from space 5120K, 99% used [0x00000000d7c80000,0x00000000d8178020,0x00000000d8180000)
  to   space 5120K, 0% used [0x00000000da200000,0x00000000da200000,0x00000000da700000)
 ParOldGen       total 87552K, used 4716K [0x0000000081400000, 0x0000000086980000, 0x00000000d5c00000)
  object space 87552K, 5% used [0x0000000081400000,0x000000008189b010,0x0000000086980000)
 Metaspace       used 16229K, capacity 16618K, committed 16768K, reserved 1064960K
  class space    used 1948K, capacity 2091K, committed 2176K, reserved 1048576K
Event: 2.908 GC heap after
Heap after GC invocations=4 (full 0):
 PSYoungGen      total 71680K, used 5104K [0x00000000d5c00000, 0x00000000da700000, 0x0000000100000000)
  eden space 66560K, 0% used [0x00000000d5c00000,0x00000000d5c00000,0x00000000d9d00000)
  from space 5120K, 99% used [0x00000000da200000,0x00000000da6fc030,0x00000000da700000)
  to   space 5120K, 0% used [0x00000000d9d00000,0x00000000d9d00000,0x00000000da200000)
 ParOldGen       total 87552K, used 7669K [0x0000000081400000, 0x0000000086980000, 0x00000000d5c00000)
  object space 87552K, 8% used [0x0000000081400000,0x0000000081b7d6c8,0x0000000086980000)
 Metaspace       used 16229K, capacity 16618K, committed 16768K, reserved 1064960K
  class space    used 1948K, capacity 2091K, committed 2176K, reserved 1048576K
}
Event: 3.675 GC heap before
{Heap before GC invocations=5 (full 0):
 PSYoungGen      total 71680K, used 42972K [0x00000000d5c00000, 0x00000000da700000, 0x0000000100000000)
  eden space 66560K, 56% used [0x00000000d5c00000,0x00000000d80faff0,0x00000000d9d00000)
  from space 5120K, 99% used [0x00000000da200000,0x00000000da6fc030,0x00000000da700000)
  to   space 5120K, 0% used [0x00000000d9d00000,0x00000000d9d00000,0x00000000da200000)
 ParOldGen       total 87552K, used 7669K [0x0000000081400000, 0x0000000086980000, 0x00000000d5c00000)
  object space 87552K, 8% used [0x0000000081400000,0x0000000081b7d6c8,0x0000000086980000)
 Metaspace       used 20491K, capacity 21176K, committed 21296K, reserved 1069056K
  class space    used 2418K, capacity 2677K, committed 2688K, reserved 1048576K
Event: 3.697 GC heap after
Heap after GC invocations=5 (full 0):
 PSYoungGen      total 71680K, used 5088K [0x00000000d5c00000, 0x00000000df200000, 0x0000000100000000)
  eden space 66560K, 0% used [0x00000000d5c00000,0x00000000d5c00000,0x00000000d9d00000)
  from space 5120K, 99% used [0x00000000d9d00000,0x00000000da1f8020,0x00000000da200000)
  to   space 10240K, 0% used [0x00000000de800000,0x00000000de800000,0x00000000df200000)
 ParOldGen       total 87552K, used 11392K [0x0000000081400000, 0x0000000086980000, 0x00000000d5c00000)
  object space 87552K, 13% used [0x0000000081400000,0x0000000081f202e8,0x0000000086980000)
 Metaspace       used 20491K, capacity 21176K, committed 21296K, reserved 1069056K
  class space    used 2418K, capacity 2677K, committed 2688K, reserved 1048576K
}
Event: 3.697 GC heap before
{Heap before GC invocations=6 (full 1):
 PSYoungGen      total 71680K, used 5088K [0x00000000d5c00000, 0x00000000df200000, 0x0000000100000000)
  eden space 66560K, 0% used [0x00000000d5c00000,0x00000000d5c00000,0x00000000d9d00000)
  from space 5120K, 99% used [0x00000000d9d00000,0x00000000da1f8020,0x00000000da200000)
  to   space 10240K, 0% used [0x00000000de800000,0x00000000de800000,0x00000000df200000)
 ParOldGen       total 87552K, used 11392K [0x0000000081400000, 0x0000000086980000, 0x00000000d5c00000)
  object space 87552K, 13% used [0x0000000081400000,0x0000000081f202e8,0x0000000086980000)
 Metaspace       used 20491K, capacity 21176K, committed 21296K, reserved 1069056K
  class space    used 2418K, capacity 2677K, committed 2688K, reserved 1048576K
Event: 3.820 GC heap after
Heap after GC invocations=6 (full 1):
 PSYoungGen      total 71680K, used 0K [0x00000000d5c00000, 0x00000000df200000, 0x0000000100000000)
  eden space 66560K, 0% used [0x00000000d5c00000,0x00000000d5c00000,0x00000000d9d00000)
  from space 5120K, 0% used [0x00000000d9d00000,0x00000000d9d00000,0x00000000da200000)
  to   space 10240K, 0% used [0x00000000de800000,0x00000000de800000,0x00000000df200000)
 ParOldGen       total 71680K, used 10748K [0x0000000081400000, 0x0000000085a00000, 0x00000000d5c00000)
  object space 71680K, 14% used [0x0000000081400000,0x0000000081e7f270,0x0000000085a00000)
 Metaspace       used 20491K, capacity 21176K, committed 21296K, reserved 1069056K
  class space    used 2418K, capacity 2677K, committed 2688K, reserved 1048576K
}

Deoptimization events (10 events):
Event: 4.186 Thread 0x000000001b06b800 Uncommon trap: reason=class_check action=maybe_recompile pc=0x0000000002f193d8 method=java.util.zip.InflaterInputStream.read([BII)I @ 100
Event: 4.188 Thread 0x000000001b06b800 Uncommon trap: reason=class_check action=maybe_recompile pc=0x0000000002f193d8 method=java.util.zip.InflaterInputStream.read([BII)I @ 100
Event: 4.303 Thread 0x0000000064655800 Uncommon trap: reason=unstable_if action=reinterpret pc=0x0000000002f3a85c method=java.awt.image.ComponentColorModel.coerceData(Ljava/awt/image/WritableRaster;Z)Ljava/awt/image/ColorModel; @ 125
Event: 4.304 Thread 0x0000000064655800 Uncommon trap: reason=class_check action=maybe_recompile pc=0x0000000002cfa23c method=java.util.concurrent.locks.AbstractQueuedSynchronizer.release(I)Z @ 2
Event: 4.324 Thread 0x000000001b06b800 Uncommon trap: reason=unstable_if action=reinterpret pc=0x0000000002f5c2e0 method=java.awt.image.ComponentColorModel.coerceData(Ljava/awt/image/WritableRaster;Z)Ljava/awt/image/ColorModel; @ 125
Event: 109.500 Thread 0x000000001ac9c800 Uncommon trap: reason=unstable_if action=reinterpret pc=0x00000000024e9924 method=org.lwjgl.opengl.WindowsDisplay.update()V @ 44
Event: 19039.465 Thread 0x000000001ac9c800 Uncommon trap: reason=unstable_if action=reinterpret pc=0x000000000249e3f0 method=org.lwjgl.opengl.WindowsDisplay.update()V @ 44
Event: 19039.479 Thread 0x000000001ac9c800 Uncommon trap: reason=unstable_if action=reinterpret pc=0x0000000002620e78 method=playn.java.JavaPlatform.run(Lplayn/core/Game;)V @ 47
Event: 19040.229 Thread 0x000000001ac9c800 Uncommon trap: reason=unstable_if action=reinterpret pc=0x0000000002fe5e18 method=org.lwjgl.input.Mouse.next()Z @ 46
Event: 19040.229 Thread 0x000000001ac9c800 Uncommon trap: reason=unstable_if action=reinterpret pc=0x0000000002745054 method=playn.java.JavaLWJGLMouse.update()V @ 71

Internal exceptions (10 events):
Event: 1.348 Thread 0x0000000000a7e000 Exception <a 'java/lang/NullPointerException'> (0x00000000d5f12c88) thrown at [C:\re\workspace\8-2-build-windows-amd64-cygwin\jdk8u51\3951\hotspot\src\share\vm\interpreter\linkResolver.cpp, line 1178]
Event: 1.348 Thread 0x0000000000a7e000 Exception <a 'java/lang/NullPointerException'> (0x00000000d5f12e48) thrown at [C:\re\workspace\8-2-build-windows-amd64-cygwin\jdk8u51\3951\hotspot\src\share\vm\interpreter\linkResolver.cpp, line 1178]
Event: 1.348 Thread 0x0000000000a7e000 Exception <a 'java/lang/NullPointerException'> (0x00000000d5f13008) thrown at [C:\re\workspace\8-2-build-windows-amd64-cygwin\jdk8u51\3951\hotspot\src\share\vm\interpreter\linkResolver.cpp, line 1178]
Event: 1.647 Thread 0x0000000000a7e000 Implicit null exception at 0x0000000002728755 to 0x000000000272892d
Event: 1.647 Thread 0x0000000000a7e000 Implicit null exception at 0x00000000026cd9ef to 0x00000000026cda59
Event: 1.962 Thread 0x0000000000a7e000 Implicit null exception at 0x0000000002a7a5b2 to 0x0000000002a7a7f9
Event: 3.572 Thread 0x000000001ac9c800 Exception <a 'java/io/FileNotFoundException'> (0x00000000d7f66e78) thrown at [C:\re\workspace\8-2-build-windows-amd64-cygwin\jdk8u51\3951\hotspot\src\share\vm\prims\jni.cpp, line 709]
Event: 3.600 Thread 0x000000001ac9c800 Exception <a 'java/io/FileNotFoundException'> (0x00000000d7f8aef8) thrown at [C:\re\workspace\8-2-build-windows-amd64-cygwin\jdk8u51\3951\hotspot\src\share\vm\prims\jni.cpp, line 709]
Event: 3.650 Thread 0x000000001ac9c800 Exception <a 'java/lang/NoSuchFieldError': method resolution failed> (0x00000000d805a538) thrown at [C:\re\workspace\8-2-build-windows-amd64-cygwin\jdk8u51\3951\hotspot\src\share\vm\prims\methodHandles.cpp, line 1125]
Event: 3.653 Thread 0x000000001ac9c800 Exception <a 'java/lang/NoSuchFieldError': method resolution failed> (0x00000000d8068e68) thrown at [C:\re\workspace\8-2-build-windows-amd64-cygwin\jdk8u51\3951\hotspot\src\share\vm\prims\methodHandles.cpp, line 1125]

Events (10 events):
Event: 19043.185 Thread 0x0000000064655800 Thread exited: 0x0000000064655800
Event: 19043.185 Executing VM operation: RevokeBias
Event: 19043.185 Executing VM operation: RevokeBias done
Event: 19043.185 Thread 0x000000001b06b800 Thread exited: 0x000000001b06b800
Event: 19043.185 Thread 0x0000000064656800 Thread exited: 0x0000000064656800
Event: 19043.185 Thread 0x000000001b06b800 Thread added: 0x000000001b06b800
Event: 19043.185 Thread 0x000000001972d000 Thread added: 0x000000001972d000
Event: 19043.185 Thread 0x000000001b06b800 Thread exited: 0x000000001b06b800
Event: 19043.185 Thread 0x000000001972d000 Thread exited: 0x000000001972d000
Event: 19043.186 Executing VM operation: Exit


Dynamic libraries:
0x00007ff68e710000 - 0x00007ff68e747000 	C:\Program Files\Java\jdk1.8.0_51\bin\java.exe
0x00007ff887af0000 - 0x00007ff887cb9000 	C:\WINDOWS\SYSTEM32\ntdll.dll
0x00007ff8863e0000 - 0x00007ff88648b000 	C:\WINDOWS\system32\KERNEL32.DLL
0x00007ff884460000 - 0x00007ff88465c000 	C:\WINDOWS\system32\KERNELBASE.dll
0x00007ff8861a0000 - 0x00007ff886247000 	C:\WINDOWS\system32\ADVAPI32.dll
0x00007ff886570000 - 0x00007ff88660d000 	C:\WINDOWS\system32\msvcrt.dll
0x00007ff8862c0000 - 0x00007ff88631c000 	C:\WINDOWS\system32\sechost.dll
0x00007ff8859a0000 - 0x00007ff885ac5000 	C:\WINDOWS\system32\RPCRT4.dll
0x00007ff885ad0000 - 0x00007ff885c36000 	C:\WINDOWS\system32\USER32.dll
0x0000000065d60000 - 0x0000000065d7f000 	C:\WINDOWS\system32\win32u.dll
0x00007ff885170000 - 0x00007ff8851a0000 	C:\WINDOWS\system32\GDI32.dll
0x00007ff8842e0000 - 0x00007ff884460000 	C:\WINDOWS\system32\gdi32full.dll
0x00007ff879120000 - 0x00007ff87938c000 	C:\WINDOWS\WinSxS\amd64_microsoft.windows.common-controls_6595b64144ccf1df_6.0.14291.1001_none_7ae2cee453e38faf\COMCTL32.dll
0x00007ff885370000 - 0x00007ff8855ff000 	C:\WINDOWS\system32\combase.dll
0x00007ff8841e0000 - 0x00007ff8842d4000 	C:\WINDOWS\system32\ucrtbase.dll
0x00007ff884710000 - 0x00007ff884779000 	C:\WINDOWS\system32\bcryptPrimitives.dll
0x00007ff885340000 - 0x00007ff88536e000 	C:\WINDOWS\system32\IMM32.DLL
0x0000000063710000 - 0x00000000637e2000 	C:\Program Files\Java\jdk1.8.0_51\jre\bin\msvcr100.dll
0x0000000063ce0000 - 0x0000000064563000 	C:\Program Files\Java\jdk1.8.0_51\jre\bin\server\jvm.dll
0x00007ff885100000 - 0x00007ff885107000 	C:\WINDOWS\system32\PSAPI.DLL
0x00007ff8821f0000 - 0x00007ff882213000 	C:\WINDOWS\SYSTEM32\WINMM.dll
0x00007ff87a800000 - 0x00007ff87a80a000 	C:\WINDOWS\SYSTEM32\VERSION.dll
0x00007ff882190000 - 0x00007ff8821bb000 	C:\WINDOWS\SYSTEM32\WINMMBASE.dll
0x00007ff884940000 - 0x00007ff884983000 	C:\WINDOWS\system32\cfgmgr32.dll
0x00007ff87b230000 - 0x00007ff87b239000 	C:\WINDOWS\SYSTEM32\WSOCK32.dll
0x00007ff886250000 - 0x00007ff8862bb000 	C:\WINDOWS\system32\WS2_32.dll
0x0000000063bf0000 - 0x0000000063bff000 	C:\Program Files\Java\jdk1.8.0_51\jre\bin\verify.dll
0x0000000063bc0000 - 0x0000000063be9000 	C:\Program Files\Java\jdk1.8.0_51\jre\bin\java.dll
0x0000000063ba0000 - 0x0000000063bb6000 	C:\Program Files\Java\jdk1.8.0_51\jre\bin\zip.dll
0x00007ff886610000 - 0x00007ff887ae1000 	C:\WINDOWS\system32\SHELL32.dll
0x00007ff884990000 - 0x00007ff885043000 	C:\WINDOWS\system32\windows.storage.dll
0x00007ff8864a0000 - 0x00007ff8864f2000 	C:\WINDOWS\system32\shlwapi.dll
0x00007ff884150000 - 0x00007ff88415f000 	C:\WINDOWS\system32\kernel.appcore.dll
0x00007ff884660000 - 0x00007ff884708000 	C:\WINDOWS\system32\shcore.dll
0x00007ff884100000 - 0x00007ff88414b000 	C:\WINDOWS\system32\powrprof.dll
0x00007ff8840e0000 - 0x00007ff8840f4000 	C:\WINDOWS\system32\profapi.dll
0x0000000063b80000 - 0x0000000063b9a000 	C:\Program Files\Java\jdk1.8.0_51\jre\bin\net.dll
0x00007ff883a10000 - 0x00007ff883a6c000 	C:\WINDOWS\system32\mswsock.dll
0x0000000063b60000 - 0x0000000063b71000 	C:\Program Files\Java\jdk1.8.0_51\jre\bin\nio.dll
0x00000000639c0000 - 0x0000000063b58000 	C:\Program Files\Java\jdk1.8.0_51\jre\bin\awt.dll
0x00007ff886320000 - 0x00007ff8863db000 	C:\WINDOWS\system32\OLEAUT32.dll
0x00007ff8829c0000 - 0x00007ff882a39000 	C:\WINDOWS\SYSTEM32\apphelp.dll
0x00007ff880de0000 - 0x00007ff880e04000 	C:\WINDOWS\system32\DWMAPI.DLL
0x00007ff882b50000 - 0x00007ff882be3000 	C:\WINDOWS\system32\uxtheme.dll
0x0000000180000000 - 0x0000000180050000 	C:\cygwin64\tmp\playnaphis\1284024257\lwjgl64.dll
0x00007ff866d10000 - 0x00007ff866e33000 	C:\WINDOWS\SYSTEM32\OPENGL32.dll
0x00007ff866870000 - 0x00007ff866967000 	C:\WINDOWS\SYSTEM32\DDRAW.dll
0x00007ff867240000 - 0x00007ff86726c000 	C:\WINDOWS\SYSTEM32\GLU32.dll
0x00007ff86ed20000 - 0x00007ff86ed28000 	C:\WINDOWS\SYSTEM32\DCIMAN32.dll
0x00007ff885600000 - 0x00007ff885751000 	C:\WINDOWS\system32\MSCTF.dll
0x00007ff873bb0000 - 0x00007ff873bdb000 	C:\PROGRA~2\RAPTRI~1\Raptr\ltc_help64-109838.dll
0x00007ff884160000 - 0x00007ff8841b5000 	C:\WINDOWS\system32\WINTRUST.dll
0x00007ff8840d0000 - 0x00007ff8840e0000 	C:\WINDOWS\system32\MSASN1.dll
0x00007ff884780000 - 0x00007ff88493c000 	C:\WINDOWS\system32\CRYPT32.dll
0x00007ff8412d0000 - 0x00007ff841f89000 	C:\WINDOWS\SYSTEM32\ig8icd64.dll
0x00007ff87eb80000 - 0x00007ff87f585000 	C:\WINDOWS\SYSTEM32\igdusc64.dll
0x00007ff8815c0000 - 0x00007ff8815d3000 	C:\WINDOWS\SYSTEM32\WTSAPI32.dll
0x00007ff85f550000 - 0x00007ff85f5dd000 	C:\WINDOWS\SYSTEM32\mscms.dll
0x00007ff8838a0000 - 0x00007ff8838bf000 	C:\WINDOWS\SYSTEM32\USERENV.dll
0x00007ff8646c0000 - 0x00007ff864702000 	C:\WINDOWS\SYSTEM32\icm32.dll
0x00007ff883ac0000 - 0x00007ff883ad7000 	C:\WINDOWS\system32\CRYPTSP.dll
0x00007ff883750000 - 0x00007ff883784000 	C:\WINDOWS\system32\rsaenh.dll
0x00007ff883cd0000 - 0x00007ff883cf9000 	C:\WINDOWS\SYSTEM32\bcrypt.dll
0x00007ff883be0000 - 0x00007ff883beb000 	C:\WINDOWS\SYSTEM32\CRYPTBASE.dll
0x00007ff885d50000 - 0x00007ff885d6c000 	C:\WINDOWS\system32\imagehlp.dll
0x00007ff883230000 - 0x00007ff883253000 	C:\WINDOWS\SYSTEM32\gpapi.dll
0x00007ff860390000 - 0x00007ff8603bf000 	C:\Windows\System32\cryptnet.dll
0x00007ff881a80000 - 0x00007ff881ab7000 	C:\WINDOWS\SYSTEM32\IPHLPAPI.DLL
0x00007ff880cf0000 - 0x00007ff880cfb000 	C:\WINDOWS\SYSTEM32\WINNSI.DLL
0x00007ff885c40000 - 0x00007ff885c48000 	C:\WINDOWS\system32\NSI.dll
0x00007ff8598f0000 - 0x00007ff859b00000 	C:\PROGRA~2\RAPTRI~1\Raptr\ltc_game64-109838.dll
0x00007ff885200000 - 0x00007ff885338000 	C:\WINDOWS\system32\ole32.dll
0x00007ff8693b0000 - 0x00007ff86953b000 	C:\WINDOWS\SYSTEM32\dbghelp.dll

VM Arguments:
jvm_args: -Dclassworlds.conf=C:\apache-maven-3.3.9/bin/m2.conf -Dmaven.home=C:\apache-maven-3.3.9 -Dmaven.multiModuleProjectDirectory=C:\cygwin64\home\aphis\event\Event-Driven-Programming-Project\project 
java_command: org.codehaus.plexus.classworlds.launcher.Launcher test -Pjava
java_class_path (initial): C:\apache-maven-3.3.9/boot/plexus-classworlds-2.5.2.jar
Launcher Type: SUN_STANDARD

Environment Variables:
JAVA_HOME=C:\Program Files\Java\jdk1.8.0_51
PATH=C:\cygwin64\usr\local\bin;C:\cygwin64\bin;C:\Program Files (x86)\Intel\iCLS Client;C:\Program Files\Intel\iCLS Client;C:\ProgramData\Oracle\Java\javapath;C:\WINDOWS\system32;C:\WINDOWS;C:\WINDOWS\System32\Wbem;C:\WINDOWS\System32\WindowsPowerShell\v1.0;C:\Program Files (x86)\AMD\ATI.ACE\Core-Static;C:\Program Files\Java\jdk1.8.0_51\bin;C:\Program Files\Intel\Intel(R) Management Engine Components\DAL;C:\Program Files (x86)\Intel\Intel(R) Management Engine Components\DAL;C:\Program Files\Intel\Intel(R) Management Engine Components\IPT;C:\Program Files (x86)\Intel\Intel(R) Management Engine Components\IPT;C:\Program Files\Java\jdk1.8.0_51\bin;C:\grails-2.4.5\grails-2.4.5\bin;C:\Program Files (x86)\ATI Technologies\ATI.ACE\Core-Static;C:\Program Files (x86)\Dev-Cpp\MinGW64\bin;C:\Go\bin;C:\Program Files\Git\bin;C:\Program Files (x86)\Skype\Phone;C:\Program Files (x86)\GtkSharp\2.12\bin;C:\apache-maven-3.3.9\bin;C:\Users\aphis\AppData\Local\Programs\Python\Python35-32\Scripts;C:\Users\aphis\AppData\Local\Programs\Python\Python35-32;C:\Program Files (x86)\Microsoft VS Code\bin
USERNAME=aphis
SHELL=/bin/bash
OS=Windows_NT
PROCESSOR_IDENTIFIER=Intel64 Family 6 Model 61 Stepping 4, GenuineIntel



---------------  S Y S T E M  ---------------

OS: Windows 10.0 , 64 bit Build 14291 (10.0.14291.1001)

CPU:total 4 (2 cores per cpu, 2 threads per core) family 6 model 61 stepping 4, cmov, cx8, fxsr, mmx, sse, sse2, sse3, ssse3, sse4.1, sse4.2, popcnt, avx, avx2, aes, clmul, erms, 3dnowpref, lzcnt, ht, tsc, tscinvbit, bmi1, bmi2, adx

Memory: 4k page, physical 8301016k(4151520k free), swap 9887932k(3885108k free)

vm_info: Java HotSpot(TM) 64-Bit Server VM (25.51-b03) for windows-amd64 JRE (1.8.0_51-b16), built on Jun  8 2015 18:03:07 by "java_re" with MS VC++ 10.0 (VS2010)

time: Sat Mar 26 20:50:08 2016
elapsed time: 19043 seconds (0d 5h 17m 23s)

