#
# A fatal error has been detected by the Java Runtime Environment:
#
#  EXCEPTION_ACCESS_VIOLATION (0xc0000005) at pc=0x00007ff91fdcecb4, pid=8804, tid=10352
#
# JRE version: Java(TM) SE Runtime Environment (8.0_51-b16) (build 1.8.0_51-b16)
# Java VM: Java HotSpot(TM) 64-Bit Server VM (25.51-b03 mixed mode windows-amd64 compressed oops)
# Problematic frame:
# C  [OPENGL32.dll+0xdecb4]
#
# Failed to write core dump. Minidumps are not enabled by default on client versions of Windows
#
# If you would like to submit a bug report, please visit:
#   http://bugreport.java.com/bugreport/crash.jsp
#

---------------  T H R E A D  ---------------

Current thread (0x0000000016eb6800):  VMThread [stack: 0x0000000017f50000,0x0000000018050000] [id=10352]

siginfo: ExceptionCode=0xc0000005, reading address 0x0000000000000a38

Registers:
RAX=0x0000000000000000, RBX=0x00000000215ae350, RCX=0x0000000000000001, RDX=0x00000000215ae358
RSP=0x000000001804ef98, RBP=0x0000000000000000, RSI=0x00000000213b41c0, RDI=0x00000000213b41c0
R8 =0x000000001804f018, R9 =0x0000000016dc56d0, R10=0x0000000000000042, R11=0x00007ff91fde1bb8
R12=0x0000000000000000, R13=0x00000000215a7f98, R14=0x00000000215a7e50, R15=0x0000000000000000
RIP=0x00007ff91fdcecb4, EFLAGS=0x0000000000010283

Top of Stack: (sp=0x000000001804ef98)
0x000000001804ef98:   00007ff912ae44eb 0000000000000001
0x000000001804efa8:   00000000215ae358 000000001804f018
0x000000001804efb8:   0000000016dc56d0 0000000000000000
0x000000001804efc8:   00007ff912ae9fb7 0000000000000000
0x000000001804efd8:   00000000215aa460 00000000215a7f80
0x000000001804efe8:   00007ff912ae9323 fffffffffffffffe
0x000000001804eff8:   000000001804f060 0000000000000000
0x000000001804f008:   00007ff912aea869 00000000213b41c0
0x000000001804f018:   00000000215a7640 00000000215a7e50
0x000000001804f028:   00007ff912b4a910 fffffffffffffffe
0x000000001804f038:   00000000215aa4a0 0000000000000001
0x000000001804f048:   00000000215a7f78 00000000215a7e50
0x000000001804f058:   00007ff912b52a31 00007ff912c74790
0x000000001804f068:   00007ff912bb7ad0 0000000016dc56d0
0x000000001804f078:   0000000000000000 00000000215a7f78
0x000000001804f088:   00000000215a7e50 00000000215a7e50 

Instructions: (pc=0x00007ff91fdcecb4)
0x00007ff91fdcec94:   cc cc cc cc cc cc 66 0f 1f 44 00 00 8b 05 62 63
0x00007ff91fdceca4:   01 00 83 f8 40 73 0f 65 48 8b 04 c5 80 14 00 00
0x00007ff91fdcecb4:   ff a0 38 0a 00 00 b8 47 01 00 00 e9 ec d4 ff ff
0x00007ff91fdcecc4:   cc cc cc cc cc cc 66 0f 1f 44 00 00 8b 05 32 63 


Register to memory mapping:

RAX=0x0000000000000000 is an unknown value
RBX=0x00000000215ae350 is an unknown value
RCX=0x0000000000000001 is an unknown value
RDX=0x00000000215ae358 is an unknown value
RSP=0x000000001804ef98 is an unknown value
RBP=0x0000000000000000 is an unknown value
RSI=0x00000000213b41c0 is an unknown value
RDI=0x00000000213b41c0 is an unknown value
R8 =0x000000001804f018 is an unknown value
R9 =0x0000000016dc56d0 is an unknown value
R10=0x0000000000000042 is an unknown value
R11=0x00007ff91fde1bb8 is an unknown value
R12=0x0000000000000000 is an unknown value
R13=0x00000000215a7f98 is an unknown value
R14=0x00000000215a7e50 is an unknown value
R15=0x0000000000000000 is an unknown value


Stack: [0x0000000017f50000,0x0000000018050000],  sp=0x000000001804ef98,  free space=1019k
Native frames: (J=compiled Java code, j=interpreted, Vv=VM code, C=native code)

VM_Operation (0x000000001d75e670): Exit, mode: safepoint, requested by thread 0x000000001b7a3800


---------------  P R O C E S S  ---------------

Java Threads: ( => current thread )
  0x000000001cb46000 JavaThread "LWJGL Timer" daemon [_thread_blocked, id=9640, stack(0x000000002aa50000,0x000000002ab50000)]
  0x0000000018d7e800 JavaThread "Java2D Disposer" daemon [_thread_blocked, id=8384, stack(0x000000001ec40000,0x000000001ed40000)]
  0x000000001b7a3800 JavaThread "event.project.java.MyGameJava.main()" [_thread_blocked, id=5656, stack(0x000000001d660000,0x000000001d760000)]
  0x0000000016f4e800 JavaThread "Service Thread" daemon [_thread_blocked, id=12100, stack(0x0000000018b50000,0x0000000018c50000)]
  0x0000000016ef8800 JavaThread "C1 CompilerThread2" daemon [_thread_blocked, id=5432, stack(0x0000000018650000,0x0000000018750000)]
  0x0000000016ef1800 JavaThread "C2 CompilerThread1" daemon [_thread_blocked, id=7760, stack(0x0000000018550000,0x0000000018650000)]
  0x0000000016eee800 JavaThread "C2 CompilerThread0" daemon [_thread_blocked, id=9572, stack(0x0000000018450000,0x0000000018550000)]
  0x0000000016eed000 JavaThread "Attach Listener" daemon [_thread_blocked, id=10892, stack(0x0000000018350000,0x0000000018450000)]
  0x0000000016eec000 JavaThread "Signal Dispatcher" daemon [_thread_blocked, id=8640, stack(0x0000000018250000,0x0000000018350000)]
  0x0000000002379800 JavaThread "Finalizer" daemon [_thread_blocked, id=7648, stack(0x0000000018150000,0x0000000018250000)]
  0x0000000002370800 JavaThread "Reference Handler" daemon [_thread_blocked, id=304, stack(0x0000000018050000,0x0000000018150000)]
  0x000000000225e000 JavaThread "main" [_thread_blocked, id=11160, stack(0x0000000002110000,0x0000000002210000)]

Other Threads:
=>0x0000000016eb6800 VMThread [stack: 0x0000000017f50000,0x0000000018050000] [id=10352]

VM state:at safepoint (shutting down)

VM Mutex/Monitor currently owned by a thread:  ([mutex/lock_event])
[0x000000000225cfa0] Threads_lock - owner thread: 0x0000000016eb6800

Heap:
 PSYoungGen      total 50688K, used 23924K [0x00000000d5c00000, 0x00000000dad80000, 0x0000000100000000)
  eden space 43008K, 38% used [0x00000000d5c00000,0x00000000d6c32548,0x00000000d8600000)
  from space 7680K, 95% used [0x00000000da600000,0x00000000dad2ad78,0x00000000dad80000)
  to   space 9216K, 0% used [0x00000000d9b80000,0x00000000d9b80000,0x00000000da480000)
 ParOldGen       total 71680K, used 10070K [0x0000000081400000, 0x0000000085a00000, 0x00000000d5c00000)
  object space 71680K, 14% used [0x0000000081400000,0x0000000081dd5be0,0x0000000085a00000)
 Metaspace       used 27971K, capacity 28704K, committed 28928K, reserved 1075200K
  class space    used 3312K, capacity 3582K, committed 3584K, reserved 1048576K

Card table byte_map: [0x0000000011740000,0x0000000011b40000] byte_map_base: 0x0000000011336000

Marking Bits: (ParMarkBitMap*) 0x000000005a1e4040
 Begin Bits: [0x00000000121f0000, 0x00000000141a0000)
 End Bits:   [0x00000000141a0000, 0x0000000016150000)

Polling page: 0x00000000001f0000

CodeCache: size=245760Kb used=11865Kb max_used=12102Kb free=233894Kb
 bounds [0x0000000002380000, 0x0000000002f60000, 0x0000000011380000]
 total_blobs=4396 nmethods=3766 adapters=542
 compilation: enabled

Compilation events (10 events):
Event: 31.624 Thread 0x0000000016ef8800 nmethod 4252 0x00000000028f3410 code [0x00000000028f3620, 0x00000000028f3f48]
Event: 31.624 Thread 0x0000000016ef8800 4253       3       java.nio.Bits::getInt (18 bytes)
Event: 31.625 Thread 0x0000000016ef8800 nmethod 4253 0x0000000002835cd0 code [0x0000000002835ec0, 0x0000000002836878]
Event: 31.691 Thread 0x0000000016ef8800 4254       3       pythagoras.f.AffineTransform::inverseTransform (113 bytes)
Event: 31.691 Thread 0x0000000016ef8800 nmethod 4254 0x00000000028f2910 code [0x00000000028f2ae0, 0x00000000028f3178]
Event: 31.691 Thread 0x0000000016ef8800 4255       3       pythagoras.f.Point::x (5 bytes)
Event: 31.691 Thread 0x0000000016ef8800 nmethod 4255 0x0000000002e3a990 code [0x0000000002e3aae0, 0x0000000002e3ac30]
Event: 33.373 Thread 0x0000000016eee800 4256       4       playn.core.util.Clock$Source::paint (40 bytes)
Event: 33.374 Thread 0x0000000016eee800 nmethod 4256 0x0000000002a99590 code [0x0000000002a996c0, 0x0000000002a99758]
Event: 33.437 Thread 0x0000000016ef8800 4257   !   3       java.util.logging.LogManager::ensureLogManagerInitialized (128 bytes)

GC Heap History (10 events):
Event: 3.236 GC heap before
{Heap before GC invocations=3 (full 0):
 PSYoungGen      total 38400K, used 38369K [0x00000000d5c00000, 0x00000000d8680000, 0x0000000100000000)
  eden space 33280K, 100% used [0x00000000d5c00000,0x00000000d7c80000,0x00000000d7c80000)
  from space 5120K, 99% used [0x00000000d8180000,0x00000000d86785e8,0x00000000d8680000)
  to   space 5120K, 0% used [0x00000000d7c80000,0x00000000d7c80000,0x00000000d8180000)
 ParOldGen       total 87552K, used 2866K [0x0000000081400000, 0x0000000086980000, 0x00000000d5c00000)
  object space 87552K, 3% used [0x0000000081400000,0x00000000816cca10,0x0000000086980000)
 Metaspace       used 15151K, capacity 15416K, committed 15616K, reserved 1062912K
  class space    used 1844K, capacity 1945K, committed 2048K, reserved 1048576K
Event: 3.250 GC heap after
Heap after GC invocations=3 (full 0):
 PSYoungGen      total 38400K, used 5088K [0x00000000d5c00000, 0x00000000d8680000, 0x0000000100000000)
  eden space 33280K, 0% used [0x00000000d5c00000,0x00000000d5c00000,0x00000000d7c80000)
  from space 5120K, 99% used [0x00000000d7c80000,0x00000000d8178020,0x00000000d8180000)
  to   space 5120K, 0% used [0x00000000d8180000,0x00000000d8180000,0x00000000d8680000)
 ParOldGen       total 87552K, used 4753K [0x0000000081400000, 0x0000000086980000, 0x00000000d5c00000)
  object space 87552K, 5% used [0x0000000081400000,0x00000000818a44d8,0x0000000086980000)
 Metaspace       used 15151K, capacity 15416K, committed 15616K, reserved 1062912K
  class space    used 1844K, capacity 1945K, committed 2048K, reserved 1048576K
}
Event: 4.427 GC heap before
{Heap before GC invocations=4 (full 0):
 PSYoungGen      total 38400K, used 38368K [0x00000000d5c00000, 0x00000000d8680000, 0x0000000100000000)
  eden space 33280K, 100% used [0x00000000d5c00000,0x00000000d7c80000,0x00000000d7c80000)
  from space 5120K, 99% used [0x00000000d7c80000,0x00000000d8178020,0x00000000d8180000)
  to   space 5120K, 0% used [0x00000000d8180000,0x00000000d8180000,0x00000000d8680000)
 ParOldGen       total 87552K, used 4753K [0x0000000081400000, 0x0000000086980000, 0x00000000d5c00000)
  object space 87552K, 5% used [0x0000000081400000,0x00000000818a44d8,0x0000000086980000)
 Metaspace       used 16229K, capacity 16618K, committed 16768K, reserved 1064960K
  class space    used 1946K, capacity 2091K, committed 2176K, reserved 1048576K
Event: 4.438 GC heap after
Heap after GC invocations=4 (full 0):
 PSYoungGen      total 38400K, used 5088K [0x00000000d5c00000, 0x00000000d8680000, 0x0000000100000000)
  eden space 33280K, 0% used [0x00000000d5c00000,0x00000000d5c00000,0x00000000d7c80000)
  from space 5120K, 99% used [0x00000000d8180000,0x00000000d8678020,0x00000000d8680000)
  to   space 5120K, 0% used [0x00000000d7c80000,0x00000000d7c80000,0x00000000d8180000)
 ParOldGen       total 87552K, used 7653K [0x0000000081400000, 0x0000000086980000, 0x00000000d5c00000)
  object space 87552K, 8% used [0x0000000081400000,0x0000000081b79730,0x0000000086980000)
 Metaspace       used 16229K, capacity 16618K, committed 16768K, reserved 1064960K
  class space    used 1946K, capacity 2091K, committed 2176K, reserved 1048576K
}
Event: 5.502 GC heap before
{Heap before GC invocations=5 (full 0):
 PSYoungGen      total 38400K, used 36492K [0x00000000d5c00000, 0x00000000d8680000, 0x0000000100000000)
  eden space 33280K, 94% used [0x00000000d5c00000,0x00000000d7aab2c8,0x00000000d7c80000)
  from space 5120K, 99% used [0x00000000d8180000,0x00000000d8678020,0x00000000d8680000)
  to   space 5120K, 0% used [0x00000000d7c80000,0x00000000d7c80000,0x00000000d8180000)
 ParOldGen       total 87552K, used 7653K [0x0000000081400000, 0x0000000086980000, 0x00000000d5c00000)
  object space 87552K, 8% used [0x0000000081400000,0x0000000081b79730,0x0000000086980000)
 Metaspace       used 20573K, capacity 21092K, committed 21248K, reserved 1067008K
  class space    used 2536K, capacity 2727K, committed 2816K, reserved 1048576K
Event: 5.525 GC heap after
Heap after GC invocations=5 (full 0):
 PSYoungGen      total 38400K, used 5120K [0x00000000d5c00000, 0x00000000daf00000, 0x0000000100000000)
  eden space 33280K, 0% used [0x00000000d5c00000,0x00000000d5c00000,0x00000000d7c80000)
  from space 5120K, 100% used [0x00000000d7c80000,0x00000000d8180000,0x00000000d8180000)
  to   space 9216K, 0% used [0x00000000da600000,0x00000000da600000,0x00000000daf00000)
 ParOldGen       total 87552K, used 10393K [0x0000000081400000, 0x0000000086980000, 0x00000000d5c00000)
  object space 87552K, 11% used [0x0000000081400000,0x0000000081e26768,0x0000000086980000)
 Metaspace       used 20573K, capacity 21092K, committed 21248K, reserved 1067008K
  class space    used 2536K, capacity 2727K, committed 2816K, reserved 1048576K
}
Event: 5.525 GC heap before
{Heap before GC invocations=6 (full 1):
 PSYoungGen      total 38400K, used 5120K [0x00000000d5c00000, 0x00000000daf00000, 0x0000000100000000)
  eden space 33280K, 0% used [0x00000000d5c00000,0x00000000d5c00000,0x00000000d7c80000)
  from space 5120K, 100% used [0x00000000d7c80000,0x00000000d8180000,0x00000000d8180000)
  to   space 9216K, 0% used [0x00000000da600000,0x00000000da600000,0x00000000daf00000)
 ParOldGen       total 87552K, used 10393K [0x0000000081400000, 0x0000000086980000, 0x00000000d5c00000)
  object space 87552K, 11% used [0x0000000081400000,0x0000000081e26768,0x0000000086980000)
 Metaspace       used 20573K, capacity 21092K, committed 21248K, reserved 1067008K
  class space    used 2536K, capacity 2727K, committed 2816K, reserved 1048576K
Event: 5.691 GC heap after
Heap after GC invocations=6 (full 1):
 PSYoungGen      total 38400K, used 0K [0x00000000d5c00000, 0x00000000daf00000, 0x0000000100000000)
  eden space 33280K, 0% used [0x00000000d5c00000,0x00000000d5c00000,0x00000000d7c80000)
  from space 5120K, 0% used [0x00000000d7c80000,0x00000000d7c80000,0x00000000d8180000)
  to   space 9216K, 0% used [0x00000000da600000,0x00000000da600000,0x00000000daf00000)
 ParOldGen       total 71680K, used 10062K [0x0000000081400000, 0x0000000085a00000, 0x00000000d5c00000)
  object space 71680K, 14% used [0x0000000081400000,0x0000000081dd3be0,0x0000000085a00000)
 Metaspace       used 20573K, capacity 21092K, committed 21248K, reserved 1067008K
  class space    used 2536K, capacity 2727K, committed 2816K, reserved 1048576K
}
Event: 7.113 GC heap before
{Heap before GC invocations=7 (full 1):
 PSYoungGen      total 38400K, used 33280K [0x00000000d5c00000, 0x00000000daf00000, 0x0000000100000000)
  eden space 33280K, 100% used [0x00000000d5c00000,0x00000000d7c80000,0x00000000d7c80000)
  from space 5120K, 0% used [0x00000000d7c80000,0x00000000d7c80000,0x00000000d8180000)
  to   space 9216K, 0% used [0x00000000da600000,0x00000000da600000,0x00000000daf00000)
 ParOldGen       total 71680K, used 10062K [0x0000000081400000, 0x0000000085a00000, 0x00000000d5c00000)
  object space 71680K, 14% used [0x0000000081400000,0x0000000081dd3be0,0x0000000085a00000)
 Metaspace       used 24926K, capacity 25632K, committed 25856K, reserved 1071104K
  class space    used 3026K, capacity 3289K, committed 3328K, reserved 1048576K
Event: 7.129 GC heap after
Heap after GC invocations=7 (full 1):
 PSYoungGen      total 50688K, used 7339K [0x00000000d5c00000, 0x00000000dad80000, 0x0000000100000000)
  eden space 43008K, 0% used [0x00000000d5c00000,0x00000000d5c00000,0x00000000d8600000)
  from space 7680K, 95% used [0x00000000da600000,0x00000000dad2ad78,0x00000000dad80000)
  to   space 9216K, 0% used [0x00000000d9b80000,0x00000000d9b80000,0x00000000da480000)
 ParOldGen       total 71680K, used 10070K [0x0000000081400000, 0x0000000085a00000, 0x00000000d5c00000)
  object space 71680K, 14% used [0x0000000081400000,0x0000000081dd5be0,0x0000000085a00000)
 Metaspace       used 24926K, capacity 25632K, committed 25856K, reserved 1071104K
  class space    used 3026K, capacity 3289K, committed 3328K, reserved 1048576K
}

Deoptimization events (10 events):
Event: 7.485 Thread 0x000000001b7a3800 Uncommon trap: reason=class_check action=maybe_recompile pc=0x0000000002e1df34 method=java.lang.StringCoding$StringDecoder.decode([BII)[C @ 30
Event: 7.485 Thread 0x000000001b7a3800 Uncommon trap: reason=class_check action=maybe_recompile pc=0x0000000002e1df34 method=java.lang.StringCoding$StringDecoder.decode([BII)[C @ 30
Event: 7.485 Thread 0x000000001b7a3800 Uncommon trap: reason=class_check action=maybe_recompile pc=0x0000000002e1df34 method=java.lang.StringCoding$StringDecoder.decode([BII)[C @ 30
Event: 7.632 Thread 0x000000001d0c9800 Uncommon trap: reason=class_check action=maybe_recompile pc=0x0000000002cee87c method=java.util.concurrent.locks.AbstractQueuedSynchronizer.release(I)Z @ 2
Event: 7.632 Thread 0x00000000196a6000 Uncommon trap: reason=class_check action=maybe_recompile pc=0x0000000002cee87c method=java.util.concurrent.locks.AbstractQueuedSynchronizer.release(I)Z @ 2
Event: 7.635 Thread 0x000000001d0c9800 Uncommon trap: reason=unstable_if action=reinterpret pc=0x0000000002685138 method=sun.net.www.ParseUtil.encodePath(Ljava/lang/String;Z)Ljava/lang/String; @ 123
Event: 7.635 Thread 0x00000000196a6000 Uncommon trap: reason=unstable_if action=reinterpret pc=0x0000000002685324 method=sun.net.www.ParseUtil.encodePath(Ljava/lang/String;Z)Ljava/lang/String; @ 109
Event: 7.686 Thread 0x00000000196a6000 Uncommon trap: reason=class_check action=maybe_recompile pc=0x0000000002cee87c method=java.util.concurrent.locks.AbstractQueuedSynchronizer.release(I)Z @ 2
Event: 7.713 Thread 0x000000001cb47800 Uncommon trap: reason=class_check action=maybe_recompile pc=0x0000000002cee87c method=java.util.concurrent.locks.AbstractQueuedSynchronizer.release(I)Z @ 2
Event: 7.883 Thread 0x000000001cb47800 Uncommon trap: reason=unstable_if action=reinterpret pc=0x00000000029d6ae8 method=java.awt.image.ComponentColorModel.coerceData(Ljava/awt/image/WritableRaster;Z)Ljava/awt/image/ColorModel; @ 178

Internal exceptions (10 events):
Event: 2.425 Thread 0x000000000225e000 Implicit null exception at 0x00000000026e6d2f to 0x00000000026e6d99
Event: 2.596 Thread 0x000000000225e000 Implicit null exception at 0x00000000029f22b2 to 0x00000000029f24f9
Event: 4.204 Thread 0x000000000225e000 Implicit null exception at 0x0000000002c32e3d to 0x0000000002c33f99
Event: 5.904 Thread 0x000000000225e000 Exception <a 'java/io/FileNotFoundException'> (0x00000000d6319e50) thrown at [C:\re\workspace\8-2-build-windows-amd64-cygwin\jdk8u51\3951\hotspot\src\share\vm\prims\jni.cpp, line 709]
Event: 5.910 Thread 0x000000000225e000 Exception <a 'java/io/FileNotFoundException'> (0x00000000d635b538) thrown at [C:\re\workspace\8-2-build-windows-amd64-cygwin\jdk8u51\3951\hotspot\src\share\vm\prims\jni.cpp, line 709]
Event: 6.907 Thread 0x000000001b7a3800 Implicit null exception at 0x0000000002def04c to 0x0000000002def7ed
Event: 7.032 Thread 0x000000001b7a3800 Exception <a 'java/io/FileNotFoundException'> (0x00000000d7b3b488) thrown at [C:\re\workspace\8-2-build-windows-amd64-cygwin\jdk8u51\3951\hotspot\src\share\vm\prims\jni.cpp, line 709]
Event: 7.055 Thread 0x000000001b7a3800 Exception <a 'java/io/FileNotFoundException'> (0x00000000d7b5f4d8) thrown at [C:\re\workspace\8-2-build-windows-amd64-cygwin\jdk8u51\3951\hotspot\src\share\vm\prims\jni.cpp, line 709]
Event: 7.096 Thread 0x000000001b7a3800 Exception <a 'java/lang/NoSuchFieldError': method resolution failed> (0x00000000d7c2e348) thrown at [C:\re\workspace\8-2-build-windows-amd64-cygwin\jdk8u51\3951\hotspot\src\share\vm\prims\methodHandles.cpp, line 1125]
Event: 7.100 Thread 0x000000001b7a3800 Exception <a 'java/lang/NoSuchFieldError': method resolution failed> (0x00000000d7c3cc78) thrown at [C:\re\workspace\8-2-build-windows-amd64-cygwin\jdk8u51\3951\hotspot\src\share\vm\prims\methodHandles.cpp, line 1125]

Events (10 events):
Event: 33.436 Executing VM operation: RevokeBias done
Event: 33.436 Thread 0x000000001cb47800 Thread exited: 0x000000001cb47800
Event: 33.436 Thread 0x0000000018f7f800 Thread exited: 0x0000000018f7f800
Event: 33.436 Thread 0x000000001cb45000 Thread added: 0x000000001cb45000
Event: 33.437 Thread 0x000000001cb4a800 Thread added: 0x000000001cb4a800
Event: 33.437 Executing VM operation: RevokeBias
Event: 33.437 Executing VM operation: RevokeBias done
Event: 33.437 Thread 0x000000001cb4a800 Thread exited: 0x000000001cb4a800
Event: 33.437 Thread 0x000000001cb45000 Thread exited: 0x000000001cb45000
Event: 33.437 Executing VM operation: Exit


Dynamic libraries:
0x00007ff675db0000 - 0x00007ff675de7000 	C:\Program Files\Java\jdk1.8.0_51\bin\java.exe
0x00007ff940c70000 - 0x00007ff940e39000 	C:\WINDOWS\SYSTEM32\ntdll.dll
0x00007ff940b10000 - 0x00007ff940bbb000 	C:\WINDOWS\system32\KERNEL32.DLL
0x00007ff93d400000 - 0x00007ff93d5fc000 	C:\WINDOWS\system32\KERNELBASE.dll
0x00007ff93f9a0000 - 0x00007ff93fa47000 	C:\WINDOWS\system32\ADVAPI32.dll
0x00007ff93fbc0000 - 0x00007ff93fc5d000 	C:\WINDOWS\system32\msvcrt.dll
0x00007ff940650000 - 0x00007ff9406ac000 	C:\WINDOWS\system32\sechost.dll
0x00007ff940780000 - 0x00007ff9408a5000 	C:\WINDOWS\system32\RPCRT4.dll
0x00007ff93fa50000 - 0x00007ff93fbb6000 	C:\WINDOWS\system32\USER32.dll
0x000000005bbe0000 - 0x000000005bbff000 	C:\WINDOWS\system32\win32u.dll
0x00007ff93f970000 - 0x00007ff93f9a0000 	C:\WINDOWS\system32\GDI32.dll
0x00007ff93e050000 - 0x00007ff93e1d0000 	C:\WINDOWS\system32\gdi32full.dll
0x00007ff933f70000 - 0x00007ff9341dc000 	C:\WINDOWS\WinSxS\amd64_microsoft.windows.common-controls_6595b64144ccf1df_6.0.14295.1000_none_7d072e80b85c67b2\COMCTL32.dll
0x00007ff940090000 - 0x00007ff94031f000 	C:\WINDOWS\system32\combase.dll
0x00007ff93d870000 - 0x00007ff93d964000 	C:\WINDOWS\system32\ucrtbase.dll
0x00007ff93d2e0000 - 0x00007ff93d349000 	C:\WINDOWS\system32\bcryptPrimitives.dll
0x00007ff940580000 - 0x00007ff9405ae000 	C:\WINDOWS\system32\IMM32.DLL
0x000000005a270000 - 0x000000005a342000 	C:\Program Files\Java\jdk1.8.0_51\jre\bin\msvcr100.dll
0x00000000599e0000 - 0x000000005a263000 	C:\Program Files\Java\jdk1.8.0_51\jre\bin\server\jvm.dll
0x00007ff940bc0000 - 0x00007ff940bc7000 	C:\WINDOWS\system32\PSAPI.DLL
0x00007ff93b910000 - 0x00007ff93b933000 	C:\WINDOWS\SYSTEM32\WINMM.dll
0x00007ff931a50000 - 0x00007ff931a5a000 	C:\WINDOWS\SYSTEM32\VERSION.dll
0x00007ff93ba70000 - 0x00007ff93ba79000 	C:\WINDOWS\SYSTEM32\WSOCK32.dll
0x00007ff93b8e0000 - 0x00007ff93b90b000 	C:\WINDOWS\SYSTEM32\WINMMBASE.dll
0x00007ff93d350000 - 0x00007ff93d393000 	C:\WINDOWS\system32\cfgmgr32.dll
0x00007ff940710000 - 0x00007ff94077b000 	C:\WINDOWS\system32\WS2_32.dll
0x00000000599d0000 - 0x00000000599df000 	C:\Program Files\Java\jdk1.8.0_51\jre\bin\verify.dll
0x00000000599a0000 - 0x00000000599c9000 	C:\Program Files\Java\jdk1.8.0_51\jre\bin\java.dll
0x0000000059980000 - 0x0000000059996000 	C:\Program Files\Java\jdk1.8.0_51\jre\bin\zip.dll
0x00007ff93e420000 - 0x00007ff93f8f1000 	C:\WINDOWS\system32\SHELL32.dll
0x00007ff93d970000 - 0x00007ff93e023000 	C:\WINDOWS\system32\windows.storage.dll
0x00007ff9406b0000 - 0x00007ff940702000 	C:\WINDOWS\system32\shlwapi.dll
0x00007ff93d2d0000 - 0x00007ff93d2df000 	C:\WINDOWS\system32\kernel.appcore.dll
0x00007ff93d600000 - 0x00007ff93d6a8000 	C:\WINDOWS\system32\shcore.dll
0x00007ff93d260000 - 0x00007ff93d2ab000 	C:\WINDOWS\system32\powrprof.dll
0x00007ff93d2b0000 - 0x00007ff93d2c4000 	C:\WINDOWS\system32\profapi.dll
0x0000000059960000 - 0x000000005997a000 	C:\Program Files\Java\jdk1.8.0_51\jre\bin\net.dll
0x00007ff93cb30000 - 0x00007ff93cb8c000 	C:\WINDOWS\system32\mswsock.dll
0x0000000059940000 - 0x0000000059951000 	C:\Program Files\Java\jdk1.8.0_51\jre\bin\nio.dll
0x00000000597a0000 - 0x0000000059938000 	C:\Program Files\Java\jdk1.8.0_51\jre\bin\awt.dll
0x00007ff9408b0000 - 0x00007ff94096b000 	C:\WINDOWS\system32\OLEAUT32.dll
0x00007ff93bb80000 - 0x00007ff93bbf9000 	C:\WINDOWS\SYSTEM32\apphelp.dll
0x00007ff93a970000 - 0x00007ff93a994000 	C:\WINDOWS\system32\DWMAPI.DLL
0x00007ff93bcd0000 - 0x00007ff93bd63000 	C:\WINDOWS\system32\uxtheme.dll
0x0000000180000000 - 0x0000000180050000 	C:\cygwin64\tmp\playnaphis\1284024257\lwjgl64.dll
0x00007ff91fcf0000 - 0x00007ff91fe13000 	C:\WINDOWS\SYSTEM32\OPENGL32.dll
0x00007ff91fcc0000 - 0x00007ff91fcec000 	C:\WINDOWS\SYSTEM32\GLU32.dll
0x00007ff91fbc0000 - 0x00007ff91fcb7000 	C:\WINDOWS\SYSTEM32\DDRAW.dll
0x00007ff920020000 - 0x00007ff920028000 	C:\WINDOWS\SYSTEM32\DCIMAN32.dll
0x00007ff940320000 - 0x00007ff940471000 	C:\WINDOWS\system32\MSCTF.dll
0x00007ff927fa0000 - 0x00007ff927fcb000 	C:\PROGRA~2\RAPTRI~1\Raptr\ltc_help64-109838.dll
0x00007ff93d3a0000 - 0x00007ff93d3f5000 	C:\WINDOWS\system32\WINTRUST.dll
0x00007ff93d250000 - 0x00007ff93d260000 	C:\WINDOWS\system32\MSASN1.dll
0x00007ff93d6b0000 - 0x00007ff93d86c000 	C:\WINDOWS\system32\CRYPT32.dll
0x00007ff8ff7b0000 - 0x00007ff900469000 	C:\WINDOWS\SYSTEM32\ig8icd64.dll
0x00007ff934480000 - 0x00007ff934e85000 	C:\WINDOWS\SYSTEM32\igdusc64.dll
0x00007ff93b090000 - 0x00007ff93b0a3000 	C:\WINDOWS\SYSTEM32\WTSAPI32.dll
0x00007ff91d890000 - 0x00007ff91d91d000 	C:\WINDOWS\SYSTEM32\mscms.dll
0x00007ff93c9c0000 - 0x00007ff93c9df000 	C:\WINDOWS\SYSTEM32\USERENV.dll
0x00007ff92a790000 - 0x00007ff92a7d2000 	C:\WINDOWS\SYSTEM32\icm32.dll
0x00007ff93cbe0000 - 0x00007ff93cbf7000 	C:\WINDOWS\system32\CRYPTSP.dll
0x00007ff93c8d0000 - 0x00007ff93c904000 	C:\WINDOWS\system32\rsaenh.dll
0x00007ff93d190000 - 0x00007ff93d1b9000 	C:\WINDOWS\SYSTEM32\bcrypt.dll
0x00007ff93cd00000 - 0x00007ff93cd0b000 	C:\WINDOWS\SYSTEM32\CRYPTBASE.dll
0x00007ff940630000 - 0x00007ff94064c000 	C:\WINDOWS\system32\imagehlp.dll
0x00007ff93c3b0000 - 0x00007ff93c3d3000 	C:\WINDOWS\SYSTEM32\gpapi.dll
0x00007ff92c170000 - 0x00007ff92c19f000 	C:\Windows\System32\cryptnet.dll
0x00007ff939f60000 - 0x00007ff939f97000 	C:\WINDOWS\SYSTEM32\IPHLPAPI.DLL
0x00007ff939c20000 - 0x00007ff939c2b000 	C:\WINDOWS\SYSTEM32\WINNSI.DLL
0x00007ff940620000 - 0x00007ff940628000 	C:\WINDOWS\system32\NSI.dll
0x00007ff912a80000 - 0x00007ff912c90000 	C:\PROGRA~2\RAPTRI~1\Raptr\ltc_game64-109838.dll
0x00007ff93e280000 - 0x00007ff93e3b8000 	C:\WINDOWS\system32\ole32.dll
0x00007ff912dd0000 - 0x00007ff912f5b000 	C:\WINDOWS\SYSTEM32\dbghelp.dll

VM Arguments:
jvm_args: -Dclassworlds.conf=C:\apache-maven-3.3.9/bin/m2.conf -Dmaven.home=C:\apache-maven-3.3.9 -Dmaven.multiModuleProjectDirectory=C:\cygwin64\home\aphis\event\Event-Driven-Programming-Project\project 
java_command: org.codehaus.plexus.classworlds.launcher.Launcher test -Pjava
java_class_path (initial): C:\apache-maven-3.3.9/boot/plexus-classworlds-2.5.2.jar
Launcher Type: SUN_STANDARD

Environment Variables:
JAVA_HOME=C:\Program Files\Java\jdk1.8.0_51
PATH=C:\cygwin64\usr\local\bin;C:\cygwin64\bin;C:\Program Files (x86)\Intel\iCLS Client;C:\Program Files\Intel\iCLS Client;C:\ProgramData\Oracle\Java\javapath;C:\WINDOWS\system32;C:\WINDOWS;C:\WINDOWS\System32\Wbem;C:\WINDOWS\System32\WindowsPowerShell\v1.0;C:\Program Files (x86)\AMD\ATI.ACE\Core-Static;C:\Program Files\Java\jdk1.8.0_51\bin;C:\Program Files\Intel\Intel(R) Management Engine Components\DAL;C:\Program Files (x86)\Intel\Intel(R) Management Engine Components\DAL;C:\Program Files\Intel\Intel(R) Management Engine Components\IPT;C:\Program Files (x86)\Intel\Intel(R) Management Engine Components\IPT;C:\Program Files\Java\jdk1.8.0_51\bin;C:\grails-2.4.5\grails-2.4.5\bin;C:\Program Files (x86)\ATI Technologies\ATI.ACE\Core-Static;C:\Program Files (x86)\Dev-Cpp\MinGW64\bin;C:\Go\bin;C:\Program Files\Git\bin;C:\Program Files (x86)\Skype\Phone;C:\Program Files (x86)\GtkSharp\2.12\bin;C:\apache-maven-3.3.9\bin;C:\Users\aphis\AppData\Local\Programs\Python\Python35-32\Scripts;C:\Users\aphis\AppData\Local\Programs\Python\Python35-32;C:\Program Files (x86)\Microsoft VS Code\bin
USERNAME=aphis
SHELL=/bin/bash
OS=Windows_NT
PROCESSOR_IDENTIFIER=Intel64 Family 6 Model 61 Stepping 4, GenuineIntel



---------------  S Y S T E M  ---------------

OS: Windows 10.0 , 64 bit Build 14295 (10.0.14295.1000)

CPU:total 4 (2 cores per cpu, 2 threads per core) family 6 model 61 stepping 4, cmov, cx8, fxsr, mmx, sse, sse2, sse3, ssse3, sse4.1, sse4.2, popcnt, avx, avx2, aes, clmul, erms, 3dnowpref, lzcnt, ht, tsc, tscinvbit, bmi1, bmi2, adx

Memory: 4k page, physical 8301016k(3464472k free), swap 9611736k(1929708k free)

vm_info: Java HotSpot(TM) 64-Bit Server VM (25.51-b03) for windows-amd64 JRE (1.8.0_51-b16), built on Jun  8 2015 18:03:07 by "java_re" with MS VC++ 10.0 (VS2010)

time: Sat Apr 02 11:02:48 2016
elapsed time: 33 seconds (0d 0h 0m 33s)

