#
# A fatal error has been detected by the Java Runtime Environment:
#
#  EXCEPTION_ACCESS_VIOLATION (0xc0000005) at pc=0x00007ff91fdcecb4, pid=2900, tid=3228
#
# JRE version: Java(TM) SE Runtime Environment (8.0_51-b16) (build 1.8.0_51-b16)
# Java VM: Java HotSpot(TM) 64-Bit Server VM (25.51-b03 mixed mode windows-amd64 compressed oops)
# Problematic frame:
# C  [OPENGL32.dll+0xdecb4]
#
# Failed to write core dump. Minidumps are not enabled by default on client versions of Windows
#
# If you would like to submit a bug report, please visit:
#   http://bugreport.java.com/bugreport/crash.jsp
#

---------------  T H R E A D  ---------------

Current thread (0x0000000016f67800):  VMThread [stack: 0x0000000018020000,0x0000000018120000] [id=3228]

siginfo: ExceptionCode=0xc0000005, reading address 0x0000000000000a38

Registers:
RAX=0x0000000000000000, RBX=0x000000002abce230, RCX=0x0000000000000001, RDX=0x000000002abce238
RSP=0x000000001811f4e8, RBP=0x0000000000000000, RSI=0x000000002b2e41c0, RDI=0x000000002b2e41c0
R8 =0x000000001811f568, R9 =0x0000000016e75400, R10=0x0000000000000042, R11=0x00007ff91fde1bb8
R12=0x0000000000000000, R13=0x000000002abc7f98, R14=0x000000002abc7e50, R15=0x0000000000000000
RIP=0x00007ff91fdcecb4, EFLAGS=0x0000000000010283

Top of Stack: (sp=0x000000001811f4e8)
0x000000001811f4e8:   00007ff9180c44eb 0000000000000001
0x000000001811f4f8:   000000002abce238 000000001811f568
0x000000001811f508:   0000000016e75400 0000000000000000
0x000000001811f518:   00007ff9180c9fb7 0000000000000000
0x000000001811f528:   000000002abca460 000000002abc7f80
0x000000001811f538:   00007ff9180c9323 fffffffffffffffe
0x000000001811f548:   000000001811f5b0 0000000000000000
0x000000001811f558:   00007ff9180ca869 000000002b2e41c0
0x000000001811f568:   000000002abc7910 000000002abc7e50
0x000000001811f578:   00007ff91812a910 fffffffffffffffe
0x000000001811f588:   000000002abca4a0 0000000000000001
0x000000001811f598:   000000002abc7f78 000000002abc7e50
0x000000001811f5a8:   00007ff918132a31 00007ff918254790
0x000000001811f5b8:   00007ff918197ad0 0000000016e75400
0x000000001811f5c8:   0000000000000000 000000002abc7f78
0x000000001811f5d8:   000000002abc7e50 000000002abc7e50 

Instructions: (pc=0x00007ff91fdcecb4)
0x00007ff91fdcec94:   cc cc cc cc cc cc 66 0f 1f 44 00 00 8b 05 62 63
0x00007ff91fdceca4:   01 00 83 f8 40 73 0f 65 48 8b 04 c5 80 14 00 00
0x00007ff91fdcecb4:   ff a0 38 0a 00 00 b8 47 01 00 00 e9 ec d4 ff ff
0x00007ff91fdcecc4:   cc cc cc cc cc cc 66 0f 1f 44 00 00 8b 05 32 63 


Register to memory mapping:

RAX=0x0000000000000000 is an unknown value
RBX=0x000000002abce230 is an unknown value
RCX=0x0000000000000001 is an unknown value
RDX=0x000000002abce238 is an unknown value
RSP=0x000000001811f4e8 is an unknown value
RBP=0x0000000000000000 is an unknown value
RSI=0x000000002b2e41c0 is an unknown value
RDI=0x000000002b2e41c0 is an unknown value
R8 =0x000000001811f568 is an unknown value
R9 =0x0000000016e75400 is an unknown value
R10=0x0000000000000042 is an unknown value
R11=0x00007ff91fde1bb8 is an unknown value
R12=0x0000000000000000 is an unknown value
R13=0x000000002abc7f98 is an unknown value
R14=0x000000002abc7e50 is an unknown value
R15=0x0000000000000000 is an unknown value


Stack: [0x0000000018020000,0x0000000018120000],  sp=0x000000001811f4e8,  free space=1021k
Native frames: (J=compiled Java code, j=interpreted, Vv=VM code, C=native code)

VM_Operation (0x000000001d3be5e0): Exit, mode: safepoint, requested by thread 0x0000000019615000


---------------  P R O C E S S  ---------------

Java Threads: ( => current thread )
  0x0000000019729800 JavaThread "LWJGL Timer" daemon [_thread_blocked, id=7764, stack(0x000000002a300000,0x000000002a400000)]
  0x0000000018afc800 JavaThread "Java2D Disposer" daemon [_thread_blocked, id=5416, stack(0x000000001e8b0000,0x000000001e9b0000)]
  0x0000000019615000 JavaThread "event.project.java.MyGameJava.main()" [_thread_blocked, id=8776, stack(0x000000001d2c0000,0x000000001d3c0000)]
  0x000000001884c800 JavaThread "Service Thread" daemon [_thread_blocked, id=9488, stack(0x0000000018c20000,0x0000000018d20000)]
  0x0000000016fb2800 JavaThread "C1 CompilerThread2" daemon [_thread_blocked, id=3828, stack(0x0000000018720000,0x0000000018820000)]
  0x0000000016fa1800 JavaThread "C2 CompilerThread1" daemon [_thread_blocked, id=6956, stack(0x0000000018620000,0x0000000018720000)]
  0x0000000016f9e800 JavaThread "C2 CompilerThread0" daemon [_thread_blocked, id=3340, stack(0x0000000018520000,0x0000000018620000)]
  0x0000000016f9d000 JavaThread "Attach Listener" daemon [_thread_blocked, id=1116, stack(0x0000000018420000,0x0000000018520000)]
  0x0000000016f9c000 JavaThread "Signal Dispatcher" daemon [_thread_blocked, id=7496, stack(0x0000000018320000,0x0000000018420000)]
  0x0000000002427800 JavaThread "Finalizer" daemon [_thread_blocked, id=7336, stack(0x0000000018220000,0x0000000018320000)]
  0x000000000241f800 JavaThread "Reference Handler" daemon [_thread_blocked, id=1952, stack(0x0000000018120000,0x0000000018220000)]
  0x000000000222e000 JavaThread "main" [_thread_blocked, id=11328, stack(0x0000000002230000,0x0000000002330000)]

Other Threads:
=>0x0000000016f67800 VMThread [stack: 0x0000000018020000,0x0000000018120000] [id=3228]

VM state:at safepoint (shutting down)

VM Mutex/Monitor currently owned by a thread:  ([mutex/lock_event])
[0x000000000222d9a0] Threads_lock - owner thread: 0x0000000016f67800

Heap:
 PSYoungGen      total 41984K, used 16233K [0x00000000d5c00000, 0x00000000dae00000, 0x0000000100000000)
  eden space 32768K, 49% used [0x00000000d5c00000,0x00000000d6bda7f0,0x00000000d7c00000)
  from space 9216K, 0% used [0x00000000d8500000,0x00000000d8500000,0x00000000d8e00000)
  to   space 9216K, 0% used [0x00000000d7c00000,0x00000000d7c00000,0x00000000d8500000)
 ParOldGen       total 61952K, used 9502K [0x0000000081400000, 0x0000000085080000, 0x00000000d5c00000)
  object space 61952K, 15% used [0x0000000081400000,0x0000000081d478e8,0x0000000085080000)
 Metaspace       used 23327K, capacity 24078K, committed 24192K, reserved 1071104K
  class space    used 2685K, capacity 2933K, committed 2944K, reserved 1048576K

Card table byte_map: [0x00000000117f0000,0x0000000011bf0000] byte_map_base: 0x00000000113e6000

Marking Bits: (ParMarkBitMap*) 0x000000005a2f4040
 Begin Bits: [0x00000000122a0000, 0x0000000014250000)
 End Bits:   [0x0000000014250000, 0x0000000016200000)

Polling page: 0x00000000001f0000

CodeCache: size=245760Kb used=11629Kb max_used=11630Kb free=234130Kb
 bounds [0x0000000002430000, 0x0000000002fa0000, 0x0000000011430000]
 total_blobs=4166 nmethods=3564 adapters=513
 compilation: enabled

Compilation events (10 events):
Event: 884.822 Thread 0x0000000016fb2800 4005       3       org.lwjgl.opengl.WindowsDisplay::getHwnd (5 bytes)
Event: 884.822 Thread 0x0000000016fb2800 nmethod 4005 0x0000000002f7e050 code [0x0000000002f7e1a0, 0x0000000002f7e2f0]
Event: 885.156 Thread 0x0000000016fb2800 4007   !   3       playn.core.GroupLayerImpl::hitTest (175 bytes)
Event: 885.158 Thread 0x0000000016fb2800 nmethod 4007 0x0000000002f806d0 code [0x0000000002f80940, 0x0000000002f81de8]
Event: 885.158 Thread 0x0000000016fb2800 4006       3       playn.core.gl.GroupLayerGL::hitTestDefault (10 bytes)
Event: 885.158 Thread 0x0000000016fb2800 nmethod 4006 0x0000000002f802d0 code [0x0000000002f80440, 0x0000000002f805e8]
Event: 885.189 Thread 0x0000000016fb2800 4008       3       org.lwjgl.opengl.WindowsDisplay::shouldGrab (26 bytes)
Event: 885.190 Thread 0x0000000016fb2800 nmethod 4008 0x0000000002f7da10 code [0x0000000002f7db80, 0x0000000002f7df50]
Event: 885.663 Thread 0x0000000016fb2800 4009   !   3       java.util.logging.LogManager::ensureLogManagerInitialized (128 bytes)
Event: 885.664 Thread 0x0000000016fb2800 nmethod 4009 0x0000000002f77610 code [0x0000000002f777c0, 0x0000000002f77e48]

GC Heap History (10 events):
Event: 5.529 GC heap before
{Heap before GC invocations=3 (full 0):
 PSYoungGen      total 38400K, used 38380K [0x00000000d5c00000, 0x00000000d8680000, 0x0000000100000000)
  eden space 33280K, 100% used [0x00000000d5c00000,0x00000000d7c80000,0x00000000d7c80000)
  from space 5120K, 99% used [0x00000000d8180000,0x00000000d867b258,0x00000000d8680000)
  to   space 5120K, 0% used [0x00000000d7c80000,0x00000000d7c80000,0x00000000d8180000)
 ParOldGen       total 87552K, used 2903K [0x0000000081400000, 0x0000000086980000, 0x00000000d5c00000)
  object space 87552K, 3% used [0x0000000081400000,0x00000000816d5e70,0x0000000086980000)
 Metaspace       used 15128K, capacity 15416K, committed 15616K, reserved 1062912K
  class space    used 1844K, capacity 1945K, committed 2048K, reserved 1048576K
Event: 5.540 GC heap after
Heap after GC invocations=3 (full 0):
 PSYoungGen      total 38400K, used 5088K [0x00000000d5c00000, 0x00000000d8680000, 0x0000000100000000)
  eden space 33280K, 0% used [0x00000000d5c00000,0x00000000d5c00000,0x00000000d7c80000)
  from space 5120K, 99% used [0x00000000d7c80000,0x00000000d8178020,0x00000000d8180000)
  to   space 5120K, 0% used [0x00000000d8180000,0x00000000d8180000,0x00000000d8680000)
 ParOldGen       total 87552K, used 4777K [0x0000000081400000, 0x0000000086980000, 0x00000000d5c00000)
  object space 87552K, 5% used [0x0000000081400000,0x00000000818aa700,0x0000000086980000)
 Metaspace       used 15128K, capacity 15416K, committed 15616K, reserved 1062912K
  class space    used 1844K, capacity 1945K, committed 2048K, reserved 1048576K
}
Event: 7.301 GC heap before
{Heap before GC invocations=4 (full 0):
 PSYoungGen      total 38400K, used 38368K [0x00000000d5c00000, 0x00000000d8680000, 0x0000000100000000)
  eden space 33280K, 100% used [0x00000000d5c00000,0x00000000d7c80000,0x00000000d7c80000)
  from space 5120K, 99% used [0x00000000d7c80000,0x00000000d8178020,0x00000000d8180000)
  to   space 5120K, 0% used [0x00000000d8180000,0x00000000d8180000,0x00000000d8680000)
 ParOldGen       total 87552K, used 4777K [0x0000000081400000, 0x0000000086980000, 0x00000000d5c00000)
  object space 87552K, 5% used [0x0000000081400000,0x00000000818aa700,0x0000000086980000)
 Metaspace       used 16228K, capacity 16618K, committed 16768K, reserved 1064960K
  class space    used 1947K, capacity 2091K, committed 2176K, reserved 1048576K
Event: 7.312 GC heap after
Heap after GC invocations=4 (full 0):
 PSYoungGen      total 38400K, used 5088K [0x00000000d5c00000, 0x00000000d8680000, 0x0000000100000000)
  eden space 33280K, 0% used [0x00000000d5c00000,0x00000000d5c00000,0x00000000d7c80000)
  from space 5120K, 99% used [0x00000000d8180000,0x00000000d8678020,0x00000000d8680000)
  to   space 5120K, 0% used [0x00000000d7c80000,0x00000000d7c80000,0x00000000d8180000)
 ParOldGen       total 87552K, used 7647K [0x0000000081400000, 0x0000000086980000, 0x00000000d5c00000)
  object space 87552K, 8% used [0x0000000081400000,0x0000000081b77d90,0x0000000086980000)
 Metaspace       used 16228K, capacity 16618K, committed 16768K, reserved 1064960K
  class space    used 1947K, capacity 2091K, committed 2176K, reserved 1048576K
}
Event: 9.420 GC heap before
{Heap before GC invocations=5 (full 0):
 PSYoungGen      total 38400K, used 38368K [0x00000000d5c00000, 0x00000000d8680000, 0x0000000100000000)
  eden space 33280K, 100% used [0x00000000d5c00000,0x00000000d7c80000,0x00000000d7c80000)
  from space 5120K, 99% used [0x00000000d8180000,0x00000000d8678020,0x00000000d8680000)
  to   space 5120K, 0% used [0x00000000d7c80000,0x00000000d7c80000,0x00000000d8180000)
 ParOldGen       total 87552K, used 7647K [0x0000000081400000, 0x0000000086980000, 0x00000000d5c00000)
  object space 87552K, 8% used [0x0000000081400000,0x0000000081b77d90,0x0000000086980000)
 Metaspace       used 17651K, capacity 18238K, committed 18560K, reserved 1064960K
  class space    used 2112K, capacity 2310K, committed 2432K, reserved 1048576K
Event: 9.465 GC heap after
Heap after GC invocations=5 (full 0):
 PSYoungGen      total 37888K, used 5088K [0x00000000d5c00000, 0x00000000d8e00000, 0x0000000100000000)
  eden space 32768K, 0% used [0x00000000d5c00000,0x00000000d5c00000,0x00000000d7c00000)
  from space 5120K, 99% used [0x00000000d7c80000,0x00000000d8178020,0x00000000d8180000)
  to   space 9216K, 0% used [0x00000000d8500000,0x00000000d8500000,0x00000000d8e00000)
 ParOldGen       total 87552K, used 10465K [0x0000000081400000, 0x0000000086980000, 0x00000000d5c00000)
  object space 87552K, 11% used [0x0000000081400000,0x0000000081e38510,0x0000000086980000)
 Metaspace       used 17651K, capacity 18238K, committed 18560K, reserved 1064960K
  class space    used 2112K, capacity 2310K, committed 2432K, reserved 1048576K
}
Event: 10.375 GC heap before
{Heap before GC invocations=6 (full 0):
 PSYoungGen      total 37888K, used 10388K [0x00000000d5c00000, 0x00000000d8e00000, 0x0000000100000000)
  eden space 32768K, 16% used [0x00000000d5c00000,0x00000000d612d1d8,0x00000000d7c00000)
  from space 5120K, 99% used [0x00000000d7c80000,0x00000000d8178020,0x00000000d8180000)
  to   space 9216K, 0% used [0x00000000d8500000,0x00000000d8500000,0x00000000d8e00000)
 ParOldGen       total 87552K, used 10465K [0x0000000081400000, 0x0000000086980000, 0x00000000d5c00000)
  object space 87552K, 11% used [0x0000000081400000,0x0000000081e38510,0x0000000086980000)
 Metaspace       used 20400K, capacity 21176K, committed 21296K, reserved 1069056K
  class space    used 2412K, capacity 2677K, committed 2688K, reserved 1048576K
Event: 10.392 GC heap after
Heap after GC invocations=6 (full 0):
 PSYoungGen      total 41984K, used 6050K [0x00000000d5c00000, 0x00000000dae00000, 0x0000000100000000)
  eden space 32768K, 0% used [0x00000000d5c00000,0x00000000d5c00000,0x00000000d7c00000)
  from space 9216K, 65% used [0x00000000d8500000,0x00000000d8ae8900,0x00000000d8e00000)
  to   space 9216K, 0% used [0x00000000d7c00000,0x00000000d7c00000,0x00000000d8500000)
 ParOldGen       total 87552K, used 10473K [0x0000000081400000, 0x0000000086980000, 0x00000000d5c00000)
  object space 87552K, 11% used [0x0000000081400000,0x0000000081e3a510,0x0000000086980000)
 Metaspace       used 20400K, capacity 21176K, committed 21296K, reserved 1069056K
  class space    used 2412K, capacity 2677K, committed 2688K, reserved 1048576K
}
Event: 10.392 GC heap before
{Heap before GC invocations=7 (full 1):
 PSYoungGen      total 41984K, used 6050K [0x00000000d5c00000, 0x00000000dae00000, 0x0000000100000000)
  eden space 32768K, 0% used [0x00000000d5c00000,0x00000000d5c00000,0x00000000d7c00000)
  from space 9216K, 65% used [0x00000000d8500000,0x00000000d8ae8900,0x00000000d8e00000)
  to   space 9216K, 0% used [0x00000000d7c00000,0x00000000d7c00000,0x00000000d8500000)
 ParOldGen       total 87552K, used 10473K [0x0000000081400000, 0x0000000086980000, 0x00000000d5c00000)
  object space 87552K, 11% used [0x0000000081400000,0x0000000081e3a510,0x0000000086980000)
 Metaspace       used 20400K, capacity 21176K, committed 21296K, reserved 1069056K
  class space    used 2412K, capacity 2677K, committed 2688K, reserved 1048576K
Event: 10.487 GC heap after
Heap after GC invocations=7 (full 1):
 PSYoungGen      total 41984K, used 0K [0x00000000d5c00000, 0x00000000dae00000, 0x0000000100000000)
  eden space 32768K, 0% used [0x00000000d5c00000,0x00000000d5c00000,0x00000000d7c00000)
  from space 9216K, 0% used [0x00000000d8500000,0x00000000d8500000,0x00000000d8e00000)
  to   space 9216K, 0% used [0x00000000d7c00000,0x00000000d7c00000,0x00000000d8500000)
 ParOldGen       total 61952K, used 9502K [0x0000000081400000, 0x0000000085080000, 0x00000000d5c00000)
  object space 61952K, 15% used [0x0000000081400000,0x0000000081d478e8,0x0000000085080000)
 Metaspace       used 20400K, capacity 21176K, committed 21296K, reserved 1069056K
  class space    used 2412K, capacity 2677K, committed 2688K, reserved 1048576K
}

Deoptimization events (10 events):
Event: 11.004 Thread 0x000000001a256000 Uncommon trap: reason=class_check action=maybe_recompile pc=0x0000000002dc957c method=java.util.concurrent.locks.AbstractQueuedSynchronizer.release(I)Z @ 2
Event: 11.006 Thread 0x000000001a256000 Uncommon trap: reason=unstable_if action=reinterpret pc=0x00000000027451e4 method=sun.net.www.ParseUtil.encodePath(Ljava/lang/String;Z)Ljava/lang/String; @ 109
Event: 11.006 Thread 0x000000001c1c2000 Uncommon trap: reason=unstable_if action=reinterpret pc=0x0000000002744ff8 method=sun.net.www.ParseUtil.encodePath(Ljava/lang/String;Z)Ljava/lang/String; @ 123
Event: 11.028 Thread 0x000000001a256000 Uncommon trap: reason=class_check action=maybe_recompile pc=0x0000000002afc4ec method=java.util.Hashtable.put(Ljava/lang/Object;Ljava/lang/Object;)Ljava/lang/Object; @ 18
Event: 11.038 Thread 0x000000001c1c2000 Uncommon trap: reason=class_check action=maybe_recompile pc=0x0000000002afc4ec method=java.util.Hashtable.put(Ljava/lang/Object;Ljava/lang/Object;)Ljava/lang/Object; @ 18
Event: 11.043 Thread 0x000000001a256000 Uncommon trap: reason=class_check action=maybe_recompile pc=0x0000000002dc957c method=java.util.concurrent.locks.AbstractQueuedSynchronizer.release(I)Z @ 2
Event: 11.198 Thread 0x0000000018b4f800 Uncommon trap: reason=class_check action=maybe_recompile pc=0x0000000002dc957c method=java.util.concurrent.locks.AbstractQueuedSynchronizer.release(I)Z @ 2
Event: 11.213 Thread 0x000000001a256000 Uncommon trap: reason=unstable_if action=reinterpret pc=0x00000000029de088 method=java.awt.image.ComponentColorModel.coerceData(Ljava/awt/image/WritableRaster;Z)Ljava/awt/image/ColorModel; @ 178
Event: 11.214 Thread 0x000000001a256000 Uncommon trap: reason=unstable_if action=reinterpret pc=0x00000000029b7cb4 method=java.awt.image.ComponentColorModel.coerceData(Ljava/awt/image/WritableRaster;Z)Ljava/awt/image/ColorModel; @ 178
Event: 11.275 Thread 0x000000001a256000 Uncommon trap: reason=class_check action=maybe_recompile pc=0x00000000025b12cc method=java.util.Hashtable.addEntry(ILjava/lang/Object;Ljava/lang/Object;I)V @ 38

Internal exceptions (10 events):
Event: 3.766 Thread 0x000000000222e000 Exception <a 'java/lang/NullPointerException'> (0x00000000d5fb7600) thrown at [C:\re\workspace\8-2-build-windows-amd64-cygwin\jdk8u51\3951\hotspot\src\share\vm\interpreter\linkResolver.cpp, line 1178]
Event: 4.156 Thread 0x000000000222e000 Implicit null exception at 0x0000000002a43e1c to 0x0000000002a4447a
Event: 4.186 Thread 0x000000000222e000 Implicit null exception at 0x0000000002808f55 to 0x000000000280912d
Event: 4.186 Thread 0x000000000222e000 Implicit null exception at 0x00000000027a6eef to 0x00000000027a6f59
Event: 4.375 Thread 0x000000000222e000 Implicit null exception at 0x0000000002ad2de0 to 0x0000000002ad3f91
Event: 7.107 Thread 0x000000000222e000 Implicit null exception at 0x0000000002d1cfb1 to 0x0000000002d1e11d
Event: 10.214 Thread 0x0000000019615000 Exception <a 'java/io/FileNotFoundException'> (0x00000000d5fa0b10) thrown at [C:\re\workspace\8-2-build-windows-amd64-cygwin\jdk8u51\3951\hotspot\src\share\vm\prims\jni.cpp, line 709]
Event: 10.263 Thread 0x0000000019615000 Exception <a 'java/io/FileNotFoundException'> (0x00000000d5fc4b90) thrown at [C:\re\workspace\8-2-build-windows-amd64-cygwin\jdk8u51\3951\hotspot\src\share\vm\prims\jni.cpp, line 709]
Event: 10.333 Thread 0x0000000019615000 Exception <a 'java/lang/NoSuchFieldError': method resolution failed> (0x00000000d60a2b20) thrown at [C:\re\workspace\8-2-build-windows-amd64-cygwin\jdk8u51\3951\hotspot\src\share\vm\prims\methodHandles.cpp, line 1125]
Event: 10.337 Thread 0x0000000019615000 Exception <a 'java/lang/NoSuchFieldError': method resolution failed> (0x00000000d60b1450) thrown at [C:\re\workspace\8-2-build-windows-amd64-cygwin\jdk8u51\3951\hotspot\src\share\vm\prims\methodHandles.cpp, line 1125]

Events (10 events):
Event: 885.662 Executing VM operation: RevokeBias done
Event: 885.662 Thread 0x000000001a256000 Thread exited: 0x000000001a256000
Event: 885.662 Thread 0x000000001a256000 Thread added: 0x000000001a256000
Event: 885.662 Thread 0x0000000019745800 Thread added: 0x0000000019745800
Event: 885.663 Executing VM operation: RevokeBias
Event: 885.663 Executing VM operation: RevokeBias done
Event: 885.663 Thread 0x0000000019745800 Thread exited: 0x0000000019745800
Event: 885.663 Thread 0x000000001a256000 Thread exited: 0x000000001a256000
Event: 885.664 Thread 0x0000000016fb2800 flushing nmethod 0x000000000253ba50
Event: 885.664 Executing VM operation: Exit


Dynamic libraries:
0x00007ff675db0000 - 0x00007ff675de7000 	C:\Program Files\Java\jdk1.8.0_51\bin\java.exe
0x00007ff940c70000 - 0x00007ff940e39000 	C:\WINDOWS\SYSTEM32\ntdll.dll
0x00007ff940b10000 - 0x00007ff940bbb000 	C:\WINDOWS\system32\KERNEL32.DLL
0x00007ff93d400000 - 0x00007ff93d5fc000 	C:\WINDOWS\system32\KERNELBASE.dll
0x00007ff93f9a0000 - 0x00007ff93fa47000 	C:\WINDOWS\system32\ADVAPI32.dll
0x00007ff93fbc0000 - 0x00007ff93fc5d000 	C:\WINDOWS\system32\msvcrt.dll
0x00007ff940650000 - 0x00007ff9406ac000 	C:\WINDOWS\system32\sechost.dll
0x00007ff940780000 - 0x00007ff9408a5000 	C:\WINDOWS\system32\RPCRT4.dll
0x00007ff93fa50000 - 0x00007ff93fbb6000 	C:\WINDOWS\system32\USER32.dll
0x000000005bbe0000 - 0x000000005bbff000 	C:\WINDOWS\system32\win32u.dll
0x00007ff93f970000 - 0x00007ff93f9a0000 	C:\WINDOWS\system32\GDI32.dll
0x00007ff93e050000 - 0x00007ff93e1d0000 	C:\WINDOWS\system32\gdi32full.dll
0x00007ff933f70000 - 0x00007ff9341dc000 	C:\WINDOWS\WinSxS\amd64_microsoft.windows.common-controls_6595b64144ccf1df_6.0.14295.1000_none_7d072e80b85c67b2\COMCTL32.dll
0x00007ff940090000 - 0x00007ff94031f000 	C:\WINDOWS\system32\combase.dll
0x00007ff93d870000 - 0x00007ff93d964000 	C:\WINDOWS\system32\ucrtbase.dll
0x00007ff93d2e0000 - 0x00007ff93d349000 	C:\WINDOWS\system32\bcryptPrimitives.dll
0x00007ff940580000 - 0x00007ff9405ae000 	C:\WINDOWS\system32\IMM32.DLL
0x000000005a380000 - 0x000000005a452000 	C:\Program Files\Java\jdk1.8.0_51\jre\bin\msvcr100.dll
0x0000000059af0000 - 0x000000005a373000 	C:\Program Files\Java\jdk1.8.0_51\jre\bin\server\jvm.dll
0x00007ff940bc0000 - 0x00007ff940bc7000 	C:\WINDOWS\system32\PSAPI.DLL
0x00007ff93b910000 - 0x00007ff93b933000 	C:\WINDOWS\SYSTEM32\WINMM.dll
0x00007ff931a50000 - 0x00007ff931a5a000 	C:\WINDOWS\SYSTEM32\VERSION.dll
0x00007ff93ba40000 - 0x00007ff93ba49000 	C:\WINDOWS\SYSTEM32\WSOCK32.dll
0x00007ff940710000 - 0x00007ff94077b000 	C:\WINDOWS\system32\WS2_32.dll
0x00007ff93b8e0000 - 0x00007ff93b90b000 	C:\WINDOWS\SYSTEM32\WINMMBASE.dll
0x00007ff93d350000 - 0x00007ff93d393000 	C:\WINDOWS\system32\cfgmgr32.dll
0x0000000059ae0000 - 0x0000000059aef000 	C:\Program Files\Java\jdk1.8.0_51\jre\bin\verify.dll
0x0000000059ab0000 - 0x0000000059ad9000 	C:\Program Files\Java\jdk1.8.0_51\jre\bin\java.dll
0x0000000059a90000 - 0x0000000059aa6000 	C:\Program Files\Java\jdk1.8.0_51\jre\bin\zip.dll
0x00007ff93e420000 - 0x00007ff93f8f1000 	C:\WINDOWS\system32\SHELL32.dll
0x00007ff93d970000 - 0x00007ff93e023000 	C:\WINDOWS\system32\windows.storage.dll
0x00007ff9406b0000 - 0x00007ff940702000 	C:\WINDOWS\system32\shlwapi.dll
0x00007ff93d2d0000 - 0x00007ff93d2df000 	C:\WINDOWS\system32\kernel.appcore.dll
0x00007ff93d600000 - 0x00007ff93d6a8000 	C:\WINDOWS\system32\shcore.dll
0x00007ff93d260000 - 0x00007ff93d2ab000 	C:\WINDOWS\system32\powrprof.dll
0x00007ff93d2b0000 - 0x00007ff93d2c4000 	C:\WINDOWS\system32\profapi.dll
0x0000000059a70000 - 0x0000000059a8a000 	C:\Program Files\Java\jdk1.8.0_51\jre\bin\net.dll
0x00007ff93cb30000 - 0x00007ff93cb8c000 	C:\WINDOWS\system32\mswsock.dll
0x0000000059a50000 - 0x0000000059a61000 	C:\Program Files\Java\jdk1.8.0_51\jre\bin\nio.dll
0x00000000598b0000 - 0x0000000059a48000 	C:\Program Files\Java\jdk1.8.0_51\jre\bin\awt.dll
0x00007ff9408b0000 - 0x00007ff94096b000 	C:\WINDOWS\system32\OLEAUT32.dll
0x00007ff93bb80000 - 0x00007ff93bbf9000 	C:\WINDOWS\SYSTEM32\apphelp.dll
0x00007ff93a970000 - 0x00007ff93a994000 	C:\WINDOWS\system32\DWMAPI.DLL
0x00007ff93bcd0000 - 0x00007ff93bd63000 	C:\WINDOWS\system32\uxtheme.dll
0x0000000180000000 - 0x0000000180050000 	C:\cygwin64\tmp\playnaphis\1284024257\lwjgl64.dll
0x00007ff91fcf0000 - 0x00007ff91fe13000 	C:\WINDOWS\SYSTEM32\OPENGL32.dll
0x00007ff91fcc0000 - 0x00007ff91fcec000 	C:\WINDOWS\SYSTEM32\GLU32.dll
0x00007ff91fbc0000 - 0x00007ff91fcb7000 	C:\WINDOWS\SYSTEM32\DDRAW.dll
0x00007ff920020000 - 0x00007ff920028000 	C:\WINDOWS\SYSTEM32\DCIMAN32.dll
0x00007ff940320000 - 0x00007ff940471000 	C:\WINDOWS\system32\MSCTF.dll
0x00007ff927fa0000 - 0x00007ff927fcb000 	C:\PROGRA~2\RAPTRI~1\Raptr\ltc_help64-109838.dll
0x00007ff93d3a0000 - 0x00007ff93d3f5000 	C:\WINDOWS\system32\WINTRUST.dll
0x00007ff93d250000 - 0x00007ff93d260000 	C:\WINDOWS\system32\MSASN1.dll
0x00007ff93d6b0000 - 0x00007ff93d86c000 	C:\WINDOWS\system32\CRYPT32.dll
0x00007ff908e20000 - 0x00007ff909ad9000 	C:\WINDOWS\SYSTEM32\ig8icd64.dll
0x00007ff934480000 - 0x00007ff934e85000 	C:\WINDOWS\SYSTEM32\igdusc64.dll
0x00007ff93b090000 - 0x00007ff93b0a3000 	C:\WINDOWS\SYSTEM32\WTSAPI32.dll
0x00007ff91d890000 - 0x00007ff91d91d000 	C:\WINDOWS\SYSTEM32\mscms.dll
0x00007ff93c9c0000 - 0x00007ff93c9df000 	C:\WINDOWS\SYSTEM32\USERENV.dll
0x00007ff930ae0000 - 0x00007ff930b22000 	C:\WINDOWS\SYSTEM32\icm32.dll
0x00007ff93cbe0000 - 0x00007ff93cbf7000 	C:\WINDOWS\system32\CRYPTSP.dll
0x00007ff93c8d0000 - 0x00007ff93c904000 	C:\WINDOWS\system32\rsaenh.dll
0x00007ff93d190000 - 0x00007ff93d1b9000 	C:\WINDOWS\SYSTEM32\bcrypt.dll
0x00007ff93cd00000 - 0x00007ff93cd0b000 	C:\WINDOWS\SYSTEM32\CRYPTBASE.dll
0x00007ff940630000 - 0x00007ff94064c000 	C:\WINDOWS\system32\imagehlp.dll
0x00007ff93c3b0000 - 0x00007ff93c3d3000 	C:\WINDOWS\SYSTEM32\gpapi.dll
0x00007ff92c170000 - 0x00007ff92c19f000 	C:\Windows\System32\cryptnet.dll
0x00007ff939f60000 - 0x00007ff939f97000 	C:\WINDOWS\SYSTEM32\IPHLPAPI.DLL
0x00007ff939c20000 - 0x00007ff939c2b000 	C:\WINDOWS\SYSTEM32\WINNSI.DLL
0x00007ff940620000 - 0x00007ff940628000 	C:\WINDOWS\system32\NSI.dll
0x00007ff918060000 - 0x00007ff918270000 	C:\PROGRA~2\RAPTRI~1\Raptr\ltc_game64-109838.dll
0x00007ff93e280000 - 0x00007ff93e3b8000 	C:\WINDOWS\system32\ole32.dll
0x00007ff912dd0000 - 0x00007ff912f5b000 	C:\WINDOWS\SYSTEM32\dbghelp.dll

VM Arguments:
jvm_args: -Dclassworlds.conf=C:\apache-maven-3.3.9/bin/m2.conf -Dmaven.home=C:\apache-maven-3.3.9 -Dmaven.multiModuleProjectDirectory=C:\cygwin64\home\aphis\event\Event-Driven-Programming-Project\project 
java_command: org.codehaus.plexus.classworlds.launcher.Launcher test -Pjava
java_class_path (initial): C:\apache-maven-3.3.9/boot/plexus-classworlds-2.5.2.jar
Launcher Type: SUN_STANDARD

Environment Variables:
JAVA_HOME=C:\Program Files\Java\jdk1.8.0_51
PATH=C:\cygwin64\usr\local\bin;C:\cygwin64\bin;C:\Program Files (x86)\Intel\iCLS Client;C:\Program Files\Intel\iCLS Client;C:\ProgramData\Oracle\Java\javapath;C:\WINDOWS\system32;C:\WINDOWS;C:\WINDOWS\System32\Wbem;C:\WINDOWS\System32\WindowsPowerShell\v1.0;C:\Program Files (x86)\AMD\ATI.ACE\Core-Static;C:\Program Files\Java\jdk1.8.0_51\bin;C:\Program Files\Intel\Intel(R) Management Engine Components\DAL;C:\Program Files (x86)\Intel\Intel(R) Management Engine Components\DAL;C:\Program Files\Intel\Intel(R) Management Engine Components\IPT;C:\Program Files (x86)\Intel\Intel(R) Management Engine Components\IPT;C:\Program Files\Java\jdk1.8.0_51\bin;C:\grails-2.4.5\grails-2.4.5\bin;C:\Program Files (x86)\ATI Technologies\ATI.ACE\Core-Static;C:\Program Files (x86)\Dev-Cpp\MinGW64\bin;C:\Go\bin;C:\Program Files\Git\bin;C:\Program Files (x86)\Skype\Phone;C:\Program Files (x86)\GtkSharp\2.12\bin;C:\apache-maven-3.3.9\bin;C:\Users\aphis\AppData\Local\Programs\Python\Python35-32\Scripts;C:\Users\aphis\AppData\Local\Programs\Python\Python35-32;C:\Program Files (x86)\Microsoft VS Code\bin
USERNAME=aphis
SHELL=/bin/bash
OS=Windows_NT
PROCESSOR_IDENTIFIER=Intel64 Family 6 Model 61 Stepping 4, GenuineIntel



---------------  S Y S T E M  ---------------

OS: Windows 10.0 , 64 bit Build 14295 (10.0.14295.1000)

CPU:total 4 (2 cores per cpu, 2 threads per core) family 6 model 61 stepping 4, cmov, cx8, fxsr, mmx, sse, sse2, sse3, ssse3, sse4.1, sse4.2, popcnt, avx, avx2, aes, clmul, erms, 3dnowpref, lzcnt, ht, tsc, tscinvbit, bmi1, bmi2, adx

Memory: 4k page, physical 8301016k(3459472k free), swap 9611736k(2287152k free)

vm_info: Java HotSpot(TM) 64-Bit Server VM (25.51-b03) for windows-amd64 JRE (1.8.0_51-b16), built on Jun  8 2015 18:03:07 by "java_re" with MS VC++ 10.0 (VS2010)

time: Sat Apr 02 10:15:20 2016
elapsed time: 885 seconds (0d 0h 14m 45s)

