#
# A fatal error has been detected by the Java Runtime Environment:
#
#  EXCEPTION_ACCESS_VIOLATION (0xc0000005) at pc=0x00007ff87cccecb4, pid=11140, tid=2920
#
# JRE version: Java(TM) SE Runtime Environment (8.0_51-b16) (build 1.8.0_51-b16)
# Java VM: Java HotSpot(TM) 64-Bit Server VM (25.51-b03 mixed mode windows-amd64 compressed oops)
# Problematic frame:
# C  [OPENGL32.dll+0xdecb4]
#
# Failed to write core dump. Minidumps are not enabled by default on client versions of Windows
#
# If you would like to submit a bug report, please visit:
#   http://bugreport.java.com/bugreport/crash.jsp
#

---------------  T H R E A D  ---------------

Current thread (0x0000000016f07800):  VMThread [stack: 0x0000000017fa0000,0x00000000180a0000] [id=2920]

siginfo: ExceptionCode=0xc0000005, reading address 0x0000000000000a38

Registers:
RAX=0x0000000000000000, RBX=0x000000001ee7e060, RCX=0x0000000000000001, RDX=0x000000001ee7e068
RSP=0x000000001809f128, RBP=0x0000000000000000, RSI=0x0000000029322220, RDI=0x0000000029322220
R8 =0x000000001809f1a8, R9 =0x0000000002372600, R10=0x0000000000000042, R11=0x00007ff87cce1bb8
R12=0x0000000000000000, R13=0x000000001ee77f48, R14=0x000000001ee77e00, R15=0x0000000000000000
RIP=0x00007ff87cccecb4, EFLAGS=0x0000000000010283

Top of Stack: (sp=0x000000001809f128)
0x000000001809f128:   00007ff8669c44eb 0000000000000001
0x000000001809f138:   000000001ee7e068 000000001809f1a8
0x000000001809f148:   0000000002372600 0000000000000000
0x000000001809f158:   00007ff8669c9fb7 0000000000000000
0x000000001809f168:   000000001ee71c10 000000001ee77f30
0x000000001809f178:   00007ff8669c9323 fffffffffffffffe
0x000000001809f188:   000000001809f1f0 0000000000000000
0x000000001809f198:   00007ff8669ca869 0000000029322220
0x000000001809f1a8:   000000001ee77560 000000001ee77e00
0x000000001809f1b8:   00007ff866a2a910 fffffffffffffffe
0x000000001809f1c8:   000000001ee7a410 0000000000000001
0x000000001809f1d8:   000000001ee77f28 000000001ee77e00
0x000000001809f1e8:   00007ff866a32a31 00007ff866b54790
0x000000001809f1f8:   00007ff866a97ad0 0000000002372600
0x000000001809f208:   00000000022c0000 000000001ee77f28
0x000000001809f218:   000000001ee77e00 000000001ee77e00 

Instructions: (pc=0x00007ff87cccecb4)
0x00007ff87cccec94:   cc cc cc cc cc cc 66 0f 1f 44 00 00 8b 05 62 63
0x00007ff87ccceca4:   01 00 83 f8 40 73 0f 65 48 8b 04 c5 80 14 00 00
0x00007ff87cccecb4:   ff a0 38 0a 00 00 b8 47 01 00 00 e9 ec d4 ff ff
0x00007ff87cccecc4:   cc cc cc cc cc cc 66 0f 1f 44 00 00 8b 05 32 63 


Register to memory mapping:

RAX=0x0000000000000000 is an unknown value
RBX=0x000000001ee7e060 is an unknown value
RCX=0x0000000000000001 is an unknown value
RDX=0x000000001ee7e068 is an unknown value
RSP=0x000000001809f128 is an unknown value
RBP=0x0000000000000000 is an unknown value
RSI=0x0000000029322220 is an unknown value
RDI=0x0000000029322220 is an unknown value
R8 =0x000000001809f1a8 is an unknown value
R9 =0x0000000002372600 is an unknown value
R10=0x0000000000000042 is an unknown value
R11=0x00007ff87cce1bb8 is an unknown value
R12=0x0000000000000000 is an unknown value
R13=0x000000001ee77f48 is an unknown value
R14=0x000000001ee77e00 is an unknown value
R15=0x0000000000000000 is an unknown value


Stack: [0x0000000017fa0000,0x00000000180a0000],  sp=0x000000001809f128,  free space=1020k
Native frames: (J=compiled Java code, j=interpreted, Vv=VM code, C=native code)

VM_Operation (0x000000001be3ea00): Exit, mode: safepoint, requested by thread 0x0000000019b46000


---------------  P R O C E S S  ---------------

Java Threads: ( => current thread )
  0x000000001a513000 JavaThread "Thread-0" [_thread_blocked, id=9728, stack(0x000000002dec0000,0x000000002dfc0000)]
  0x000000001a514800 JavaThread "LWJGL Timer" daemon [_thread_blocked, id=10384, stack(0x000000002a6c0000,0x000000002a7c0000)]
  0x000000001ae49800 JavaThread "Java2D Disposer" daemon [_thread_blocked, id=11668, stack(0x000000001c410000,0x000000001c510000)]
  0x0000000019b46000 JavaThread "event.project.java.MyGameJava.main()" [_thread_blocked, id=5144, stack(0x000000001bd40000,0x000000001be40000)]
  0x00000000187d0800 JavaThread "Service Thread" daemon [_thread_blocked, id=4788, stack(0x0000000018ba0000,0x0000000018ca0000)]
  0x0000000016f45000 JavaThread "C1 CompilerThread2" daemon [_thread_blocked, id=3404, stack(0x00000000186a0000,0x00000000187a0000)]
  0x0000000016f42800 JavaThread "C2 CompilerThread1" daemon [_thread_blocked, id=5564, stack(0x00000000185a0000,0x00000000186a0000)]
  0x0000000016f3f000 JavaThread "C2 CompilerThread0" daemon [_thread_blocked, id=2340, stack(0x00000000184a0000,0x00000000185a0000)]
  0x0000000016f3d800 JavaThread "Attach Listener" daemon [_thread_blocked, id=8640, stack(0x00000000183a0000,0x00000000184a0000)]
  0x00000000023c8800 JavaThread "Finalizer" daemon [_thread_blocked, id=2168, stack(0x00000000181a0000,0x00000000182a0000)]
  0x00000000023c0000 JavaThread "Reference Handler" daemon [_thread_blocked, id=1300, stack(0x00000000180a0000,0x00000000181a0000)]
  0x00000000022ce000 JavaThread "main" [_thread_blocked, id=4628, stack(0x00000000020d0000,0x00000000021d0000)]

Other Threads:
=>0x0000000016f07800 VMThread [stack: 0x0000000017fa0000,0x00000000180a0000] [id=2920]

VM state:at safepoint (shutting down)

VM Mutex/Monitor currently owned by a thread:  ([mutex/lock_event])
[0x00000000022cccd0] Threads_lock - owner thread: 0x0000000016f07800

Heap:
 PSYoungGen      total 71680K, used 33090K [0x00000000d5c00000, 0x00000000df100000, 0x0000000100000000)
  eden space 66560K, 49% used [0x00000000d5c00000,0x00000000d7c508e0,0x00000000d9d00000)
  from space 5120K, 0% used [0x00000000d9d00000,0x00000000d9d00000,0x00000000da200000)
  to   space 9728K, 0% used [0x00000000de780000,0x00000000de780000,0x00000000df100000)
 ParOldGen       total 68608K, used 11695K [0x0000000081400000, 0x0000000085700000, 0x00000000d5c00000)
  object space 68608K, 17% used [0x0000000081400000,0x0000000081f6bd00,0x0000000085700000)
 Metaspace       used 24938K, capacity 25646K, committed 25984K, reserved 1073152K
  class space    used 2906K, capacity 3157K, committed 3200K, reserved 1048576K

Card table byte_map: [0x0000000011790000,0x0000000011b90000] byte_map_base: 0x0000000011386000

Marking Bits: (ParMarkBitMap*) 0x0000000052ed4040
 Begin Bits: [0x0000000012240000, 0x00000000141f0000)
 End Bits:   [0x00000000141f0000, 0x00000000161a0000)

Polling page: 0x00000000001f0000

CodeCache: size=245760Kb used=13360Kb max_used=13372Kb free=232399Kb
 bounds [0x00000000023d0000, 0x00000000030f0000, 0x00000000113d0000]
 total_blobs=4810 nmethods=4167 adapters=555
 compilation: enabled

Compilation events (10 events):
Event: 19.418 Thread 0x0000000016f45000 nmethod 4174 0x00000000030e3ed0 code [0x00000000030e4040, 0x00000000030e4290]
Event: 19.419 Thread 0x0000000016f45000 4175       3       java.util.AbstractSequentialList::<init> (5 bytes)
Event: 19.419 Thread 0x0000000016f45000 nmethod 4175 0x00000000030e39d0 code [0x00000000030e3b40, 0x00000000030e3db0]
Event: 19.419 Thread 0x0000000016f45000 4176       3       pythagoras.f.Dimension::setSize (11 bytes)
Event: 19.419 Thread 0x0000000016f45000 nmethod 4176 0x00000000030e3690 code [0x00000000030e37e0, 0x00000000030e3930]
Event: 19.420 Thread 0x0000000016f42800 4177       4       java.awt.image.BufferedImage::getHeight (8 bytes)
Event: 19.421 Thread 0x0000000016f42800 nmethod 4177 0x00000000030e1f50 code [0x00000000030e2080, 0x00000000030e20f8]
Event: 20.968 Thread 0x0000000016f3f000 4178   !   4       org.lwjgl.opengl.Display::isFullscreen (34 bytes)
Event: 20.969 Thread 0x0000000016f3f000 nmethod 4178 0x00000000030e1b10 code [0x00000000030e1c60, 0x00000000030e1e98]
Event: 21.069 Thread 0x0000000016f45000 4179   !   3       java.util.logging.LogManager::ensureLogManagerInitialized (128 bytes)

GC Heap History (10 events):
Event: 1.236 GC heap before
{Heap before GC invocations=2 (full 0):
 PSYoungGen      total 38400K, used 38377K [0x00000000d5c00000, 0x00000000d8680000, 0x0000000100000000)
  eden space 33280K, 100% used [0x00000000d5c00000,0x00000000d7c80000,0x00000000d7c80000)
  from space 5120K, 99% used [0x00000000d7c80000,0x00000000d817a440,0x00000000d8180000)
  to   space 5120K, 0% used [0x00000000d8180000,0x00000000d8180000,0x00000000d8680000)
 ParOldGen       total 87552K, used 314K [0x0000000081400000, 0x0000000086980000, 0x00000000d5c00000)
  object space 87552K, 0% used [0x0000000081400000,0x000000008144ea10,0x0000000086980000)
 Metaspace       used 12939K, capacity 13130K, committed 13312K, reserved 1060864K
  class space    used 1633K, capacity 1743K, committed 1792K, reserved 1048576K
Event: 1.244 GC heap after
Heap after GC invocations=2 (full 0):
 PSYoungGen      total 38400K, used 5114K [0x00000000d5c00000, 0x00000000da700000, 0x0000000100000000)
  eden space 33280K, 0% used [0x00000000d5c00000,0x00000000d5c00000,0x00000000d7c80000)
  from space 5120K, 99% used [0x00000000d8180000,0x00000000d867eb88,0x00000000d8680000)
  to   space 5120K, 0% used [0x00000000d7c80000,0x00000000d7c80000,0x00000000d8180000)
 ParOldGen       total 87552K, used 2837K [0x0000000081400000, 0x0000000086980000, 0x00000000d5c00000)
  object space 87552K, 3% used [0x0000000081400000,0x00000000816c5640,0x0000000086980000)
 Metaspace       used 12939K, capacity 13130K, committed 13312K, reserved 1060864K
  class space    used 1633K, capacity 1743K, committed 1792K, reserved 1048576K
}
Event: 1.930 GC heap before
{Heap before GC invocations=3 (full 0):
 PSYoungGen      total 38400K, used 38394K [0x00000000d5c00000, 0x00000000da700000, 0x0000000100000000)
  eden space 33280K, 100% used [0x00000000d5c00000,0x00000000d7c80000,0x00000000d7c80000)
  from space 5120K, 99% used [0x00000000d8180000,0x00000000d867eb88,0x00000000d8680000)
  to   space 5120K, 0% used [0x00000000d7c80000,0x00000000d7c80000,0x00000000d8180000)
 ParOldGen       total 87552K, used 2837K [0x0000000081400000, 0x0000000086980000, 0x00000000d5c00000)
  object space 87552K, 3% used [0x0000000081400000,0x00000000816c5640,0x0000000086980000)
 Metaspace       used 15129K, capacity 15450K, committed 15616K, reserved 1062912K
  class space    used 1848K, capacity 1979K, committed 2048K, reserved 1048576K
Event: 1.945 GC heap after
Heap after GC invocations=3 (full 0):
 PSYoungGen      total 38400K, used 5104K [0x00000000d5c00000, 0x00000000da700000, 0x0000000100000000)
  eden space 33280K, 0% used [0x00000000d5c00000,0x00000000d5c00000,0x00000000d7c80000)
  from space 5120K, 99% used [0x00000000d7c80000,0x00000000d817c010,0x00000000d8180000)
  to   space 5120K, 0% used [0x00000000da200000,0x00000000da200000,0x00000000da700000)
 ParOldGen       total 87552K, used 4696K [0x0000000081400000, 0x0000000086980000, 0x00000000d5c00000)
  object space 87552K, 5% used [0x0000000081400000,0x0000000081896130,0x0000000086980000)
 Metaspace       used 15129K, capacity 15450K, committed 15616K, reserved 1062912K
  class space    used 1848K, capacity 1979K, committed 2048K, reserved 1048576K
}
Event: 2.550 GC heap before
{Heap before GC invocations=4 (full 0):
 PSYoungGen      total 38400K, used 38384K [0x00000000d5c00000, 0x00000000da700000, 0x0000000100000000)
  eden space 33280K, 100% used [0x00000000d5c00000,0x00000000d7c80000,0x00000000d7c80000)
  from space 5120K, 99% used [0x00000000d7c80000,0x00000000d817c010,0x00000000d8180000)
  to   space 5120K, 0% used [0x00000000da200000,0x00000000da200000,0x00000000da700000)
 ParOldGen       total 87552K, used 4696K [0x0000000081400000, 0x0000000086980000, 0x00000000d5c00000)
  object space 87552K, 5% used [0x0000000081400000,0x0000000081896130,0x0000000086980000)
 Metaspace       used 16197K, capacity 16618K, committed 16768K, reserved 1064960K
  class space    used 1946K, capacity 2091K, committed 2176K, reserved 1048576K
Event: 2.563 GC heap after
Heap after GC invocations=4 (full 0):
 PSYoungGen      total 71680K, used 5104K [0x00000000d5c00000, 0x00000000da700000, 0x0000000100000000)
  eden space 66560K, 0% used [0x00000000d5c00000,0x00000000d5c00000,0x00000000d9d00000)
  from space 5120K, 99% used [0x00000000da200000,0x00000000da6fc030,0x00000000da700000)
  to   space 5120K, 0% used [0x00000000d9d00000,0x00000000d9d00000,0x00000000da200000)
 ParOldGen       total 87552K, used 7686K [0x0000000081400000, 0x0000000086980000, 0x00000000d5c00000)
  object space 87552K, 8% used [0x0000000081400000,0x0000000081b818b8,0x0000000086980000)
 Metaspace       used 16197K, capacity 16618K, committed 16768K, reserved 1064960K
  class space    used 1946K, capacity 2091K, committed 2176K, reserved 1048576K
}
Event: 3.262 GC heap before
{Heap before GC invocations=5 (full 0):
 PSYoungGen      total 71680K, used 42747K [0x00000000d5c00000, 0x00000000da700000, 0x0000000100000000)
  eden space 66560K, 56% used [0x00000000d5c00000,0x00000000d80c2ee8,0x00000000d9d00000)
  from space 5120K, 99% used [0x00000000da200000,0x00000000da6fc030,0x00000000da700000)
  to   space 5120K, 0% used [0x00000000d9d00000,0x00000000d9d00000,0x00000000da200000)
 ParOldGen       total 87552K, used 7686K [0x0000000081400000, 0x0000000086980000, 0x00000000d5c00000)
  object space 87552K, 8% used [0x0000000081400000,0x0000000081b818b8,0x0000000086980000)
 Metaspace       used 20465K, capacity 21176K, committed 21296K, reserved 1069056K
  class space    used 2420K, capacity 2677K, committed 2688K, reserved 1048576K
Event: 3.285 GC heap after
Heap after GC invocations=5 (full 0):
 PSYoungGen      total 71680K, used 5088K [0x00000000d5c00000, 0x00000000df100000, 0x0000000100000000)
  eden space 66560K, 0% used [0x00000000d5c00000,0x00000000d5c00000,0x00000000d9d00000)
  from space 5120K, 99% used [0x00000000d9d00000,0x00000000da1f8020,0x00000000da200000)
  to   space 9728K, 0% used [0x00000000de780000,0x00000000de780000,0x00000000df100000)
 ParOldGen       total 87552K, used 11297K [0x0000000081400000, 0x0000000086980000, 0x00000000d5c00000)
  object space 87552K, 12% used [0x0000000081400000,0x0000000081f084d0,0x0000000086980000)
 Metaspace       used 20465K, capacity 21176K, committed 21296K, reserved 1069056K
  class space    used 2420K, capacity 2677K, committed 2688K, reserved 1048576K
}
Event: 3.285 GC heap before
{Heap before GC invocations=6 (full 1):
 PSYoungGen      total 71680K, used 5088K [0x00000000d5c00000, 0x00000000df100000, 0x0000000100000000)
  eden space 66560K, 0% used [0x00000000d5c00000,0x00000000d5c00000,0x00000000d9d00000)
  from space 5120K, 99% used [0x00000000d9d00000,0x00000000da1f8020,0x00000000da200000)
  to   space 9728K, 0% used [0x00000000de780000,0x00000000de780000,0x00000000df100000)
 ParOldGen       total 87552K, used 11297K [0x0000000081400000, 0x0000000086980000, 0x00000000d5c00000)
  object space 87552K, 12% used [0x0000000081400000,0x0000000081f084d0,0x0000000086980000)
 Metaspace       used 20465K, capacity 21176K, committed 21296K, reserved 1069056K
  class space    used 2420K, capacity 2677K, committed 2688K, reserved 1048576K
Event: 3.366 GC heap after
Heap after GC invocations=6 (full 1):
 PSYoungGen      total 71680K, used 0K [0x00000000d5c00000, 0x00000000df100000, 0x0000000100000000)
  eden space 66560K, 0% used [0x00000000d5c00000,0x00000000d5c00000,0x00000000d9d00000)
  from space 5120K, 0% used [0x00000000d9d00000,0x00000000d9d00000,0x00000000da200000)
  to   space 9728K, 0% used [0x00000000de780000,0x00000000de780000,0x00000000df100000)
 ParOldGen       total 68608K, used 11695K [0x0000000081400000, 0x0000000085700000, 0x00000000d5c00000)
  object space 68608K, 17% used [0x0000000081400000,0x0000000081f6bd00,0x0000000085700000)
 Metaspace       used 20465K, capacity 21176K, committed 21296K, reserved 1069056K
  class space    used 2420K, capacity 2677K, committed 2688K, reserved 1048576K
}

Deoptimization events (10 events):
Event: 3.746 Thread 0x000000001b98e800 Uncommon trap: reason=class_check action=maybe_recompile pc=0x0000000002ac2e08 method=java.util.Hashtable.put(Ljava/lang/Object;Ljava/lang/Object;)Ljava/lang/Object; @ 18
Event: 3.844 Thread 0x000000001bb3e800 Uncommon trap: reason=class_check action=maybe_recompile pc=0x0000000002f26b74 method=java.util.Hashtable.addEntry(ILjava/lang/Object;Ljava/lang/Object;I)V @ 38
Event: 3.884 Thread 0x0000000019b46000 Uncommon trap: reason=bimorphic action=maybe_recompile pc=0x0000000002f26dc4 method=java.util.Hashtable.put(Ljava/lang/Object;Ljava/lang/Object;)Ljava/lang/Object; @ 18
Event: 3.885 Thread 0x0000000019b46000 Uncommon trap: reason=bimorphic action=maybe_recompile pc=0x0000000002f26dc4 method=java.util.Hashtable.put(Ljava/lang/Object;Ljava/lang/Object;)Ljava/lang/Object; @ 18
Event: 3.885 Thread 0x0000000019b46000 Uncommon trap: reason=bimorphic action=maybe_recompile pc=0x0000000002f26dc4 method=java.util.Hashtable.put(Ljava/lang/Object;Ljava/lang/Object;)Ljava/lang/Object; @ 18
Event: 3.886 Thread 0x0000000019b46000 Uncommon trap: reason=bimorphic action=maybe_recompile pc=0x0000000002f26dc4 method=java.util.Hashtable.put(Ljava/lang/Object;Ljava/lang/Object;)Ljava/lang/Object; @ 18
Event: 3.887 Thread 0x0000000019b46000 Uncommon trap: reason=class_check action=maybe_recompile pc=0x0000000002ae6cd8 method=java.util.Hashtable.addEntry(ILjava/lang/Object;Ljava/lang/Object;I)V @ 38
Event: 3.893 Thread 0x0000000019b46000 Uncommon trap: reason=class_check action=maybe_recompile pc=0x0000000002ae6cd8 method=java.util.Hashtable.addEntry(ILjava/lang/Object;Ljava/lang/Object;I)V @ 38
Event: 3.926 Thread 0x0000000019b46000 Uncommon trap: reason=class_check action=maybe_recompile pc=0x0000000002ae6cd8 method=java.util.Hashtable.addEntry(ILjava/lang/Object;Ljava/lang/Object;I)V @ 38
Event: 4.055 Thread 0x0000000019b46000 Uncommon trap: reason=unstable_if action=reinterpret pc=0x0000000002c514c0 method=java.lang.CharacterData.of(I)Ljava/lang/CharacterData; @ 4

Internal exceptions (10 events):
Event: 1.296 Thread 0x00000000022ce000 Exception <a 'java/lang/NullPointerException'> (0x00000000d5e32a98) thrown at [C:\re\workspace\8-2-build-windows-amd64-cygwin\jdk8u51\3951\hotspot\src\share\vm\interpreter\linkResolver.cpp, line 1178]
Event: 1.297 Thread 0x00000000022ce000 Exception <a 'java/lang/NullPointerException'> (0x00000000d5e32c58) thrown at [C:\re\workspace\8-2-build-windows-amd64-cygwin\jdk8u51\3951\hotspot\src\share\vm\interpreter\linkResolver.cpp, line 1178]
Event: 1.583 Thread 0x00000000022ce000 Implicit null exception at 0x00000000029b4a1c to 0x00000000029b507a
Event: 1.608 Thread 0x00000000022ce000 Implicit null exception at 0x0000000002781895 to 0x0000000002781a6d
Event: 1.608 Thread 0x00000000022ce000 Implicit null exception at 0x0000000002705aef to 0x0000000002705b59
Event: 1.808 Thread 0x00000000022ce000 Implicit null exception at 0x0000000002aac162 to 0x0000000002aad46d
Event: 3.163 Thread 0x0000000019b46000 Exception <a 'java/io/FileNotFoundException'> (0x00000000d7f338e8) thrown at [C:\re\workspace\8-2-build-windows-amd64-cygwin\jdk8u51\3951\hotspot\src\share\vm\prims\jni.cpp, line 709]
Event: 3.188 Thread 0x0000000019b46000 Exception <a 'java/io/FileNotFoundException'> (0x00000000d7f57968) thrown at [C:\re\workspace\8-2-build-windows-amd64-cygwin\jdk8u51\3951\hotspot\src\share\vm\prims\jni.cpp, line 709]
Event: 3.234 Thread 0x0000000019b46000 Exception <a 'java/lang/NoSuchFieldError': method resolution failed> (0x00000000d8026a50) thrown at [C:\re\workspace\8-2-build-windows-amd64-cygwin\jdk8u51\3951\hotspot\src\share\vm\prims\methodHandles.cpp, line 1125]
Event: 3.236 Thread 0x0000000019b46000 Exception <a 'java/lang/NoSuchFieldError': method resolution failed> (0x00000000d8035380) thrown at [C:\re\workspace\8-2-build-windows-amd64-cygwin\jdk8u51\3951\hotspot\src\share\vm\prims\methodHandles.cpp, line 1125]

Events (10 events):
Event: 5.550 Thread 0x0000000019b46000 DEOPT UNPACKING pc=0x000000000241787f sp=0x000000001be3e980 mode 0
Event: 21.068 Thread 0x000000001ba85800 Thread exited: 0x000000001ba85800
Event: 21.068 Thread 0x000000001b98e800 Thread exited: 0x000000001b98e800
Event: 21.068 Thread 0x000000001bb3e800 Thread exited: 0x000000001bb3e800
Event: 21.068 Thread 0x000000001b9ed800 Thread exited: 0x000000001b9ed800
Event: 21.068 Thread 0x000000001a513000 Thread added: 0x000000001a513000
Event: 21.068 Thread 0x000000001a515000 Thread added: 0x000000001a515000
Event: 21.069 Thread 0x000000001a515000 Thread exited: 0x000000001a515000
Event: 21.069 Thread 0x0000000016f3c800 Thread exited: 0x0000000016f3c800
Event: 21.069 Executing VM operation: Exit


Dynamic libraries:
0x00007ff6c7be0000 - 0x00007ff6c7c17000 	C:\Program Files\Java\jdk1.8.0_51\bin\java.exe
0x00007ff894930000 - 0x00007ff894af9000 	C:\WINDOWS\SYSTEM32\ntdll.dll
0x00007ff8924d0000 - 0x00007ff89257b000 	C:\WINDOWS\system32\KERNEL32.DLL
0x00007ff8912d0000 - 0x00007ff8914cc000 	C:\WINDOWS\system32\KERNELBASE.dll
0x00007ff8926d0000 - 0x00007ff892777000 	C:\WINDOWS\system32\ADVAPI32.dll
0x00007ff894890000 - 0x00007ff89492d000 	C:\WINDOWS\system32\msvcrt.dll
0x00007ff8925a0000 - 0x00007ff8925fc000 	C:\WINDOWS\system32\sechost.dll
0x00007ff894580000 - 0x00007ff8946a5000 	C:\WINDOWS\system32\RPCRT4.dll
0x00007ff8940b0000 - 0x00007ff894216000 	C:\WINDOWS\system32\USER32.dll
0x0000000054930000 - 0x000000005494f000 	C:\WINDOWS\system32\win32u.dll
0x00007ff892a10000 - 0x00007ff892a40000 	C:\WINDOWS\system32\GDI32.dll
0x00007ff891dc0000 - 0x00007ff891f40000 	C:\WINDOWS\system32\gdi32full.dll
0x00007ff886c70000 - 0x00007ff886edc000 	C:\WINDOWS\WinSxS\amd64_microsoft.windows.common-controls_6595b64144ccf1df_6.0.14291.1001_none_7ae2cee453e38faf\COMCTL32.dll
0x00007ff892780000 - 0x00007ff892a0f000 	C:\WINDOWS\system32\combase.dll
0x00007ff891cc0000 - 0x00007ff891db4000 	C:\WINDOWS\system32\ucrtbase.dll
0x00007ff890fa0000 - 0x00007ff891009000 	C:\WINDOWS\system32\bcryptPrimitives.dll
0x00007ff8926a0000 - 0x00007ff8926ce000 	C:\WINDOWS\system32\IMM32.DLL
0x0000000052340000 - 0x0000000052412000 	C:\Program Files\Java\jdk1.8.0_51\jre\bin\msvcr100.dll
0x00000000526d0000 - 0x0000000052f53000 	C:\Program Files\Java\jdk1.8.0_51\jre\bin\server\jvm.dll
0x00007ff894220000 - 0x00007ff894227000 	C:\WINDOWS\system32\PSAPI.DLL
0x00007ff88f6b0000 - 0x00007ff88f6d3000 	C:\WINDOWS\SYSTEM32\WINMM.dll
0x00007ff88d830000 - 0x00007ff88d839000 	C:\WINDOWS\SYSTEM32\WSOCK32.dll
0x00007ff8865e0000 - 0x00007ff8865ea000 	C:\WINDOWS\SYSTEM32\VERSION.dll
0x00007ff8946b0000 - 0x00007ff89471b000 	C:\WINDOWS\system32\WS2_32.dll
0x00007ff88f680000 - 0x00007ff88f6ab000 	C:\WINDOWS\SYSTEM32\WINMMBASE.dll
0x00007ff891280000 - 0x00007ff8912c3000 	C:\WINDOWS\system32\cfgmgr32.dll
0x00000000532d0000 - 0x00000000532df000 	C:\Program Files\Java\jdk1.8.0_51\jre\bin\verify.dll
0x00000000532a0000 - 0x00000000532c9000 	C:\Program Files\Java\jdk1.8.0_51\jre\bin\java.dll
0x0000000053280000 - 0x0000000053296000 	C:\Program Files\Java\jdk1.8.0_51\jre\bin\zip.dll
0x00007ff892b70000 - 0x00007ff894041000 	C:\WINDOWS\system32\SHELL32.dll
0x00007ff8914d0000 - 0x00007ff891b83000 	C:\WINDOWS\system32\windows.storage.dll
0x00007ff892a40000 - 0x00007ff892a92000 	C:\WINDOWS\system32\shlwapi.dll
0x00007ff890f30000 - 0x00007ff890f3f000 	C:\WINDOWS\system32\kernel.appcore.dll
0x00007ff8911d0000 - 0x00007ff891278000 	C:\WINDOWS\system32\shcore.dll
0x00007ff890f50000 - 0x00007ff890f9b000 	C:\WINDOWS\system32\powrprof.dll
0x00007ff890f10000 - 0x00007ff890f24000 	C:\WINDOWS\system32\profapi.dll
0x0000000053130000 - 0x000000005314a000 	C:\Program Files\Java\jdk1.8.0_51\jre\bin\net.dll
0x00007ff8907f0000 - 0x00007ff89084c000 	C:\WINDOWS\system32\mswsock.dll
0x0000000053110000 - 0x0000000053121000 	C:\Program Files\Java\jdk1.8.0_51\jre\bin\nio.dll
0x0000000052530000 - 0x00000000526c8000 	C:\Program Files\Java\jdk1.8.0_51\jre\bin\awt.dll
0x00007ff892ab0000 - 0x00007ff892b6b000 	C:\WINDOWS\system32\OLEAUT32.dll
0x00007ff88f800000 - 0x00007ff88f879000 	C:\WINDOWS\SYSTEM32\apphelp.dll
0x00007ff88ee30000 - 0x00007ff88ee54000 	C:\WINDOWS\system32\DWMAPI.DLL
0x00007ff88f9c0000 - 0x00007ff88fa53000 	C:\WINDOWS\system32\uxtheme.dll
0x0000000180000000 - 0x0000000180050000 	C:\cygwin64\tmp\playnaphis\1284024257\lwjgl64.dll
0x00007ff87cbf0000 - 0x00007ff87cd13000 	C:\WINDOWS\SYSTEM32\OPENGL32.dll
0x00007ff8838e0000 - 0x00007ff88390c000 	C:\WINDOWS\SYSTEM32\GLU32.dll
0x00007ff87c080000 - 0x00007ff87c177000 	C:\WINDOWS\SYSTEM32\DDRAW.dll
0x00007ff88a0e0000 - 0x00007ff88a0e8000 	C:\WINDOWS\SYSTEM32\DCIMAN32.dll
0x00007ff891f40000 - 0x00007ff892091000 	C:\WINDOWS\system32\MSCTF.dll
0x00007ff86ccc0000 - 0x00007ff86cceb000 	C:\PROGRA~2\RAPTRI~1\Raptr\ltc_help64-109838.dll
0x00007ff891c40000 - 0x00007ff891c95000 	C:\WINDOWS\system32\WINTRUST.dll
0x00007ff890f40000 - 0x00007ff890f50000 	C:\WINDOWS\system32\MSASN1.dll
0x00007ff891010000 - 0x00007ff8911cc000 	C:\WINDOWS\system32\CRYPT32.dll
0x00007ff84ed20000 - 0x00007ff84f9d9000 	C:\WINDOWS\SYSTEM32\ig8icd64.dll
0x00007ff88a380000 - 0x00007ff88ad85000 	C:\WINDOWS\SYSTEM32\igdusc64.dll
0x00007ff88ee60000 - 0x00007ff88ee73000 	C:\WINDOWS\SYSTEM32\WTSAPI32.dll
0x00007ff86e6b0000 - 0x00007ff86e73d000 	C:\WINDOWS\SYSTEM32\mscms.dll
0x00007ff890680000 - 0x00007ff89069f000 	C:\WINDOWS\SYSTEM32\USERENV.dll
0x00007ff87c800000 - 0x00007ff87c842000 	C:\WINDOWS\SYSTEM32\icm32.dll
0x00000000530c0000 - 0x0000000053107000 	C:\Program Files\Java\jdk1.8.0_51\jre\bin\fontmanager.dll
0x0000000053020000 - 0x0000000053062000 	C:\Program Files\Java\jdk1.8.0_51\jre\bin\t2k.dll
0x0000000052fb0000 - 0x0000000052fda000 	C:\Program Files\Java\jdk1.8.0_51\jre\bin\dcpr.dll
0x00007ff8908a0000 - 0x00007ff8908b7000 	C:\WINDOWS\system32\CRYPTSP.dll
0x00007ff890590000 - 0x00007ff8905c4000 	C:\WINDOWS\system32\rsaenh.dll
0x00007ff890e50000 - 0x00007ff890e79000 	C:\WINDOWS\SYSTEM32\bcrypt.dll
0x00007ff8909c0000 - 0x00007ff8909cb000 	C:\WINDOWS\SYSTEM32\CRYPTBASE.dll
0x00007ff892580000 - 0x00007ff89259c000 	C:\WINDOWS\system32\imagehlp.dll
0x00007ff890070000 - 0x00007ff890093000 	C:\WINDOWS\SYSTEM32\gpapi.dll
0x00007ff87fc50000 - 0x00007ff87fc7f000 	C:\Windows\System32\cryptnet.dll
0x00007ff88e5b0000 - 0x00007ff88e5e7000 	C:\WINDOWS\SYSTEM32\IPHLPAPI.DLL
0x00007ff88e030000 - 0x00007ff88e03b000 	C:\WINDOWS\SYSTEM32\WINNSI.DLL
0x00007ff892aa0000 - 0x00007ff892aa8000 	C:\WINDOWS\system32\NSI.dll
0x00007ff866960000 - 0x00007ff866b70000 	C:\PROGRA~2\RAPTRI~1\Raptr\ltc_game64-109838.dll
0x00007ff894240000 - 0x00007ff894378000 	C:\WINDOWS\system32\ole32.dll
0x00007ff86efc0000 - 0x00007ff86f14b000 	C:\WINDOWS\SYSTEM32\dbghelp.dll

VM Arguments:
jvm_args: -Dclassworlds.conf=C:\apache-maven-3.3.9/bin/m2.conf -Dmaven.home=C:\apache-maven-3.3.9 -Dmaven.multiModuleProjectDirectory=C:\cygwin64\home\aphis\event\Event-Driven-Programming-Project\project 
java_command: org.codehaus.plexus.classworlds.launcher.Launcher test -Pjava
java_class_path (initial): C:\apache-maven-3.3.9/boot/plexus-classworlds-2.5.2.jar
Launcher Type: SUN_STANDARD

Environment Variables:
JAVA_HOME=C:\Program Files\Java\jdk1.8.0_51
PATH=C:\cygwin64\usr\local\bin;C:\cygwin64\bin;C:\Program Files (x86)\Intel\iCLS Client;C:\Program Files\Intel\iCLS Client;C:\ProgramData\Oracle\Java\javapath;C:\WINDOWS\system32;C:\WINDOWS;C:\WINDOWS\System32\Wbem;C:\WINDOWS\System32\WindowsPowerShell\v1.0;C:\Program Files (x86)\AMD\ATI.ACE\Core-Static;C:\Program Files\Java\jdk1.8.0_51\bin;C:\Program Files\Intel\Intel(R) Management Engine Components\DAL;C:\Program Files (x86)\Intel\Intel(R) Management Engine Components\DAL;C:\Program Files\Intel\Intel(R) Management Engine Components\IPT;C:\Program Files (x86)\Intel\Intel(R) Management Engine Components\IPT;C:\Program Files\Java\jdk1.8.0_51\bin;C:\grails-2.4.5\grails-2.4.5\bin;C:\Program Files (x86)\ATI Technologies\ATI.ACE\Core-Static;C:\Program Files (x86)\Dev-Cpp\MinGW64\bin;C:\Go\bin;C:\Program Files\Git\bin;C:\Program Files (x86)\Skype\Phone;C:\Program Files (x86)\GtkSharp\2.12\bin;C:\apache-maven-3.3.9\bin;C:\Users\aphis\AppData\Local\Programs\Python\Python35-32\Scripts;C:\Users\aphis\AppData\Local\Programs\Python\Python35-32;C:\Program Files (x86)\Microsoft VS Code\bin
USERNAME=aphis
SHELL=/bin/bash
OS=Windows_NT
PROCESSOR_IDENTIFIER=Intel64 Family 6 Model 61 Stepping 4, GenuineIntel



---------------  S Y S T E M  ---------------

OS: Windows 10.0 , 64 bit Build 14291 (10.0.14291.1001)

CPU:total 4 (2 cores per cpu, 2 threads per core) family 6 model 61 stepping 4, cmov, cx8, fxsr, mmx, sse, sse2, sse3, ssse3, sse4.1, sse4.2, popcnt, avx, avx2, aes, clmul, erms, 3dnowpref, lzcnt, ht, tsc, tscinvbit, bmi1, bmi2, adx

Memory: 4k page, physical 8301016k(3000320k free), swap 9939416k(1487444k free)

vm_info: Java HotSpot(TM) 64-Bit Server VM (25.51-b03) for windows-amd64 JRE (1.8.0_51-b16), built on Jun  8 2015 18:03:07 by "java_re" with MS VC++ 10.0 (VS2010)

time: Thu Mar 24 06:47:30 2016
elapsed time: 21 seconds (0d 0h 0m 21s)

