#
# A fatal error has been detected by the Java Runtime Environment:
#
#  EXCEPTION_ACCESS_VIOLATION (0xc0000005) at pc=0x00007ffd81fbecb4, pid=11132, tid=1032
#
# JRE version: Java(TM) SE Runtime Environment (8.0_51-b16) (build 1.8.0_51-b16)
# Java VM: Java HotSpot(TM) 64-Bit Server VM (25.51-b03 mixed mode windows-amd64 compressed oops)
# Problematic frame:
# C  [OPENGL32.dll+0xdecb4]
#
# Failed to write core dump. Minidumps are not enabled by default on client versions of Windows
#
# If you would like to submit a bug report, please visit:
#   http://bugreport.java.com/bugreport/crash.jsp
#

---------------  T H R E A D  ---------------

Current thread (0x0000000016e28000):  VMThread [stack: 0x0000000017ec0000,0x0000000017fc0000] [id=1032]

siginfo: ExceptionCode=0xc0000005, reading address 0x0000000000000a38

Registers:
RAX=0x0000000000000000, RBX=0x000000001d31e3b0, RCX=0x0000000000000001, RDX=0x000000001d31e3b8
RSP=0x0000000017fbf368, RBP=0x0000000000000000, RSI=0x000000001d3241c0, RDI=0x000000001d3241c0
R8 =0x0000000017fbf3e8, R9 =0x0000000016d35400, R10=0x0000000000000042, R11=0x00007ffd81fd1bb8
R12=0x0000000000000000, R13=0x000000001d317f98, R14=0x000000001d317e50, R15=0x0000000000000000
RIP=0x00007ffd81fbecb4, EFLAGS=0x0000000000010283

Top of Stack: (sp=0x0000000017fbf368)
0x0000000017fbf368:   00007ffd7b5c44eb 0000000000000001
0x0000000017fbf378:   000000001d31e3b8 0000000017fbf3e8
0x0000000017fbf388:   0000000016d35400 0000000000000000
0x0000000017fbf398:   00007ffd7b5c9fb7 0000000000000000
0x0000000017fbf3a8:   000000001d31a460 000000001d317f80
0x0000000017fbf3b8:   00007ffd7b5c9323 fffffffffffffffe
0x0000000017fbf3c8:   0000000017fbf430 0000000000000000
0x0000000017fbf3d8:   00007ffd7b5ca869 000000001d3241c0
0x0000000017fbf3e8:   000000001d317af0 000000001d317e50
0x0000000017fbf3f8:   00007ffd7b62a910 fffffffffffffffe
0x0000000017fbf408:   000000001d31a4a0 0000000000000001
0x0000000017fbf418:   000000001d317f78 000000001d317e50
0x0000000017fbf428:   00007ffd7b632a31 00007ffd7b754790
0x0000000017fbf438:   00007ffd7b697ad0 0000000016d35400
0x0000000017fbf448:   0000000000000000 000000001d317f78
0x0000000017fbf458:   000000001d317e50 000000001d317e50 

Instructions: (pc=0x00007ffd81fbecb4)
0x00007ffd81fbec94:   cc cc cc cc cc cc 66 0f 1f 44 00 00 8b 05 62 63
0x00007ffd81fbeca4:   01 00 83 f8 40 73 0f 65 48 8b 04 c5 80 14 00 00
0x00007ffd81fbecb4:   ff a0 38 0a 00 00 b8 47 01 00 00 e9 ec d4 ff ff
0x00007ffd81fbecc4:   cc cc cc cc cc cc 66 0f 1f 44 00 00 8b 05 32 63 


Register to memory mapping:

RAX=0x0000000000000000 is an unknown value
RBX=0x000000001d31e3b0 is an unknown value
RCX=0x0000000000000001 is an unknown value
RDX=0x000000001d31e3b8 is an unknown value
RSP=0x0000000017fbf368 is an unknown value
RBP=0x0000000000000000 is an unknown value
RSI=0x000000001d3241c0 is an unknown value
RDI=0x000000001d3241c0 is an unknown value
R8 =0x0000000017fbf3e8 is an unknown value
R9 =0x0000000016d35400 is an unknown value
R10=0x0000000000000042 is an unknown value
R11=0x00007ffd81fd1bb8 is an unknown value
R12=0x0000000000000000 is an unknown value
R13=0x000000001d317f98 is an unknown value
R14=0x000000001d317e50 is an unknown value
R15=0x0000000000000000 is an unknown value


Stack: [0x0000000017ec0000,0x0000000017fc0000],  sp=0x0000000017fbf368,  free space=1020k
Native frames: (J=compiled Java code, j=interpreted, Vv=VM code, C=native code)

VM_Operation (0x000000001d2be350): Exit, mode: safepoint, requested by thread 0x000000001b083000


---------------  P R O C E S S  ---------------

Java Threads: ( => current thread )
  0x0000000018cfa000 JavaThread "LWJGL Timer" daemon [_thread_blocked, id=10284, stack(0x000000002ab60000,0x000000002ac60000)]
  0x000000001c971000 JavaThread "Java2D Disposer" daemon [_thread_blocked, id=3536, stack(0x000000001d670000,0x000000001d770000)]
  0x000000001b083000 JavaThread "event.project.java.MyGameJava.main()" [_thread_blocked, id=2356, stack(0x000000001d1c0000,0x000000001d2c0000)]
  0x00000000186dc000 JavaThread "Service Thread" daemon [_thread_blocked, id=7196, stack(0x0000000018ac0000,0x0000000018bc0000)]
  0x0000000016e69000 JavaThread "C1 CompilerThread2" daemon [_thread_blocked, id=5068, stack(0x00000000185c0000,0x00000000186c0000)]
  0x0000000016e62800 JavaThread "C2 CompilerThread1" daemon [_thread_blocked, id=5820, stack(0x00000000184c0000,0x00000000185c0000)]
  0x0000000016e5f000 JavaThread "C2 CompilerThread0" daemon [_thread_blocked, id=6904, stack(0x00000000183c0000,0x00000000184c0000)]
  0x0000000016e5d800 JavaThread "Attach Listener" daemon [_thread_blocked, id=8380, stack(0x00000000182c0000,0x00000000183c0000)]
  0x0000000016e5c800 JavaThread "Signal Dispatcher" daemon [_thread_blocked, id=9436, stack(0x00000000181c0000,0x00000000182c0000)]
  0x00000000022e8800 JavaThread "Finalizer" daemon [_thread_blocked, id=7836, stack(0x00000000180c0000,0x00000000181c0000)]
  0x00000000022df000 JavaThread "Reference Handler" daemon [_thread_blocked, id=2600, stack(0x0000000017fc0000,0x00000000180c0000)]
  0x00000000021de000 JavaThread "main" [_thread_blocked, id=8588, stack(0x0000000002050000,0x0000000002150000)]

Other Threads:
=>0x0000000016e28000 VMThread [stack: 0x0000000017ec0000,0x0000000017fc0000] [id=1032]

VM state:at safepoint (shutting down)

VM Mutex/Monitor currently owned by a thread:  ([mutex/lock_event])
[0x00000000021ddaa0] Threads_lock - owner thread: 0x0000000016e28000

Heap:
 PSYoungGen      total 76288K, used 15675K [0x00000000d5c00000, 0x00000000db000000, 0x0000000100000000)
  eden space 66560K, 23% used [0x00000000d5c00000,0x00000000d6b4ed20,0x00000000d9d00000)
  from space 9728K, 0% used [0x00000000da680000,0x00000000da680000,0x00000000db000000)
  to   space 9728K, 0% used [0x00000000d9d00000,0x00000000d9d00000,0x00000000da680000)
 ParOldGen       total 60416K, used 9397K [0x0000000081400000, 0x0000000084f00000, 0x00000000d5c00000)
  object space 60416K, 15% used [0x0000000081400000,0x0000000081d2d478,0x0000000084f00000)
 Metaspace       used 23063K, capacity 23790K, committed 23936K, reserved 1071104K
  class space    used 2655K, capacity 2901K, committed 2944K, reserved 1048576K

Card table byte_map: [0x00000000116b0000,0x0000000011ab0000] byte_map_base: 0x00000000112a6000

Marking Bits: (ParMarkBitMap*) 0x000000005c1d4040
 Begin Bits: [0x0000000012160000, 0x0000000014110000)
 End Bits:   [0x0000000014110000, 0x00000000160c0000)

Polling page: 0x00000000001f0000

CodeCache: size=245760Kb used=11671Kb max_used=12158Kb free=234089Kb
 bounds [0x00000000022f0000, 0x0000000002ef0000, 0x00000000112f0000]
 total_blobs=4174 nmethods=3576 adapters=510
 compilation: enabled

Compilation events (10 events):
Event: 97.024 Thread 0x0000000016e62800 nmethod 3887 0x0000000002910890 code [0x0000000002910be0, 0x0000000002912fd8]
Event: 104.595 Thread 0x0000000016e69000 3889   !   3       org.lwjgl.opengl.Sync::sync (125 bytes)
Event: 104.597 Thread 0x0000000016e69000 nmethod 3889 0x0000000002737910 code [0x0000000002737c40, 0x0000000002738ec8]
Event: 114.118 Thread 0x0000000016e62800 3890       4       tripleplay.game.ScreenStack::paint (39 bytes)
Event: 114.120 Thread 0x0000000016e62800 nmethod 3890 0x000000000274e110 code [0x000000000274e260, 0x000000000274e3d8]
Event: 124.065 Thread 0x0000000016e5f000 3891   !   4       org.lwjgl.opengl.Sync::sync (125 bytes)
Event: 124.080 Thread 0x0000000016e5f000 nmethod 3891 0x0000000002ed6210 code [0x0000000002ed6480, 0x0000000002ed7190]
Event: 433.874 Thread 0x0000000016e69000 3892       3       org.lwjgl.opengl.WindowsKeyboard::isKeyPressed (13 bytes)
Event: 433.874 Thread 0x0000000016e69000 nmethod 3892 0x0000000002492dd0 code [0x0000000002492f20, 0x00000000024930b0]
Event: 434.843 Thread 0x0000000016e69000 3893   !   3       java.util.logging.LogManager::ensureLogManagerInitialized (128 bytes)

GC Heap History (10 events):
Event: 2.493 GC heap before
{Heap before GC invocations=3 (full 0):
 PSYoungGen      total 38400K, used 38381K [0x00000000d5c00000, 0x00000000d8680000, 0x0000000100000000)
  eden space 33280K, 100% used [0x00000000d5c00000,0x00000000d7c80000,0x00000000d7c80000)
  from space 5120K, 99% used [0x00000000d8180000,0x00000000d867b6f8,0x00000000d8680000)
  to   space 5120K, 0% used [0x00000000d7c80000,0x00000000d7c80000,0x00000000d8180000)
 ParOldGen       total 87552K, used 2803K [0x0000000081400000, 0x0000000086980000, 0x00000000d5c00000)
  object space 87552K, 3% used [0x0000000081400000,0x00000000816bcfb0,0x0000000086980000)
 Metaspace       used 15122K, capacity 15416K, committed 15616K, reserved 1062912K
  class space    used 1845K, capacity 1945K, committed 2048K, reserved 1048576K
Event: 2.505 GC heap after
Heap after GC invocations=3 (full 0):
 PSYoungGen      total 38400K, used 5104K [0x00000000d5c00000, 0x00000000d8680000, 0x0000000100000000)
  eden space 33280K, 0% used [0x00000000d5c00000,0x00000000d5c00000,0x00000000d7c80000)
  from space 5120K, 99% used [0x00000000d7c80000,0x00000000d817c010,0x00000000d8180000)
  to   space 5120K, 0% used [0x00000000d8180000,0x00000000d8180000,0x00000000d8680000)
 ParOldGen       total 87552K, used 4646K [0x0000000081400000, 0x0000000086980000, 0x00000000d5c00000)
  object space 87552K, 5% used [0x0000000081400000,0x0000000081889b08,0x0000000086980000)
 Metaspace       used 15122K, capacity 15416K, committed 15616K, reserved 1062912K
  class space    used 1845K, capacity 1945K, committed 2048K, reserved 1048576K
}
Event: 3.203 GC heap before
{Heap before GC invocations=4 (full 0):
 PSYoungGen      total 38400K, used 38384K [0x00000000d5c00000, 0x00000000d8680000, 0x0000000100000000)
  eden space 33280K, 100% used [0x00000000d5c00000,0x00000000d7c80000,0x00000000d7c80000)
  from space 5120K, 99% used [0x00000000d7c80000,0x00000000d817c010,0x00000000d8180000)
  to   space 5120K, 0% used [0x00000000d8180000,0x00000000d8180000,0x00000000d8680000)
 ParOldGen       total 87552K, used 4646K [0x0000000081400000, 0x0000000086980000, 0x00000000d5c00000)
  object space 87552K, 5% used [0x0000000081400000,0x0000000081889b08,0x0000000086980000)
 Metaspace       used 16218K, capacity 16618K, committed 16768K, reserved 1064960K
  class space    used 1946K, capacity 2091K, committed 2176K, reserved 1048576K
Event: 3.216 GC heap after
Heap after GC invocations=4 (full 0):
 PSYoungGen      total 38400K, used 5088K [0x00000000d5c00000, 0x00000000da700000, 0x0000000100000000)
  eden space 33280K, 0% used [0x00000000d5c00000,0x00000000d5c00000,0x00000000d7c80000)
  from space 5120K, 99% used [0x00000000d8180000,0x00000000d8678040,0x00000000d8680000)
  to   space 5120K, 0% used [0x00000000d7c80000,0x00000000d7c80000,0x00000000d8180000)
 ParOldGen       total 87552K, used 7609K [0x0000000081400000, 0x0000000086980000, 0x00000000d5c00000)
  object space 87552K, 8% used [0x0000000081400000,0x0000000081b6e550,0x0000000086980000)
 Metaspace       used 16218K, capacity 16618K, committed 16768K, reserved 1064960K
  class space    used 1946K, capacity 2091K, committed 2176K, reserved 1048576K
}
Event: 4.068 GC heap before
{Heap before GC invocations=5 (full 0):
 PSYoungGen      total 38400K, used 38368K [0x00000000d5c00000, 0x00000000da700000, 0x0000000100000000)
  eden space 33280K, 100% used [0x00000000d5c00000,0x00000000d7c80000,0x00000000d7c80000)
  from space 5120K, 99% used [0x00000000d8180000,0x00000000d8678040,0x00000000d8680000)
  to   space 5120K, 0% used [0x00000000d7c80000,0x00000000d7c80000,0x00000000d8180000)
 ParOldGen       total 87552K, used 7609K [0x0000000081400000, 0x0000000086980000, 0x00000000d5c00000)
  object space 87552K, 8% used [0x0000000081400000,0x0000000081b6e550,0x0000000086980000)
 Metaspace       used 17783K, capacity 18410K, committed 18560K, reserved 1064960K
  class space    used 2133K, capacity 2350K, committed 2432K, reserved 1048576K
Event: 4.090 GC heap after
Heap after GC invocations=5 (full 0):
 PSYoungGen      total 38400K, used 5104K [0x00000000d5c00000, 0x00000000db000000, 0x0000000100000000)
  eden space 33280K, 0% used [0x00000000d5c00000,0x00000000d5c00000,0x00000000d7c80000)
  from space 5120K, 99% used [0x00000000d7c80000,0x00000000d817c030,0x00000000d8180000)
  to   space 9728K, 0% used [0x00000000da680000,0x00000000da680000,0x00000000db000000)
 ParOldGen       total 87552K, used 10581K [0x0000000081400000, 0x0000000086980000, 0x00000000d5c00000)
  object space 87552K, 12% used [0x0000000081400000,0x0000000081e55668,0x0000000086980000)
 Metaspace       used 17783K, capacity 18410K, committed 18560K, reserved 1064960K
  class space    used 2133K, capacity 2350K, committed 2432K, reserved 1048576K
}
Event: 4.297 GC heap before
{Heap before GC invocations=6 (full 0):
 PSYoungGen      total 38400K, used 9019K [0x00000000d5c00000, 0x00000000db000000, 0x0000000100000000)
  eden space 33280K, 11% used [0x00000000d5c00000,0x00000000d5fd2ef0,0x00000000d7c80000)
  from space 5120K, 99% used [0x00000000d7c80000,0x00000000d817c030,0x00000000d8180000)
  to   space 9728K, 0% used [0x00000000da680000,0x00000000da680000,0x00000000db000000)
 ParOldGen       total 87552K, used 10581K [0x0000000081400000, 0x0000000086980000, 0x00000000d5c00000)
  object space 87552K, 12% used [0x0000000081400000,0x0000000081e55668,0x0000000086980000)
 Metaspace       used 20469K, capacity 21176K, committed 21296K, reserved 1069056K
  class space    used 2419K, capacity 2677K, committed 2688K, reserved 1048576K
Event: 4.315 GC heap after
Heap after GC invocations=6 (full 0):
 PSYoungGen      total 76288K, used 5796K [0x00000000d5c00000, 0x00000000db000000, 0x0000000100000000)
  eden space 66560K, 0% used [0x00000000d5c00000,0x00000000d5c00000,0x00000000d9d00000)
  from space 9728K, 59% used [0x00000000da680000,0x00000000dac292f0,0x00000000db000000)
  to   space 9728K, 0% used [0x00000000d9d00000,0x00000000d9d00000,0x00000000da680000)
 ParOldGen       total 87552K, used 10589K [0x0000000081400000, 0x0000000086980000, 0x00000000d5c00000)
  object space 87552K, 12% used [0x0000000081400000,0x0000000081e57668,0x0000000086980000)
 Metaspace       used 20469K, capacity 21176K, committed 21296K, reserved 1069056K
  class space    used 2419K, capacity 2677K, committed 2688K, reserved 1048576K
}
Event: 4.315 GC heap before
{Heap before GC invocations=7 (full 1):
 PSYoungGen      total 76288K, used 5796K [0x00000000d5c00000, 0x00000000db000000, 0x0000000100000000)
  eden space 66560K, 0% used [0x00000000d5c00000,0x00000000d5c00000,0x00000000d9d00000)
  from space 9728K, 59% used [0x00000000da680000,0x00000000dac292f0,0x00000000db000000)
  to   space 9728K, 0% used [0x00000000d9d00000,0x00000000d9d00000,0x00000000da680000)
 ParOldGen       total 87552K, used 10589K [0x0000000081400000, 0x0000000086980000, 0x00000000d5c00000)
  object space 87552K, 12% used [0x0000000081400000,0x0000000081e57668,0x0000000086980000)
 Metaspace       used 20469K, capacity 21176K, committed 21296K, reserved 1069056K
  class space    used 2419K, capacity 2677K, committed 2688K, reserved 1048576K
Event: 4.398 GC heap after
Heap after GC invocations=7 (full 1):
 PSYoungGen      total 76288K, used 0K [0x00000000d5c00000, 0x00000000db000000, 0x0000000100000000)
  eden space 66560K, 0% used [0x00000000d5c00000,0x00000000d5c00000,0x00000000d9d00000)
  from space 9728K, 0% used [0x00000000da680000,0x00000000da680000,0x00000000db000000)
  to   space 9728K, 0% used [0x00000000d9d00000,0x00000000d9d00000,0x00000000da680000)
 ParOldGen       total 60416K, used 9397K [0x0000000081400000, 0x0000000084f00000, 0x00000000d5c00000)
  object space 60416K, 15% used [0x0000000081400000,0x0000000081d2d478,0x0000000084f00000)
 Metaspace       used 20469K, capacity 21176K, committed 21296K, reserved 1069056K
  class space    used 2419K, capacity 2677K, committed 2688K, reserved 1048576K
}

Deoptimization events (10 events):
Event: 4.808 Thread 0x0000000019c86800 Uncommon trap: reason=class_check action=maybe_recompile pc=0x0000000002c69a3c method=java.util.concurrent.locks.AbstractQueuedSynchronizer.release(I)Z @ 2
Event: 4.809 Thread 0x000000001db98800 Uncommon trap: reason=unstable_if action=reinterpret pc=0x00000000025f14f8 method=sun.net.www.ParseUtil.encodePath(Ljava/lang/String;Z)Ljava/lang/String; @ 123
Event: 4.809 Thread 0x0000000019c86800 Uncommon trap: reason=unstable_if action=reinterpret pc=0x00000000025f14f8 method=sun.net.www.ParseUtil.encodePath(Ljava/lang/String;Z)Ljava/lang/String; @ 123
Event: 4.823 Thread 0x000000001b0a8800 Uncommon trap: reason=class_check action=maybe_recompile pc=0x0000000002c69a3c method=java.util.concurrent.locks.AbstractQueuedSynchronizer.release(I)Z @ 2
Event: 4.828 Thread 0x000000001b0a8800 Uncommon trap: reason=class_check action=maybe_recompile pc=0x00000000029a616c method=java.util.Hashtable.put(Ljava/lang/Object;Ljava/lang/Object;)Ljava/lang/Object; @ 18
Event: 4.828 Thread 0x000000001db98800 Uncommon trap: reason=class_check action=maybe_recompile pc=0x00000000029a616c method=java.util.Hashtable.put(Ljava/lang/Object;Ljava/lang/Object;)Ljava/lang/Object; @ 18
Event: 4.921 Thread 0x0000000019c85800 Uncommon trap: reason=class_check action=maybe_recompile pc=0x00000000029a3c18 method=java.util.Hashtable.addEntry(ILjava/lang/Object;Ljava/lang/Object;I)V @ 38
Event: 34.867 Thread 0x000000001b083000 Uncommon trap: reason=unstable_if action=reinterpret pc=0x0000000002ed3f44 method=org.lwjgl.opengl.Sync.sync(I)V @ 77
Event: 104.102 Thread 0x000000001b083000 Uncommon trap: reason=unstable_if action=reinterpret pc=0x00000000027b388c method=org.lwjgl.opengl.Sync$RunningAvg.dampenForLowResTicker()V @ 8
Event: 433.874 Thread 0x000000001b083000 Uncommon trap: reason=unstable_if action=reinterpret pc=0x0000000002449f68 method=org.lwjgl.opengl.WindowsDisplay.update()V @ 44

Internal exceptions (10 events):
Event: 1.667 Thread 0x00000000021de000 Exception <a 'java/lang/NullPointerException'> (0x00000000d5f0ea60) thrown at [C:\re\workspace\8-2-build-windows-amd64-cygwin\jdk8u51\3951\hotspot\src\share\vm\interpreter\linkResolver.cpp, line 1178]
Event: 2.004 Thread 0x00000000021de000 Implicit null exception at 0x00000000028c5d1c to 0x00000000028c637a
Event: 2.034 Thread 0x00000000021de000 Implicit null exception at 0x00000000026b2755 to 0x00000000026b292d
Event: 2.035 Thread 0x00000000021de000 Implicit null exception at 0x00000000026675ef to 0x0000000002667659
Event: 2.217 Thread 0x00000000021de000 Implicit null exception at 0x000000000299e89c to 0x000000000299f9ed
Event: 3.046 Thread 0x00000000021de000 Implicit null exception at 0x0000000002ba6fb1 to 0x0000000002ba8121
Event: 4.185 Thread 0x000000001b083000 Exception <a 'java/io/FileNotFoundException'> (0x00000000d5e3dda8) thrown at [C:\re\workspace\8-2-build-windows-amd64-cygwin\jdk8u51\3951\hotspot\src\share\vm\prims\jni.cpp, line 709]
Event: 4.214 Thread 0x000000001b083000 Exception <a 'java/io/FileNotFoundException'> (0x00000000d5e61e28) thrown at [C:\re\workspace\8-2-build-windows-amd64-cygwin\jdk8u51\3951\hotspot\src\share\vm\prims\jni.cpp, line 709]
Event: 4.265 Thread 0x000000001b083000 Exception <a 'java/lang/NoSuchFieldError': method resolution failed> (0x00000000d5f3fe60) thrown at [C:\re\workspace\8-2-build-windows-amd64-cygwin\jdk8u51\3951\hotspot\src\share\vm\prims\methodHandles.cpp, line 1125]
Event: 4.267 Thread 0x000000001b083000 Exception <a 'java/lang/NoSuchFieldError': method resolution failed> (0x00000000d5f4e790) thrown at [C:\re\workspace\8-2-build-windows-amd64-cygwin\jdk8u51\3951\hotspot\src\share\vm\prims\methodHandles.cpp, line 1125]

Events (10 events):
Event: 434.842 Thread 0x0000000019c85800 Thread exited: 0x0000000019c85800
Event: 434.842 Executing VM operation: RevokeBias
Event: 434.842 Thread 0x0000000019c86800 Thread exited: 0x0000000019c86800
Event: 434.842 Executing VM operation: RevokeBias done
Event: 434.842 Thread 0x000000001b0a8800 Thread exited: 0x000000001b0a8800
Event: 434.842 Thread 0x00000000192d8000 Thread added: 0x00000000192d8000
Event: 434.842 Thread 0x000000001951a800 Thread added: 0x000000001951a800
Event: 434.842 Thread 0x00000000192d8000 Thread exited: 0x00000000192d8000
Event: 434.843 Thread 0x000000001951a800 Thread exited: 0x000000001951a800
Event: 434.843 Executing VM operation: Exit


Dynamic libraries:
0x00007ff7db780000 - 0x00007ff7db7b7000 	C:\Program Files\Java\jdk1.8.0_51\bin\java.exe
0x00007ffda31f0000 - 0x00007ffda33b9000 	C:\WINDOWS\SYSTEM32\ntdll.dll
0x00007ffda2860000 - 0x00007ffda290b000 	C:\WINDOWS\system32\KERNEL32.DLL
0x00007ffd9fc60000 - 0x00007ffd9fe5c000 	C:\WINDOWS\system32\KERNELBASE.dll
0x00007ffda0ab0000 - 0x00007ffda0b57000 	C:\WINDOWS\system32\ADVAPI32.dll
0x00007ffda27c0000 - 0x00007ffda285d000 	C:\WINDOWS\system32\msvcrt.dll
0x00007ffda3170000 - 0x00007ffda31cc000 	C:\WINDOWS\system32\sechost.dll
0x00007ffda0cb0000 - 0x00007ffda0dd5000 	C:\WINDOWS\system32\RPCRT4.dll
0x00007ffda2650000 - 0x00007ffda27b6000 	C:\WINDOWS\system32\USER32.dll
0x000000005da60000 - 0x000000005da7f000 	C:\WINDOWS\system32\win32u.dll
0x00007ffda0b60000 - 0x00007ffda0b90000 	C:\WINDOWS\system32\GDI32.dll
0x00007ffd9ff10000 - 0x00007ffda0090000 	C:\WINDOWS\system32\gdi32full.dll
0x00007ffd99530000 - 0x00007ffd9979c000 	C:\WINDOWS\WinSxS\amd64_microsoft.windows.common-controls_6595b64144ccf1df_6.0.14295.1000_none_7d072e80b85c67b2\COMCTL32.dll
0x00007ffda2360000 - 0x00007ffda25ef000 	C:\WINDOWS\system32\combase.dll
0x00007ffd9fb60000 - 0x00007ffd9fc54000 	C:\WINDOWS\system32\ucrtbase.dll
0x00007ffd9f930000 - 0x00007ffd9f999000 	C:\WINDOWS\system32\bcryptPrimitives.dll
0x00007ffda2e60000 - 0x00007ffda2e8e000 	C:\WINDOWS\system32\IMM32.DLL
0x000000005b470000 - 0x000000005b542000 	C:\Program Files\Java\jdk1.8.0_51\jre\bin\msvcr100.dll
0x000000005b9d0000 - 0x000000005c253000 	C:\Program Files\Java\jdk1.8.0_51\jre\bin\server\jvm.dll
0x00007ffda0940000 - 0x00007ffda0947000 	C:\WINDOWS\system32\PSAPI.DLL
0x00007ffd98a00000 - 0x00007ffd98a0a000 	C:\WINDOWS\SYSTEM32\VERSION.dll
0x00007ffd9df30000 - 0x00007ffd9df53000 	C:\WINDOWS\SYSTEM32\WINMM.dll
0x00007ffd9aae0000 - 0x00007ffd9aae9000 	C:\WINDOWS\SYSTEM32\WSOCK32.dll
0x00007ffd9de60000 - 0x00007ffd9de8b000 	C:\WINDOWS\SYSTEM32\WINMMBASE.dll
0x00007ffda2f00000 - 0x00007ffda2f6b000 	C:\WINDOWS\system32\WS2_32.dll
0x00007ffd9fe60000 - 0x00007ffd9fea3000 	C:\WINDOWS\system32\cfgmgr32.dll
0x000000005b8e0000 - 0x000000005b8ef000 	C:\Program Files\Java\jdk1.8.0_51\jre\bin\verify.dll
0x000000005b8b0000 - 0x000000005b8d9000 	C:\Program Files\Java\jdk1.8.0_51\jre\bin\java.dll
0x000000005b890000 - 0x000000005b8a6000 	C:\Program Files\Java\jdk1.8.0_51\jre\bin\zip.dll
0x00007ffda0e80000 - 0x00007ffda2351000 	C:\WINDOWS\system32\SHELL32.dll
0x00007ffda0140000 - 0x00007ffda07f3000 	C:\WINDOWS\system32\windows.storage.dll
0x00007ffda25f0000 - 0x00007ffda2642000 	C:\WINDOWS\system32\shlwapi.dll
0x00007ffd9f850000 - 0x00007ffd9f85f000 	C:\WINDOWS\system32\kernel.appcore.dll
0x00007ffd9f860000 - 0x00007ffd9f908000 	C:\WINDOWS\system32\shcore.dll
0x00007ffd9f7e0000 - 0x00007ffd9f82b000 	C:\WINDOWS\system32\powrprof.dll
0x00007ffd9f830000 - 0x00007ffd9f844000 	C:\WINDOWS\system32\profapi.dll
0x000000005b870000 - 0x000000005b88a000 	C:\Program Files\Java\jdk1.8.0_51\jre\bin\net.dll
0x00007ffd9f0b0000 - 0x00007ffd9f10c000 	C:\WINDOWS\system32\mswsock.dll
0x000000005b850000 - 0x000000005b861000 	C:\Program Files\Java\jdk1.8.0_51\jre\bin\nio.dll
0x000000005b6b0000 - 0x000000005b848000 	C:\Program Files\Java\jdk1.8.0_51\jre\bin\awt.dll
0x00007ffda2da0000 - 0x00007ffda2e5b000 	C:\WINDOWS\system32\OLEAUT32.dll
0x00007ffd9deb0000 - 0x00007ffd9df29000 	C:\WINDOWS\SYSTEM32\apphelp.dll
0x00007ffd9cb70000 - 0x00007ffd9cb94000 	C:\WINDOWS\system32\DWMAPI.DLL
0x00007ffd9e290000 - 0x00007ffd9e323000 	C:\WINDOWS\system32\uxtheme.dll
0x0000000180000000 - 0x0000000180050000 	C:\cygwin64\tmp\playnaphis\1284024257\lwjgl64.dll
0x00007ffd81ee0000 - 0x00007ffd82003000 	C:\WINDOWS\SYSTEM32\OPENGL32.dll
0x00007ffd82080000 - 0x00007ffd820ac000 	C:\WINDOWS\SYSTEM32\GLU32.dll
0x00007ffd81de0000 - 0x00007ffd81ed7000 	C:\WINDOWS\SYSTEM32\DDRAW.dll
0x00007ffd82390000 - 0x00007ffd82398000 	C:\WINDOWS\SYSTEM32\DCIMAN32.dll
0x00007ffda0950000 - 0x00007ffda0aa1000 	C:\WINDOWS\system32\MSCTF.dll
0x00007ffd78660000 - 0x00007ffd7868b000 	C:\PROGRA~2\RAPTRI~1\Raptr\ltc_help64-109838.dll
0x00007ffd9feb0000 - 0x00007ffd9ff05000 	C:\WINDOWS\system32\WINTRUST.dll
0x00007ffd9f7d0000 - 0x00007ffd9f7e0000 	C:\WINDOWS\system32\MSASN1.dll
0x00007ffd9f9a0000 - 0x00007ffd9fb5c000 	C:\WINDOWS\system32\CRYPT32.dll
0x00007ffd5e2e0000 - 0x00007ffd5ef99000 	C:\WINDOWS\SYSTEM32\ig8icd64.dll
0x00007ffd97b70000 - 0x00007ffd98575000 	C:\WINDOWS\SYSTEM32\igdusc64.dll
0x00007ffd9d810000 - 0x00007ffd9d823000 	C:\WINDOWS\SYSTEM32\WTSAPI32.dll
0x00007ffd826c0000 - 0x00007ffd8274d000 	C:\WINDOWS\SYSTEM32\mscms.dll
0x00007ffd9ef40000 - 0x00007ffd9ef5f000 	C:\WINDOWS\SYSTEM32\USERENV.dll
0x00007ffd8dbd0000 - 0x00007ffd8dc12000 	C:\WINDOWS\SYSTEM32\icm32.dll
0x00007ffd9f160000 - 0x00007ffd9f177000 	C:\WINDOWS\system32\CRYPTSP.dll
0x00007ffd9ee50000 - 0x00007ffd9ee84000 	C:\WINDOWS\system32\rsaenh.dll
0x00007ffd9f710000 - 0x00007ffd9f739000 	C:\WINDOWS\SYSTEM32\bcrypt.dll
0x00007ffd9f280000 - 0x00007ffd9f28b000 	C:\WINDOWS\SYSTEM32\CRYPTBASE.dll
0x00007ffda0c90000 - 0x00007ffda0cac000 	C:\WINDOWS\system32\imagehlp.dll
0x00007ffd9e930000 - 0x00007ffd9e953000 	C:\WINDOWS\SYSTEM32\gpapi.dll
0x00007ffd843e0000 - 0x00007ffd8440f000 	C:\Windows\System32\cryptnet.dll
0x00007ffd9cca0000 - 0x00007ffd9ccd7000 	C:\WINDOWS\SYSTEM32\IPHLPAPI.DLL
0x00007ffd9bde0000 - 0x00007ffd9bdeb000 	C:\WINDOWS\SYSTEM32\WINNSI.DLL
0x00007ffda31d0000 - 0x00007ffda31d8000 	C:\WINDOWS\system32\NSI.dll
0x00007ffd7b560000 - 0x00007ffd7b770000 	C:\PROGRA~2\RAPTRI~1\Raptr\ltc_game64-109838.dll
0x00007ffda0800000 - 0x00007ffda0938000 	C:\WINDOWS\system32\ole32.dll
0x00007ffd77d00000 - 0x00007ffd77e8b000 	C:\WINDOWS\SYSTEM32\dbghelp.dll

VM Arguments:
jvm_args: -Dclassworlds.conf=C:\apache-maven-3.3.9/bin/m2.conf -Dmaven.home=C:\apache-maven-3.3.9 -Dmaven.multiModuleProjectDirectory=C:\cygwin64\home\aphis\event\Event-Driven-Programming-Project\project 
java_command: org.codehaus.plexus.classworlds.launcher.Launcher test -Pjava
java_class_path (initial): C:\apache-maven-3.3.9/boot/plexus-classworlds-2.5.2.jar
Launcher Type: SUN_STANDARD

Environment Variables:
JAVA_HOME=C:\Program Files\Java\jdk1.8.0_51
PATH=C:\cygwin64\usr\local\bin;C:\cygwin64\bin;C:\Program Files (x86)\Intel\iCLS Client;C:\Program Files\Intel\iCLS Client;C:\ProgramData\Oracle\Java\javapath;C:\WINDOWS\system32;C:\WINDOWS;C:\WINDOWS\System32\Wbem;C:\WINDOWS\System32\WindowsPowerShell\v1.0;C:\Program Files (x86)\AMD\ATI.ACE\Core-Static;C:\Program Files\Java\jdk1.8.0_51\bin;C:\Program Files\Intel\Intel(R) Management Engine Components\DAL;C:\Program Files (x86)\Intel\Intel(R) Management Engine Components\DAL;C:\Program Files\Intel\Intel(R) Management Engine Components\IPT;C:\Program Files (x86)\Intel\Intel(R) Management Engine Components\IPT;C:\Program Files\Java\jdk1.8.0_51\bin;C:\grails-2.4.5\grails-2.4.5\bin;C:\Program Files (x86)\ATI Technologies\ATI.ACE\Core-Static;C:\Program Files (x86)\Dev-Cpp\MinGW64\bin;C:\Go\bin;C:\Program Files\Git\bin;C:\Program Files (x86)\Skype\Phone;C:\Program Files (x86)\GtkSharp\2.12\bin;C:\apache-maven-3.3.9\bin;C:\Users\aphis\AppData\Local\Programs\Python\Python35-32\Scripts;C:\Users\aphis\AppData\Local\Programs\Python\Python35-32;C:\Program Files (x86)\Microsoft VS Code\bin
USERNAME=aphis
SHELL=/bin/bash
OS=Windows_NT
PROCESSOR_IDENTIFIER=Intel64 Family 6 Model 61 Stepping 4, GenuineIntel



---------------  S Y S T E M  ---------------

OS: Windows 10.0 , 64 bit Build 14295 (10.0.14295.1000)

CPU:total 4 (2 cores per cpu, 2 threads per core) family 6 model 61 stepping 4, cmov, cx8, fxsr, mmx, sse, sse2, sse3, ssse3, sse4.1, sse4.2, popcnt, avx, avx2, aes, clmul, erms, 3dnowpref, lzcnt, ht, tsc, tscinvbit, bmi1, bmi2, adx

Memory: 4k page, physical 8301016k(3413808k free), swap 10267096k(3492052k free)

vm_info: Java HotSpot(TM) 64-Bit Server VM (25.51-b03) for windows-amd64 JRE (1.8.0_51-b16), built on Jun  8 2015 18:03:07 by "java_re" with MS VC++ 10.0 (VS2010)

time: Sun Mar 27 19:44:57 2016
elapsed time: 434 seconds (0d 0h 7m 14s)

