#
# A fatal error has been detected by the Java Runtime Environment:
#
#  EXCEPTION_ACCESS_VIOLATION (0xc0000005) at pc=0x00007ffd81fbecb4, pid=3116, tid=2656
#
# JRE version: Java(TM) SE Runtime Environment (8.0_51-b16) (build 1.8.0_51-b16)
# Java VM: Java HotSpot(TM) 64-Bit Server VM (25.51-b03 mixed mode windows-amd64 compressed oops)
# Problematic frame:
# C  [OPENGL32.dll+0xdecb4]
#
# Failed to write core dump. Minidumps are not enabled by default on client versions of Windows
#
# If you would like to submit a bug report, please visit:
#   http://bugreport.java.com/bugreport/crash.jsp
#

---------------  T H R E A D  ---------------

Current thread (0x0000000016fe7800):  VMThread [stack: 0x0000000018080000,0x0000000018180000] [id=2656]

siginfo: ExceptionCode=0xc0000005, reading address 0x0000000000000a38

Registers:
RAX=0x0000000000000000, RBX=0x000000001bffe830, RCX=0x0000000000000001, RDX=0x000000001bffe838
RSP=0x000000001817f528, RBP=0x0000000000000000, RSI=0x0000000029a741c0, RDI=0x0000000029a741c0
R8 =0x000000001817f5a8, R9 =0x0000000016ef5400, R10=0x0000000000000042, R11=0x00007ffd81fd1bb8
R12=0x0000000000000000, R13=0x000000001bff7f98, R14=0x000000001bff7e50, R15=0x0000000000000000
RIP=0x00007ffd81fbecb4, EFLAGS=0x0000000000010283

Top of Stack: (sp=0x000000001817f528)
0x000000001817f528:   00007ffd794844eb 0000000000000001
0x000000001817f538:   000000001bffe838 000000001817f5a8
0x000000001817f548:   0000000016ef5400 0000000000000000
0x000000001817f558:   00007ffd79489fb7 0000000000000000
0x000000001817f568:   000000001bffa460 000000001bff7f80
0x000000001817f578:   00007ffd79489323 fffffffffffffffe
0x000000001817f588:   000000001817f5f0 0000000000000000
0x000000001817f598:   00007ffd7948a869 0000000029a741c0
0x000000001817f5a8:   000000001bff7b90 000000001bff7e50
0x000000001817f5b8:   00007ffd794ea910 fffffffffffffffe
0x000000001817f5c8:   000000001bffa4a0 0000000000000001
0x000000001817f5d8:   000000001bff7f78 000000001bff7e50
0x000000001817f5e8:   00007ffd794f2a31 00007ffd79614790
0x000000001817f5f8:   00007ffd79557ad0 0000000016ef5400
0x000000001817f608:   0000000000000000 000000001bff7f78
0x000000001817f618:   000000001bff7e50 000000001bff7e50 

Instructions: (pc=0x00007ffd81fbecb4)
0x00007ffd81fbec94:   cc cc cc cc cc cc 66 0f 1f 44 00 00 8b 05 62 63
0x00007ffd81fbeca4:   01 00 83 f8 40 73 0f 65 48 8b 04 c5 80 14 00 00
0x00007ffd81fbecb4:   ff a0 38 0a 00 00 b8 47 01 00 00 e9 ec d4 ff ff
0x00007ffd81fbecc4:   cc cc cc cc cc cc 66 0f 1f 44 00 00 8b 05 32 63 


Register to memory mapping:

RAX=0x0000000000000000 is an unknown value
RBX=0x000000001bffe830 is an unknown value
RCX=0x0000000000000001 is an unknown value
RDX=0x000000001bffe838 is an unknown value
RSP=0x000000001817f528 is an unknown value
RBP=0x0000000000000000 is an unknown value
RSI=0x0000000029a741c0 is an unknown value
RDI=0x0000000029a741c0 is an unknown value
R8 =0x000000001817f5a8 is an unknown value
R9 =0x0000000016ef5400 is an unknown value
R10=0x0000000000000042 is an unknown value
R11=0x00007ffd81fd1bb8 is an unknown value
R12=0x0000000000000000 is an unknown value
R13=0x000000001bff7f98 is an unknown value
R14=0x000000001bff7e50 is an unknown value
R15=0x0000000000000000 is an unknown value


Stack: [0x0000000018080000,0x0000000018180000],  sp=0x000000001817f528,  free space=1021k
Native frames: (J=compiled Java code, j=interpreted, Vv=VM code, C=native code)

VM_Operation (0x000000001d47e350): Exit, mode: safepoint, requested by thread 0x000000001bc6a800


---------------  P R O C E S S  ---------------

Java Threads: ( => current thread )
  0x0000000018bc4800 JavaThread "LWJGL Timer" daemon [_thread_blocked, id=8172, stack(0x000000002acd0000,0x000000002add0000)]
  0x000000001b5ad800 JavaThread "Java2D Disposer" daemon [_thread_blocked, id=2676, stack(0x000000001d830000,0x000000001d930000)]
  0x000000001bc6a800 JavaThread "event.project.java.MyGameJava.main()" [_thread_blocked, id=3356, stack(0x000000001d380000,0x000000001d480000)]
  0x00000000188a0800 JavaThread "Service Thread" daemon [_thread_blocked, id=7108, stack(0x0000000018c80000,0x0000000018d80000)]
  0x000000001702a800 JavaThread "C1 CompilerThread2" daemon [_thread_blocked, id=10584, stack(0x0000000018780000,0x0000000018880000)]
  0x0000000017023000 JavaThread "C2 CompilerThread1" daemon [_thread_blocked, id=11152, stack(0x0000000018680000,0x0000000018780000)]
  0x000000001701e800 JavaThread "C2 CompilerThread0" daemon [_thread_blocked, id=3168, stack(0x0000000018580000,0x0000000018680000)]
  0x000000001701d000 JavaThread "Attach Listener" daemon [_thread_blocked, id=6292, stack(0x0000000018480000,0x0000000018580000)]
  0x000000001701c000 JavaThread "Signal Dispatcher" daemon [_thread_blocked, id=532, stack(0x0000000018380000,0x0000000018480000)]
  0x00000000024a7800 JavaThread "Finalizer" daemon [_thread_blocked, id=9364, stack(0x0000000018280000,0x0000000018380000)]
  0x000000000249f800 JavaThread "Reference Handler" daemon [_thread_blocked, id=5116, stack(0x0000000018180000,0x0000000018280000)]
  0x00000000021be000 JavaThread "main" [_thread_blocked, id=7236, stack(0x00000000022b0000,0x00000000023b0000)]

Other Threads:
=>0x0000000016fe7800 VMThread [stack: 0x0000000018080000,0x0000000018180000] [id=2656]

VM state:at safepoint (shutting down)

VM Mutex/Monitor currently owned by a thread:  ([mutex/lock_event])
[0x00000000021bdda0] Threads_lock - owner thread: 0x0000000016fe7800

Heap:
 PSYoungGen      total 71680K, used 14825K [0x00000000d5c00000, 0x00000000df200000, 0x0000000100000000)
  eden space 66560K, 22% used [0x00000000d5c00000,0x00000000d6a7a608,0x00000000d9d00000)
  from space 5120K, 0% used [0x00000000d9d00000,0x00000000d9d00000,0x00000000da200000)
  to   space 10240K, 0% used [0x00000000de800000,0x00000000de800000,0x00000000df200000)
 ParOldGen       total 68096K, used 10749K [0x0000000081400000, 0x0000000085680000, 0x00000000d5c00000)
  object space 68096K, 15% used [0x0000000081400000,0x0000000081e7f738,0x0000000085680000)
 Metaspace       used 23046K, capacity 23790K, committed 23936K, reserved 1071104K
  class space    used 2654K, capacity 2901K, committed 2944K, reserved 1048576K

Card table byte_map: [0x0000000011870000,0x0000000011c70000] byte_map_base: 0x0000000011466000

Marking Bits: (ParMarkBitMap*) 0x000000005c1d4040
 Begin Bits: [0x0000000012320000, 0x00000000142d0000)
 End Bits:   [0x00000000142d0000, 0x0000000016280000)

Polling page: 0x00000000001f0000

CodeCache: size=245760Kb used=11347Kb max_used=11959Kb free=234412Kb
 bounds [0x00000000024b0000, 0x0000000003080000, 0x00000000114b0000]
 total_blobs=4089 nmethods=3491 adapters=510
 compilation: enabled

Compilation events (10 events):
Event: 35.140 Thread 0x0000000017023000 3827       4       playn.java.JavaGL20::glBindTexture (6 bytes)
Event: 35.142 Thread 0x0000000017023000 nmethod 3827 0x0000000002ab2b10 code [0x0000000002ab2c60, 0x0000000002ab2d88]
Event: 35.173 Thread 0x000000001701e800 nmethod 3826 0x0000000003066650 code [0x0000000003066c20, 0x000000000306c098]
Event: 36.580 Thread 0x0000000017023000 3828       4       java.nio.DirectFloatBufferU::put (154 bytes)
Event: 36.582 Thread 0x0000000017023000 nmethod 3828 0x0000000002617510 code [0x0000000002617660, 0x00000000026178b8]
Event: 37.363 Thread 0x000000001701e800 3829       4       playn.core.gl.GL20Program$8::bind (39 bytes)
Event: 37.369 Thread 0x000000001701e800 nmethod 3829 0x00000000026a8a10 code [0x00000000026a8ba0, 0x00000000026a91a8]
Event: 39.463 Thread 0x0000000017023000 3830       4       playn.core.gl.QuadShader$QuadCore::flush (60 bytes)
Event: 39.476 Thread 0x0000000017023000 nmethod 3830 0x00000000028f68d0 code [0x00000000028f6ac0, 0x00000000028f7548]
Event: 39.577 Thread 0x000000001702a800 3831   !   3       java.util.logging.LogManager::ensureLogManagerInitialized (128 bytes)

GC Heap History (10 events):
Event: 1.421 GC heap before
{Heap before GC invocations=2 (full 0):
 PSYoungGen      total 38400K, used 38391K [0x00000000d5c00000, 0x00000000d8680000, 0x0000000100000000)
  eden space 33280K, 100% used [0x00000000d5c00000,0x00000000d7c80000,0x00000000d7c80000)
  from space 5120K, 99% used [0x00000000d7c80000,0x00000000d817dd10,0x00000000d8180000)
  to   space 5120K, 0% used [0x00000000d8180000,0x00000000d8180000,0x00000000d8680000)
 ParOldGen       total 87552K, used 184K [0x0000000081400000, 0x0000000086980000, 0x00000000d5c00000)
  object space 87552K, 0% used [0x0000000081400000,0x000000008142e0e0,0x0000000086980000)
 Metaspace       used 12871K, capacity 13060K, committed 13312K, reserved 1060864K
  class space    used 1628K, capacity 1742K, committed 1792K, reserved 1048576K
Event: 1.430 GC heap after
Heap after GC invocations=2 (full 0):
 PSYoungGen      total 38400K, used 5116K [0x00000000d5c00000, 0x00000000da700000, 0x0000000100000000)
  eden space 33280K, 0% used [0x00000000d5c00000,0x00000000d5c00000,0x00000000d7c80000)
  from space 5120K, 99% used [0x00000000d8180000,0x00000000d867f268,0x00000000d8680000)
  to   space 5120K, 0% used [0x00000000d7c80000,0x00000000d7c80000,0x00000000d8180000)
 ParOldGen       total 87552K, used 2902K [0x0000000081400000, 0x0000000086980000, 0x00000000d5c00000)
  object space 87552K, 3% used [0x0000000081400000,0x00000000816d5818,0x0000000086980000)
 Metaspace       used 12871K, capacity 13060K, committed 13312K, reserved 1060864K
  class space    used 1628K, capacity 1742K, committed 1792K, reserved 1048576K
}
Event: 2.611 GC heap before
{Heap before GC invocations=3 (full 0):
 PSYoungGen      total 38400K, used 38396K [0x00000000d5c00000, 0x00000000da700000, 0x0000000100000000)
  eden space 33280K, 100% used [0x00000000d5c00000,0x00000000d7c80000,0x00000000d7c80000)
  from space 5120K, 99% used [0x00000000d8180000,0x00000000d867f268,0x00000000d8680000)
  to   space 5120K, 0% used [0x00000000d7c80000,0x00000000d7c80000,0x00000000d8180000)
 ParOldGen       total 87552K, used 2902K [0x0000000081400000, 0x0000000086980000, 0x00000000d5c00000)
  object space 87552K, 3% used [0x0000000081400000,0x00000000816d5818,0x0000000086980000)
 Metaspace       used 15113K, capacity 15416K, committed 15616K, reserved 1062912K
  class space    used 1845K, capacity 1945K, committed 2048K, reserved 1048576K
Event: 2.622 GC heap after
Heap after GC invocations=3 (full 0):
 PSYoungGen      total 38400K, used 5088K [0x00000000d5c00000, 0x00000000da700000, 0x0000000100000000)
  eden space 33280K, 0% used [0x00000000d5c00000,0x00000000d5c00000,0x00000000d7c80000)
  from space 5120K, 99% used [0x00000000d7c80000,0x00000000d8178040,0x00000000d8180000)
  to   space 5120K, 0% used [0x00000000da200000,0x00000000da200000,0x00000000da700000)
 ParOldGen       total 87552K, used 4799K [0x0000000081400000, 0x0000000086980000, 0x00000000d5c00000)
  object space 87552K, 5% used [0x0000000081400000,0x00000000818afef0,0x0000000086980000)
 Metaspace       used 15113K, capacity 15416K, committed 15616K, reserved 1062912K
  class space    used 1845K, capacity 1945K, committed 2048K, reserved 1048576K
}
Event: 3.562 GC heap before
{Heap before GC invocations=4 (full 0):
 PSYoungGen      total 38400K, used 38368K [0x00000000d5c00000, 0x00000000da700000, 0x0000000100000000)
  eden space 33280K, 100% used [0x00000000d5c00000,0x00000000d7c80000,0x00000000d7c80000)
  from space 5120K, 99% used [0x00000000d7c80000,0x00000000d8178040,0x00000000d8180000)
  to   space 5120K, 0% used [0x00000000da200000,0x00000000da200000,0x00000000da700000)
 ParOldGen       total 87552K, used 4799K [0x0000000081400000, 0x0000000086980000, 0x00000000d5c00000)
  object space 87552K, 5% used [0x0000000081400000,0x00000000818afef0,0x0000000086980000)
 Metaspace       used 16212K, capacity 16618K, committed 16768K, reserved 1064960K
  class space    used 1946K, capacity 2091K, committed 2176K, reserved 1048576K
Event: 3.576 GC heap after
Heap after GC invocations=4 (full 0):
 PSYoungGen      total 71680K, used 5088K [0x00000000d5c00000, 0x00000000da700000, 0x0000000100000000)
  eden space 66560K, 0% used [0x00000000d5c00000,0x00000000d5c00000,0x00000000d9d00000)
  from space 5120K, 99% used [0x00000000da200000,0x00000000da6f8020,0x00000000da700000)
  to   space 5120K, 0% used [0x00000000d9d00000,0x00000000d9d00000,0x00000000da200000)
 ParOldGen       total 87552K, used 7691K [0x0000000081400000, 0x0000000086980000, 0x00000000d5c00000)
  object space 87552K, 8% used [0x0000000081400000,0x0000000081b82f08,0x0000000086980000)
 Metaspace       used 16212K, capacity 16618K, committed 16768K, reserved 1064960K
  class space    used 1946K, capacity 2091K, committed 2176K, reserved 1048576K
}
Event: 4.602 GC heap before
{Heap before GC invocations=5 (full 0):
 PSYoungGen      total 71680K, used 42940K [0x00000000d5c00000, 0x00000000da700000, 0x0000000100000000)
  eden space 66560K, 56% used [0x00000000d5c00000,0x00000000d80f7278,0x00000000d9d00000)
  from space 5120K, 99% used [0x00000000da200000,0x00000000da6f8020,0x00000000da700000)
  to   space 5120K, 0% used [0x00000000d9d00000,0x00000000d9d00000,0x00000000da200000)
 ParOldGen       total 87552K, used 7691K [0x0000000081400000, 0x0000000086980000, 0x00000000d5c00000)
  object space 87552K, 8% used [0x0000000081400000,0x0000000081b82f08,0x0000000086980000)
 Metaspace       used 20466K, capacity 21176K, committed 21296K, reserved 1069056K
  class space    used 2419K, capacity 2677K, committed 2688K, reserved 1048576K
Event: 4.622 GC heap after
Heap after GC invocations=5 (full 0):
 PSYoungGen      total 71680K, used 5104K [0x00000000d5c00000, 0x00000000df200000, 0x0000000100000000)
  eden space 66560K, 0% used [0x00000000d5c00000,0x00000000d5c00000,0x00000000d9d00000)
  from space 5120K, 99% used [0x00000000d9d00000,0x00000000da1fc030,0x00000000da200000)
  to   space 10240K, 0% used [0x00000000de800000,0x00000000de800000,0x00000000df200000)
 ParOldGen       total 87552K, used 11404K [0x0000000081400000, 0x0000000086980000, 0x00000000d5c00000)
  object space 87552K, 13% used [0x0000000081400000,0x0000000081f232d0,0x0000000086980000)
 Metaspace       used 20466K, capacity 21176K, committed 21296K, reserved 1069056K
  class space    used 2419K, capacity 2677K, committed 2688K, reserved 1048576K
}
Event: 4.622 GC heap before
{Heap before GC invocations=6 (full 1):
 PSYoungGen      total 71680K, used 5104K [0x00000000d5c00000, 0x00000000df200000, 0x0000000100000000)
  eden space 66560K, 0% used [0x00000000d5c00000,0x00000000d5c00000,0x00000000d9d00000)
  from space 5120K, 99% used [0x00000000d9d00000,0x00000000da1fc030,0x00000000da200000)
  to   space 10240K, 0% used [0x00000000de800000,0x00000000de800000,0x00000000df200000)
 ParOldGen       total 87552K, used 11404K [0x0000000081400000, 0x0000000086980000, 0x00000000d5c00000)
  object space 87552K, 13% used [0x0000000081400000,0x0000000081f232d0,0x0000000086980000)
 Metaspace       used 20466K, capacity 21176K, committed 21296K, reserved 1069056K
  class space    used 2419K, capacity 2677K, committed 2688K, reserved 1048576K
Event: 4.700 GC heap after
Heap after GC invocations=6 (full 1):
 PSYoungGen      total 71680K, used 0K [0x00000000d5c00000, 0x00000000df200000, 0x0000000100000000)
  eden space 66560K, 0% used [0x00000000d5c00000,0x00000000d5c00000,0x00000000d9d00000)
  from space 5120K, 0% used [0x00000000d9d00000,0x00000000d9d00000,0x00000000da200000)
  to   space 10240K, 0% used [0x00000000de800000,0x00000000de800000,0x00000000df200000)
 ParOldGen       total 68096K, used 10749K [0x0000000081400000, 0x0000000085680000, 0x00000000d5c00000)
  object space 68096K, 15% used [0x0000000081400000,0x0000000081e7f738,0x0000000085680000)
 Metaspace       used 20466K, capacity 21176K, committed 21296K, reserved 1069056K
  class space    used 2419K, capacity 2677K, committed 2688K, reserved 1048576K
}

Deoptimization events (10 events):
Event: 4.781 Thread 0x000000001bc6a800 Uncommon trap: reason=predicate action=maybe_recompile pc=0x0000000002d1e0a0 method=java.util.StringTokenizer.skipDelimiters(I)I @ 17
Event: 4.966 Thread 0x000000001bc6a800 Uncommon trap: reason=unstable_if action=reinterpret pc=0x0000000002ea59a0 method=java.util.StringTokenizer.setMaxDelimCodePoint()V @ 71
Event: 5.121 Thread 0x000000001cae7000 Uncommon trap: reason=class_check action=maybe_recompile pc=0x0000000002e160bc method=java.util.concurrent.locks.AbstractQueuedSynchronizer.release(I)Z @ 2
Event: 5.158 Thread 0x000000001ccd3800 Uncommon trap: reason=class_check action=maybe_recompile pc=0x0000000002e160bc method=java.util.concurrent.locks.AbstractQueuedSynchronizer.release(I)Z @ 2
Event: 5.158 Thread 0x000000001ba7e800 Uncommon trap: reason=class_check action=maybe_recompile pc=0x0000000002e160bc method=java.util.concurrent.locks.AbstractQueuedSynchronizer.release(I)Z @ 2
Event: 5.158 Thread 0x0000000018a96800 Uncommon trap: reason=class_check action=maybe_recompile pc=0x0000000002e160bc method=java.util.concurrent.locks.AbstractQueuedSynchronizer.release(I)Z @ 2
Event: 5.161 Thread 0x000000001cae7000 Uncommon trap: reason=unstable_if action=reinterpret pc=0x00000000027c1738 method=sun.net.www.ParseUtil.encodePath(Ljava/lang/String;Z)Ljava/lang/String; @ 123
Event: 5.194 Thread 0x0000000018a96800 Uncommon trap: reason=class_check action=maybe_recompile pc=0x0000000002b57d6c method=java.util.Hashtable.put(Ljava/lang/Object;Ljava/lang/Object;)Ljava/lang/Object; @ 18
Event: 5.194 Thread 0x000000001cae7000 Uncommon trap: reason=class_check action=maybe_recompile pc=0x0000000002b57d6c method=java.util.Hashtable.put(Ljava/lang/Object;Ljava/lang/Object;)Ljava/lang/Object; @ 18
Event: 5.250 Thread 0x000000001cae7000 Uncommon trap: reason=class_check action=maybe_recompile pc=0x0000000002b58f18 method=java.util.Hashtable.addEntry(ILjava/lang/Object;Ljava/lang/Object;I)V @ 38

Internal exceptions (10 events):
Event: 1.501 Thread 0x00000000021be000 Exception <a 'java/lang/NullPointerException'> (0x00000000d5f15d38) thrown at [C:\re\workspace\8-2-build-windows-amd64-cygwin\jdk8u51\3951\hotspot\src\share\vm\interpreter\linkResolver.cpp, line 1178]
Event: 1.873 Thread 0x00000000021be000 Implicit null exception at 0x0000000002aa0c64 to 0x0000000002aa0d5e
Event: 1.911 Thread 0x00000000021be000 Implicit null exception at 0x00000000028860d5 to 0x00000000028862ad
Event: 1.912 Thread 0x00000000021be000 Implicit null exception at 0x000000000281d0af to 0x000000000281d119
Event: 2.079 Thread 0x00000000021be000 Implicit null exception at 0x0000000002b11472 to 0x0000000002b116b9
Event: 3.366 Thread 0x00000000021be000 Implicit null exception at 0x0000000002d7e971 to 0x0000000002d7fadd
Event: 4.495 Thread 0x000000001bc6a800 Exception <a 'java/io/FileNotFoundException'> (0x00000000d7f67c80) thrown at [C:\re\workspace\8-2-build-windows-amd64-cygwin\jdk8u51\3951\hotspot\src\share\vm\prims\jni.cpp, line 709]
Event: 4.529 Thread 0x000000001bc6a800 Exception <a 'java/io/FileNotFoundException'> (0x00000000d7f8bd00) thrown at [C:\re\workspace\8-2-build-windows-amd64-cygwin\jdk8u51\3951\hotspot\src\share\vm\prims\jni.cpp, line 709]
Event: 4.571 Thread 0x000000001bc6a800 Exception <a 'java/lang/NoSuchFieldError': method resolution failed> (0x00000000d805ae90) thrown at [C:\re\workspace\8-2-build-windows-amd64-cygwin\jdk8u51\3951\hotspot\src\share\vm\prims\methodHandles.cpp, line 1125]
Event: 4.575 Thread 0x000000001bc6a800 Exception <a 'java/lang/NoSuchFieldError': method resolution failed> (0x00000000d80697c0) thrown at [C:\re\workspace\8-2-build-windows-amd64-cygwin\jdk8u51\3951\hotspot\src\share\vm\prims\methodHandles.cpp, line 1125]

Events (10 events):
Event: 39.576 Executing VM operation: RevokeBias done
Event: 39.576 Thread 0x000000001ba7e800 Thread exited: 0x000000001ba7e800
Event: 39.576 Thread 0x0000000018a96800 Thread exited: 0x0000000018a96800
Event: 39.576 Thread 0x000000001c6b7800 Thread added: 0x000000001c6b7800
Event: 39.576 Thread 0x0000000019434000 Thread added: 0x0000000019434000
Event: 39.576 Executing VM operation: RevokeBias
Event: 39.577 Executing VM operation: RevokeBias done
Event: 39.577 Thread 0x000000001c6b7800 Thread exited: 0x000000001c6b7800
Event: 39.577 Thread 0x0000000019434000 Thread exited: 0x0000000019434000
Event: 39.577 Executing VM operation: Exit


Dynamic libraries:
0x00007ff7db780000 - 0x00007ff7db7b7000 	C:\Program Files\Java\jdk1.8.0_51\bin\java.exe
0x00007ffda31f0000 - 0x00007ffda33b9000 	C:\WINDOWS\SYSTEM32\ntdll.dll
0x00007ffda2860000 - 0x00007ffda290b000 	C:\WINDOWS\system32\KERNEL32.DLL
0x00007ffd9fc60000 - 0x00007ffd9fe5c000 	C:\WINDOWS\system32\KERNELBASE.dll
0x00007ffda0ab0000 - 0x00007ffda0b57000 	C:\WINDOWS\system32\ADVAPI32.dll
0x00007ffda27c0000 - 0x00007ffda285d000 	C:\WINDOWS\system32\msvcrt.dll
0x00007ffda3170000 - 0x00007ffda31cc000 	C:\WINDOWS\system32\sechost.dll
0x00007ffda0cb0000 - 0x00007ffda0dd5000 	C:\WINDOWS\system32\RPCRT4.dll
0x00007ffda2650000 - 0x00007ffda27b6000 	C:\WINDOWS\system32\USER32.dll
0x000000005da60000 - 0x000000005da7f000 	C:\WINDOWS\system32\win32u.dll
0x00007ffda0b60000 - 0x00007ffda0b90000 	C:\WINDOWS\system32\GDI32.dll
0x00007ffd9ff10000 - 0x00007ffda0090000 	C:\WINDOWS\system32\gdi32full.dll
0x00007ffd99530000 - 0x00007ffd9979c000 	C:\WINDOWS\WinSxS\amd64_microsoft.windows.common-controls_6595b64144ccf1df_6.0.14295.1000_none_7d072e80b85c67b2\COMCTL32.dll
0x00007ffda2360000 - 0x00007ffda25ef000 	C:\WINDOWS\system32\combase.dll
0x00007ffd9fb60000 - 0x00007ffd9fc54000 	C:\WINDOWS\system32\ucrtbase.dll
0x00007ffd9f930000 - 0x00007ffd9f999000 	C:\WINDOWS\system32\bcryptPrimitives.dll
0x00007ffda2e60000 - 0x00007ffda2e8e000 	C:\WINDOWS\system32\IMM32.DLL
0x000000005b470000 - 0x000000005b542000 	C:\Program Files\Java\jdk1.8.0_51\jre\bin\msvcr100.dll
0x000000005b9d0000 - 0x000000005c253000 	C:\Program Files\Java\jdk1.8.0_51\jre\bin\server\jvm.dll
0x00007ffda0940000 - 0x00007ffda0947000 	C:\WINDOWS\system32\PSAPI.DLL
0x00007ffd98a00000 - 0x00007ffd98a0a000 	C:\WINDOWS\SYSTEM32\VERSION.dll
0x00007ffd9df30000 - 0x00007ffd9df53000 	C:\WINDOWS\SYSTEM32\WINMM.dll
0x0000000002100000 - 0x000000000212b000 	C:\WINDOWS\SYSTEM32\WINMMBASE.dll
0x00007ffd9fe60000 - 0x00007ffd9fea3000 	C:\WINDOWS\system32\cfgmgr32.dll
0x00007ffd9aae0000 - 0x00007ffd9aae9000 	C:\WINDOWS\SYSTEM32\WSOCK32.dll
0x00007ffda2f00000 - 0x00007ffda2f6b000 	C:\WINDOWS\system32\WS2_32.dll
0x000000005b8e0000 - 0x000000005b8ef000 	C:\Program Files\Java\jdk1.8.0_51\jre\bin\verify.dll
0x000000005b8b0000 - 0x000000005b8d9000 	C:\Program Files\Java\jdk1.8.0_51\jre\bin\java.dll
0x000000005b890000 - 0x000000005b8a6000 	C:\Program Files\Java\jdk1.8.0_51\jre\bin\zip.dll
0x00007ffda0e80000 - 0x00007ffda2351000 	C:\WINDOWS\system32\SHELL32.dll
0x00007ffda0140000 - 0x00007ffda07f3000 	C:\WINDOWS\system32\windows.storage.dll
0x00007ffda25f0000 - 0x00007ffda2642000 	C:\WINDOWS\system32\shlwapi.dll
0x00007ffd9f850000 - 0x00007ffd9f85f000 	C:\WINDOWS\system32\kernel.appcore.dll
0x00007ffd9f860000 - 0x00007ffd9f908000 	C:\WINDOWS\system32\shcore.dll
0x00007ffd9f7e0000 - 0x00007ffd9f82b000 	C:\WINDOWS\system32\powrprof.dll
0x00007ffd9f830000 - 0x00007ffd9f844000 	C:\WINDOWS\system32\profapi.dll
0x000000005b870000 - 0x000000005b88a000 	C:\Program Files\Java\jdk1.8.0_51\jre\bin\net.dll
0x00007ffd9f0b0000 - 0x00007ffd9f10c000 	C:\WINDOWS\system32\mswsock.dll
0x000000005b850000 - 0x000000005b861000 	C:\Program Files\Java\jdk1.8.0_51\jre\bin\nio.dll
0x000000005b6b0000 - 0x000000005b848000 	C:\Program Files\Java\jdk1.8.0_51\jre\bin\awt.dll
0x00007ffda2da0000 - 0x00007ffda2e5b000 	C:\WINDOWS\system32\OLEAUT32.dll
0x00007ffd9deb0000 - 0x00007ffd9df29000 	C:\WINDOWS\SYSTEM32\apphelp.dll
0x00007ffd9cb70000 - 0x00007ffd9cb94000 	C:\WINDOWS\system32\DWMAPI.DLL
0x00007ffd9e290000 - 0x00007ffd9e323000 	C:\WINDOWS\system32\uxtheme.dll
0x0000000180000000 - 0x0000000180050000 	C:\cygwin64\tmp\playnaphis\1284024257\lwjgl64.dll
0x00007ffd81ee0000 - 0x00007ffd82003000 	C:\WINDOWS\SYSTEM32\OPENGL32.dll
0x00007ffd82080000 - 0x00007ffd820ac000 	C:\WINDOWS\SYSTEM32\GLU32.dll
0x00007ffd81de0000 - 0x00007ffd81ed7000 	C:\WINDOWS\SYSTEM32\DDRAW.dll
0x00007ffd82390000 - 0x00007ffd82398000 	C:\WINDOWS\SYSTEM32\DCIMAN32.dll
0x00007ffda0950000 - 0x00007ffda0aa1000 	C:\WINDOWS\system32\MSCTF.dll
0x00007ffd78660000 - 0x00007ffd7868b000 	C:\PROGRA~2\RAPTRI~1\Raptr\ltc_help64-109838.dll
0x00007ffd9feb0000 - 0x00007ffd9ff05000 	C:\WINDOWS\system32\WINTRUST.dll
0x00007ffd9f7d0000 - 0x00007ffd9f7e0000 	C:\WINDOWS\system32\MSASN1.dll
0x00007ffd9f9a0000 - 0x00007ffd9fb5c000 	C:\WINDOWS\system32\CRYPT32.dll
0x00007ffd6aed0000 - 0x00007ffd6bb89000 	C:\WINDOWS\SYSTEM32\ig8icd64.dll
0x00007ffd97b70000 - 0x00007ffd98575000 	C:\WINDOWS\SYSTEM32\igdusc64.dll
0x00007ffd9d810000 - 0x00007ffd9d823000 	C:\WINDOWS\SYSTEM32\WTSAPI32.dll
0x00007ffd826c0000 - 0x00007ffd8274d000 	C:\WINDOWS\SYSTEM32\mscms.dll
0x00007ffd9ef40000 - 0x00007ffd9ef5f000 	C:\WINDOWS\SYSTEM32\USERENV.dll
0x00007ffd967e0000 - 0x00007ffd96822000 	C:\WINDOWS\SYSTEM32\icm32.dll
0x00007ffd9f160000 - 0x00007ffd9f177000 	C:\WINDOWS\system32\CRYPTSP.dll
0x00007ffd9ee50000 - 0x00007ffd9ee84000 	C:\WINDOWS\system32\rsaenh.dll
0x00007ffd9f710000 - 0x00007ffd9f739000 	C:\WINDOWS\SYSTEM32\bcrypt.dll
0x00007ffd9f280000 - 0x00007ffd9f28b000 	C:\WINDOWS\SYSTEM32\CRYPTBASE.dll
0x00007ffda0c90000 - 0x00007ffda0cac000 	C:\WINDOWS\system32\imagehlp.dll
0x00007ffd9e930000 - 0x00007ffd9e953000 	C:\WINDOWS\SYSTEM32\gpapi.dll
0x00007ffd843e0000 - 0x00007ffd8440f000 	C:\Windows\System32\cryptnet.dll
0x00007ffd9cca0000 - 0x00007ffd9ccd7000 	C:\WINDOWS\SYSTEM32\IPHLPAPI.DLL
0x00007ffd9bde0000 - 0x00007ffd9bdeb000 	C:\WINDOWS\SYSTEM32\WINNSI.DLL
0x00007ffda31d0000 - 0x00007ffda31d8000 	C:\WINDOWS\system32\NSI.dll
0x00007ffd79420000 - 0x00007ffd79630000 	C:\PROGRA~2\RAPTRI~1\Raptr\ltc_game64-109838.dll
0x00007ffda0800000 - 0x00007ffda0938000 	C:\WINDOWS\system32\ole32.dll
0x00007ffd77d00000 - 0x00007ffd77e8b000 	C:\WINDOWS\SYSTEM32\dbghelp.dll

VM Arguments:
jvm_args: -Dclassworlds.conf=C:\apache-maven-3.3.9/bin/m2.conf -Dmaven.home=C:\apache-maven-3.3.9 -Dmaven.multiModuleProjectDirectory=C:\cygwin64\home\aphis\event\Event-Driven-Programming-Project\project 
java_command: org.codehaus.plexus.classworlds.launcher.Launcher test -Pjava
java_class_path (initial): C:\apache-maven-3.3.9/boot/plexus-classworlds-2.5.2.jar
Launcher Type: SUN_STANDARD

Environment Variables:
JAVA_HOME=C:\Program Files\Java\jdk1.8.0_51
PATH=C:\cygwin64\usr\local\bin;C:\cygwin64\bin;C:\Program Files (x86)\Intel\iCLS Client;C:\Program Files\Intel\iCLS Client;C:\ProgramData\Oracle\Java\javapath;C:\WINDOWS\system32;C:\WINDOWS;C:\WINDOWS\System32\Wbem;C:\WINDOWS\System32\WindowsPowerShell\v1.0;C:\Program Files (x86)\AMD\ATI.ACE\Core-Static;C:\Program Files\Java\jdk1.8.0_51\bin;C:\Program Files\Intel\Intel(R) Management Engine Components\DAL;C:\Program Files (x86)\Intel\Intel(R) Management Engine Components\DAL;C:\Program Files\Intel\Intel(R) Management Engine Components\IPT;C:\Program Files (x86)\Intel\Intel(R) Management Engine Components\IPT;C:\Program Files\Java\jdk1.8.0_51\bin;C:\grails-2.4.5\grails-2.4.5\bin;C:\Program Files (x86)\ATI Technologies\ATI.ACE\Core-Static;C:\Program Files (x86)\Dev-Cpp\MinGW64\bin;C:\Go\bin;C:\Program Files\Git\bin;C:\Program Files (x86)\Skype\Phone;C:\Program Files (x86)\GtkSharp\2.12\bin;C:\apache-maven-3.3.9\bin;C:\Users\aphis\AppData\Local\Programs\Python\Python35-32\Scripts;C:\Users\aphis\AppData\Local\Programs\Python\Python35-32;C:\Program Files (x86)\Microsoft VS Code\bin
USERNAME=aphis
SHELL=/bin/bash
OS=Windows_NT
PROCESSOR_IDENTIFIER=Intel64 Family 6 Model 61 Stepping 4, GenuineIntel



---------------  S Y S T E M  ---------------

OS: Windows 10.0 , 64 bit Build 14295 (10.0.14295.1000)

CPU:total 4 (2 cores per cpu, 2 threads per core) family 6 model 61 stepping 4, cmov, cx8, fxsr, mmx, sse, sse2, sse3, ssse3, sse4.1, sse4.2, popcnt, avx, avx2, aes, clmul, erms, 3dnowpref, lzcnt, ht, tsc, tscinvbit, bmi1, bmi2, adx

Memory: 4k page, physical 8301016k(3467024k free), swap 10267096k(3580408k free)

vm_info: Java HotSpot(TM) 64-Bit Server VM (25.51-b03) for windows-amd64 JRE (1.8.0_51-b16), built on Jun  8 2015 18:03:07 by "java_re" with MS VC++ 10.0 (VS2010)

time: Sun Mar 27 15:24:12 2016
elapsed time: 39 seconds (0d 0h 0m 39s)

