#
# A fatal error has been detected by the Java Runtime Environment:
#
#  EXCEPTION_ACCESS_VIOLATION (0xc0000005) at pc=0x00007ff87cccecb4, pid=1796, tid=12256
#
# JRE version: Java(TM) SE Runtime Environment (8.0_51-b16) (build 1.8.0_51-b16)
# Java VM: Java HotSpot(TM) 64-Bit Server VM (25.51-b03 mixed mode windows-amd64 compressed oops)
# Problematic frame:
# C  [OPENGL32.dll+0xdecb4]
#
# Failed to write core dump. Minidumps are not enabled by default on client versions of Windows
#
# If you would like to submit a bug report, please visit:
#   http://bugreport.java.com/bugreport/crash.jsp
#

---------------  T H R E A D  ---------------

Current thread (0x0000000016f37800):  VMThread [stack: 0x0000000017fe0000,0x00000000180e0000] [id=12256]

siginfo: ExceptionCode=0xc0000005, reading address 0x0000000000000a38

Registers:
RAX=0x0000000000000000, RBX=0x000000002b52e740, RCX=0x0000000000000001, RDX=0x000000002b52e748
RSP=0x00000000180df398, RBP=0x0000000000000000, RSI=0x000000002b632220, RDI=0x000000002b632220
R8 =0x00000000180df418, R9 =0x0000000016e45400, R10=0x0000000000000042, R11=0x00007ff87cce1bb8
R12=0x0000000000000000, R13=0x000000002b527f48, R14=0x000000002b527e00, R15=0x0000000000000000
RIP=0x00007ff87cccecb4, EFLAGS=0x0000000000010283

Top of Stack: (sp=0x00000000180df398)
0x00000000180df398:   00007ff85f9344eb 0000000000000001
0x00000000180df3a8:   000000002b52e748 00000000180df418
0x00000000180df3b8:   0000000016e45400 0000000000000000
0x00000000180df3c8:   00007ff85f939fb7 0000000000000000
0x00000000180df3d8:   000000002b521c10 000000002b527f30
0x00000000180df3e8:   00007ff85f939323 fffffffffffffffe
0x00000000180df3f8:   00000000180df460 0000000000000000
0x00000000180df408:   00007ff85f93a869 000000002b632220
0x00000000180df418:   000000002b527600 000000002b527e00
0x00000000180df428:   00007ff85f99a910 fffffffffffffffe
0x00000000180df438:   000000002b52a410 0000000000000001
0x00000000180df448:   000000002b527f28 000000002b527e00
0x00000000180df458:   00007ff85f9a2a31 00007ff85fac4790
0x00000000180df468:   00007ff85fa07ad0 0000000016e45400
0x00000000180df478:   0000000000000000 000000002b527f28
0x00000000180df488:   000000002b527e00 000000002b527e00 

Instructions: (pc=0x00007ff87cccecb4)
0x00007ff87cccec94:   cc cc cc cc cc cc 66 0f 1f 44 00 00 8b 05 62 63
0x00007ff87ccceca4:   01 00 83 f8 40 73 0f 65 48 8b 04 c5 80 14 00 00
0x00007ff87cccecb4:   ff a0 38 0a 00 00 b8 47 01 00 00 e9 ec d4 ff ff
0x00007ff87cccecc4:   cc cc cc cc cc cc 66 0f 1f 44 00 00 8b 05 32 63 


Register to memory mapping:

RAX=0x0000000000000000 is an unknown value
RBX=0x000000002b52e740 is an unknown value
RCX=0x0000000000000001 is an unknown value
RDX=0x000000002b52e748 is an unknown value
RSP=0x00000000180df398 is an unknown value
RBP=0x0000000000000000 is an unknown value
RSI=0x000000002b632220 is an unknown value
RDI=0x000000002b632220 is an unknown value
R8 =0x00000000180df418 is an unknown value
R9 =0x0000000016e45400 is an unknown value
R10=0x0000000000000042 is an unknown value
R11=0x00007ff87cce1bb8 is an unknown value
R12=0x0000000000000000 is an unknown value
R13=0x000000002b527f48 is an unknown value
R14=0x000000002b527e00 is an unknown value
R15=0x0000000000000000 is an unknown value


Stack: [0x0000000017fe0000,0x00000000180e0000],  sp=0x00000000180df398,  free space=1020k
Native frames: (J=compiled Java code, j=interpreted, Vv=VM code, C=native code)

VM_Operation (0x000000001f07ea10): Exit, mode: safepoint, requested by thread 0x000000001a29a800


---------------  P R O C E S S  ---------------

Java Threads: ( => current thread )
  0x0000000019923000 JavaThread "LWJGL Timer" daemon [_thread_blocked, id=9492, stack(0x000000002a890000,0x000000002a990000)]
  0x0000000019817800 JavaThread "Java2D Disposer" daemon [_thread_blocked, id=4176, stack(0x000000001f080000,0x000000001f180000)]
  0x000000001a29a800 JavaThread "event.project.java.MyGameJava.main()" [_thread_blocked, id=11924, stack(0x000000001ef80000,0x000000001f080000)]
  0x0000000018806000 JavaThread "Service Thread" daemon [_thread_blocked, id=1040, stack(0x0000000018be0000,0x0000000018ce0000)]
  0x0000000016f78000 JavaThread "C1 CompilerThread2" daemon [_thread_blocked, id=5664, stack(0x00000000186e0000,0x00000000187e0000)]
  0x0000000016f75000 JavaThread "C2 CompilerThread1" daemon [_thread_blocked, id=10264, stack(0x00000000185e0000,0x00000000186e0000)]
  0x0000000016f6e800 JavaThread "C2 CompilerThread0" daemon [_thread_blocked, id=8168, stack(0x00000000184e0000,0x00000000185e0000)]
  0x0000000016f6d000 JavaThread "Attach Listener" daemon [_thread_blocked, id=12148, stack(0x00000000183e0000,0x00000000184e0000)]
  0x0000000002287800 JavaThread "Finalizer" daemon [_thread_blocked, id=10860, stack(0x00000000181e0000,0x00000000182e0000)]
  0x000000000227f800 JavaThread "Reference Handler" daemon [_thread_blocked, id=6296, stack(0x00000000180e0000,0x00000000181e0000)]
  0x00000000024fe000 JavaThread "main" [_thread_blocked, id=5264, stack(0x0000000000910000,0x0000000000a10000)]

Other Threads:
=>0x0000000016f37800 VMThread [stack: 0x0000000017fe0000,0x00000000180e0000] [id=12256]

VM state:at safepoint (shutting down)

VM Mutex/Monitor currently owned by a thread:  ([mutex/lock_event])
[0x00000000024fcc50] Threads_lock - owner thread: 0x0000000016f37800

Heap:
 PSYoungGen      total 105472K, used 15979K [0x00000000d5c00000, 0x00000000df100000, 0x0000000100000000)
  eden space 95744K, 6% used [0x00000000d5c00000,0x00000000d621efd8,0x00000000db980000)
  from space 9728K, 99% used [0x00000000de780000,0x00000000df0fbc90,0x00000000df100000)
  to   space 13312K, 0% used [0x00000000dd700000,0x00000000dd700000,0x00000000de400000)
 ParOldGen       total 64512K, used 15238K [0x0000000081400000, 0x0000000085300000, 0x00000000d5c00000)
  object space 64512K, 23% used [0x0000000081400000,0x00000000822e1968,0x0000000085300000)
 Metaspace       used 29540K, capacity 30266K, committed 30464K, reserved 1075200K
  class space    used 3506K, capacity 3741K, committed 3840K, reserved 1048576K

Card table byte_map: [0x00000000118c0000,0x0000000011cc0000] byte_map_base: 0x00000000114b6000

Marking Bits: (ParMarkBitMap*) 0x0000000052ed4040
 Begin Bits: [0x0000000012270000, 0x0000000014220000)
 End Bits:   [0x0000000014220000, 0x00000000161d0000)

Polling page: 0x00000000001f0000

CodeCache: size=245760Kb used=12061Kb max_used=12983Kb free=233698Kb
 bounds [0x0000000002500000, 0x00000000031c0000, 0x0000000011500000]
 total_blobs=4818 nmethods=4147 adapters=583
 compilation: enabled

Compilation events (10 events):
Event: 194.563 Thread 0x0000000016f78000 nmethod 4661 0x0000000002613010 code [0x0000000002613160, 0x0000000002613270]
Event: 194.563 Thread 0x0000000016f78000 4662       1       java.awt.image.SampleModel::getHeight (5 bytes)
Event: 194.563 Thread 0x0000000016f78000 nmethod 4662 0x0000000002612d50 code [0x0000000002612ea0, 0x0000000002612fb0]
Event: 197.528 Thread 0x0000000016f75000 4663       4       org.lwjgl.opengl.WindowsDisplay::wasResized (16 bytes)
Event: 197.529 Thread 0x0000000016f75000 nmethod 4663 0x00000000026db7d0 code [0x00000000026db900, 0x00000000026db978]
Event: 197.544 Thread 0x0000000016f78000 4664       3       org.lwjgl.opengl.Display::update (5 bytes)
Event: 197.544 Thread 0x0000000016f78000 nmethod 4664 0x0000000002945310 code [0x0000000002945480, 0x00000000029455e8]
Event: 197.561 Thread 0x0000000016f78000 4665   !   3       org.lwjgl.opengl.Display::update (154 bytes)
Event: 197.563 Thread 0x0000000016f78000 nmethod 4665 0x0000000002740d90 code [0x0000000002741020, 0x0000000002742178]
Event: 198.547 Thread 0x0000000016f78000 4666   !   3       java.util.logging.LogManager::ensureLogManagerInitialized (128 bytes)

GC Heap History (10 events):
Event: 2.108 GC heap before
{Heap before GC invocations=3 (full 0):
 PSYoungGen      total 38400K, used 38380K [0x00000000d5c00000, 0x00000000da700000, 0x0000000100000000)
  eden space 33280K, 100% used [0x00000000d5c00000,0x00000000d7c80000,0x00000000d7c80000)
  from space 5120K, 99% used [0x00000000d8180000,0x00000000d867b258,0x00000000d8680000)
  to   space 5120K, 0% used [0x00000000d7c80000,0x00000000d7c80000,0x00000000d8180000)
 ParOldGen       total 87552K, used 2924K [0x0000000081400000, 0x0000000086980000, 0x00000000d5c00000)
  object space 87552K, 3% used [0x0000000081400000,0x00000000816db1f8,0x0000000086980000)
 Metaspace       used 15127K, capacity 15416K, committed 15616K, reserved 1062912K
  class space    used 1845K, capacity 1945K, committed 2048K, reserved 1048576K
Event: 2.119 GC heap after
Heap after GC invocations=3 (full 0):
 PSYoungGen      total 38400K, used 5088K [0x00000000d5c00000, 0x00000000da700000, 0x0000000100000000)
  eden space 33280K, 0% used [0x00000000d5c00000,0x00000000d5c00000,0x00000000d7c80000)
  from space 5120K, 99% used [0x00000000d7c80000,0x00000000d8178020,0x00000000d8180000)
  to   space 5120K, 0% used [0x00000000da200000,0x00000000da200000,0x00000000da700000)
 ParOldGen       total 87552K, used 4787K [0x0000000081400000, 0x0000000086980000, 0x00000000d5c00000)
  object space 87552K, 5% used [0x0000000081400000,0x00000000818acd70,0x0000000086980000)
 Metaspace       used 15127K, capacity 15416K, committed 15616K, reserved 1062912K
  class space    used 1845K, capacity 1945K, committed 2048K, reserved 1048576K
}
Event: 2.904 GC heap before
{Heap before GC invocations=4 (full 0):
 PSYoungGen      total 38400K, used 38368K [0x00000000d5c00000, 0x00000000da700000, 0x0000000100000000)
  eden space 33280K, 100% used [0x00000000d5c00000,0x00000000d7c80000,0x00000000d7c80000)
  from space 5120K, 99% used [0x00000000d7c80000,0x00000000d8178020,0x00000000d8180000)
  to   space 5120K, 0% used [0x00000000da200000,0x00000000da200000,0x00000000da700000)
 ParOldGen       total 87552K, used 4787K [0x0000000081400000, 0x0000000086980000, 0x00000000d5c00000)
  object space 87552K, 5% used [0x0000000081400000,0x00000000818acd70,0x0000000086980000)
 Metaspace       used 16255K, capacity 16682K, committed 17024K, reserved 1064960K
  class space    used 1948K, capacity 2091K, committed 2176K, reserved 1048576K
Event: 2.920 GC heap after
Heap after GC invocations=4 (full 0):
 PSYoungGen      total 71680K, used 5104K [0x00000000d5c00000, 0x00000000da700000, 0x0000000100000000)
  eden space 66560K, 0% used [0x00000000d5c00000,0x00000000d5c00000,0x00000000d9d00000)
  from space 5120K, 99% used [0x00000000da200000,0x00000000da6fc030,0x00000000da700000)
  to   space 5120K, 0% used [0x00000000d9d00000,0x00000000d9d00000,0x00000000da200000)
 ParOldGen       total 87552K, used 7726K [0x0000000081400000, 0x0000000086980000, 0x00000000d5c00000)
  object space 87552K, 8% used [0x0000000081400000,0x0000000081b8b828,0x0000000086980000)
 Metaspace       used 16255K, capacity 16682K, committed 17024K, reserved 1064960K
  class space    used 1948K, capacity 2091K, committed 2176K, reserved 1048576K
}
Event: 3.644 GC heap before
{Heap before GC invocations=5 (full 0):
 PSYoungGen      total 71680K, used 34340K [0x00000000d5c00000, 0x00000000da700000, 0x0000000100000000)
  eden space 66560K, 43% used [0x00000000d5c00000,0x00000000d788d370,0x00000000d9d00000)
  from space 5120K, 99% used [0x00000000da200000,0x00000000da6fc030,0x00000000da700000)
  to   space 5120K, 0% used [0x00000000d9d00000,0x00000000d9d00000,0x00000000da200000)
 ParOldGen       total 87552K, used 7726K [0x0000000081400000, 0x0000000086980000, 0x00000000d5c00000)
  object space 87552K, 8% used [0x0000000081400000,0x0000000081b8b828,0x0000000086980000)
 Metaspace       used 20674K, capacity 21150K, committed 21248K, reserved 1067008K
  class space    used 2543K, capacity 2726K, committed 2816K, reserved 1048576K
Event: 3.670 GC heap after
Heap after GC invocations=5 (full 0):
 PSYoungGen      total 71680K, used 5088K [0x00000000d5c00000, 0x00000000df100000, 0x0000000100000000)
  eden space 66560K, 0% used [0x00000000d5c00000,0x00000000d5c00000,0x00000000d9d00000)
  from space 5120K, 99% used [0x00000000d9d00000,0x00000000da1f8020,0x00000000da200000)
  to   space 9728K, 0% used [0x00000000de780000,0x00000000de780000,0x00000000df100000)
 ParOldGen       total 87552K, used 10681K [0x0000000081400000, 0x0000000086980000, 0x00000000d5c00000)
  object space 87552K, 12% used [0x0000000081400000,0x0000000081e6e498,0x0000000086980000)
 Metaspace       used 20674K, capacity 21150K, committed 21248K, reserved 1067008K
  class space    used 2543K, capacity 2726K, committed 2816K, reserved 1048576K
}
Event: 3.670 GC heap before
{Heap before GC invocations=6 (full 1):
 PSYoungGen      total 71680K, used 5088K [0x00000000d5c00000, 0x00000000df100000, 0x0000000100000000)
  eden space 66560K, 0% used [0x00000000d5c00000,0x00000000d5c00000,0x00000000d9d00000)
  from space 5120K, 99% used [0x00000000d9d00000,0x00000000da1f8020,0x00000000da200000)
  to   space 9728K, 0% used [0x00000000de780000,0x00000000de780000,0x00000000df100000)
 ParOldGen       total 87552K, used 10681K [0x0000000081400000, 0x0000000086980000, 0x00000000d5c00000)
  object space 87552K, 12% used [0x0000000081400000,0x0000000081e6e498,0x0000000086980000)
 Metaspace       used 20674K, capacity 21150K, committed 21248K, reserved 1067008K
  class space    used 2543K, capacity 2726K, committed 2816K, reserved 1048576K
Event: 3.736 GC heap after
Heap after GC invocations=6 (full 1):
 PSYoungGen      total 71680K, used 0K [0x00000000d5c00000, 0x00000000df100000, 0x0000000100000000)
  eden space 66560K, 0% used [0x00000000d5c00000,0x00000000d5c00000,0x00000000d9d00000)
  from space 5120K, 0% used [0x00000000d9d00000,0x00000000d9d00000,0x00000000da200000)
  to   space 9728K, 0% used [0x00000000de780000,0x00000000de780000,0x00000000df100000)
 ParOldGen       total 64512K, used 10058K [0x0000000081400000, 0x0000000085300000, 0x00000000d5c00000)
  object space 64512K, 15% used [0x0000000081400000,0x0000000081dd2a98,0x0000000085300000)
 Metaspace       used 20674K, capacity 21150K, committed 21248K, reserved 1067008K
  class space    used 2543K, capacity 2726K, committed 2816K, reserved 1048576K
}
Event: 19.893 GC heap before
{Heap before GC invocations=7 (full 1):
 PSYoungGen      total 71680K, used 66560K [0x00000000d5c00000, 0x00000000df100000, 0x0000000100000000)
  eden space 66560K, 100% used [0x00000000d5c00000,0x00000000d9d00000,0x00000000d9d00000)
  from space 5120K, 0% used [0x00000000d9d00000,0x00000000d9d00000,0x00000000da200000)
  to   space 9728K, 0% used [0x00000000de780000,0x00000000de780000,0x00000000df100000)
 ParOldGen       total 64512K, used 10058K [0x0000000081400000, 0x0000000085300000, 0x00000000d5c00000)
  object space 64512K, 15% used [0x0000000081400000,0x0000000081dd2a98,0x0000000085300000)
 Metaspace       used 29464K, capacity 30138K, committed 30464K, reserved 1075200K
  class space    used 3506K, capacity 3741K, committed 3840K, reserved 1048576K
Event: 19.919 GC heap after
Heap after GC invocations=7 (full 1):
 PSYoungGen      total 105472K, used 9711K [0x00000000d5c00000, 0x00000000df100000, 0x0000000100000000)
  eden space 95744K, 0% used [0x00000000d5c00000,0x00000000d5c00000,0x00000000db980000)
  from space 9728K, 99% used [0x00000000de780000,0x00000000df0fbc90,0x00000000df100000)
  to   space 13312K, 0% used [0x00000000dd700000,0x00000000dd700000,0x00000000de400000)
 ParOldGen       total 64512K, used 15238K [0x0000000081400000, 0x0000000085300000, 0x00000000d5c00000)
  object space 64512K, 23% used [0x0000000081400000,0x00000000822e1968,0x0000000085300000)
 Metaspace       used 29464K, capacity 30138K, committed 30464K, reserved 1075200K
  class space    used 3506K, capacity 3741K, committed 3840K, reserved 1048576K
}

Deoptimization events (10 events):
Event: 4.872 Thread 0x000000001c43a800 Uncommon trap: reason=unstable_if action=reinterpret pc=0x0000000002800ee4 method=sun.net.www.ParseUtil.encodePath(Ljava/lang/String;Z)Ljava/lang/String; @ 109
Event: 4.872 Thread 0x0000000018b35000 Uncommon trap: reason=unstable_if action=reinterpret pc=0x0000000002800cf8 method=sun.net.www.ParseUtil.encodePath(Ljava/lang/String;Z)Ljava/lang/String; @ 123
Event: 4.881 Thread 0x0000000019932000 Uncommon trap: reason=class_check action=maybe_recompile pc=0x0000000002e6a97c method=java.util.concurrent.locks.AbstractQueuedSynchronizer.release(I)Z @ 2
Event: 4.881 Thread 0x0000000018e19000 Uncommon trap: reason=class_check action=maybe_recompile pc=0x0000000002e6a97c method=java.util.concurrent.locks.AbstractQueuedSynchronizer.release(I)Z @ 2
Event: 5.084 Thread 0x000000001a29a800 Uncommon trap: reason=unstable_if action=reinterpret pc=0x0000000003047548 method=java.lang.StringCoding.decode(Ljava/lang/String;[BII)[C @ 51
Event: 5.089 Thread 0x0000000018b35000 Uncommon trap: reason=unstable_if action=reinterpret pc=0x0000000002776920 method=java.awt.image.ComponentColorModel.coerceData(Ljava/awt/image/WritableRaster;Z)Ljava/awt/image/ColorModel; @ 125
Event: 5.236 Thread 0x000000001a29a800 Uncommon trap: reason=unstable_if action=reinterpret pc=0x0000000002e67100 method=java.lang.CharacterData.of(I)Ljava/lang/CharacterData; @ 4
Event: 190.664 Thread 0x000000001a29a800 Uncommon trap: reason=unstable_if action=reinterpret pc=0x0000000002614d38 method=org.lwjgl.opengl.WindowsDisplay.update()V @ 44
Event: 195.423 Thread 0x000000001a29a800 Uncommon trap: reason=unstable_if action=reinterpret pc=0x0000000002fa5188 method=org.lwjgl.opengl.WindowsDisplay.isVisible()Z @ 4
Event: 195.433 Thread 0x000000001a29a800 Uncommon trap: reason=unstable_if action=reinterpret pc=0x0000000002fa48d4 method=org.lwjgl.opengl.WindowsDisplay.isVisible()Z @ 4

Internal exceptions (10 events):
Event: 1.329 Thread 0x00000000024fe000 Exception <a 'java/lang/NullPointerException'> (0x00000000d5f148c0) thrown at [C:\re\workspace\8-2-build-windows-amd64-cygwin\jdk8u51\3951\hotspot\src\share\vm\interpreter\linkResolver.cpp, line 1178]
Event: 1.698 Thread 0x00000000024fe000 Implicit null exception at 0x000000000289c155 to 0x000000000289c32d
Event: 1.698 Thread 0x00000000024fe000 Implicit null exception at 0x0000000002854faf to 0x0000000002855019
Event: 1.898 Thread 0x00000000024fe000 Implicit null exception at 0x0000000002bbc2f2 to 0x0000000002bbc539
Event: 3.852 Thread 0x00000000024fe000 Exception <a 'java/io/FileNotFoundException'> (0x00000000d63681b0) thrown at [C:\re\workspace\8-2-build-windows-amd64-cygwin\jdk8u51\3951\hotspot\src\share\vm\prims\jni.cpp, line 709]
Event: 3.856 Thread 0x00000000024fe000 Exception <a 'java/io/FileNotFoundException'> (0x00000000d639b6a8) thrown at [C:\re\workspace\8-2-build-windows-amd64-cygwin\jdk8u51\3951\hotspot\src\share\vm\prims\jni.cpp, line 709]
Event: 4.325 Thread 0x000000001a29a800 Exception <a 'java/io/FileNotFoundException'> (0x00000000d7ce7980) thrown at [C:\re\workspace\8-2-build-windows-amd64-cygwin\jdk8u51\3951\hotspot\src\share\vm\prims\jni.cpp, line 709]
Event: 4.366 Thread 0x000000001a29a800 Exception <a 'java/io/FileNotFoundException'> (0x00000000d7d0b9d0) thrown at [C:\re\workspace\8-2-build-windows-amd64-cygwin\jdk8u51\3951\hotspot\src\share\vm\prims\jni.cpp, line 709]
Event: 4.472 Thread 0x000000001a29a800 Exception <a 'java/lang/NoSuchFieldError': method resolution failed> (0x00000000d7dda920) thrown at [C:\re\workspace\8-2-build-windows-amd64-cygwin\jdk8u51\3951\hotspot\src\share\vm\prims\methodHandles.cpp, line 1125]
Event: 4.475 Thread 0x000000001a29a800 Exception <a 'java/lang/NoSuchFieldError': method resolution failed> (0x00000000d7de9250) thrown at [C:\re\workspace\8-2-build-windows-amd64-cygwin\jdk8u51\3951\hotspot\src\share\vm\prims\methodHandles.cpp, line 1125]

Events (10 events):
Event: 198.546 Executing VM operation: RevokeBias done
Event: 198.546 Thread 0x0000000018e19000 Thread exited: 0x0000000018e19000
Event: 198.546 Thread 0x0000000018e19000 Thread added: 0x0000000018e19000
Event: 198.546 Thread 0x0000000019932000 Thread added: 0x0000000019932000
Event: 198.547 Executing VM operation: RevokeBias
Event: 198.547 Executing VM operation: RevokeBias done
Event: 198.547 Thread 0x0000000019932000 Thread exited: 0x0000000019932000
Event: 198.547 Thread 0x0000000018e19000 Thread exited: 0x0000000018e19000
Event: 198.547 Thread 0x0000000016f6b800 Thread exited: 0x0000000016f6b800
Event: 198.547 Executing VM operation: Exit


Dynamic libraries:
0x00007ff6c7be0000 - 0x00007ff6c7c17000 	C:\Program Files\Java\jdk1.8.0_51\bin\java.exe
0x00007ff894930000 - 0x00007ff894af9000 	C:\WINDOWS\SYSTEM32\ntdll.dll
0x00007ff8924d0000 - 0x00007ff89257b000 	C:\WINDOWS\system32\KERNEL32.DLL
0x00007ff8912d0000 - 0x00007ff8914cc000 	C:\WINDOWS\system32\KERNELBASE.dll
0x00007ff8926d0000 - 0x00007ff892777000 	C:\WINDOWS\system32\ADVAPI32.dll
0x00007ff894890000 - 0x00007ff89492d000 	C:\WINDOWS\system32\msvcrt.dll
0x00007ff8925a0000 - 0x00007ff8925fc000 	C:\WINDOWS\system32\sechost.dll
0x00007ff894580000 - 0x00007ff8946a5000 	C:\WINDOWS\system32\RPCRT4.dll
0x00007ff8940b0000 - 0x00007ff894216000 	C:\WINDOWS\system32\USER32.dll
0x0000000054930000 - 0x000000005494f000 	C:\WINDOWS\system32\win32u.dll
0x00007ff892a10000 - 0x00007ff892a40000 	C:\WINDOWS\system32\GDI32.dll
0x00007ff891dc0000 - 0x00007ff891f40000 	C:\WINDOWS\system32\gdi32full.dll
0x00007ff886c70000 - 0x00007ff886edc000 	C:\WINDOWS\WinSxS\amd64_microsoft.windows.common-controls_6595b64144ccf1df_6.0.14291.1001_none_7ae2cee453e38faf\COMCTL32.dll
0x00007ff892780000 - 0x00007ff892a0f000 	C:\WINDOWS\system32\combase.dll
0x00007ff891cc0000 - 0x00007ff891db4000 	C:\WINDOWS\system32\ucrtbase.dll
0x00007ff890fa0000 - 0x00007ff891009000 	C:\WINDOWS\system32\bcryptPrimitives.dll
0x00007ff8926a0000 - 0x00007ff8926ce000 	C:\WINDOWS\system32\IMM32.DLL
0x0000000052340000 - 0x0000000052412000 	C:\Program Files\Java\jdk1.8.0_51\jre\bin\msvcr100.dll
0x00000000526d0000 - 0x0000000052f53000 	C:\Program Files\Java\jdk1.8.0_51\jre\bin\server\jvm.dll
0x00007ff894220000 - 0x00007ff894227000 	C:\WINDOWS\system32\PSAPI.DLL
0x00007ff88f6b0000 - 0x00007ff88f6d3000 	C:\WINDOWS\SYSTEM32\WINMM.dll
0x00007ff8865e0000 - 0x00007ff8865ea000 	C:\WINDOWS\SYSTEM32\VERSION.dll
0x00007ff88d830000 - 0x00007ff88d839000 	C:\WINDOWS\SYSTEM32\WSOCK32.dll
0x00007ff88f680000 - 0x00007ff88f6ab000 	C:\WINDOWS\SYSTEM32\WINMMBASE.dll
0x00007ff891280000 - 0x00007ff8912c3000 	C:\WINDOWS\system32\cfgmgr32.dll
0x00007ff8946b0000 - 0x00007ff89471b000 	C:\WINDOWS\system32\ws2_32.DLL
0x00000000532d0000 - 0x00000000532df000 	C:\Program Files\Java\jdk1.8.0_51\jre\bin\verify.dll
0x00000000532a0000 - 0x00000000532c9000 	C:\Program Files\Java\jdk1.8.0_51\jre\bin\java.dll
0x0000000053280000 - 0x0000000053296000 	C:\Program Files\Java\jdk1.8.0_51\jre\bin\zip.dll
0x00007ff892b70000 - 0x00007ff894041000 	C:\WINDOWS\system32\SHELL32.dll
0x00007ff8914d0000 - 0x00007ff891b83000 	C:\WINDOWS\system32\windows.storage.dll
0x00007ff892a40000 - 0x00007ff892a92000 	C:\WINDOWS\system32\shlwapi.dll
0x00007ff890f30000 - 0x00007ff890f3f000 	C:\WINDOWS\system32\kernel.appcore.dll
0x00007ff8911d0000 - 0x00007ff891278000 	C:\WINDOWS\system32\shcore.dll
0x00007ff890f50000 - 0x00007ff890f9b000 	C:\WINDOWS\system32\powrprof.dll
0x00007ff890f10000 - 0x00007ff890f24000 	C:\WINDOWS\system32\profapi.dll
0x0000000053130000 - 0x000000005314a000 	C:\Program Files\Java\jdk1.8.0_51\jre\bin\net.dll
0x00007ff8907f0000 - 0x00007ff89084c000 	C:\WINDOWS\system32\mswsock.dll
0x0000000053110000 - 0x0000000053121000 	C:\Program Files\Java\jdk1.8.0_51\jre\bin\nio.dll
0x0000000052530000 - 0x00000000526c8000 	C:\Program Files\Java\jdk1.8.0_51\jre\bin\awt.dll
0x00007ff892ab0000 - 0x00007ff892b6b000 	C:\WINDOWS\system32\OLEAUT32.dll
0x00007ff88f800000 - 0x00007ff88f879000 	C:\WINDOWS\SYSTEM32\apphelp.dll
0x00007ff88ee30000 - 0x00007ff88ee54000 	C:\WINDOWS\system32\DWMAPI.DLL
0x00007ff88f9c0000 - 0x00007ff88fa53000 	C:\WINDOWS\system32\uxtheme.dll
0x0000000180000000 - 0x0000000180050000 	C:\cygwin64\tmp\playnaphis\1284024257\lwjgl64.dll
0x00007ff87cbf0000 - 0x00007ff87cd13000 	C:\WINDOWS\SYSTEM32\OPENGL32.dll
0x00007ff8838e0000 - 0x00007ff88390c000 	C:\WINDOWS\SYSTEM32\GLU32.dll
0x00007ff87c080000 - 0x00007ff87c177000 	C:\WINDOWS\SYSTEM32\DDRAW.dll
0x00007ff88a0e0000 - 0x00007ff88a0e8000 	C:\WINDOWS\SYSTEM32\DCIMAN32.dll
0x00007ff891f40000 - 0x00007ff892091000 	C:\WINDOWS\system32\MSCTF.dll
0x00007ff86ccc0000 - 0x00007ff86cceb000 	C:\PROGRA~2\RAPTRI~1\Raptr\ltc_help64-109838.dll
0x00007ff891c40000 - 0x00007ff891c95000 	C:\WINDOWS\system32\WINTRUST.dll
0x00007ff890f40000 - 0x00007ff890f50000 	C:\WINDOWS\system32\MSASN1.dll
0x00007ff891010000 - 0x00007ff8911cc000 	C:\WINDOWS\system32\CRYPT32.dll
0x00007ff8464d0000 - 0x00007ff847189000 	C:\WINDOWS\SYSTEM32\ig8icd64.dll
0x00007ff88a380000 - 0x00007ff88ad85000 	C:\WINDOWS\SYSTEM32\igdusc64.dll
0x00007ff88ee60000 - 0x00007ff88ee73000 	C:\WINDOWS\SYSTEM32\WTSAPI32.dll
0x00007ff86d570000 - 0x00007ff86d5fd000 	C:\WINDOWS\SYSTEM32\mscms.dll
0x00007ff890680000 - 0x00007ff89069f000 	C:\WINDOWS\SYSTEM32\USERENV.dll
0x00007ff86d400000 - 0x00007ff86d442000 	C:\WINDOWS\SYSTEM32\icm32.dll
0x00000000530c0000 - 0x0000000053107000 	C:\Program Files\Java\jdk1.8.0_51\jre\bin\fontmanager.dll
0x0000000053020000 - 0x0000000053062000 	C:\Program Files\Java\jdk1.8.0_51\jre\bin\t2k.dll
0x0000000052fb0000 - 0x0000000052fda000 	C:\Program Files\Java\jdk1.8.0_51\jre\bin\dcpr.dll
0x00007ff8908a0000 - 0x00007ff8908b7000 	C:\WINDOWS\system32\CRYPTSP.dll
0x00007ff890590000 - 0x00007ff8905c4000 	C:\WINDOWS\system32\rsaenh.dll
0x00007ff890e50000 - 0x00007ff890e79000 	C:\WINDOWS\SYSTEM32\bcrypt.dll
0x00007ff8909c0000 - 0x00007ff8909cb000 	C:\WINDOWS\SYSTEM32\CRYPTBASE.dll
0x00007ff892580000 - 0x00007ff89259c000 	C:\WINDOWS\system32\imagehlp.dll
0x00007ff890070000 - 0x00007ff890093000 	C:\WINDOWS\SYSTEM32\gpapi.dll
0x00007ff87fc50000 - 0x00007ff87fc7f000 	C:\Windows\System32\cryptnet.dll
0x00007ff88e5b0000 - 0x00007ff88e5e7000 	C:\WINDOWS\SYSTEM32\IPHLPAPI.DLL
0x00007ff88e030000 - 0x00007ff88e03b000 	C:\WINDOWS\SYSTEM32\WINNSI.DLL
0x00007ff892aa0000 - 0x00007ff892aa8000 	C:\WINDOWS\system32\NSI.dll
0x00007ff85f8d0000 - 0x00007ff85fae0000 	C:\PROGRA~2\RAPTRI~1\Raptr\ltc_game64-109838.dll
0x00007ff894240000 - 0x00007ff894378000 	C:\WINDOWS\system32\ole32.dll
0x00007ff86efc0000 - 0x00007ff86f14b000 	C:\WINDOWS\SYSTEM32\dbghelp.dll

VM Arguments:
jvm_args: -Dclassworlds.conf=C:\apache-maven-3.3.9/bin/m2.conf -Dmaven.home=C:\apache-maven-3.3.9 -Dmaven.multiModuleProjectDirectory=C:\cygwin64\home\aphis\event\Event-Driven-Programming-Project\project 
java_command: org.codehaus.plexus.classworlds.launcher.Launcher test -Pjava
java_class_path (initial): C:\apache-maven-3.3.9/boot/plexus-classworlds-2.5.2.jar
Launcher Type: SUN_STANDARD

Environment Variables:
JAVA_HOME=C:\Program Files\Java\jdk1.8.0_51
PATH=C:\cygwin64\usr\local\bin;C:\cygwin64\bin;C:\Program Files (x86)\Intel\iCLS Client;C:\Program Files\Intel\iCLS Client;C:\ProgramData\Oracle\Java\javapath;C:\WINDOWS\system32;C:\WINDOWS;C:\WINDOWS\System32\Wbem;C:\WINDOWS\System32\WindowsPowerShell\v1.0;C:\Program Files (x86)\AMD\ATI.ACE\Core-Static;C:\Program Files\Java\jdk1.8.0_51\bin;C:\Program Files\Intel\Intel(R) Management Engine Components\DAL;C:\Program Files (x86)\Intel\Intel(R) Management Engine Components\DAL;C:\Program Files\Intel\Intel(R) Management Engine Components\IPT;C:\Program Files (x86)\Intel\Intel(R) Management Engine Components\IPT;C:\Program Files\Java\jdk1.8.0_51\bin;C:\grails-2.4.5\grails-2.4.5\bin;C:\Program Files (x86)\ATI Technologies\ATI.ACE\Core-Static;C:\Program Files (x86)\Dev-Cpp\MinGW64\bin;C:\Go\bin;C:\Program Files\Git\bin;C:\Program Files (x86)\Skype\Phone;C:\Program Files (x86)\GtkSharp\2.12\bin;C:\apache-maven-3.3.9\bin;C:\Users\aphis\AppData\Local\Programs\Python\Python35-32\Scripts;C:\Users\aphis\AppData\Local\Programs\Python\Python35-32;C:\Program Files (x86)\Microsoft VS Code\bin
USERNAME=aphis
SHELL=/bin/bash
OS=Windows_NT
PROCESSOR_IDENTIFIER=Intel64 Family 6 Model 61 Stepping 4, GenuineIntel



---------------  S Y S T E M  ---------------

OS: Windows 10.0 , 64 bit Build 14291 (10.0.14291.1001)

CPU:total 4 (2 cores per cpu, 2 threads per core) family 6 model 61 stepping 4, cmov, cx8, fxsr, mmx, sse, sse2, sse3, ssse3, sse4.1, sse4.2, popcnt, avx, avx2, aes, clmul, erms, 3dnowpref, lzcnt, ht, tsc, tscinvbit, bmi1, bmi2, adx

Memory: 4k page, physical 8301016k(2610108k free), swap 9939416k(1363088k free)

vm_info: Java HotSpot(TM) 64-Bit Server VM (25.51-b03) for windows-amd64 JRE (1.8.0_51-b16), built on Jun  8 2015 18:03:07 by "java_re" with MS VC++ 10.0 (VS2010)

time: Thu Mar 24 06:03:36 2016
elapsed time: 198 seconds (0d 0h 3m 18s)

