#
# A fatal error has been detected by the Java Runtime Environment:
#
#  EXCEPTION_ACCESS_VIOLATION (0xc0000005) at pc=0x00007ff91fdcecb4, pid=11348, tid=4804
#
# JRE version: Java(TM) SE Runtime Environment (8.0_51-b16) (build 1.8.0_51-b16)
# Java VM: Java HotSpot(TM) 64-Bit Server VM (25.51-b03 mixed mode windows-amd64 compressed oops)
# Problematic frame:
# C  [OPENGL32.dll+0xdecb4]
#
# Failed to write core dump. Minidumps are not enabled by default on client versions of Windows
#
# If you would like to submit a bug report, please visit:
#   http://bugreport.java.com/bugreport/crash.jsp
#

---------------  T H R E A D  ---------------

Current thread (0x0000000016ec7800):  VMThread [stack: 0x0000000017f70000,0x0000000018070000] [id=4804]

siginfo: ExceptionCode=0xc0000005, reading address 0x0000000000000a38

Registers:
RAX=0x0000000000000000, RBX=0x000000001c1fe250, RCX=0x0000000000000001, RDX=0x000000001c1fe258
RSP=0x000000001806efd8, RBP=0x0000000000000000, RSI=0x000000002b7741c0, RDI=0x000000002b7741c0
R8 =0x000000001806f058, R9 =0x0000000016dd5400, R10=0x0000000000000042, R11=0x00007ff91fde1bb8
R12=0x0000000000000000, R13=0x000000001c1f7f98, R14=0x000000001c1f7e50, R15=0x0000000000000000
RIP=0x00007ff91fdcecb4, EFLAGS=0x0000000000010283

Top of Stack: (sp=0x000000001806efd8)
0x000000001806efd8:   00007ff912c244eb 0000000000000001
0x000000001806efe8:   000000001c1fe258 000000001806f058
0x000000001806eff8:   0000000016dd5400 0000000000000000
0x000000001806f008:   00007ff912c29fb7 0000000000000000
0x000000001806f018:   000000001c1fa460 000000001c1f7f80
0x000000001806f028:   00007ff912c29323 fffffffffffffffe
0x000000001806f038:   000000001806f0a0 0000000000000000
0x000000001806f048:   00007ff912c2a869 000000002b7741c0
0x000000001806f058:   000000001c1f7a50 000000001c1f7e50
0x000000001806f068:   00007ff912c8a910 fffffffffffffffe
0x000000001806f078:   000000001c1fa4a0 0000000000000001
0x000000001806f088:   000000001c1f7f78 000000001c1f7e50
0x000000001806f098:   00007ff912c92a31 00007ff912db4790
0x000000001806f0a8:   00007ff912cf7ad0 0000000016dd5400
0x000000001806f0b8:   0000000000000000 000000001c1f7f78
0x000000001806f0c8:   000000001c1f7e50 000000001c1f7e50 

Instructions: (pc=0x00007ff91fdcecb4)
0x00007ff91fdcec94:   cc cc cc cc cc cc 66 0f 1f 44 00 00 8b 05 62 63
0x00007ff91fdceca4:   01 00 83 f8 40 73 0f 65 48 8b 04 c5 80 14 00 00
0x00007ff91fdcecb4:   ff a0 38 0a 00 00 b8 47 01 00 00 e9 ec d4 ff ff
0x00007ff91fdcecc4:   cc cc cc cc cc cc 66 0f 1f 44 00 00 8b 05 32 63 


Register to memory mapping:

RAX=0x0000000000000000 is an unknown value
RBX=0x000000001c1fe250 is an unknown value
RCX=0x0000000000000001 is an unknown value
RDX=0x000000001c1fe258 is an unknown value
RSP=0x000000001806efd8 is an unknown value
RBP=0x0000000000000000 is an unknown value
RSI=0x000000002b7741c0 is an unknown value
RDI=0x000000002b7741c0 is an unknown value
R8 =0x000000001806f058 is an unknown value
R9 =0x0000000016dd5400 is an unknown value
R10=0x0000000000000042 is an unknown value
R11=0x00007ff91fde1bb8 is an unknown value
R12=0x0000000000000000 is an unknown value
R13=0x000000001c1f7f98 is an unknown value
R14=0x000000001c1f7e50 is an unknown value
R15=0x0000000000000000 is an unknown value


Stack: [0x0000000017f70000,0x0000000018070000],  sp=0x000000001806efd8,  free space=1019k
Native frames: (J=compiled Java code, j=interpreted, Vv=VM code, C=native code)

VM_Operation (0x000000001d31e5e0): Exit, mode: safepoint, requested by thread 0x000000001b345800


---------------  P R O C E S S  ---------------

Java Threads: ( => current thread )
  0x0000000018aea800 JavaThread "LWJGL Timer" daemon [_thread_blocked, id=12032, stack(0x000000002ab80000,0x000000002ac80000)]
  0x000000001b96b800 JavaThread "Java2D Disposer" daemon [_thread_blocked, id=1116, stack(0x000000001ecb0000,0x000000001edb0000)]
  0x000000001b345800 JavaThread "event.project.java.MyGameJava.main()" [_thread_blocked, id=9868, stack(0x000000001d220000,0x000000001d320000)]
  0x0000000018790800 JavaThread "Service Thread" daemon [_thread_blocked, id=7480, stack(0x0000000018b70000,0x0000000018c70000)]
  0x0000000016f04800 JavaThread "C1 CompilerThread2" daemon [_thread_blocked, id=4544, stack(0x0000000018670000,0x0000000018770000)]
  0x0000000016f01800 JavaThread "C2 CompilerThread1" daemon [_thread_blocked, id=3152, stack(0x0000000018570000,0x0000000018670000)]
  0x0000000016efe800 JavaThread "C2 CompilerThread0" daemon [_thread_blocked, id=8152, stack(0x0000000018470000,0x0000000018570000)]
  0x0000000016efd000 JavaThread "Attach Listener" daemon [_thread_blocked, id=9804, stack(0x0000000018370000,0x0000000018470000)]
  0x0000000016efc000 JavaThread "Signal Dispatcher" daemon [_thread_blocked, id=5676, stack(0x0000000018270000,0x0000000018370000)]
  0x0000000002387800 JavaThread "Finalizer" daemon [_thread_blocked, id=9852, stack(0x0000000018170000,0x0000000018270000)]
  0x000000000237f800 JavaThread "Reference Handler" daemon [_thread_blocked, id=10904, stack(0x0000000018070000,0x0000000018170000)]
  0x000000000212e000 JavaThread "main" [_thread_blocked, id=10428, stack(0x0000000002190000,0x0000000002290000)]

Other Threads:
=>0x0000000016ec7800 VMThread [stack: 0x0000000017f70000,0x0000000018070000] [id=4804]

VM state:at safepoint (shutting down)

VM Mutex/Monitor currently owned by a thread:  ([mutex/lock_event])
[0x000000000212cfa0] Threads_lock - owner thread: 0x0000000016ec7800

Heap:
 PSYoungGen      total 71680K, used 52132K [0x00000000d5c00000, 0x00000000df100000, 0x0000000100000000)
  eden space 66560K, 78% used [0x00000000d5c00000,0x00000000d8ee9158,0x00000000d9d00000)
  from space 5120K, 0% used [0x00000000d9d00000,0x00000000d9d00000,0x00000000da200000)
  to   space 9728K, 0% used [0x00000000de780000,0x00000000de780000,0x00000000df100000)
 ParOldGen       total 68608K, used 10060K [0x0000000081400000, 0x0000000085700000, 0x00000000d5c00000)
  object space 68608K, 14% used [0x0000000081400000,0x0000000081dd3250,0x0000000085700000)
 Metaspace       used 27777K, capacity 28474K, committed 28672K, reserved 1075200K
  class space    used 3288K, capacity 3549K, committed 3584K, reserved 1048576K

Card table byte_map: [0x0000000011750000,0x0000000011b50000] byte_map_base: 0x0000000011346000

Marking Bits: (ParMarkBitMap*) 0x000000005a2f4040
 Begin Bits: [0x0000000012200000, 0x00000000141b0000)
 End Bits:   [0x00000000141b0000, 0x0000000016160000)

Polling page: 0x00000000001f0000

CodeCache: size=245760Kb used=12998Kb max_used=13002Kb free=232761Kb
 bounds [0x0000000002390000, 0x0000000003050000, 0x0000000011390000]
 total_blobs=4652 nmethods=4024 adapters=540
 compilation: enabled

Compilation events (10 events):
Event: 19.631 Thread 0x0000000016efe800 nmethod 4098 0x0000000003049750 code [0x0000000003049880, 0x0000000003049938]
Event: 19.762 Thread 0x0000000016f04800 4099       3       pythagoras.f.AffineTransform::inverseTransform (113 bytes)
Event: 19.763 Thread 0x0000000016f04800 nmethod 4099 0x0000000003048c50 code [0x0000000003048e20, 0x00000000030494b8]
Event: 19.763 Thread 0x0000000016f04800 4100       3       pythagoras.f.Point::x (5 bytes)
Event: 19.763 Thread 0x0000000016f04800 nmethod 4100 0x0000000003048910 code [0x0000000003048a60, 0x0000000003048bb0]
Event: 19.880 Thread 0x0000000016f04800 4101       3       playn.core.gl.ImageRegionGL::ensureTexture (55 bytes)
Event: 19.881 Thread 0x0000000016f04800 nmethod 4101 0x0000000003048190 code [0x0000000003048320, 0x00000000030487c8]
Event: 19.881 Thread 0x0000000016f04800 4102       3       playn.core.gl.ImageRegionGL::isReady (8 bytes)
Event: 19.881 Thread 0x0000000016f04800 nmethod 4102 0x0000000003047d50 code [0x0000000003047ec0, 0x00000000030480e8]
Event: 20.381 Thread 0x0000000016f04800 4103   !   3       java.util.logging.LogManager::ensureLogManagerInitialized (128 bytes)

GC Heap History (10 events):
Event: 1.206 GC heap before
{Heap before GC invocations=2 (full 0):
 PSYoungGen      total 38400K, used 38395K [0x00000000d5c00000, 0x00000000d8680000, 0x0000000100000000)
  eden space 33280K, 100% used [0x00000000d5c00000,0x00000000d7c80000,0x00000000d7c80000)
  from space 5120K, 99% used [0x00000000d7c80000,0x00000000d817ecd0,0x00000000d8180000)
  to   space 5120K, 0% used [0x00000000d8180000,0x00000000d8180000,0x00000000d8680000)
 ParOldGen       total 87552K, used 156K [0x0000000081400000, 0x0000000086980000, 0x00000000d5c00000)
  object space 87552K, 0% used [0x0000000081400000,0x0000000081427258,0x0000000086980000)
 Metaspace       used 12877K, capacity 13060K, committed 13312K, reserved 1060864K
  class space    used 1628K, capacity 1742K, committed 1792K, reserved 1048576K
Event: 1.215 GC heap after
Heap after GC invocations=2 (full 0):
 PSYoungGen      total 38400K, used 5096K [0x00000000d5c00000, 0x00000000da700000, 0x0000000100000000)
  eden space 33280K, 0% used [0x00000000d5c00000,0x00000000d5c00000,0x00000000d7c80000)
  from space 5120K, 99% used [0x00000000d8180000,0x00000000d867a1b8,0x00000000d8680000)
  to   space 5120K, 0% used [0x00000000d7c80000,0x00000000d7c80000,0x00000000d8180000)
 ParOldGen       total 87552K, used 2808K [0x0000000081400000, 0x0000000086980000, 0x00000000d5c00000)
  object space 87552K, 3% used [0x0000000081400000,0x00000000816be388,0x0000000086980000)
 Metaspace       used 12877K, capacity 13060K, committed 13312K, reserved 1060864K
  class space    used 1628K, capacity 1742K, committed 1792K, reserved 1048576K
}
Event: 1.814 GC heap before
{Heap before GC invocations=3 (full 0):
 PSYoungGen      total 38400K, used 38376K [0x00000000d5c00000, 0x00000000da700000, 0x0000000100000000)
  eden space 33280K, 100% used [0x00000000d5c00000,0x00000000d7c80000,0x00000000d7c80000)
  from space 5120K, 99% used [0x00000000d8180000,0x00000000d867a1b8,0x00000000d8680000)
  to   space 5120K, 0% used [0x00000000d7c80000,0x00000000d7c80000,0x00000000d8180000)
 ParOldGen       total 87552K, used 2808K [0x0000000081400000, 0x0000000086980000, 0x00000000d5c00000)
  object space 87552K, 3% used [0x0000000081400000,0x00000000816be388,0x0000000086980000)
 Metaspace       used 15110K, capacity 15416K, committed 15616K, reserved 1062912K
  class space    used 1844K, capacity 1945K, committed 2048K, reserved 1048576K
Event: 1.829 GC heap after
Heap after GC invocations=3 (full 0):
 PSYoungGen      total 38400K, used 5104K [0x00000000d5c00000, 0x00000000da700000, 0x0000000100000000)
  eden space 33280K, 0% used [0x00000000d5c00000,0x00000000d5c00000,0x00000000d7c80000)
  from space 5120K, 99% used [0x00000000d7c80000,0x00000000d817c030,0x00000000d8180000)
  to   space 5120K, 0% used [0x00000000da200000,0x00000000da200000,0x00000000da700000)
 ParOldGen       total 87552K, used 4669K [0x0000000081400000, 0x0000000086980000, 0x00000000d5c00000)
  object space 87552K, 5% used [0x0000000081400000,0x000000008188f4b8,0x0000000086980000)
 Metaspace       used 15110K, capacity 15416K, committed 15616K, reserved 1062912K
  class space    used 1844K, capacity 1945K, committed 2048K, reserved 1048576K
}
Event: 2.390 GC heap before
{Heap before GC invocations=4 (full 0):
 PSYoungGen      total 38400K, used 38384K [0x00000000d5c00000, 0x00000000da700000, 0x0000000100000000)
  eden space 33280K, 100% used [0x00000000d5c00000,0x00000000d7c80000,0x00000000d7c80000)
  from space 5120K, 99% used [0x00000000d7c80000,0x00000000d817c030,0x00000000d8180000)
  to   space 5120K, 0% used [0x00000000da200000,0x00000000da200000,0x00000000da700000)
 ParOldGen       total 87552K, used 4669K [0x0000000081400000, 0x0000000086980000, 0x00000000d5c00000)
  object space 87552K, 5% used [0x0000000081400000,0x000000008188f4b8,0x0000000086980000)
 Metaspace       used 16200K, capacity 16618K, committed 16768K, reserved 1064960K
  class space    used 1946K, capacity 2091K, committed 2176K, reserved 1048576K
Event: 2.402 GC heap after
Heap after GC invocations=4 (full 0):
 PSYoungGen      total 71680K, used 5104K [0x00000000d5c00000, 0x00000000da700000, 0x0000000100000000)
  eden space 66560K, 0% used [0x00000000d5c00000,0x00000000d5c00000,0x00000000d9d00000)
  from space 5120K, 99% used [0x00000000da200000,0x00000000da6fc030,0x00000000da700000)
  to   space 5120K, 0% used [0x00000000d9d00000,0x00000000d9d00000,0x00000000da200000)
 ParOldGen       total 87552K, used 7535K [0x0000000081400000, 0x0000000086980000, 0x00000000d5c00000)
  object space 87552K, 8% used [0x0000000081400000,0x0000000081b5bf18,0x0000000086980000)
 Metaspace       used 16200K, capacity 16618K, committed 16768K, reserved 1064960K
  class space    used 1946K, capacity 2091K, committed 2176K, reserved 1048576K
}
Event: 3.141 GC heap before
{Heap before GC invocations=5 (full 0):
 PSYoungGen      total 71680K, used 36707K [0x00000000d5c00000, 0x00000000da700000, 0x0000000100000000)
  eden space 66560K, 47% used [0x00000000d5c00000,0x00000000d7adce38,0x00000000d9d00000)
  from space 5120K, 99% used [0x00000000da200000,0x00000000da6fc030,0x00000000da700000)
  to   space 5120K, 0% used [0x00000000d9d00000,0x00000000d9d00000,0x00000000da200000)
 ParOldGen       total 87552K, used 7535K [0x0000000081400000, 0x0000000086980000, 0x00000000d5c00000)
  object space 87552K, 8% used [0x0000000081400000,0x0000000081b5bf18,0x0000000086980000)
 Metaspace       used 20624K, capacity 21150K, committed 21248K, reserved 1067008K
  class space    used 2543K, capacity 2726K, committed 2816K, reserved 1048576K
Event: 3.165 GC heap after
Heap after GC invocations=5 (full 0):
 PSYoungGen      total 71680K, used 5104K [0x00000000d5c00000, 0x00000000df100000, 0x0000000100000000)
  eden space 66560K, 0% used [0x00000000d5c00000,0x00000000d5c00000,0x00000000d9d00000)
  from space 5120K, 99% used [0x00000000d9d00000,0x00000000da1fc030,0x00000000da200000)
  to   space 9728K, 0% used [0x00000000de780000,0x00000000de780000,0x00000000df100000)
 ParOldGen       total 87552K, used 10474K [0x0000000081400000, 0x0000000086980000, 0x00000000d5c00000)
  object space 87552K, 11% used [0x0000000081400000,0x0000000081e3a870,0x0000000086980000)
 Metaspace       used 20624K, capacity 21150K, committed 21248K, reserved 1067008K
  class space    used 2543K, capacity 2726K, committed 2816K, reserved 1048576K
}
Event: 3.165 GC heap before
{Heap before GC invocations=6 (full 1):
 PSYoungGen      total 71680K, used 5104K [0x00000000d5c00000, 0x00000000df100000, 0x0000000100000000)
  eden space 66560K, 0% used [0x00000000d5c00000,0x00000000d5c00000,0x00000000d9d00000)
  from space 5120K, 99% used [0x00000000d9d00000,0x00000000da1fc030,0x00000000da200000)
  to   space 9728K, 0% used [0x00000000de780000,0x00000000de780000,0x00000000df100000)
 ParOldGen       total 87552K, used 10474K [0x0000000081400000, 0x0000000086980000, 0x00000000d5c00000)
  object space 87552K, 11% used [0x0000000081400000,0x0000000081e3a870,0x0000000086980000)
 Metaspace       used 20624K, capacity 21150K, committed 21248K, reserved 1067008K
  class space    used 2543K, capacity 2726K, committed 2816K, reserved 1048576K
Event: 3.270 GC heap after
Heap after GC invocations=6 (full 1):
 PSYoungGen      total 71680K, used 0K [0x00000000d5c00000, 0x00000000df100000, 0x0000000100000000)
  eden space 66560K, 0% used [0x00000000d5c00000,0x00000000d5c00000,0x00000000d9d00000)
  from space 5120K, 0% used [0x00000000d9d00000,0x00000000d9d00000,0x00000000da200000)
  to   space 9728K, 0% used [0x00000000de780000,0x00000000de780000,0x00000000df100000)
 ParOldGen       total 68608K, used 10060K [0x0000000081400000, 0x0000000085700000, 0x00000000d5c00000)
  object space 68608K, 14% used [0x0000000081400000,0x0000000081dd3250,0x0000000085700000)
 Metaspace       used 20624K, capacity 21150K, committed 21248K, reserved 1067008K
  class space    used 2543K, capacity 2726K, committed 2816K, reserved 1048576K
}

Deoptimization events (10 events):
Event: 4.337 Thread 0x000000001b345800 Uncommon trap: reason=unstable_if action=reinterpret pc=0x0000000002e71230 method=java.util.StringTokenizer.setMaxDelimCodePoint()V @ 71
Event: 4.341 Thread 0x000000001b345800 Uncommon trap: reason=class_check action=maybe_recompile pc=0x0000000002e7e834 method=java.lang.StringCoding$StringDecoder.decode([BII)[C @ 30
Event: 4.341 Thread 0x000000001b345800 Uncommon trap: reason=class_check action=maybe_recompile pc=0x0000000002e7e834 method=java.lang.StringCoding$StringDecoder.decode([BII)[C @ 30
Event: 4.342 Thread 0x000000001b345800 Uncommon trap: reason=class_check action=maybe_recompile pc=0x0000000002e7e834 method=java.lang.StringCoding$StringDecoder.decode([BII)[C @ 30
Event: 4.440 Thread 0x000000001d99f000 Uncommon trap: reason=class_check action=maybe_recompile pc=0x0000000002cde6fc method=java.util.concurrent.locks.AbstractQueuedSynchronizer.release(I)Z @ 2
Event: 4.443 Thread 0x000000001d99f000 Uncommon trap: reason=unstable_if action=reinterpret pc=0x00000000026919f8 method=sun.net.www.ParseUtil.encodePath(Ljava/lang/String;Z)Ljava/lang/String; @ 123
Event: 4.451 Thread 0x000000001bb4d000 Uncommon trap: reason=class_check action=maybe_recompile pc=0x0000000002cde6fc method=java.util.concurrent.locks.AbstractQueuedSynchronizer.release(I)Z @ 2
Event: 4.486 Thread 0x000000001b345800 Uncommon trap: reason=unstable_if action=reinterpret pc=0x00000000028b1e44 method=java.util.concurrent.ConcurrentHashMap.putVal(Ljava/lang/Object;Ljava/lang/Object;Z)Ljava/lang/Object; @ 113
Event: 4.493 Thread 0x000000001bb4d000 Uncommon trap: reason=class_check action=maybe_recompile pc=0x0000000002cde6fc method=java.util.concurrent.locks.AbstractQueuedSynchronizer.release(I)Z @ 2
Event: 4.560 Thread 0x000000001bb4d000 Uncommon trap: reason=class_check action=maybe_recompile pc=0x0000000002cde6fc method=java.util.concurrent.locks.AbstractQueuedSynchronizer.release(I)Z @ 2

Internal exceptions (10 events):
Event: 1.532 Thread 0x000000000212e000 Implicit null exception at 0x00000000026c002f to 0x00000000026c0099
Event: 1.714 Thread 0x000000000212e000 Implicit null exception at 0x0000000002a6cda2 to 0x0000000002a6e0ad
Event: 2.323 Thread 0x000000000212e000 Implicit null exception at 0x0000000002c3ed30 to 0x0000000002c3fea5
Event: 3.431 Thread 0x000000000212e000 Exception <a 'java/io/FileNotFoundException'> (0x00000000d635a7f0) thrown at [C:\re\workspace\8-2-build-windows-amd64-cygwin\jdk8u51\3951\hotspot\src\share\vm\prims\jni.cpp, line 709]
Event: 3.433 Thread 0x000000000212e000 Exception <a 'java/io/FileNotFoundException'> (0x00000000d639ba98) thrown at [C:\re\workspace\8-2-build-windows-amd64-cygwin\jdk8u51\3951\hotspot\src\share\vm\prims\jni.cpp, line 709]
Event: 3.802 Thread 0x000000001b345800 Implicit null exception at 0x0000000002e7c44c to 0x0000000002e7cbed
Event: 3.886 Thread 0x000000001b345800 Exception <a 'java/io/FileNotFoundException'> (0x00000000d7b64e58) thrown at [C:\re\workspace\8-2-build-windows-amd64-cygwin\jdk8u51\3951\hotspot\src\share\vm\prims\jni.cpp, line 709]
Event: 3.913 Thread 0x000000001b345800 Exception <a 'java/io/FileNotFoundException'> (0x00000000d7b88ea8) thrown at [C:\re\workspace\8-2-build-windows-amd64-cygwin\jdk8u51\3951\hotspot\src\share\vm\prims\jni.cpp, line 709]
Event: 4.001 Thread 0x000000001b345800 Exception <a 'java/lang/NoSuchFieldError': method resolution failed> (0x00000000d7c57df8) thrown at [C:\re\workspace\8-2-build-windows-amd64-cygwin\jdk8u51\3951\hotspot\src\share\vm\prims\methodHandles.cpp, line 1125]
Event: 4.003 Thread 0x000000001b345800 Exception <a 'java/lang/NoSuchFieldError': method resolution failed> (0x00000000d7c66728) thrown at [C:\re\workspace\8-2-build-windows-amd64-cygwin\jdk8u51\3951\hotspot\src\share\vm\prims\methodHandles.cpp, line 1125]

Events (10 events):
Event: 20.381 Executing VM operation: RevokeBias done
Event: 20.381 Thread 0x000000001d99f000 Thread exited: 0x000000001d99f000
Event: 20.381 Executing VM operation: RevokeBias
Event: 20.381 Executing VM operation: RevokeBias done
Event: 20.381 Thread 0x000000001a3ff000 Thread exited: 0x000000001a3ff000
Event: 20.381 Thread 0x000000001cc84800 Thread added: 0x000000001cc84800
Event: 20.381 Thread 0x000000001d99f000 Thread added: 0x000000001d99f000
Event: 20.381 Thread 0x000000001cc84800 Thread exited: 0x000000001cc84800
Event: 20.381 Thread 0x000000001d99f000 Thread exited: 0x000000001d99f000
Event: 20.381 Executing VM operation: Exit


Dynamic libraries:
0x00007ff742940000 - 0x00007ff742977000 	C:\Program Files\Java\jdk1.8.0_51\bin\java.exe
0x00007ff940c70000 - 0x00007ff940e39000 	C:\WINDOWS\SYSTEM32\ntdll.dll
0x00007ff940b10000 - 0x00007ff940bbb000 	C:\WINDOWS\system32\KERNEL32.DLL
0x00007ff93d400000 - 0x00007ff93d5fc000 	C:\WINDOWS\system32\KERNELBASE.dll
0x00007ff93f9a0000 - 0x00007ff93fa47000 	C:\WINDOWS\system32\ADVAPI32.dll
0x00007ff93fbc0000 - 0x00007ff93fc5d000 	C:\WINDOWS\system32\msvcrt.dll
0x00007ff940650000 - 0x00007ff9406ac000 	C:\WINDOWS\system32\sechost.dll
0x00007ff940780000 - 0x00007ff9408a5000 	C:\WINDOWS\system32\RPCRT4.dll
0x00007ff93fa50000 - 0x00007ff93fbb6000 	C:\WINDOWS\system32\USER32.dll
0x000000005bbe0000 - 0x000000005bbff000 	C:\WINDOWS\system32\win32u.dll
0x00007ff93f970000 - 0x00007ff93f9a0000 	C:\WINDOWS\system32\GDI32.dll
0x00007ff93e050000 - 0x00007ff93e1d0000 	C:\WINDOWS\system32\gdi32full.dll
0x00007ff933f70000 - 0x00007ff9341dc000 	C:\WINDOWS\WinSxS\amd64_microsoft.windows.common-controls_6595b64144ccf1df_6.0.14295.1000_none_7d072e80b85c67b2\COMCTL32.dll
0x00007ff940090000 - 0x00007ff94031f000 	C:\WINDOWS\system32\combase.dll
0x00007ff93d870000 - 0x00007ff93d964000 	C:\WINDOWS\system32\ucrtbase.dll
0x00007ff93d2e0000 - 0x00007ff93d349000 	C:\WINDOWS\system32\bcryptPrimitives.dll
0x00007ff940580000 - 0x00007ff9405ae000 	C:\WINDOWS\system32\IMM32.DLL
0x000000005a380000 - 0x000000005a452000 	C:\Program Files\Java\jdk1.8.0_51\jre\bin\msvcr100.dll
0x0000000059af0000 - 0x000000005a373000 	C:\Program Files\Java\jdk1.8.0_51\jre\bin\server\jvm.dll
0x00007ff940bc0000 - 0x00007ff940bc7000 	C:\WINDOWS\system32\PSAPI.DLL
0x00007ff93b910000 - 0x00007ff93b933000 	C:\WINDOWS\SYSTEM32\WINMM.dll
0x00007ff931a50000 - 0x00007ff931a5a000 	C:\WINDOWS\SYSTEM32\VERSION.dll
0x00007ff939bf0000 - 0x00007ff939bf9000 	C:\WINDOWS\SYSTEM32\WSOCK32.dll
0x0000000002050000 - 0x000000000207b000 	C:\WINDOWS\SYSTEM32\WINMMBASE.dll
0x00007ff93d350000 - 0x00007ff93d393000 	C:\WINDOWS\system32\cfgmgr32.dll
0x00007ff940710000 - 0x00007ff94077b000 	C:\WINDOWS\system32\ws2_32.DLL
0x0000000059ae0000 - 0x0000000059aef000 	C:\Program Files\Java\jdk1.8.0_51\jre\bin\verify.dll
0x0000000059ab0000 - 0x0000000059ad9000 	C:\Program Files\Java\jdk1.8.0_51\jre\bin\java.dll
0x0000000059a90000 - 0x0000000059aa6000 	C:\Program Files\Java\jdk1.8.0_51\jre\bin\zip.dll
0x00007ff93e420000 - 0x00007ff93f8f1000 	C:\WINDOWS\system32\SHELL32.dll
0x00007ff93d970000 - 0x00007ff93e023000 	C:\WINDOWS\system32\windows.storage.dll
0x00007ff9406b0000 - 0x00007ff940702000 	C:\WINDOWS\system32\shlwapi.dll
0x00007ff93d2d0000 - 0x00007ff93d2df000 	C:\WINDOWS\system32\kernel.appcore.dll
0x00007ff93d600000 - 0x00007ff93d6a8000 	C:\WINDOWS\system32\shcore.dll
0x00007ff93d260000 - 0x00007ff93d2ab000 	C:\WINDOWS\system32\powrprof.dll
0x00007ff93d2b0000 - 0x00007ff93d2c4000 	C:\WINDOWS\system32\profapi.dll
0x0000000059a70000 - 0x0000000059a8a000 	C:\Program Files\Java\jdk1.8.0_51\jre\bin\net.dll
0x00007ff93cb30000 - 0x00007ff93cb8c000 	C:\WINDOWS\system32\mswsock.dll
0x0000000059a50000 - 0x0000000059a61000 	C:\Program Files\Java\jdk1.8.0_51\jre\bin\nio.dll
0x0000000058fd0000 - 0x0000000059168000 	C:\Program Files\Java\jdk1.8.0_51\jre\bin\awt.dll
0x00007ff9408b0000 - 0x00007ff94096b000 	C:\WINDOWS\system32\OLEAUT32.dll
0x00007ff93bb80000 - 0x00007ff93bbf9000 	C:\WINDOWS\SYSTEM32\apphelp.dll
0x00007ff93a970000 - 0x00007ff93a994000 	C:\WINDOWS\system32\DWMAPI.DLL
0x00007ff93bcd0000 - 0x00007ff93bd63000 	C:\WINDOWS\system32\uxtheme.dll
0x0000000180000000 - 0x0000000180050000 	C:\cygwin64\tmp\playnaphis\1284024257\lwjgl64.dll
0x00007ff91fcf0000 - 0x00007ff91fe13000 	C:\WINDOWS\SYSTEM32\OPENGL32.dll
0x00007ff91fcc0000 - 0x00007ff91fcec000 	C:\WINDOWS\SYSTEM32\GLU32.dll
0x00007ff91fbc0000 - 0x00007ff91fcb7000 	C:\WINDOWS\SYSTEM32\DDRAW.dll
0x00007ff920020000 - 0x00007ff920028000 	C:\WINDOWS\SYSTEM32\DCIMAN32.dll
0x00007ff940320000 - 0x00007ff940471000 	C:\WINDOWS\system32\MSCTF.dll
0x00007ff927fa0000 - 0x00007ff927fcb000 	C:\PROGRA~2\RAPTRI~1\Raptr\ltc_help64-109838.dll
0x00007ff93d3a0000 - 0x00007ff93d3f5000 	C:\WINDOWS\system32\WINTRUST.dll
0x00007ff93d250000 - 0x00007ff93d260000 	C:\WINDOWS\system32\MSASN1.dll
0x00007ff93d6b0000 - 0x00007ff93d86c000 	C:\WINDOWS\system32\CRYPT32.dll
0x00007ff901ca0000 - 0x00007ff902959000 	C:\WINDOWS\SYSTEM32\ig8icd64.dll
0x00007ff934480000 - 0x00007ff934e85000 	C:\WINDOWS\SYSTEM32\igdusc64.dll
0x00007ff93b090000 - 0x00007ff93b0a3000 	C:\WINDOWS\SYSTEM32\WTSAPI32.dll
0x00007ff91d890000 - 0x00007ff91d91d000 	C:\WINDOWS\SYSTEM32\mscms.dll
0x00007ff93c9c0000 - 0x00007ff93c9df000 	C:\WINDOWS\SYSTEM32\USERENV.dll
0x00007ff92b990000 - 0x00007ff92b9d2000 	C:\WINDOWS\SYSTEM32\icm32.dll
0x00007ff93cbe0000 - 0x00007ff93cbf7000 	C:\WINDOWS\system32\CRYPTSP.dll
0x00007ff93c8d0000 - 0x00007ff93c904000 	C:\WINDOWS\system32\rsaenh.dll
0x00007ff93d190000 - 0x00007ff93d1b9000 	C:\WINDOWS\SYSTEM32\bcrypt.dll
0x00007ff93cd00000 - 0x00007ff93cd0b000 	C:\WINDOWS\SYSTEM32\CRYPTBASE.dll
0x00007ff940630000 - 0x00007ff94064c000 	C:\WINDOWS\system32\imagehlp.dll
0x00007ff93c3b0000 - 0x00007ff93c3d3000 	C:\WINDOWS\SYSTEM32\gpapi.dll
0x00007ff92c170000 - 0x00007ff92c19f000 	C:\Windows\System32\cryptnet.dll
0x00007ff939f60000 - 0x00007ff939f97000 	C:\WINDOWS\SYSTEM32\IPHLPAPI.DLL
0x00007ff939c20000 - 0x00007ff939c2b000 	C:\WINDOWS\SYSTEM32\WINNSI.DLL
0x00007ff940620000 - 0x00007ff940628000 	C:\WINDOWS\system32\NSI.dll
0x00007ff912bc0000 - 0x00007ff912dd0000 	C:\PROGRA~2\RAPTRI~1\Raptr\ltc_game64-109838.dll
0x00007ff93e280000 - 0x00007ff93e3b8000 	C:\WINDOWS\system32\ole32.dll
0x00007ff912dd0000 - 0x00007ff912f5b000 	C:\WINDOWS\SYSTEM32\dbghelp.dll

VM Arguments:
jvm_args: -Dclassworlds.conf=C:\apache-maven-3.3.9/bin/m2.conf -Dmaven.home=C:\apache-maven-3.3.9 -Dmaven.multiModuleProjectDirectory=C:\cygwin64\home\aphis\event\Event-Driven-Programming-Project\project 
java_command: org.codehaus.plexus.classworlds.launcher.Launcher test -Pjava
java_class_path (initial): C:\apache-maven-3.3.9/boot/plexus-classworlds-2.5.2.jar
Launcher Type: SUN_STANDARD

Environment Variables:
JAVA_HOME=C:\Program Files\Java\jdk1.8.0_51
PATH=C:\cygwin64\usr\local\bin;C:\cygwin64\bin;C:\Program Files (x86)\Intel\iCLS Client;C:\Program Files\Intel\iCLS Client;C:\ProgramData\Oracle\Java\javapath;C:\WINDOWS\system32;C:\WINDOWS;C:\WINDOWS\System32\Wbem;C:\WINDOWS\System32\WindowsPowerShell\v1.0;C:\Program Files (x86)\AMD\ATI.ACE\Core-Static;C:\Program Files\Java\jdk1.8.0_51\bin;C:\Program Files\Intel\Intel(R) Management Engine Components\DAL;C:\Program Files (x86)\Intel\Intel(R) Management Engine Components\DAL;C:\Program Files\Intel\Intel(R) Management Engine Components\IPT;C:\Program Files (x86)\Intel\Intel(R) Management Engine Components\IPT;C:\Program Files\Java\jdk1.8.0_51\bin;C:\grails-2.4.5\grails-2.4.5\bin;C:\Program Files (x86)\ATI Technologies\ATI.ACE\Core-Static;C:\Program Files (x86)\Dev-Cpp\MinGW64\bin;C:\Go\bin;C:\Program Files\Git\bin;C:\Program Files (x86)\Skype\Phone;C:\Program Files (x86)\GtkSharp\2.12\bin;C:\apache-maven-3.3.9\bin;C:\Users\aphis\AppData\Local\Programs\Python\Python35-32\Scripts;C:\Users\aphis\AppData\Local\Programs\Python\Python35-32;C:\Program Files (x86)\Microsoft VS Code\bin
USERNAME=aphis
SHELL=/bin/bash
OS=Windows_NT
PROCESSOR_IDENTIFIER=Intel64 Family 6 Model 61 Stepping 4, GenuineIntel



---------------  S Y S T E M  ---------------

OS: Windows 10.0 , 64 bit Build 14295 (10.0.14295.1000)

CPU:total 4 (2 cores per cpu, 2 threads per core) family 6 model 61 stepping 4, cmov, cx8, fxsr, mmx, sse, sse2, sse3, ssse3, sse4.1, sse4.2, popcnt, avx, avx2, aes, clmul, erms, 3dnowpref, lzcnt, ht, tsc, tscinvbit, bmi1, bmi2, adx

Memory: 4k page, physical 8301016k(4025940k free), swap 9611736k(3208564k free)

vm_info: Java HotSpot(TM) 64-Bit Server VM (25.51-b03) for windows-amd64 JRE (1.8.0_51-b16), built on Jun  8 2015 18:03:07 by "java_re" with MS VC++ 10.0 (VS2010)

time: Wed Mar 30 15:59:04 2016
elapsed time: 20 seconds (0d 0h 0m 20s)

