#
# A fatal error has been detected by the Java Runtime Environment:
#
#  EXCEPTION_ACCESS_VIOLATION (0xc0000005) at pc=0x00007ffd81fbecb4, pid=4020, tid=3940
#
# JRE version: Java(TM) SE Runtime Environment (8.0_51-b16) (build 1.8.0_51-b16)
# Java VM: Java HotSpot(TM) 64-Bit Server VM (25.51-b03 mixed mode windows-amd64 compressed oops)
# Problematic frame:
# C  [OPENGL32.dll+0xdecb4]
#
# Failed to write core dump. Minidumps are not enabled by default on client versions of Windows
#
# If you would like to submit a bug report, please visit:
#   http://bugreport.java.com/bugreport/crash.jsp
#

---------------  T H R E A D  ---------------

Current thread (0x0000000016f58000):  VMThread [stack: 0x0000000017fe0000,0x00000000180e0000] [id=3940]

siginfo: ExceptionCode=0xc0000005, reading address 0x0000000000000a38

Registers:
RAX=0x0000000000000000, RBX=0x000000002b20e830, RCX=0x0000000000000001, RDX=0x000000002b20e838
RSP=0x00000000180defd8, RBP=0x0000000000000000, RSI=0x000000002b3141c0, RDI=0x000000002b3141c0
R8 =0x00000000180df058, R9 =0x0000000016e65400, R10=0x0000000000000042, R11=0x00007ffd81fd1bb8
R12=0x0000000000000000, R13=0x000000002b207f98, R14=0x000000002b207e50, R15=0x0000000000000000
RIP=0x00007ffd81fbecb4, EFLAGS=0x0000000000010283

Top of Stack: (sp=0x00000000180defd8)
0x00000000180defd8:   00007ffd75a044eb 0000000000000001
0x00000000180defe8:   000000002b20e838 00000000180df058
0x00000000180deff8:   0000000016e65400 0000000000000000
0x00000000180df008:   00007ffd75a09fb7 0000000000000000
0x00000000180df018:   000000002b20a460 000000002b207f80
0x00000000180df028:   00007ffd75a09323 fffffffffffffffe
0x00000000180df038:   00000000180df0a0 0000000000000000
0x00000000180df048:   00007ffd75a0a869 000000002b3141c0
0x00000000180df058:   000000002b207aa0 000000002b207e50
0x00000000180df068:   00007ffd75a6a910 fffffffffffffffe
0x00000000180df078:   000000002b20a4a0 0000000000000001
0x00000000180df088:   000000002b207f78 000000002b207e50
0x00000000180df098:   00007ffd75a72a31 00007ffd75b94790
0x00000000180df0a8:   00007ffd75ad7ad0 0000000016e65400
0x00000000180df0b8:   0000000000000000 000000002b207f78
0x00000000180df0c8:   000000002b207e50 000000002b207e50 

Instructions: (pc=0x00007ffd81fbecb4)
0x00007ffd81fbec94:   cc cc cc cc cc cc 66 0f 1f 44 00 00 8b 05 62 63
0x00007ffd81fbeca4:   01 00 83 f8 40 73 0f 65 48 8b 04 c5 80 14 00 00
0x00007ffd81fbecb4:   ff a0 38 0a 00 00 b8 47 01 00 00 e9 ec d4 ff ff
0x00007ffd81fbecc4:   cc cc cc cc cc cc 66 0f 1f 44 00 00 8b 05 32 63 


Register to memory mapping:

RAX=0x0000000000000000 is an unknown value
RBX=0x000000002b20e830 is an unknown value
RCX=0x0000000000000001 is an unknown value
RDX=0x000000002b20e838 is an unknown value
RSP=0x00000000180defd8 is an unknown value
RBP=0x0000000000000000 is an unknown value
RSI=0x000000002b3141c0 is an unknown value
RDI=0x000000002b3141c0 is an unknown value
R8 =0x00000000180df058 is an unknown value
R9 =0x0000000016e65400 is an unknown value
R10=0x0000000000000042 is an unknown value
R11=0x00007ffd81fd1bb8 is an unknown value
R12=0x0000000000000000 is an unknown value
R13=0x000000002b207f98 is an unknown value
R14=0x000000002b207e50 is an unknown value
R15=0x0000000000000000 is an unknown value


Stack: [0x0000000017fe0000,0x00000000180e0000],  sp=0x00000000180defd8,  free space=1019k
Native frames: (J=compiled Java code, j=interpreted, Vv=VM code, C=native code)

VM_Operation (0x000000001be7e410): Exit, mode: safepoint, requested by thread 0x00000000193bb000


---------------  P R O C E S S  ---------------

Java Threads: ( => current thread )
  0x000000001cb39800 JavaThread "LWJGL Timer" daemon [_thread_blocked, id=6440, stack(0x000000002a2f0000,0x000000002a3f0000)]
  0x00000000198ee800 JavaThread "Java2D Disposer" daemon [_thread_blocked, id=7408, stack(0x000000001be80000,0x000000001bf80000)]
  0x00000000193bb000 JavaThread "event.project.java.MyGameJava.main()" [_thread_blocked, id=9116, stack(0x000000001bd80000,0x000000001be80000)]
  0x0000000016fed800 JavaThread "Service Thread" daemon [_thread_blocked, id=9520, stack(0x0000000018be0000,0x0000000018ce0000)]
  0x0000000016f9c000 JavaThread "C1 CompilerThread2" daemon [_thread_blocked, id=4088, stack(0x00000000186e0000,0x00000000187e0000)]
  0x0000000016f94000 JavaThread "C2 CompilerThread1" daemon [_thread_blocked, id=5660, stack(0x00000000185e0000,0x00000000186e0000)]
  0x0000000016f8e800 JavaThread "C2 CompilerThread0" daemon [_thread_blocked, id=2968, stack(0x00000000184e0000,0x00000000185e0000)]
  0x0000000016f8d000 JavaThread "Attach Listener" daemon [_thread_blocked, id=8464, stack(0x00000000183e0000,0x00000000184e0000)]
  0x0000000016f8b800 JavaThread "Signal Dispatcher" daemon [_thread_blocked, id=5564, stack(0x00000000182e0000,0x00000000183e0000)]
  0x0000000002417000 JavaThread "Finalizer" daemon [_thread_blocked, id=692, stack(0x00000000181e0000,0x00000000182e0000)]
  0x000000000240e000 JavaThread "Reference Handler" daemon [_thread_blocked, id=456, stack(0x00000000180e0000,0x00000000181e0000)]
  0x000000000231e000 JavaThread "main" [_thread_blocked, id=4940, stack(0x0000000002180000,0x0000000002280000)]

Other Threads:
=>0x0000000016f58000 VMThread [stack: 0x0000000017fe0000,0x00000000180e0000] [id=3940]

VM state:at safepoint (shutting down)

VM Mutex/Monitor currently owned by a thread:  ([mutex/lock_event])
[0x000000000231d520] Threads_lock - owner thread: 0x0000000016f58000

Heap:
 PSYoungGen      total 43008K, used 25576K [0x00000000d5c00000, 0x00000000d9d80000, 0x0000000100000000)
  eden space 33280K, 54% used [0x00000000d5c00000,0x00000000d6dd5748,0x00000000d7c80000)
  from space 9728K, 75% used [0x00000000d8580000,0x00000000d8ca4b88,0x00000000d8f00000)
  to   space 9216K, 0% used [0x00000000d7c80000,0x00000000d7c80000,0x00000000d8580000)
 ParOldGen       total 65024K, used 10073K [0x0000000081400000, 0x0000000085380000, 0x00000000d5c00000)
  object space 65024K, 15% used [0x0000000081400000,0x0000000081dd6518,0x0000000085380000)
 Metaspace       used 27608K, capacity 28314K, committed 28672K, reserved 1075200K
  class space    used 3257K, capacity 3517K, committed 3584K, reserved 1048576K

Card table byte_map: [0x00000000117e0000,0x0000000011be0000] byte_map_base: 0x00000000113d6000

Marking Bits: (ParMarkBitMap*) 0x000000005c1d4040
 Begin Bits: [0x0000000012290000, 0x0000000014240000)
 End Bits:   [0x0000000014240000, 0x00000000161f0000)

Polling page: 0x00000000001f0000

CodeCache: size=245760Kb used=11576Kb max_used=11650Kb free=234183Kb
 bounds [0x0000000002420000, 0x0000000002f90000, 0x0000000011420000]
 total_blobs=4331 nmethods=3707 adapters=536
 compilation: enabled

Compilation events (10 events):
Event: 36.097 Thread 0x0000000016f94000 4170       4       java.nio.Bits::copyFromArray (70 bytes)
Event: 36.098 Thread 0x0000000016f94000 nmethod 4170 0x0000000002f84810 code [0x0000000002f84940, 0x0000000002f849d8]
Event: 36.964 Thread 0x0000000016f9c000 4171       1       org.lwjgl.opengl.WindowsDisplayPeerInfo::doUnlock (1 bytes)
Event: 36.964 Thread 0x0000000016f9c000 nmethod 4171 0x0000000002f89a90 code [0x0000000002f89be0, 0x0000000002f89cf0]
Event: 38.380 Thread 0x0000000016f9c000 4172   !   3       java.util.logging.LogManager::ensureLogManagerInitialized (128 bytes)
Event: 38.381 Thread 0x0000000016f9c000 nmethod 4172 0x0000000002f89050 code [0x0000000002f89200, 0x0000000002f89888]
Event: 38.381 Thread 0x0000000016f9c000 4173       3       java.util.logging.LogManager::access$100 (4 bytes)
Event: 38.381 Thread 0x0000000016f9c000 nmethod 4173 0x000000000252bcd0 code [0x000000000252be20, 0x000000000252bf50]
Event: 38.381 Thread 0x0000000016f9c000 4174       3       java.util.logging.LogManager$LoggerContext::requiresDefaultLoggers (29 bytes)
Event: 38.382 Thread 0x0000000016f9c000 nmethod 4174 0x00000000025d9410 code [0x00000000025d9580, 0x00000000025d99a8]

GC Heap History (10 events):
Event: 6.514 GC heap before
{Heap before GC invocations=3 (full 0):
 PSYoungGen      total 38400K, used 38368K [0x00000000d5c00000, 0x00000000d8680000, 0x0000000100000000)
  eden space 33280K, 100% used [0x00000000d5c00000,0x00000000d7c80000,0x00000000d7c80000)
  from space 5120K, 99% used [0x00000000d8180000,0x00000000d86782e8,0x00000000d8680000)
  to   space 5120K, 0% used [0x00000000d7c80000,0x00000000d7c80000,0x00000000d8180000)
 ParOldGen       total 87552K, used 2795K [0x0000000081400000, 0x0000000086980000, 0x00000000d5c00000)
  object space 87552K, 3% used [0x0000000081400000,0x00000000816bafb8,0x0000000086980000)
 Metaspace       used 15125K, capacity 15416K, committed 15616K, reserved 1062912K
  class space    used 1845K, capacity 1945K, committed 2048K, reserved 1048576K
Event: 6.523 GC heap after
Heap after GC invocations=3 (full 0):
 PSYoungGen      total 38400K, used 5120K [0x00000000d5c00000, 0x00000000d8680000, 0x0000000100000000)
  eden space 33280K, 0% used [0x00000000d5c00000,0x00000000d5c00000,0x00000000d7c80000)
  from space 5120K, 100% used [0x00000000d7c80000,0x00000000d8180000,0x00000000d8180000)
  to   space 5120K, 0% used [0x00000000d8180000,0x00000000d8180000,0x00000000d8680000)
 ParOldGen       total 87552K, used 4631K [0x0000000081400000, 0x0000000086980000, 0x00000000d5c00000)
  object space 87552K, 5% used [0x0000000081400000,0x0000000081885c78,0x0000000086980000)
 Metaspace       used 15125K, capacity 15416K, committed 15616K, reserved 1062912K
  class space    used 1845K, capacity 1945K, committed 2048K, reserved 1048576K
}
Event: 9.239 GC heap before
{Heap before GC invocations=4 (full 0):
 PSYoungGen      total 38400K, used 38400K [0x00000000d5c00000, 0x00000000d8680000, 0x0000000100000000)
  eden space 33280K, 100% used [0x00000000d5c00000,0x00000000d7c80000,0x00000000d7c80000)
  from space 5120K, 100% used [0x00000000d7c80000,0x00000000d8180000,0x00000000d8180000)
  to   space 5120K, 0% used [0x00000000d8180000,0x00000000d8180000,0x00000000d8680000)
 ParOldGen       total 87552K, used 4631K [0x0000000081400000, 0x0000000086980000, 0x00000000d5c00000)
  object space 87552K, 5% used [0x0000000081400000,0x0000000081885c78,0x0000000086980000)
 Metaspace       used 16212K, capacity 16618K, committed 16768K, reserved 1064960K
  class space    used 1946K, capacity 2091K, committed 2176K, reserved 1048576K
Event: 9.249 GC heap after
Heap after GC invocations=4 (full 0):
 PSYoungGen      total 38400K, used 5088K [0x00000000d5c00000, 0x00000000d8680000, 0x0000000100000000)
  eden space 33280K, 0% used [0x00000000d5c00000,0x00000000d5c00000,0x00000000d7c80000)
  from space 5120K, 99% used [0x00000000d8180000,0x00000000d8678020,0x00000000d8680000)
  to   space 5120K, 0% used [0x00000000d7c80000,0x00000000d7c80000,0x00000000d8180000)
 ParOldGen       total 87552K, used 7674K [0x0000000081400000, 0x0000000086980000, 0x00000000d5c00000)
  object space 87552K, 8% used [0x0000000081400000,0x0000000081b7eac8,0x0000000086980000)
 Metaspace       used 16212K, capacity 16618K, committed 16768K, reserved 1064960K
  class space    used 1946K, capacity 2091K, committed 2176K, reserved 1048576K
}
Event: 10.836 GC heap before
{Heap before GC invocations=5 (full 0):
 PSYoungGen      total 38400K, used 33978K [0x00000000d5c00000, 0x00000000d8680000, 0x0000000100000000)
  eden space 33280K, 86% used [0x00000000d5c00000,0x00000000d78368f0,0x00000000d7c80000)
  from space 5120K, 99% used [0x00000000d8180000,0x00000000d8678020,0x00000000d8680000)
  to   space 5120K, 0% used [0x00000000d7c80000,0x00000000d7c80000,0x00000000d8180000)
 ParOldGen       total 87552K, used 7674K [0x0000000081400000, 0x0000000086980000, 0x00000000d5c00000)
  object space 87552K, 8% used [0x0000000081400000,0x0000000081b7eac8,0x0000000086980000)
 Metaspace       used 20607K, capacity 21150K, committed 21248K, reserved 1067008K
  class space    used 2541K, capacity 2726K, committed 2816K, reserved 1048576K
Event: 10.855 GC heap after
Heap after GC invocations=5 (full 0):
 PSYoungGen      total 37888K, used 5104K [0x00000000d5c00000, 0x00000000d8f00000, 0x0000000100000000)
  eden space 32768K, 0% used [0x00000000d5c00000,0x00000000d5c00000,0x00000000d7c00000)
  from space 5120K, 99% used [0x00000000d7c80000,0x00000000d817c010,0x00000000d8180000)
  to   space 9728K, 0% used [0x00000000d8580000,0x00000000d8580000,0x00000000d8f00000)
 ParOldGen       total 87552K, used 10610K [0x0000000081400000, 0x0000000086980000, 0x00000000d5c00000)
  object space 87552K, 12% used [0x0000000081400000,0x0000000081e5ca00,0x0000000086980000)
 Metaspace       used 20607K, capacity 21150K, committed 21248K, reserved 1067008K
  class space    used 2541K, capacity 2726K, committed 2816K, reserved 1048576K
}
Event: 10.856 GC heap before
{Heap before GC invocations=6 (full 1):
 PSYoungGen      total 37888K, used 5104K [0x00000000d5c00000, 0x00000000d8f00000, 0x0000000100000000)
  eden space 32768K, 0% used [0x00000000d5c00000,0x00000000d5c00000,0x00000000d7c00000)
  from space 5120K, 99% used [0x00000000d7c80000,0x00000000d817c010,0x00000000d8180000)
  to   space 9728K, 0% used [0x00000000d8580000,0x00000000d8580000,0x00000000d8f00000)
 ParOldGen       total 87552K, used 10610K [0x0000000081400000, 0x0000000086980000, 0x00000000d5c00000)
  object space 87552K, 12% used [0x0000000081400000,0x0000000081e5ca00,0x0000000086980000)
 Metaspace       used 20607K, capacity 21150K, committed 21248K, reserved 1067008K
  class space    used 2541K, capacity 2726K, committed 2816K, reserved 1048576K
Event: 10.929 GC heap after
Heap after GC invocations=6 (full 1):
 PSYoungGen      total 37888K, used 0K [0x00000000d5c00000, 0x00000000d8f00000, 0x0000000100000000)
  eden space 32768K, 0% used [0x00000000d5c00000,0x00000000d5c00000,0x00000000d7c00000)
  from space 5120K, 0% used [0x00000000d7c80000,0x00000000d7c80000,0x00000000d8180000)
  to   space 9728K, 0% used [0x00000000d8580000,0x00000000d8580000,0x00000000d8f00000)
 ParOldGen       total 65024K, used 10065K [0x0000000081400000, 0x0000000085380000, 0x00000000d5c00000)
  object space 65024K, 15% used [0x0000000081400000,0x0000000081dd4518,0x0000000085380000)
 Metaspace       used 20607K, capacity 21150K, committed 21248K, reserved 1067008K
  class space    used 2541K, capacity 2726K, committed 2816K, reserved 1048576K
}
Event: 12.712 GC heap before
{Heap before GC invocations=7 (full 1):
 PSYoungGen      total 37888K, used 32768K [0x00000000d5c00000, 0x00000000d8f00000, 0x0000000100000000)
  eden space 32768K, 100% used [0x00000000d5c00000,0x00000000d7c00000,0x00000000d7c00000)
  from space 5120K, 0% used [0x00000000d7c80000,0x00000000d7c80000,0x00000000d8180000)
  to   space 9728K, 0% used [0x00000000d8580000,0x00000000d8580000,0x00000000d8f00000)
 ParOldGen       total 65024K, used 10065K [0x0000000081400000, 0x0000000085380000, 0x00000000d5c00000)
  object space 65024K, 15% used [0x0000000081400000,0x0000000081dd4518,0x0000000085380000)
 Metaspace       used 24751K, capacity 25462K, committed 25600K, reserved 1071104K
  class space    used 3000K, capacity 3254K, committed 3328K, reserved 1048576K
Event: 12.723 GC heap after
Heap after GC invocations=7 (full 1):
 PSYoungGen      total 43008K, used 7314K [0x00000000d5c00000, 0x00000000d9d80000, 0x0000000100000000)
  eden space 33280K, 0% used [0x00000000d5c00000,0x00000000d5c00000,0x00000000d7c80000)
  from space 9728K, 75% used [0x00000000d8580000,0x00000000d8ca4b88,0x00000000d8f00000)
  to   space 9216K, 0% used [0x00000000d7c80000,0x00000000d7c80000,0x00000000d8580000)
 ParOldGen       total 65024K, used 10073K [0x0000000081400000, 0x0000000085380000, 0x00000000d5c00000)
  object space 65024K, 15% used [0x0000000081400000,0x0000000081dd6518,0x0000000085380000)
 Metaspace       used 24751K, capacity 25462K, committed 25600K, reserved 1071104K
  class space    used 3000K, capacity 3254K, committed 3328K, reserved 1048576K
}

Deoptimization events (10 events):
Event: 12.803 Thread 0x00000000193bb000 Uncommon trap: reason=predicate action=maybe_recompile pc=0x0000000002c96c60 method=java.util.StringTokenizer.skipDelimiters(I)I @ 17
Event: 13.422 Thread 0x00000000193bb000 Uncommon trap: reason=unstable_if action=reinterpret pc=0x00000000025731b0 method=java.util.StringTokenizer.setMaxDelimCodePoint()V @ 71
Event: 13.539 Thread 0x0000000019908800 Uncommon trap: reason=class_check action=maybe_recompile pc=0x0000000002da067c method=java.util.concurrent.locks.AbstractQueuedSynchronizer.release(I)Z @ 2
Event: 13.540 Thread 0x00000000198fa800 Uncommon trap: reason=class_check action=maybe_recompile pc=0x0000000002da067c method=java.util.concurrent.locks.AbstractQueuedSynchronizer.release(I)Z @ 2
Event: 13.540 Thread 0x0000000019686800 Uncommon trap: reason=class_check action=maybe_recompile pc=0x0000000002da067c method=java.util.concurrent.locks.AbstractQueuedSynchronizer.release(I)Z @ 2
Event: 13.542 Thread 0x0000000019908800 Uncommon trap: reason=unstable_if action=reinterpret pc=0x00000000027319f8 method=sun.net.www.ParseUtil.encodePath(Ljava/lang/String;Z)Ljava/lang/String; @ 123
Event: 13.542 Thread 0x0000000019686800 Uncommon trap: reason=unstable_if action=reinterpret pc=0x00000000027319f8 method=sun.net.www.ParseUtil.encodePath(Ljava/lang/String;Z)Ljava/lang/String; @ 123
Event: 13.542 Thread 0x00000000198fa800 Uncommon trap: reason=unstable_if action=reinterpret pc=0x0000000002731be4 method=sun.net.www.ParseUtil.encodePath(Ljava/lang/String;Z)Ljava/lang/String; @ 109
Event: 13.555 Thread 0x0000000019687800 Uncommon trap: reason=class_check action=maybe_recompile pc=0x0000000002da067c method=java.util.concurrent.locks.AbstractQueuedSynchronizer.release(I)Z @ 2
Event: 13.731 Thread 0x00000000198fa800 Uncommon trap: reason=unstable_if action=reinterpret pc=0x0000000002b17e34 method=java.awt.image.ComponentColorModel.coerceData(Ljava/awt/image/WritableRaster;Z)Ljava/awt/image/ColorModel; @ 178

Internal exceptions (10 events):
Event: 4.057 Thread 0x000000000231e000 Implicit null exception at 0x00000000027bdeef to 0x00000000027bdf59
Event: 4.295 Thread 0x000000000231e000 Implicit null exception at 0x0000000002a868f2 to 0x0000000002a86b39
Event: 8.658 Thread 0x000000000231e000 Implicit null exception at 0x0000000002cc31f0 to 0x0000000002cc435d
Event: 11.239 Thread 0x000000000231e000 Exception <a 'java/io/FileNotFoundException'> (0x00000000d62e2cb8) thrown at [C:\re\workspace\8-2-build-windows-amd64-cygwin\jdk8u51\3951\hotspot\src\share\vm\prims\jni.cpp, line 709]
Event: 11.257 Thread 0x000000000231e000 Exception <a 'java/io/FileNotFoundException'> (0x00000000d6323f80) thrown at [C:\re\workspace\8-2-build-windows-amd64-cygwin\jdk8u51\3951\hotspot\src\share\vm\prims\jni.cpp, line 709]
Event: 12.222 Thread 0x00000000193bb000 Implicit null exception at 0x0000000002574d4c to 0x00000000025754ed
Event: 12.624 Thread 0x00000000193bb000 Exception <a 'java/io/FileNotFoundException'> (0x00000000d7ac4b40) thrown at [C:\re\workspace\8-2-build-windows-amd64-cygwin\jdk8u51\3951\hotspot\src\share\vm\prims\jni.cpp, line 709]
Event: 12.647 Thread 0x00000000193bb000 Exception <a 'java/io/FileNotFoundException'> (0x00000000d7ae8b90) thrown at [C:\re\workspace\8-2-build-windows-amd64-cygwin\jdk8u51\3951\hotspot\src\share\vm\prims\jni.cpp, line 709]
Event: 12.699 Thread 0x00000000193bb000 Exception <a 'java/lang/NoSuchFieldError': method resolution failed> (0x00000000d7bb7998) thrown at [C:\re\workspace\8-2-build-windows-amd64-cygwin\jdk8u51\3951\hotspot\src\share\vm\prims\methodHandles.cpp, line 1125]
Event: 12.702 Thread 0x00000000193bb000 Exception <a 'java/lang/NoSuchFieldError': method resolution failed> (0x00000000d7bc62c8) thrown at [C:\re\workspace\8-2-build-windows-amd64-cygwin\jdk8u51\3951\hotspot\src\share\vm\prims\methodHandles.cpp, line 1125]

Events (10 events):
Event: 38.382 Thread 0x0000000016f9c000 flushing nmethod 0x0000000002671910
Event: 38.382 Thread 0x0000000016f9c000 flushing nmethod 0x0000000002672590
Event: 38.382 Thread 0x0000000016f9c000 flushing nmethod 0x0000000002673350
Event: 38.382 Thread 0x0000000016f9c000 flushing nmethod 0x0000000002675910
Event: 38.382 Thread 0x0000000016f9c000 flushing nmethod 0x00000000026893d0
Event: 38.382 Thread 0x0000000016f9c000 flushing nmethod 0x0000000002692a10
Event: 38.382 Thread 0x0000000016f9c000 flushing nmethod 0x0000000002697390
Event: 38.382 Thread 0x0000000016f9c000 flushing nmethod 0x00000000026b9cd0
Event: 38.436 Thread 0x00000000198fa800 Thread exited: 0x00000000198fa800
Event: 38.436 Executing VM operation: Exit


Dynamic libraries:
0x00007ff7db780000 - 0x00007ff7db7b7000 	C:\Program Files\Java\jdk1.8.0_51\bin\java.exe
0x00007ffda31f0000 - 0x00007ffda33b9000 	C:\WINDOWS\SYSTEM32\ntdll.dll
0x00007ffda2860000 - 0x00007ffda290b000 	C:\WINDOWS\system32\KERNEL32.DLL
0x00007ffd9fc60000 - 0x00007ffd9fe5c000 	C:\WINDOWS\system32\KERNELBASE.dll
0x00007ffd9deb0000 - 0x00007ffd9df29000 	C:\WINDOWS\system32\apphelp.dll
0x00007ffda0ab0000 - 0x00007ffda0b57000 	C:\WINDOWS\system32\ADVAPI32.dll
0x00007ffda27c0000 - 0x00007ffda285d000 	C:\WINDOWS\system32\msvcrt.dll
0x00007ffda3170000 - 0x00007ffda31cc000 	C:\WINDOWS\system32\sechost.dll
0x00007ffda0cb0000 - 0x00007ffda0dd5000 	C:\WINDOWS\system32\RPCRT4.dll
0x00007ffda2650000 - 0x00007ffda27b6000 	C:\WINDOWS\system32\USER32.dll
0x000000005da60000 - 0x000000005da7f000 	C:\WINDOWS\system32\win32u.dll
0x00007ffda0b60000 - 0x00007ffda0b90000 	C:\WINDOWS\system32\GDI32.dll
0x00007ffd9ff10000 - 0x00007ffda0090000 	C:\WINDOWS\system32\gdi32full.dll
0x00007ffd99530000 - 0x00007ffd9979c000 	C:\WINDOWS\WinSxS\amd64_microsoft.windows.common-controls_6595b64144ccf1df_6.0.14295.1000_none_7d072e80b85c67b2\COMCTL32.dll
0x00007ffda2360000 - 0x00007ffda25ef000 	C:\WINDOWS\system32\combase.dll
0x00007ffd9fb60000 - 0x00007ffd9fc54000 	C:\WINDOWS\system32\ucrtbase.dll
0x00007ffd9f930000 - 0x00007ffd9f999000 	C:\WINDOWS\system32\bcryptPrimitives.dll
0x00007ffda2e60000 - 0x00007ffda2e8e000 	C:\WINDOWS\system32\IMM32.DLL
0x000000005b470000 - 0x000000005b542000 	C:\Program Files\Java\jdk1.8.0_51\jre\bin\msvcr100.dll
0x000000005b9d0000 - 0x000000005c253000 	C:\Program Files\Java\jdk1.8.0_51\jre\bin\server\jvm.dll
0x00007ffda0940000 - 0x00007ffda0947000 	C:\WINDOWS\system32\PSAPI.DLL
0x00007ffd9df30000 - 0x00007ffd9df53000 	C:\WINDOWS\SYSTEM32\WINMM.dll
0x00007ffd9aae0000 - 0x00007ffd9aae9000 	C:\WINDOWS\SYSTEM32\WSOCK32.dll
0x00007ffd98a00000 - 0x00007ffd98a0a000 	C:\WINDOWS\SYSTEM32\VERSION.dll
0x00007ffda2f00000 - 0x00007ffda2f6b000 	C:\WINDOWS\system32\WS2_32.dll
0x00007ffd9de60000 - 0x00007ffd9de8b000 	C:\WINDOWS\SYSTEM32\WINMMBASE.dll
0x00007ffd9fe60000 - 0x00007ffd9fea3000 	C:\WINDOWS\system32\cfgmgr32.dll
0x000000005b8e0000 - 0x000000005b8ef000 	C:\Program Files\Java\jdk1.8.0_51\jre\bin\verify.dll
0x000000005b8b0000 - 0x000000005b8d9000 	C:\Program Files\Java\jdk1.8.0_51\jre\bin\java.dll
0x000000005b890000 - 0x000000005b8a6000 	C:\Program Files\Java\jdk1.8.0_51\jre\bin\zip.dll
0x00007ffda0e80000 - 0x00007ffda2351000 	C:\WINDOWS\system32\SHELL32.dll
0x00007ffda0140000 - 0x00007ffda07f3000 	C:\WINDOWS\system32\windows.storage.dll
0x00007ffda25f0000 - 0x00007ffda2642000 	C:\WINDOWS\system32\shlwapi.dll
0x00007ffd9f850000 - 0x00007ffd9f85f000 	C:\WINDOWS\system32\kernel.appcore.dll
0x00007ffd9f860000 - 0x00007ffd9f908000 	C:\WINDOWS\system32\shcore.dll
0x00007ffd9f7e0000 - 0x00007ffd9f82b000 	C:\WINDOWS\system32\powrprof.dll
0x00007ffd9f830000 - 0x00007ffd9f844000 	C:\WINDOWS\system32\profapi.dll
0x000000005b870000 - 0x000000005b88a000 	C:\Program Files\Java\jdk1.8.0_51\jre\bin\net.dll
0x00007ffd9f0b0000 - 0x00007ffd9f10c000 	C:\WINDOWS\system32\mswsock.dll
0x000000005b850000 - 0x000000005b861000 	C:\Program Files\Java\jdk1.8.0_51\jre\bin\nio.dll
0x000000005b6b0000 - 0x000000005b848000 	C:\Program Files\Java\jdk1.8.0_51\jre\bin\awt.dll
0x00007ffda2da0000 - 0x00007ffda2e5b000 	C:\WINDOWS\system32\OLEAUT32.dll
0x00007ffd9cb70000 - 0x00007ffd9cb94000 	C:\WINDOWS\system32\DWMAPI.DLL
0x00007ffd9e290000 - 0x00007ffd9e323000 	C:\WINDOWS\system32\uxtheme.dll
0x0000000180000000 - 0x0000000180050000 	C:\cygwin64\tmp\playnaphis\1284024257\lwjgl64.dll
0x00007ffd81ee0000 - 0x00007ffd82003000 	C:\WINDOWS\SYSTEM32\OPENGL32.dll
0x00007ffd81de0000 - 0x00007ffd81ed7000 	C:\WINDOWS\SYSTEM32\DDRAW.dll
0x00007ffd82080000 - 0x00007ffd820ac000 	C:\WINDOWS\SYSTEM32\GLU32.dll
0x00007ffd82390000 - 0x00007ffd82398000 	C:\WINDOWS\SYSTEM32\DCIMAN32.dll
0x00007ffda0950000 - 0x00007ffda0aa1000 	C:\WINDOWS\system32\MSCTF.dll
0x00007ffd78660000 - 0x00007ffd7868b000 	C:\PROGRA~2\RAPTRI~1\Raptr\ltc_help64-109838.dll
0x00007ffd9feb0000 - 0x00007ffd9ff05000 	C:\WINDOWS\system32\WINTRUST.dll
0x00007ffd9f7d0000 - 0x00007ffd9f7e0000 	C:\WINDOWS\system32\MSASN1.dll
0x00007ffd9f9a0000 - 0x00007ffd9fb5c000 	C:\WINDOWS\system32\CRYPT32.dll
0x00007ffd682d0000 - 0x00007ffd68f89000 	C:\WINDOWS\SYSTEM32\ig8icd64.dll
0x00007ffd97b70000 - 0x00007ffd98575000 	C:\WINDOWS\SYSTEM32\igdusc64.dll
0x00007ffd9d810000 - 0x00007ffd9d823000 	C:\WINDOWS\SYSTEM32\WTSAPI32.dll
0x00007ffd826c0000 - 0x00007ffd8274d000 	C:\WINDOWS\SYSTEM32\mscms.dll
0x00007ffd9ef40000 - 0x00007ffd9ef5f000 	C:\WINDOWS\SYSTEM32\USERENV.dll
0x00007ffd92200000 - 0x00007ffd92242000 	C:\WINDOWS\SYSTEM32\icm32.dll
0x00007ffd9f160000 - 0x00007ffd9f177000 	C:\WINDOWS\system32\CRYPTSP.dll
0x00007ffd9ee50000 - 0x00007ffd9ee84000 	C:\WINDOWS\system32\rsaenh.dll
0x00007ffd9f710000 - 0x00007ffd9f739000 	C:\WINDOWS\SYSTEM32\bcrypt.dll
0x00007ffd9f280000 - 0x00007ffd9f28b000 	C:\WINDOWS\SYSTEM32\CRYPTBASE.dll
0x00007ffda0c90000 - 0x00007ffda0cac000 	C:\WINDOWS\system32\imagehlp.dll
0x00007ffd9e930000 - 0x00007ffd9e953000 	C:\WINDOWS\SYSTEM32\gpapi.dll
0x00007ffd843e0000 - 0x00007ffd8440f000 	C:\Windows\System32\cryptnet.dll
0x00007ffd9cca0000 - 0x00007ffd9ccd7000 	C:\WINDOWS\SYSTEM32\IPHLPAPI.DLL
0x00007ffd9bde0000 - 0x00007ffd9bdeb000 	C:\WINDOWS\SYSTEM32\WINNSI.DLL
0x00007ffda31d0000 - 0x00007ffda31d8000 	C:\WINDOWS\system32\NSI.dll
0x00007ffd759a0000 - 0x00007ffd75bb0000 	C:\PROGRA~2\RAPTRI~1\Raptr\ltc_game64-109838.dll
0x00007ffda0800000 - 0x00007ffda0938000 	C:\WINDOWS\system32\ole32.dll
0x00007ffd77d00000 - 0x00007ffd77e8b000 	C:\WINDOWS\SYSTEM32\dbghelp.dll

VM Arguments:
jvm_args: -Dclassworlds.conf=C:\apache-maven-3.3.9/bin/m2.conf -Dmaven.home=C:\apache-maven-3.3.9 -Dmaven.multiModuleProjectDirectory=C:\cygwin64\home\aphis\event\Event-Driven-Programming-Project\project 
java_command: org.codehaus.plexus.classworlds.launcher.Launcher test -Pjava
java_class_path (initial): C:\apache-maven-3.3.9/boot/plexus-classworlds-2.5.2.jar
Launcher Type: SUN_STANDARD

Environment Variables:
JAVA_HOME=C:\Program Files\Java\jdk1.8.0_51
PATH=C:\cygwin64\usr\local\bin;C:\cygwin64\bin;C:\Program Files (x86)\Intel\iCLS Client;C:\Program Files\Intel\iCLS Client;C:\ProgramData\Oracle\Java\javapath;C:\WINDOWS\system32;C:\WINDOWS;C:\WINDOWS\System32\Wbem;C:\WINDOWS\System32\WindowsPowerShell\v1.0;C:\Program Files (x86)\AMD\ATI.ACE\Core-Static;C:\Program Files\Java\jdk1.8.0_51\bin;C:\Program Files\Intel\Intel(R) Management Engine Components\DAL;C:\Program Files (x86)\Intel\Intel(R) Management Engine Components\DAL;C:\Program Files\Intel\Intel(R) Management Engine Components\IPT;C:\Program Files (x86)\Intel\Intel(R) Management Engine Components\IPT;C:\Program Files\Java\jdk1.8.0_51\bin;C:\grails-2.4.5\grails-2.4.5\bin;C:\Program Files (x86)\ATI Technologies\ATI.ACE\Core-Static;C:\Program Files (x86)\Dev-Cpp\MinGW64\bin;C:\Go\bin;C:\Program Files\Git\bin;C:\Program Files (x86)\Skype\Phone;C:\Program Files (x86)\GtkSharp\2.12\bin;C:\apache-maven-3.3.9\bin;C:\Users\aphis\AppData\Local\Programs\Python\Python35-32\Scripts;C:\Users\aphis\AppData\Local\Programs\Python\Python35-32;C:\Program Files (x86)\Microsoft VS Code\bin
USERNAME=aphis
SHELL=/bin/bash
OS=Windows_NT
PROCESSOR_IDENTIFIER=Intel64 Family 6 Model 61 Stepping 4, GenuineIntel



---------------  S Y S T E M  ---------------

OS: Windows 10.0 , 64 bit Build 14295 (10.0.14295.1000)

CPU:total 4 (2 cores per cpu, 2 threads per core) family 6 model 61 stepping 4, cmov, cx8, fxsr, mmx, sse, sse2, sse3, ssse3, sse4.1, sse4.2, popcnt, avx, avx2, aes, clmul, erms, 3dnowpref, lzcnt, ht, tsc, tscinvbit, bmi1, bmi2, adx

Memory: 4k page, physical 8301016k(3985960k free), swap 10267096k(4454608k free)

vm_info: Java HotSpot(TM) 64-Bit Server VM (25.51-b03) for windows-amd64 JRE (1.8.0_51-b16), built on Jun  8 2015 18:03:07 by "java_re" with MS VC++ 10.0 (VS2010)

time: Sun Mar 27 15:01:23 2016
elapsed time: 38 seconds (0d 0h 0m 38s)

