#
# A fatal error has been detected by the Java Runtime Environment:
#
#  EXCEPTION_ACCESS_VIOLATION (0xc0000005) at pc=0x00007ff91fdcecb4, pid=9504, tid=4032
#
# JRE version: Java(TM) SE Runtime Environment (8.0_51-b16) (build 1.8.0_51-b16)
# Java VM: Java HotSpot(TM) 64-Bit Server VM (25.51-b03 mixed mode windows-amd64 compressed oops)
# Problematic frame:
# C  [OPENGL32.dll+0xdecb4]
#
# Failed to write core dump. Minidumps are not enabled by default on client versions of Windows
#
# If you would like to submit a bug report, please visit:
#   http://bugreport.java.com/bugreport/crash.jsp
#

---------------  T H R E A D  ---------------

Current thread (0x0000000016f37800):  VMThread [stack: 0x0000000017fc0000,0x00000000180c0000] [id=4032]

siginfo: ExceptionCode=0xc0000005, reading address 0x0000000000000a38

Registers:
RAX=0x0000000000000000, RBX=0x000000001c1ee1d0, RCX=0x0000000000000001, RDX=0x000000001c1ee1d8
RSP=0x00000000180bf278, RBP=0x0000000000000000, RSI=0x000000002b3b41c0, RDI=0x000000002b3b41c0
R8 =0x00000000180bf2f8, R9 =0x0000000016e45400, R10=0x0000000000000042, R11=0x00007ff91fde1bb8
R12=0x0000000000000000, R13=0x000000001c1e7f98, R14=0x000000001c1e7e50, R15=0x0000000000000000
RIP=0x00007ff91fdcecb4, EFLAGS=0x0000000000010283

Top of Stack: (sp=0x00000000180bf278)
0x00000000180bf278:   00007ff903dd44eb 0000000000000001
0x00000000180bf288:   000000001c1ee1d8 00000000180bf2f8
0x00000000180bf298:   0000000016e45400 0000000000000000
0x00000000180bf2a8:   00007ff903dd9fb7 0000000000000000
0x00000000180bf2b8:   000000001c1ea460 000000001c1e7f80
0x00000000180bf2c8:   00007ff903dd9323 fffffffffffffffe
0x00000000180bf2d8:   00000000180bf340 0000000000000000
0x00000000180bf2e8:   00007ff903dda869 000000002b3b41c0
0x00000000180bf2f8:   000000001c1e7550 000000001c1e7e50
0x00000000180bf308:   00007ff903e3a910 fffffffffffffffe
0x00000000180bf318:   000000001c1ea4a0 0000000000000001
0x00000000180bf328:   000000001c1e7f78 000000001c1e7e50
0x00000000180bf338:   00007ff903e42a31 00007ff903f64790
0x00000000180bf348:   00007ff903ea7ad0 0000000016e45400
0x00000000180bf358:   0000000000000000 000000001c1e7f78
0x00000000180bf368:   000000001c1e7e50 000000001c1e7e50 

Instructions: (pc=0x00007ff91fdcecb4)
0x00007ff91fdcec94:   cc cc cc cc cc cc 66 0f 1f 44 00 00 8b 05 62 63
0x00007ff91fdceca4:   01 00 83 f8 40 73 0f 65 48 8b 04 c5 80 14 00 00
0x00007ff91fdcecb4:   ff a0 38 0a 00 00 b8 47 01 00 00 e9 ec d4 ff ff
0x00007ff91fdcecc4:   cc cc cc cc cc cc 66 0f 1f 44 00 00 8b 05 32 63 


Register to memory mapping:

RAX=0x0000000000000000 is an unknown value
RBX=0x000000001c1ee1d0 is an unknown value
RCX=0x0000000000000001 is an unknown value
RDX=0x000000001c1ee1d8 is an unknown value
RSP=0x00000000180bf278 is an unknown value
RBP=0x0000000000000000 is an unknown value
RSI=0x000000002b3b41c0 is an unknown value
RDI=0x000000002b3b41c0 is an unknown value
R8 =0x00000000180bf2f8 is an unknown value
R9 =0x0000000016e45400 is an unknown value
R10=0x0000000000000042 is an unknown value
R11=0x00007ff91fde1bb8 is an unknown value
R12=0x0000000000000000 is an unknown value
R13=0x000000001c1e7f98 is an unknown value
R14=0x000000001c1e7e50 is an unknown value
R15=0x0000000000000000 is an unknown value


Stack: [0x0000000017fc0000,0x00000000180c0000],  sp=0x00000000180bf278,  free space=1020k
Native frames: (J=compiled Java code, j=interpreted, Vv=VM code, C=native code)

VM_Operation (0x000000001c01e7a0): Exit, mode: safepoint, requested by thread 0x000000001a0c6000


---------------  P R O C E S S  ---------------

Java Threads: ( => current thread )
  0x0000000019820000 JavaThread "LWJGL Timer" daemon [_thread_blocked, id=4232, stack(0x000000002a3b0000,0x000000002a4b0000)]
  0x00000000196db000 JavaThread "Java2D Disposer" daemon [_thread_blocked, id=5716, stack(0x000000001c020000,0x000000001c120000)]
  0x000000001a0c6000 JavaThread "event.project.java.MyGameJava.main()" [_thread_blocked, id=4784, stack(0x000000001bf20000,0x000000001c020000)]
  0x0000000016fce000 JavaThread "Service Thread" daemon [_thread_blocked, id=8372, stack(0x0000000018bc0000,0x0000000018cc0000)]
  0x0000000016f78800 JavaThread "C1 CompilerThread2" daemon [_thread_blocked, id=4360, stack(0x00000000186c0000,0x00000000187c0000)]
  0x0000000016f71000 JavaThread "C2 CompilerThread1" daemon [_thread_blocked, id=10924, stack(0x00000000185c0000,0x00000000186c0000)]
  0x0000000016f6e800 JavaThread "C2 CompilerThread0" daemon [_thread_blocked, id=8136, stack(0x00000000184c0000,0x00000000185c0000)]
  0x0000000016f6d000 JavaThread "Attach Listener" daemon [_thread_blocked, id=4944, stack(0x00000000183c0000,0x00000000184c0000)]
  0x00000000023f7800 JavaThread "Finalizer" daemon [_thread_blocked, id=4640, stack(0x00000000181c0000,0x00000000182c0000)]
  0x00000000023ef800 JavaThread "Reference Handler" daemon [_thread_blocked, id=11040, stack(0x00000000180c0000,0x00000000181c0000)]
  0x000000000223e000 JavaThread "main" [_thread_blocked, id=10840, stack(0x0000000002110000,0x0000000002210000)]

Other Threads:
=>0x0000000016f37800 VMThread [stack: 0x0000000017fc0000,0x00000000180c0000] [id=4032]

VM state:at safepoint (shutting down)

VM Mutex/Monitor currently owned by a thread:  ([mutex/lock_event])
[0x000000000223d320] Threads_lock - owner thread: 0x0000000016f37800

Heap:
 PSYoungGen      total 40960K, used 16361K [0x00000000d5c00000, 0x00000000d8d80000, 0x0000000100000000)
  eden space 32256K, 50% used [0x00000000d5c00000,0x00000000d6bfa7d8,0x00000000d7b80000)
  from space 8704K, 0% used [0x00000000d8500000,0x00000000d8500000,0x00000000d8d80000)
  to   space 9216K, 0% used [0x00000000d7b80000,0x00000000d7b80000,0x00000000d8480000)
 ParOldGen       total 61952K, used 9505K [0x0000000081400000, 0x0000000085080000, 0x00000000d5c00000)
  object space 61952K, 15% used [0x0000000081400000,0x0000000081d48420,0x0000000085080000)
 Metaspace       used 23290K, capacity 24014K, committed 24192K, reserved 1071104K
  class space    used 2685K, capacity 2933K, committed 2944K, reserved 1048576K

Card table byte_map: [0x00000000117c0000,0x0000000011bc0000] byte_map_base: 0x00000000113b6000

Marking Bits: (ParMarkBitMap*) 0x000000005a2f4040
 Begin Bits: [0x0000000012270000, 0x0000000014220000)
 End Bits:   [0x0000000014220000, 0x00000000161d0000)

Polling page: 0x00000000001f0000

CodeCache: size=245760Kb used=11286Kb max_used=11374Kb free=234473Kb
 bounds [0x0000000002400000, 0x0000000002f40000, 0x0000000011400000]
 total_blobs=4059 nmethods=3457 adapters=513
 compilation: enabled

Compilation events (10 events):
Event: 47.617 Thread 0x0000000016f78800 nmethod 3920 0x000000000253ded0 code [0x000000000253e020, 0x000000000253e1b0]
Event: 48.231 Thread 0x0000000016f71000 3921       4       org.lwjgl.opengl.WindowsMouse::poll (183 bytes)
Event: 48.240 Thread 0x0000000016f71000 nmethod 3921 0x00000000025537d0 code [0x0000000002553920, 0x0000000002553f18]
Event: 48.480 Thread 0x0000000016f78800 3922       3       org.lwjgl.opengl.WindowsDisplay$Rect::copyFromBuffer (37 bytes)
Event: 48.481 Thread 0x0000000016f78800 nmethod 3922 0x000000000250f0d0 code [0x000000000250f260, 0x000000000250f6f8]
Event: 48.481 Thread 0x0000000016f78800 3923   !   3       org.lwjgl.opengl.WindowsDisplay::updateClipping (97 bytes)
Event: 48.482 Thread 0x0000000016f78800 nmethod 3923 0x0000000002ed0e50 code [0x0000000002ed10e0, 0x0000000002ed2228]
Event: 48.497 Thread 0x0000000016f78800 3924       3       org.lwjgl.opengl.WindowsMouse::handleMouseMoved (109 bytes)
Event: 48.498 Thread 0x0000000016f78800 nmethod 3924 0x000000000296f3d0 code [0x000000000296f560, 0x000000000296f948]
Event: 48.908 Thread 0x0000000016f78800 3925   !   3       java.util.logging.LogManager::ensureLogManagerInitialized (128 bytes)

GC Heap History (10 events):
Event: 4.735 GC heap before
{Heap before GC invocations=3 (full 0):
 PSYoungGen      total 38400K, used 38396K [0x00000000d5c00000, 0x00000000d8680000, 0x0000000100000000)
  eden space 33280K, 100% used [0x00000000d5c00000,0x00000000d7c80000,0x00000000d7c80000)
  from space 5120K, 99% used [0x00000000d8180000,0x00000000d867f208,0x00000000d8680000)
  to   space 5120K, 0% used [0x00000000d7c80000,0x00000000d7c80000,0x00000000d8180000)
 ParOldGen       total 87552K, used 2821K [0x0000000081400000, 0x0000000086980000, 0x00000000d5c00000)
  object space 87552K, 3% used [0x0000000081400000,0x00000000816c1400,0x0000000086980000)
 Metaspace       used 15122K, capacity 15416K, committed 15616K, reserved 1062912K
  class space    used 1845K, capacity 1945K, committed 2048K, reserved 1048576K
Event: 4.748 GC heap after
Heap after GC invocations=3 (full 0):
 PSYoungGen      total 38400K, used 5088K [0x00000000d5c00000, 0x00000000d8680000, 0x0000000100000000)
  eden space 33280K, 0% used [0x00000000d5c00000,0x00000000d5c00000,0x00000000d7c80000)
  from space 5120K, 99% used [0x00000000d7c80000,0x00000000d8178020,0x00000000d8180000)
  to   space 5120K, 0% used [0x00000000d8180000,0x00000000d8180000,0x00000000d8680000)
 ParOldGen       total 87552K, used 4693K [0x0000000081400000, 0x0000000086980000, 0x00000000d5c00000)
  object space 87552K, 5% used [0x0000000081400000,0x0000000081895580,0x0000000086980000)
 Metaspace       used 15122K, capacity 15416K, committed 15616K, reserved 1062912K
  class space    used 1845K, capacity 1945K, committed 2048K, reserved 1048576K
}
Event: 6.930 GC heap before
{Heap before GC invocations=4 (full 0):
 PSYoungGen      total 38400K, used 38368K [0x00000000d5c00000, 0x00000000d8680000, 0x0000000100000000)
  eden space 33280K, 100% used [0x00000000d5c00000,0x00000000d7c80000,0x00000000d7c80000)
  from space 5120K, 99% used [0x00000000d7c80000,0x00000000d8178020,0x00000000d8180000)
  to   space 5120K, 0% used [0x00000000d8180000,0x00000000d8180000,0x00000000d8680000)
 ParOldGen       total 87552K, used 4693K [0x0000000081400000, 0x0000000086980000, 0x00000000d5c00000)
  object space 87552K, 5% used [0x0000000081400000,0x0000000081895580,0x0000000086980000)
 Metaspace       used 16229K, capacity 16618K, committed 16768K, reserved 1064960K
  class space    used 1946K, capacity 2091K, committed 2176K, reserved 1048576K
Event: 6.940 GC heap after
Heap after GC invocations=4 (full 0):
 PSYoungGen      total 38400K, used 5088K [0x00000000d5c00000, 0x00000000d8680000, 0x0000000100000000)
  eden space 33280K, 0% used [0x00000000d5c00000,0x00000000d5c00000,0x00000000d7c80000)
  from space 5120K, 99% used [0x00000000d8180000,0x00000000d8678040,0x00000000d8680000)
  to   space 5120K, 0% used [0x00000000d7c80000,0x00000000d7c80000,0x00000000d8180000)
 ParOldGen       total 87552K, used 7646K [0x0000000081400000, 0x0000000086980000, 0x00000000d5c00000)
  object space 87552K, 8% used [0x0000000081400000,0x0000000081b77b18,0x0000000086980000)
 Metaspace       used 16229K, capacity 16618K, committed 16768K, reserved 1064960K
  class space    used 1946K, capacity 2091K, committed 2176K, reserved 1048576K
}
Event: 8.474 GC heap before
{Heap before GC invocations=5 (full 0):
 PSYoungGen      total 38400K, used 38368K [0x00000000d5c00000, 0x00000000d8680000, 0x0000000100000000)
  eden space 33280K, 100% used [0x00000000d5c00000,0x00000000d7c80000,0x00000000d7c80000)
  from space 5120K, 99% used [0x00000000d8180000,0x00000000d8678040,0x00000000d8680000)
  to   space 5120K, 0% used [0x00000000d7c80000,0x00000000d7c80000,0x00000000d8180000)
 ParOldGen       total 87552K, used 7646K [0x0000000081400000, 0x0000000086980000, 0x00000000d5c00000)
  object space 87552K, 8% used [0x0000000081400000,0x0000000081b77b18,0x0000000086980000)
 Metaspace       used 17660K, capacity 18238K, committed 18560K, reserved 1064960K
  class space    used 2114K, capacity 2310K, committed 2432K, reserved 1048576K
Event: 8.496 GC heap after
Heap after GC invocations=5 (full 0):
 PSYoungGen      total 37888K, used 5104K [0x00000000d5c00000, 0x00000000d8e00000, 0x0000000100000000)
  eden space 32768K, 0% used [0x00000000d5c00000,0x00000000d5c00000,0x00000000d7c00000)
  from space 5120K, 99% used [0x00000000d7c80000,0x00000000d817c030,0x00000000d8180000)
  to   space 9216K, 0% used [0x00000000d8500000,0x00000000d8500000,0x00000000d8e00000)
 ParOldGen       total 87552K, used 10460K [0x0000000081400000, 0x0000000086980000, 0x00000000d5c00000)
  object space 87552K, 11% used [0x0000000081400000,0x0000000081e37088,0x0000000086980000)
 Metaspace       used 17660K, capacity 18238K, committed 18560K, reserved 1064960K
  class space    used 2114K, capacity 2310K, committed 2432K, reserved 1048576K
}
Event: 9.221 GC heap before
{Heap before GC invocations=6 (full 0):
 PSYoungGen      total 37888K, used 9812K [0x00000000d5c00000, 0x00000000d8e00000, 0x0000000100000000)
  eden space 32768K, 14% used [0x00000000d5c00000,0x00000000d6099170,0x00000000d7c00000)
  from space 5120K, 99% used [0x00000000d7c80000,0x00000000d817c030,0x00000000d8180000)
  to   space 9216K, 0% used [0x00000000d8500000,0x00000000d8500000,0x00000000d8e00000)
 ParOldGen       total 87552K, used 10460K [0x0000000081400000, 0x0000000086980000, 0x00000000d5c00000)
  object space 87552K, 11% used [0x0000000081400000,0x0000000081e37088,0x0000000086980000)
 Metaspace       used 20481K, capacity 21176K, committed 21296K, reserved 1069056K
  class space    used 2419K, capacity 2677K, committed 2688K, reserved 1048576K
Event: 9.231 GC heap after
Heap after GC invocations=6 (full 0):
 PSYoungGen      total 40960K, used 6004K [0x00000000d5c00000, 0x00000000d8d80000, 0x0000000100000000)
  eden space 32256K, 0% used [0x00000000d5c00000,0x00000000d5c00000,0x00000000d7b80000)
  from space 8704K, 68% used [0x00000000d8500000,0x00000000d8add300,0x00000000d8d80000)
  to   space 9216K, 0% used [0x00000000d7b80000,0x00000000d7b80000,0x00000000d8480000)
 ParOldGen       total 87552K, used 10468K [0x0000000081400000, 0x0000000086980000, 0x00000000d5c00000)
  object space 87552K, 11% used [0x0000000081400000,0x0000000081e39088,0x0000000086980000)
 Metaspace       used 20481K, capacity 21176K, committed 21296K, reserved 1069056K
  class space    used 2419K, capacity 2677K, committed 2688K, reserved 1048576K
}
Event: 9.231 GC heap before
{Heap before GC invocations=7 (full 1):
 PSYoungGen      total 40960K, used 6004K [0x00000000d5c00000, 0x00000000d8d80000, 0x0000000100000000)
  eden space 32256K, 0% used [0x00000000d5c00000,0x00000000d5c00000,0x00000000d7b80000)
  from space 8704K, 68% used [0x00000000d8500000,0x00000000d8add300,0x00000000d8d80000)
  to   space 9216K, 0% used [0x00000000d7b80000,0x00000000d7b80000,0x00000000d8480000)
 ParOldGen       total 87552K, used 10468K [0x0000000081400000, 0x0000000086980000, 0x00000000d5c00000)
  object space 87552K, 11% used [0x0000000081400000,0x0000000081e39088,0x0000000086980000)
 Metaspace       used 20481K, capacity 21176K, committed 21296K, reserved 1069056K
  class space    used 2419K, capacity 2677K, committed 2688K, reserved 1048576K
Event: 9.297 GC heap after
Heap after GC invocations=7 (full 1):
 PSYoungGen      total 40960K, used 0K [0x00000000d5c00000, 0x00000000d8d80000, 0x0000000100000000)
  eden space 32256K, 0% used [0x00000000d5c00000,0x00000000d5c00000,0x00000000d7b80000)
  from space 8704K, 0% used [0x00000000d8500000,0x00000000d8500000,0x00000000d8d80000)
  to   space 9216K, 0% used [0x00000000d7b80000,0x00000000d7b80000,0x00000000d8480000)
 ParOldGen       total 61952K, used 9505K [0x0000000081400000, 0x0000000085080000, 0x00000000d5c00000)
  object space 61952K, 15% used [0x0000000081400000,0x0000000081d48420,0x0000000085080000)
 Metaspace       used 20481K, capacity 21176K, committed 21296K, reserved 1069056K
  class space    used 2419K, capacity 2677K, committed 2688K, reserved 1048576K
}

Deoptimization events (10 events):
Event: 9.738 Thread 0x0000000018b15800 Uncommon trap: reason=class_check action=maybe_recompile pc=0x0000000002d8ef3c method=java.util.concurrent.locks.AbstractQueuedSynchronizer.release(I)Z @ 2
Event: 9.739 Thread 0x000000001adc7000 Uncommon trap: reason=unstable_if action=reinterpret pc=0x00000000026fe078 method=sun.net.www.ParseUtil.encodePath(Ljava/lang/String;Z)Ljava/lang/String; @ 123
Event: 9.739 Thread 0x0000000018b15800 Uncommon trap: reason=unstable_if action=reinterpret pc=0x00000000026fe264 method=sun.net.www.ParseUtil.encodePath(Ljava/lang/String;Z)Ljava/lang/String; @ 109
Event: 9.827 Thread 0x000000001a0c6000 Uncommon trap: reason=class_check action=maybe_recompile pc=0x0000000002ac9b4c method=java.util.Hashtable.put(Ljava/lang/Object;Ljava/lang/Object;)Ljava/lang/Object; @ 18
Event: 9.862 Thread 0x000000001937f800 Uncommon trap: reason=class_check action=maybe_recompile pc=0x0000000002d8ef3c method=java.util.concurrent.locks.AbstractQueuedSynchronizer.release(I)Z @ 2
Event: 9.866 Thread 0x000000001ba0a000 Uncommon trap: reason=class_check action=maybe_recompile pc=0x0000000002d8ef3c method=java.util.concurrent.locks.AbstractQueuedSynchronizer.release(I)Z @ 2
Event: 9.875 Thread 0x0000000018b15800 Uncommon trap: reason=class_check action=maybe_recompile pc=0x0000000002ac9b4c method=java.util.Hashtable.put(Ljava/lang/Object;Ljava/lang/Object;)Ljava/lang/Object; @ 18
Event: 9.958 Thread 0x0000000018b15800 Uncommon trap: reason=unstable_if action=reinterpret pc=0x000000000256f278 method=sun.awt.image.ByteInterleavedRaster.getDataElements(IILjava/lang/Object;)Ljava/lang/Object; @ 43
Event: 10.029 Thread 0x0000000018b15800 Uncommon trap: reason=unstable_if action=reinterpret pc=0x000000000295a2f4 method=java.awt.image.ComponentColorModel.coerceData(Ljava/awt/image/WritableRaster;Z)Ljava/awt/image/ColorModel; @ 178
Event: 10.030 Thread 0x000000001ba0a000 Uncommon trap: reason=unstable_if action=reinterpret pc=0x000000000295a3b4 method=java.awt.image.ComponentColorModel.coerceData(Ljava/awt/image/WritableRaster;Z)Ljava/awt/image/ColorModel; @ 125

Internal exceptions (10 events):
Event: 2.714 Thread 0x000000000223e000 Exception <a 'java/lang/NullPointerException'> (0x00000000d5f0db18) thrown at [C:\re\workspace\8-2-build-windows-amd64-cygwin\jdk8u51\3951\hotspot\src\share\vm\interpreter\linkResolver.cpp, line 1178]
Event: 3.150 Thread 0x000000000223e000 Implicit null exception at 0x0000000002794695 to 0x000000000279486d
Event: 3.151 Thread 0x000000000223e000 Implicit null exception at 0x000000000272ee6f to 0x000000000272eed9
Event: 3.464 Thread 0x000000000223e000 Implicit null exception at 0x0000000002a85af2 to 0x0000000002a85d39
Event: 6.535 Thread 0x000000000223e000 Implicit null exception at 0x0000000002cbc3bd to 0x0000000002cbd519
Event: 9.050 Thread 0x000000001a0c6000 Exception <a 'java/io/FileNotFoundException'> (0x00000000d5efc688) thrown at [C:\re\workspace\8-2-build-windows-amd64-cygwin\jdk8u51\3951\hotspot\src\share\vm\prims\jni.cpp, line 709]
Event: 9.100 Thread 0x000000001a0c6000 Exception <a 'java/io/FileNotFoundException'> (0x00000000d5f20740) thrown at [C:\re\workspace\8-2-build-windows-amd64-cygwin\jdk8u51\3951\hotspot\src\share\vm\prims\jni.cpp, line 709]
Event: 9.187 Thread 0x000000001a0c6000 Exception <a 'java/lang/NoSuchFieldError': method resolution failed> (0x00000000d5ffe3a8) thrown at [C:\re\workspace\8-2-build-windows-amd64-cygwin\jdk8u51\3951\hotspot\src\share\vm\prims\methodHandles.cpp, line 1125]
Event: 9.188 Thread 0x000000001a0c6000 Exception <a 'java/lang/NoSuchFieldError': method resolution failed> (0x00000000d600ccd8) thrown at [C:\re\workspace\8-2-build-windows-amd64-cygwin\jdk8u51\3951\hotspot\src\share\vm\prims\methodHandles.cpp, line 1125]
Event: 9.958 Thread 0x0000000018b15800 Implicit null exception at 0x000000000256f000 to 0x000000000256f25d

Events (10 events):
Event: 48.907 Executing VM operation: RevokeBias done
Event: 48.907 Thread 0x000000001ba0a000 Thread exited: 0x000000001ba0a000
Event: 48.907 Thread 0x000000001937f800 Thread added: 0x000000001937f800
Event: 48.907 Thread 0x000000001adc7000 Thread added: 0x000000001adc7000
Event: 48.907 Executing VM operation: RevokeBias
Event: 48.907 Executing VM operation: RevokeBias done
Event: 48.908 Thread 0x000000001adc7000 Thread exited: 0x000000001adc7000
Event: 48.908 Thread 0x000000001937f800 Thread exited: 0x000000001937f800
Event: 48.908 Thread 0x0000000016f6c000 Thread exited: 0x0000000016f6c000
Event: 48.908 Executing VM operation: Exit


Dynamic libraries:
0x00007ff742940000 - 0x00007ff742977000 	C:\Program Files\Java\jdk1.8.0_51\bin\java.exe
0x00007ff940c70000 - 0x00007ff940e39000 	C:\WINDOWS\SYSTEM32\ntdll.dll
0x00007ff940b10000 - 0x00007ff940bbb000 	C:\WINDOWS\system32\KERNEL32.DLL
0x00007ff93d400000 - 0x00007ff93d5fc000 	C:\WINDOWS\system32\KERNELBASE.dll
0x00007ff93f9a0000 - 0x00007ff93fa47000 	C:\WINDOWS\system32\ADVAPI32.dll
0x00007ff93fbc0000 - 0x00007ff93fc5d000 	C:\WINDOWS\system32\msvcrt.dll
0x00007ff940650000 - 0x00007ff9406ac000 	C:\WINDOWS\system32\sechost.dll
0x00007ff940780000 - 0x00007ff9408a5000 	C:\WINDOWS\system32\RPCRT4.dll
0x00007ff93fa50000 - 0x00007ff93fbb6000 	C:\WINDOWS\system32\USER32.dll
0x000000005bbe0000 - 0x000000005bbff000 	C:\WINDOWS\system32\win32u.dll
0x00007ff93f970000 - 0x00007ff93f9a0000 	C:\WINDOWS\system32\GDI32.dll
0x00007ff93e050000 - 0x00007ff93e1d0000 	C:\WINDOWS\system32\gdi32full.dll
0x00007ff933f70000 - 0x00007ff9341dc000 	C:\WINDOWS\WinSxS\amd64_microsoft.windows.common-controls_6595b64144ccf1df_6.0.14295.1000_none_7d072e80b85c67b2\COMCTL32.dll
0x00007ff940090000 - 0x00007ff94031f000 	C:\WINDOWS\system32\combase.dll
0x00007ff93d870000 - 0x00007ff93d964000 	C:\WINDOWS\system32\ucrtbase.dll
0x00007ff93d2e0000 - 0x00007ff93d349000 	C:\WINDOWS\system32\bcryptPrimitives.dll
0x00007ff940580000 - 0x00007ff9405ae000 	C:\WINDOWS\system32\IMM32.DLL
0x000000005a380000 - 0x000000005a452000 	C:\Program Files\Java\jdk1.8.0_51\jre\bin\msvcr100.dll
0x0000000059af0000 - 0x000000005a373000 	C:\Program Files\Java\jdk1.8.0_51\jre\bin\server\jvm.dll
0x00007ff940bc0000 - 0x00007ff940bc7000 	C:\WINDOWS\system32\PSAPI.DLL
0x00007ff92f2f0000 - 0x00007ff92f2f9000 	C:\WINDOWS\SYSTEM32\WSOCK32.dll
0x00007ff93b910000 - 0x00007ff93b933000 	C:\WINDOWS\SYSTEM32\WINMM.dll
0x00007ff931a50000 - 0x00007ff931a5a000 	C:\WINDOWS\SYSTEM32\VERSION.dll
0x00007ff940710000 - 0x00007ff94077b000 	C:\WINDOWS\system32\WS2_32.dll
0x00007ff93b8e0000 - 0x00007ff93b90b000 	C:\WINDOWS\SYSTEM32\WINMMBASE.dll
0x00007ff93d350000 - 0x00007ff93d393000 	C:\WINDOWS\system32\cfgmgr32.dll
0x0000000059ae0000 - 0x0000000059aef000 	C:\Program Files\Java\jdk1.8.0_51\jre\bin\verify.dll
0x0000000059ab0000 - 0x0000000059ad9000 	C:\Program Files\Java\jdk1.8.0_51\jre\bin\java.dll
0x0000000059a90000 - 0x0000000059aa6000 	C:\Program Files\Java\jdk1.8.0_51\jre\bin\zip.dll
0x00007ff93e420000 - 0x00007ff93f8f1000 	C:\WINDOWS\system32\SHELL32.dll
0x00007ff93d970000 - 0x00007ff93e023000 	C:\WINDOWS\system32\windows.storage.dll
0x00007ff9406b0000 - 0x00007ff940702000 	C:\WINDOWS\system32\shlwapi.dll
0x00007ff93d2d0000 - 0x00007ff93d2df000 	C:\WINDOWS\system32\kernel.appcore.dll
0x00007ff93d600000 - 0x00007ff93d6a8000 	C:\WINDOWS\system32\shcore.dll
0x00007ff93d260000 - 0x00007ff93d2ab000 	C:\WINDOWS\system32\powrprof.dll
0x00007ff93d2b0000 - 0x00007ff93d2c4000 	C:\WINDOWS\system32\profapi.dll
0x0000000059a70000 - 0x0000000059a8a000 	C:\Program Files\Java\jdk1.8.0_51\jre\bin\net.dll
0x00007ff93cb30000 - 0x00007ff93cb8c000 	C:\WINDOWS\system32\mswsock.dll
0x0000000059a50000 - 0x0000000059a61000 	C:\Program Files\Java\jdk1.8.0_51\jre\bin\nio.dll
0x00000000598b0000 - 0x0000000059a48000 	C:\Program Files\Java\jdk1.8.0_51\jre\bin\awt.dll
0x00007ff9408b0000 - 0x00007ff94096b000 	C:\WINDOWS\system32\OLEAUT32.dll
0x00007ff93bb80000 - 0x00007ff93bbf9000 	C:\WINDOWS\SYSTEM32\apphelp.dll
0x00007ff93a970000 - 0x00007ff93a994000 	C:\WINDOWS\system32\DWMAPI.DLL
0x00007ff93bcd0000 - 0x00007ff93bd63000 	C:\WINDOWS\system32\uxtheme.dll
0x0000000180000000 - 0x0000000180050000 	C:\cygwin64\tmp\playnaphis\1284024257\lwjgl64.dll
0x00007ff91fcf0000 - 0x00007ff91fe13000 	C:\WINDOWS\SYSTEM32\OPENGL32.dll
0x00007ff91fbc0000 - 0x00007ff91fcb7000 	C:\WINDOWS\SYSTEM32\DDRAW.dll
0x00007ff91fcc0000 - 0x00007ff91fcec000 	C:\WINDOWS\SYSTEM32\GLU32.dll
0x00007ff920020000 - 0x00007ff920028000 	C:\WINDOWS\SYSTEM32\DCIMAN32.dll
0x00007ff940320000 - 0x00007ff940471000 	C:\WINDOWS\system32\MSCTF.dll
0x00007ff927fa0000 - 0x00007ff927fcb000 	C:\PROGRA~2\RAPTRI~1\Raptr\ltc_help64-109838.dll
0x00007ff93d3a0000 - 0x00007ff93d3f5000 	C:\WINDOWS\system32\WINTRUST.dll
0x00007ff93d250000 - 0x00007ff93d260000 	C:\WINDOWS\system32\MSASN1.dll
0x00007ff93d6b0000 - 0x00007ff93d86c000 	C:\WINDOWS\system32\CRYPT32.dll
0x00007ff9030b0000 - 0x00007ff903d69000 	C:\WINDOWS\SYSTEM32\ig8icd64.dll
0x00007ff93b090000 - 0x00007ff93b0a3000 	C:\WINDOWS\SYSTEM32\WTSAPI32.dll
0x00007ff934480000 - 0x00007ff934e85000 	C:\WINDOWS\SYSTEM32\igdusc64.dll
0x00007ff91e6c0000 - 0x00007ff91e74d000 	C:\WINDOWS\SYSTEM32\mscms.dll
0x00007ff93c9c0000 - 0x00007ff93c9df000 	C:\WINDOWS\SYSTEM32\USERENV.dll
0x00007ff91e8b0000 - 0x00007ff91e8f2000 	C:\WINDOWS\SYSTEM32\icm32.dll
0x00007ff93cbe0000 - 0x00007ff93cbf7000 	C:\WINDOWS\system32\CRYPTSP.dll
0x00007ff93c8d0000 - 0x00007ff93c904000 	C:\WINDOWS\system32\rsaenh.dll
0x00007ff93d190000 - 0x00007ff93d1b9000 	C:\WINDOWS\SYSTEM32\bcrypt.dll
0x00007ff93cd00000 - 0x00007ff93cd0b000 	C:\WINDOWS\SYSTEM32\CRYPTBASE.dll
0x00007ff940630000 - 0x00007ff94064c000 	C:\WINDOWS\system32\imagehlp.dll
0x00007ff93c3b0000 - 0x00007ff93c3d3000 	C:\WINDOWS\SYSTEM32\gpapi.dll
0x00007ff92c170000 - 0x00007ff92c19f000 	C:\Windows\System32\cryptnet.dll
0x00007ff939f60000 - 0x00007ff939f97000 	C:\WINDOWS\SYSTEM32\IPHLPAPI.DLL
0x00007ff939c20000 - 0x00007ff939c2b000 	C:\WINDOWS\SYSTEM32\WINNSI.DLL
0x00007ff940620000 - 0x00007ff940628000 	C:\WINDOWS\system32\NSI.dll
0x00007ff903d70000 - 0x00007ff903f80000 	C:\PROGRA~2\RAPTRI~1\Raptr\ltc_game64-109838.dll
0x00007ff93e280000 - 0x00007ff93e3b8000 	C:\WINDOWS\system32\ole32.dll
0x00007ff912dd0000 - 0x00007ff912f5b000 	C:\WINDOWS\SYSTEM32\dbghelp.dll

VM Arguments:
jvm_args: -Dclassworlds.conf=C:\apache-maven-3.3.9/bin/m2.conf -Dmaven.home=C:\apache-maven-3.3.9 -Dmaven.multiModuleProjectDirectory=C:\cygwin64\home\aphis\event\Event-Driven-Programming-Project\project 
java_command: org.codehaus.plexus.classworlds.launcher.Launcher test -Pjava
java_class_path (initial): C:\apache-maven-3.3.9/boot/plexus-classworlds-2.5.2.jar
Launcher Type: SUN_STANDARD

Environment Variables:
JAVA_HOME=C:\Program Files\Java\jdk1.8.0_51
PATH=C:\cygwin64\usr\local\bin;C:\cygwin64\bin;C:\Program Files (x86)\Intel\iCLS Client;C:\Program Files\Intel\iCLS Client;C:\ProgramData\Oracle\Java\javapath;C:\WINDOWS\system32;C:\WINDOWS;C:\WINDOWS\System32\Wbem;C:\WINDOWS\System32\WindowsPowerShell\v1.0;C:\Program Files (x86)\AMD\ATI.ACE\Core-Static;C:\Program Files\Java\jdk1.8.0_51\bin;C:\Program Files\Intel\Intel(R) Management Engine Components\DAL;C:\Program Files (x86)\Intel\Intel(R) Management Engine Components\DAL;C:\Program Files\Intel\Intel(R) Management Engine Components\IPT;C:\Program Files (x86)\Intel\Intel(R) Management Engine Components\IPT;C:\Program Files\Java\jdk1.8.0_51\bin;C:\grails-2.4.5\grails-2.4.5\bin;C:\Program Files (x86)\ATI Technologies\ATI.ACE\Core-Static;C:\Program Files (x86)\Dev-Cpp\MinGW64\bin;C:\Go\bin;C:\Program Files\Git\bin;C:\Program Files (x86)\Skype\Phone;C:\Program Files (x86)\GtkSharp\2.12\bin;C:\apache-maven-3.3.9\bin;C:\Users\aphis\AppData\Local\Programs\Python\Python35-32\Scripts;C:\Users\aphis\AppData\Local\Programs\Python\Python35-32;C:\Program Files (x86)\Microsoft VS Code\bin
USERNAME=aphis
SHELL=/bin/bash
OS=Windows_NT
PROCESSOR_IDENTIFIER=Intel64 Family 6 Model 61 Stepping 4, GenuineIntel



---------------  S Y S T E M  ---------------

OS: Windows 10.0 , 64 bit Build 14295 (10.0.14295.1000)

CPU:total 4 (2 cores per cpu, 2 threads per core) family 6 model 61 stepping 4, cmov, cx8, fxsr, mmx, sse, sse2, sse3, ssse3, sse4.1, sse4.2, popcnt, avx, avx2, aes, clmul, erms, 3dnowpref, lzcnt, ht, tsc, tscinvbit, bmi1, bmi2, adx

Memory: 4k page, physical 8301016k(3915016k free), swap 9611736k(3235008k free)

vm_info: Java HotSpot(TM) 64-Bit Server VM (25.51-b03) for windows-amd64 JRE (1.8.0_51-b16), built on Jun  8 2015 18:03:07 by "java_re" with MS VC++ 10.0 (VS2010)

time: Wed Mar 30 15:04:38 2016
elapsed time: 48 seconds (0d 0h 0m 48s)

