#
# A fatal error has been detected by the Java Runtime Environment:
#
#  EXCEPTION_ACCESS_VIOLATION (0xc0000005) at pc=0x00007ffd81fbecb4, pid=10956, tid=8268
#
# JRE version: Java(TM) SE Runtime Environment (8.0_51-b16) (build 1.8.0_51-b16)
# Java VM: Java HotSpot(TM) 64-Bit Server VM (25.51-b03 mixed mode windows-amd64 compressed oops)
# Problematic frame:
# C  [OPENGL32.dll+0xdecb4]
#
# Failed to write core dump. Minidumps are not enabled by default on client versions of Windows
#
# If you would like to submit a bug report, please visit:
#   http://bugreport.java.com/bugreport/crash.jsp
#

---------------  T H R E A D  ---------------

Current thread (0x0000000016ef8000):  VMThread [stack: 0x0000000017f80000,0x0000000018080000] [id=8268]

siginfo: ExceptionCode=0xc0000005, reading address 0x0000000000000a38

Registers:
RAX=0x0000000000000000, RBX=0x000000001d9ce510, RCX=0x0000000000000001, RDX=0x000000001d9ce518
RSP=0x000000001807f178, RBP=0x0000000000000000, RSI=0x0000000029e541c0, RDI=0x0000000029e541c0
R8 =0x000000001807f1f8, R9 =0x0000000016e05400, R10=0x0000000000000042, R11=0x00007ffd81fd1bb8
R12=0x0000000000000000, R13=0x000000001d9c7f98, R14=0x000000001d9c7e50, R15=0x0000000000000000
RIP=0x00007ffd81fbecb4, EFLAGS=0x0000000000010283

Top of Stack: (sp=0x000000001807f178)
0x000000001807f178:   00007ffd78f744eb 0000000000000001
0x000000001807f188:   000000001d9ce518 000000001807f1f8
0x000000001807f198:   0000000016e05400 0000000000000000
0x000000001807f1a8:   00007ffd78f79fb7 0000000000000000
0x000000001807f1b8:   000000001d9ca460 000000001d9c7f80
0x000000001807f1c8:   00007ffd78f79323 fffffffffffffffe
0x000000001807f1d8:   000000001807f240 0000000000000000
0x000000001807f1e8:   00007ffd78f7a869 0000000029e541c0
0x000000001807f1f8:   000000001d9c77d0 000000001d9c7e50
0x000000001807f208:   00007ffd78fda910 fffffffffffffffe
0x000000001807f218:   000000001d9ca4a0 0000000000000001
0x000000001807f228:   000000001d9c7f78 000000001d9c7e50
0x000000001807f238:   00007ffd78fe2a31 00007ffd79104790
0x000000001807f248:   00007ffd79047ad0 0000000016e05400
0x000000001807f258:   0000000000000000 000000001d9c7f78
0x000000001807f268:   000000001d9c7e50 000000001d9c7e50 

Instructions: (pc=0x00007ffd81fbecb4)
0x00007ffd81fbec94:   cc cc cc cc cc cc 66 0f 1f 44 00 00 8b 05 62 63
0x00007ffd81fbeca4:   01 00 83 f8 40 73 0f 65 48 8b 04 c5 80 14 00 00
0x00007ffd81fbecb4:   ff a0 38 0a 00 00 b8 47 01 00 00 e9 ec d4 ff ff
0x00007ffd81fbecc4:   cc cc cc cc cc cc 66 0f 1f 44 00 00 8b 05 32 63 


Register to memory mapping:

RAX=0x0000000000000000 is an unknown value
RBX=0x000000001d9ce510 is an unknown value
RCX=0x0000000000000001 is an unknown value
RDX=0x000000001d9ce518 is an unknown value
RSP=0x000000001807f178 is an unknown value
RBP=0x0000000000000000 is an unknown value
RSI=0x0000000029e541c0 is an unknown value
RDI=0x0000000029e541c0 is an unknown value
R8 =0x000000001807f1f8 is an unknown value
R9 =0x0000000016e05400 is an unknown value
R10=0x0000000000000042 is an unknown value
R11=0x00007ffd81fd1bb8 is an unknown value
R12=0x0000000000000000 is an unknown value
R13=0x000000001d9c7f98 is an unknown value
R14=0x000000001d9c7e50 is an unknown value
R15=0x0000000000000000 is an unknown value


Stack: [0x0000000017f80000,0x0000000018080000],  sp=0x000000001807f178,  free space=1020k
Native frames: (J=compiled Java code, j=interpreted, Vv=VM code, C=native code)

VM_Operation (0x000000001d93e9f0): Exit, mode: safepoint, requested by thread 0x000000001c703800


---------------  P R O C E S S  ---------------

Java Threads: ( => current thread )
  0x000000001df10800 JavaThread "LWJGL Timer" daemon [_thread_blocked, id=6680, stack(0x000000002aa50000,0x000000002ab50000)]
  0x0000000019ce8000 JavaThread "Java2D Disposer" daemon [_thread_blocked, id=3088, stack(0x000000001ebc0000,0x000000001ecc0000)]
  0x000000001c703800 JavaThread "event.project.java.MyGameJava.main()" [_thread_blocked, id=9872, stack(0x000000001d840000,0x000000001d940000)]
  0x0000000016f8e800 JavaThread "Service Thread" daemon [_thread_blocked, id=9732, stack(0x0000000018b80000,0x0000000018c80000)]
  0x0000000016f2e000 JavaThread "C1 CompilerThread2" daemon [_thread_blocked, id=7380, stack(0x0000000018680000,0x0000000018780000)]
  0x0000000016f3f000 JavaThread "C2 CompilerThread1" daemon [_thread_blocked, id=4444, stack(0x0000000018580000,0x0000000018680000)]
  0x0000000016f3b000 JavaThread "C2 CompilerThread0" daemon [_thread_blocked, id=1840, stack(0x0000000018480000,0x0000000018580000)]
  0x0000000016f39800 JavaThread "Attach Listener" daemon [_thread_blocked, id=2104, stack(0x0000000018380000,0x0000000018480000)]
  0x0000000016f38000 JavaThread "Signal Dispatcher" daemon [_thread_blocked, id=7692, stack(0x0000000018280000,0x0000000018380000)]
  0x00000000023b8800 JavaThread "Finalizer" daemon [_thread_blocked, id=10356, stack(0x0000000018180000,0x0000000018280000)]
  0x00000000023ae000 JavaThread "Reference Handler" daemon [_thread_blocked, id=7772, stack(0x0000000018080000,0x0000000018180000)]
  0x000000000097e000 JavaThread "main" [_thread_blocked, id=7392, stack(0x00000000020f0000,0x00000000021f0000)]

Other Threads:
=>0x0000000016ef8000 VMThread [stack: 0x0000000017f80000,0x0000000018080000] [id=8268]

VM state:at safepoint (shutting down)

VM Mutex/Monitor currently owned by a thread:  ([mutex/lock_event])
[0x000000000097d320] Threads_lock - owner thread: 0x0000000016ef8000

Heap:
 PSYoungGen      total 71680K, used 51154K [0x00000000d5c00000, 0x00000000df000000, 0x0000000100000000)
  eden space 66560K, 76% used [0x00000000d5c00000,0x00000000d8df4ad0,0x00000000d9d00000)
  from space 5120K, 0% used [0x00000000d9d00000,0x00000000d9d00000,0x00000000da200000)
  to   space 9216K, 0% used [0x00000000de700000,0x00000000de700000,0x00000000df000000)
 ParOldGen       total 71168K, used 10060K [0x0000000081400000, 0x0000000085980000, 0x00000000d5c00000)
  object space 71168K, 14% used [0x0000000081400000,0x0000000081dd32f0,0x0000000085980000)
 Metaspace       used 27673K, capacity 28378K, committed 28672K, reserved 1075200K
  class space    used 3258K, capacity 3517K, committed 3584K, reserved 1048576K

Card table byte_map: [0x0000000011780000,0x0000000011b80000] byte_map_base: 0x0000000011376000

Marking Bits: (ParMarkBitMap*) 0x000000005c1d4040
 Begin Bits: [0x0000000012230000, 0x00000000141e0000)
 End Bits:   [0x00000000141e0000, 0x0000000016190000)

Polling page: 0x00000000001f0000

CodeCache: size=245760Kb used=11710Kb max_used=12891Kb free=234049Kb
 bounds [0x00000000023c0000, 0x0000000003070000, 0x00000000113c0000]
 total_blobs=4393 nmethods=3768 adapters=537
 compilation: enabled

Compilation events (10 events):
Event: 76.720 Thread 0x0000000016f2e000 nmethod 4261 0x00000000026ba110 code [0x00000000026ba280, 0x00000000026ba4f0]
Event: 77.753 Thread 0x0000000016f3f000 4262       4       java.nio.Buffer::nextGetIndex (38 bytes)
Event: 77.754 Thread 0x0000000016f3f000 nmethod 4262 0x0000000002c549d0 code [0x0000000002c54b00, 0x0000000002c54b98]
Event: 81.569 Thread 0x0000000016f3b000 4263   !   4       org.lwjgl.input.Mouse::next (235 bytes)
Event: 81.579 Thread 0x0000000016f3b000 nmethod 4263 0x00000000029b9410 code [0x00000000029b95e0, 0x00000000029ba028]
Event: 84.519 Thread 0x0000000016f2e000 4264       3       playn.core.Dispatcher::dispatch (11 bytes)
Event: 84.519 Thread 0x0000000016f2e000 nmethod 4264 0x000000000296bbd0 code [0x000000000296bd40, 0x000000000296bf68]
Event: 85.086 Thread 0x0000000016f3f000 4265       4       pythagoras.f.AffineTransform::inverseTransform (113 bytes)
Event: 85.087 Thread 0x0000000016f3f000 nmethod 4265 0x0000000002de30d0 code [0x0000000002de3240, 0x0000000002de3418]
Event: 86.911 Thread 0x0000000016f2e000 4266   !   3       java.util.logging.LogManager::ensureLogManagerInitialized (128 bytes)

GC Heap History (10 events):
Event: 1.404 GC heap before
{Heap before GC invocations=2 (full 0):
 PSYoungGen      total 38400K, used 38368K [0x00000000d5c00000, 0x00000000d8680000, 0x0000000100000000)
  eden space 33280K, 100% used [0x00000000d5c00000,0x00000000d7c80000,0x00000000d7c80000)
  from space 5120K, 99% used [0x00000000d7c80000,0x00000000d81781f0,0x00000000d8180000)
  to   space 5120K, 0% used [0x00000000d8180000,0x00000000d8180000,0x00000000d8680000)
 ParOldGen       total 87552K, used 202K [0x0000000081400000, 0x0000000086980000, 0x00000000d5c00000)
  object space 87552K, 0% used [0x0000000081400000,0x0000000081432930,0x0000000086980000)
 Metaspace       used 12889K, capacity 13060K, committed 13312K, reserved 1060864K
  class space    used 1628K, capacity 1742K, committed 1792K, reserved 1048576K
Event: 1.412 GC heap after
Heap after GC invocations=2 (full 0):
 PSYoungGen      total 38400K, used 5116K [0x00000000d5c00000, 0x00000000d8680000, 0x0000000100000000)
  eden space 33280K, 0% used [0x00000000d5c00000,0x00000000d5c00000,0x00000000d7c80000)
  from space 5120K, 99% used [0x00000000d8180000,0x00000000d867f268,0x00000000d8680000)
  to   space 5120K, 0% used [0x00000000d7c80000,0x00000000d7c80000,0x00000000d8180000)
 ParOldGen       total 87552K, used 2916K [0x0000000081400000, 0x0000000086980000, 0x00000000d5c00000)
  object space 87552K, 3% used [0x0000000081400000,0x00000000816d9170,0x0000000086980000)
 Metaspace       used 12889K, capacity 13060K, committed 13312K, reserved 1060864K
  class space    used 1628K, capacity 1742K, committed 1792K, reserved 1048576K
}
Event: 2.362 GC heap before
{Heap before GC invocations=3 (full 0):
 PSYoungGen      total 38400K, used 38396K [0x00000000d5c00000, 0x00000000d8680000, 0x0000000100000000)
  eden space 33280K, 100% used [0x00000000d5c00000,0x00000000d7c80000,0x00000000d7c80000)
  from space 5120K, 99% used [0x00000000d8180000,0x00000000d867f268,0x00000000d8680000)
  to   space 5120K, 0% used [0x00000000d7c80000,0x00000000d7c80000,0x00000000d8180000)
 ParOldGen       total 87552K, used 2916K [0x0000000081400000, 0x0000000086980000, 0x00000000d5c00000)
  object space 87552K, 3% used [0x0000000081400000,0x00000000816d9170,0x0000000086980000)
 Metaspace       used 15115K, capacity 15416K, committed 15616K, reserved 1062912K
  class space    used 1844K, capacity 1945K, committed 2048K, reserved 1048576K
Event: 2.382 GC heap after
Heap after GC invocations=3 (full 0):
 PSYoungGen      total 38400K, used 5104K [0x00000000d5c00000, 0x00000000da700000, 0x0000000100000000)
  eden space 33280K, 0% used [0x00000000d5c00000,0x00000000d5c00000,0x00000000d7c80000)
  from space 5120K, 99% used [0x00000000d7c80000,0x00000000d817c030,0x00000000d8180000)
  to   space 5120K, 0% used [0x00000000da200000,0x00000000da200000,0x00000000da700000)
 ParOldGen       total 87552K, used 4761K [0x0000000081400000, 0x0000000086980000, 0x00000000d5c00000)
  object space 87552K, 5% used [0x0000000081400000,0x00000000818a6468,0x0000000086980000)
 Metaspace       used 15115K, capacity 15416K, committed 15616K, reserved 1062912K
  class space    used 1844K, capacity 1945K, committed 2048K, reserved 1048576K
}
Event: 3.154 GC heap before
{Heap before GC invocations=4 (full 0):
 PSYoungGen      total 38400K, used 38384K [0x00000000d5c00000, 0x00000000da700000, 0x0000000100000000)
  eden space 33280K, 100% used [0x00000000d5c00000,0x00000000d7c80000,0x00000000d7c80000)
  from space 5120K, 99% used [0x00000000d7c80000,0x00000000d817c030,0x00000000d8180000)
  to   space 5120K, 0% used [0x00000000da200000,0x00000000da200000,0x00000000da700000)
 ParOldGen       total 87552K, used 4761K [0x0000000081400000, 0x0000000086980000, 0x00000000d5c00000)
  object space 87552K, 5% used [0x0000000081400000,0x00000000818a6468,0x0000000086980000)
 Metaspace       used 16250K, capacity 16682K, committed 17024K, reserved 1064960K
  class space    used 1946K, capacity 2091K, committed 2176K, reserved 1048576K
Event: 3.166 GC heap after
Heap after GC invocations=4 (full 0):
 PSYoungGen      total 71680K, used 5088K [0x00000000d5c00000, 0x00000000da700000, 0x0000000100000000)
  eden space 66560K, 0% used [0x00000000d5c00000,0x00000000d5c00000,0x00000000d9d00000)
  from space 5120K, 99% used [0x00000000da200000,0x00000000da6f8020,0x00000000da700000)
  to   space 5120K, 0% used [0x00000000d9d00000,0x00000000d9d00000,0x00000000da200000)
 ParOldGen       total 87552K, used 7641K [0x0000000081400000, 0x0000000086980000, 0x00000000d5c00000)
  object space 87552K, 8% used [0x0000000081400000,0x0000000081b766e8,0x0000000086980000)
 Metaspace       used 16250K, capacity 16682K, committed 17024K, reserved 1064960K
  class space    used 1946K, capacity 2091K, committed 2176K, reserved 1048576K
}
Event: 4.113 GC heap before
{Heap before GC invocations=5 (full 0):
 PSYoungGen      total 71680K, used 35732K [0x00000000d5c00000, 0x00000000da700000, 0x0000000100000000)
  eden space 66560K, 46% used [0x00000000d5c00000,0x00000000d79ed160,0x00000000d9d00000)
  from space 5120K, 99% used [0x00000000da200000,0x00000000da6f8020,0x00000000da700000)
  to   space 5120K, 0% used [0x00000000d9d00000,0x00000000d9d00000,0x00000000da200000)
 ParOldGen       total 87552K, used 7641K [0x0000000081400000, 0x0000000086980000, 0x00000000d5c00000)
  object space 87552K, 8% used [0x0000000081400000,0x0000000081b766e8,0x0000000086980000)
 Metaspace       used 20661K, capacity 21150K, committed 21248K, reserved 1067008K
  class space    used 2543K, capacity 2726K, committed 2816K, reserved 1048576K
Event: 4.134 GC heap after
Heap after GC invocations=5 (full 0):
 PSYoungGen      total 71680K, used 5088K [0x00000000d5c00000, 0x00000000df000000, 0x0000000100000000)
  eden space 66560K, 0% used [0x00000000d5c00000,0x00000000d5c00000,0x00000000d9d00000)
  from space 5120K, 99% used [0x00000000d9d00000,0x00000000da1f8020,0x00000000da200000)
  to   space 9216K, 0% used [0x00000000de700000,0x00000000de700000,0x00000000df000000)
 ParOldGen       total 87552K, used 10547K [0x0000000081400000, 0x0000000086980000, 0x00000000d5c00000)
  object space 87552K, 12% used [0x0000000081400000,0x0000000081e4cd18,0x0000000086980000)
 Metaspace       used 20661K, capacity 21150K, committed 21248K, reserved 1067008K
  class space    used 2543K, capacity 2726K, committed 2816K, reserved 1048576K
}
Event: 4.134 GC heap before
{Heap before GC invocations=6 (full 1):
 PSYoungGen      total 71680K, used 5088K [0x00000000d5c00000, 0x00000000df000000, 0x0000000100000000)
  eden space 66560K, 0% used [0x00000000d5c00000,0x00000000d5c00000,0x00000000d9d00000)
  from space 5120K, 99% used [0x00000000d9d00000,0x00000000da1f8020,0x00000000da200000)
  to   space 9216K, 0% used [0x00000000de700000,0x00000000de700000,0x00000000df000000)
 ParOldGen       total 87552K, used 10547K [0x0000000081400000, 0x0000000086980000, 0x00000000d5c00000)
  object space 87552K, 12% used [0x0000000081400000,0x0000000081e4cd18,0x0000000086980000)
 Metaspace       used 20661K, capacity 21150K, committed 21248K, reserved 1067008K
  class space    used 2543K, capacity 2726K, committed 2816K, reserved 1048576K
Event: 4.284 GC heap after
Heap after GC invocations=6 (full 1):
 PSYoungGen      total 71680K, used 0K [0x00000000d5c00000, 0x00000000df000000, 0x0000000100000000)
  eden space 66560K, 0% used [0x00000000d5c00000,0x00000000d5c00000,0x00000000d9d00000)
  from space 5120K, 0% used [0x00000000d9d00000,0x00000000d9d00000,0x00000000da200000)
  to   space 9216K, 0% used [0x00000000de700000,0x00000000de700000,0x00000000df000000)
 ParOldGen       total 71168K, used 10060K [0x0000000081400000, 0x0000000085980000, 0x00000000d5c00000)
  object space 71168K, 14% used [0x0000000081400000,0x0000000081dd32f0,0x0000000085980000)
 Metaspace       used 20661K, capacity 21150K, committed 21248K, reserved 1067008K
  class space    used 2543K, capacity 2726K, committed 2816K, reserved 1048576K
}

Deoptimization events (10 events):
Event: 5.561 Thread 0x000000001c703800 Uncommon trap: reason=unstable_if action=reinterpret pc=0x0000000002dee260 method=java.util.StringTokenizer.setMaxDelimCodePoint()V @ 71
Event: 5.567 Thread 0x000000001c703800 Uncommon trap: reason=class_check action=maybe_recompile pc=0x0000000002e97034 method=java.lang.StringCoding$StringDecoder.decode([BII)[C @ 30
Event: 5.567 Thread 0x000000001c703800 Uncommon trap: reason=class_check action=maybe_recompile pc=0x0000000002e97034 method=java.lang.StringCoding$StringDecoder.decode([BII)[C @ 30
Event: 5.567 Thread 0x000000001c703800 Uncommon trap: reason=class_check action=maybe_recompile pc=0x0000000002e97034 method=java.lang.StringCoding$StringDecoder.decode([BII)[C @ 30
Event: 5.730 Thread 0x0000000019af4000 Uncommon trap: reason=class_check action=maybe_recompile pc=0x0000000002d61d3c method=java.util.concurrent.locks.AbstractQueuedSynchronizer.release(I)Z @ 2
Event: 5.738 Thread 0x000000001976c000 Uncommon trap: reason=class_check action=maybe_recompile pc=0x0000000002d61d3c method=java.util.concurrent.locks.AbstractQueuedSynchronizer.release(I)Z @ 2
Event: 5.738 Thread 0x000000001de71000 Uncommon trap: reason=class_check action=maybe_recompile pc=0x0000000002d61d3c method=java.util.concurrent.locks.AbstractQueuedSynchronizer.release(I)Z @ 2
Event: 5.738 Thread 0x000000001a150800 Uncommon trap: reason=class_check action=maybe_recompile pc=0x0000000002d61d3c method=java.util.concurrent.locks.AbstractQueuedSynchronizer.release(I)Z @ 2
Event: 5.742 Thread 0x000000001de71000 Uncommon trap: reason=unstable_if action=reinterpret pc=0x00000000026cca78 method=sun.net.www.ParseUtil.encodePath(Ljava/lang/String;Z)Ljava/lang/String; @ 123
Event: 5.742 Thread 0x0000000019af4000 Uncommon trap: reason=unstable_if action=reinterpret pc=0x00000000026cca78 method=sun.net.www.ParseUtil.encodePath(Ljava/lang/String;Z)Ljava/lang/String; @ 123

Internal exceptions (10 events):
Event: 1.801 Thread 0x000000000097e000 Implicit null exception at 0x000000000274af2f to 0x000000000274af99
Event: 1.983 Thread 0x000000000097e000 Implicit null exception at 0x0000000002a6045c to 0x0000000002a615ad
Event: 3.054 Thread 0x000000000097e000 Implicit null exception at 0x0000000002cd5531 to 0x0000000002cd66a1
Event: 4.500 Thread 0x000000000097e000 Exception <a 'java/io/FileNotFoundException'> (0x00000000d636bf98) thrown at [C:\re\workspace\8-2-build-windows-amd64-cygwin\jdk8u51\3951\hotspot\src\share\vm\prims\jni.cpp, line 709]
Event: 4.502 Thread 0x000000000097e000 Exception <a 'java/io/FileNotFoundException'> (0x00000000d639f508) thrown at [C:\re\workspace\8-2-build-windows-amd64-cygwin\jdk8u51\3951\hotspot\src\share\vm\prims\jni.cpp, line 709]
Event: 5.050 Thread 0x000000001c703800 Implicit null exception at 0x0000000002e61d8c to 0x0000000002e6252d
Event: 5.181 Thread 0x000000001c703800 Exception <a 'java/io/FileNotFoundException'> (0x00000000d7ccf6f8) thrown at [C:\re\workspace\8-2-build-windows-amd64-cygwin\jdk8u51\3951\hotspot\src\share\vm\prims\jni.cpp, line 709]
Event: 5.212 Thread 0x000000001c703800 Exception <a 'java/io/FileNotFoundException'> (0x00000000d7cf3748) thrown at [C:\re\workspace\8-2-build-windows-amd64-cygwin\jdk8u51\3951\hotspot\src\share\vm\prims\jni.cpp, line 709]
Event: 5.279 Thread 0x000000001c703800 Exception <a 'java/lang/NoSuchFieldError': method resolution failed> (0x00000000d7dc2698) thrown at [C:\re\workspace\8-2-build-windows-amd64-cygwin\jdk8u51\3951\hotspot\src\share\vm\prims\methodHandles.cpp, line 1125]
Event: 5.283 Thread 0x000000001c703800 Exception <a 'java/lang/NoSuchFieldError': method resolution failed> (0x00000000d7dd0fc8) thrown at [C:\re\workspace\8-2-build-windows-amd64-cygwin\jdk8u51\3951\hotspot\src\share\vm\prims\methodHandles.cpp, line 1125]

Events (10 events):
Event: 86.910 Executing VM operation: RevokeBias done
Event: 86.910 Thread 0x000000001a150800 Thread exited: 0x000000001a150800
Event: 86.910 Thread 0x000000001de71000 Thread exited: 0x000000001de71000
Event: 86.910 Thread 0x0000000018ad2800 Thread added: 0x0000000018ad2800
Event: 86.911 Thread 0x000000001a150800 Thread added: 0x000000001a150800
Event: 86.911 Executing VM operation: RevokeBias
Event: 86.911 Executing VM operation: RevokeBias done
Event: 86.911 Thread 0x0000000018ad2800 Thread exited: 0x0000000018ad2800
Event: 86.911 Thread 0x000000001a150800 Thread exited: 0x000000001a150800
Event: 86.911 Executing VM operation: Exit


Dynamic libraries:
0x00007ff7db780000 - 0x00007ff7db7b7000 	C:\Program Files\Java\jdk1.8.0_51\bin\java.exe
0x00007ffda31f0000 - 0x00007ffda33b9000 	C:\WINDOWS\SYSTEM32\ntdll.dll
0x00007ffda2860000 - 0x00007ffda290b000 	C:\WINDOWS\system32\KERNEL32.DLL
0x00007ffd9fc60000 - 0x00007ffd9fe5c000 	C:\WINDOWS\system32\KERNELBASE.dll
0x00007ffda0ab0000 - 0x00007ffda0b57000 	C:\WINDOWS\system32\ADVAPI32.dll
0x00007ffda27c0000 - 0x00007ffda285d000 	C:\WINDOWS\system32\msvcrt.dll
0x00007ffda3170000 - 0x00007ffda31cc000 	C:\WINDOWS\system32\sechost.dll
0x00007ffda0cb0000 - 0x00007ffda0dd5000 	C:\WINDOWS\system32\RPCRT4.dll
0x00007ffda2650000 - 0x00007ffda27b6000 	C:\WINDOWS\system32\USER32.dll
0x000000005da60000 - 0x000000005da7f000 	C:\WINDOWS\system32\win32u.dll
0x00007ffda0b60000 - 0x00007ffda0b90000 	C:\WINDOWS\system32\GDI32.dll
0x00007ffd9ff10000 - 0x00007ffda0090000 	C:\WINDOWS\system32\gdi32full.dll
0x00007ffd99530000 - 0x00007ffd9979c000 	C:\WINDOWS\WinSxS\amd64_microsoft.windows.common-controls_6595b64144ccf1df_6.0.14295.1000_none_7d072e80b85c67b2\COMCTL32.dll
0x00007ffda2360000 - 0x00007ffda25ef000 	C:\WINDOWS\system32\combase.dll
0x00007ffd9fb60000 - 0x00007ffd9fc54000 	C:\WINDOWS\system32\ucrtbase.dll
0x00007ffd9f930000 - 0x00007ffd9f999000 	C:\WINDOWS\system32\bcryptPrimitives.dll
0x00007ffda2e60000 - 0x00007ffda2e8e000 	C:\WINDOWS\system32\IMM32.DLL
0x000000005b470000 - 0x000000005b542000 	C:\Program Files\Java\jdk1.8.0_51\jre\bin\msvcr100.dll
0x000000005b9d0000 - 0x000000005c253000 	C:\Program Files\Java\jdk1.8.0_51\jre\bin\server\jvm.dll
0x00007ffda0940000 - 0x00007ffda0947000 	C:\WINDOWS\system32\PSAPI.DLL
0x00007ffd9aae0000 - 0x00007ffd9aae9000 	C:\WINDOWS\SYSTEM32\WSOCK32.dll
0x00007ffd9df30000 - 0x00007ffd9df53000 	C:\WINDOWS\SYSTEM32\WINMM.dll
0x00007ffd98a00000 - 0x00007ffd98a0a000 	C:\WINDOWS\SYSTEM32\VERSION.dll
0x00007ffda2f00000 - 0x00007ffda2f6b000 	C:\WINDOWS\system32\WS2_32.dll
0x00000000020c0000 - 0x00000000020eb000 	C:\WINDOWS\SYSTEM32\WINMMBASE.dll
0x00007ffd9fe60000 - 0x00007ffd9fea3000 	C:\WINDOWS\system32\cfgmgr32.dll
0x000000005b8e0000 - 0x000000005b8ef000 	C:\Program Files\Java\jdk1.8.0_51\jre\bin\verify.dll
0x000000005b8b0000 - 0x000000005b8d9000 	C:\Program Files\Java\jdk1.8.0_51\jre\bin\java.dll
0x000000005b890000 - 0x000000005b8a6000 	C:\Program Files\Java\jdk1.8.0_51\jre\bin\zip.dll
0x00007ffda0e80000 - 0x00007ffda2351000 	C:\WINDOWS\system32\SHELL32.dll
0x00007ffda0140000 - 0x00007ffda07f3000 	C:\WINDOWS\system32\windows.storage.dll
0x00007ffda25f0000 - 0x00007ffda2642000 	C:\WINDOWS\system32\shlwapi.dll
0x00007ffd9f850000 - 0x00007ffd9f85f000 	C:\WINDOWS\system32\kernel.appcore.dll
0x00007ffd9f860000 - 0x00007ffd9f908000 	C:\WINDOWS\system32\shcore.dll
0x00007ffd9f7e0000 - 0x00007ffd9f82b000 	C:\WINDOWS\system32\powrprof.dll
0x00007ffd9f830000 - 0x00007ffd9f844000 	C:\WINDOWS\system32\profapi.dll
0x000000005b870000 - 0x000000005b88a000 	C:\Program Files\Java\jdk1.8.0_51\jre\bin\net.dll
0x00007ffd9f0b0000 - 0x00007ffd9f10c000 	C:\WINDOWS\system32\mswsock.dll
0x000000005b850000 - 0x000000005b861000 	C:\Program Files\Java\jdk1.8.0_51\jre\bin\nio.dll
0x000000005b6b0000 - 0x000000005b848000 	C:\Program Files\Java\jdk1.8.0_51\jre\bin\awt.dll
0x00007ffda2da0000 - 0x00007ffda2e5b000 	C:\WINDOWS\system32\OLEAUT32.dll
0x00007ffd9deb0000 - 0x00007ffd9df29000 	C:\WINDOWS\SYSTEM32\apphelp.dll
0x00007ffd9cb70000 - 0x00007ffd9cb94000 	C:\WINDOWS\system32\DWMAPI.DLL
0x00007ffd9e290000 - 0x00007ffd9e323000 	C:\WINDOWS\system32\uxtheme.dll
0x0000000180000000 - 0x0000000180050000 	C:\cygwin64\tmp\playnaphis\1284024257\lwjgl64.dll
0x00007ffd81ee0000 - 0x00007ffd82003000 	C:\WINDOWS\SYSTEM32\OPENGL32.dll
0x00007ffd82080000 - 0x00007ffd820ac000 	C:\WINDOWS\SYSTEM32\GLU32.dll
0x00007ffd81de0000 - 0x00007ffd81ed7000 	C:\WINDOWS\SYSTEM32\DDRAW.dll
0x00007ffd82390000 - 0x00007ffd82398000 	C:\WINDOWS\SYSTEM32\DCIMAN32.dll
0x00007ffda0950000 - 0x00007ffda0aa1000 	C:\WINDOWS\system32\MSCTF.dll
0x00007ffd78660000 - 0x00007ffd7868b000 	C:\PROGRA~2\RAPTRI~1\Raptr\ltc_help64-109838.dll
0x00007ffd9feb0000 - 0x00007ffd9ff05000 	C:\WINDOWS\system32\WINTRUST.dll
0x00007ffd9f7d0000 - 0x00007ffd9f7e0000 	C:\WINDOWS\system32\MSASN1.dll
0x00007ffd9f9a0000 - 0x00007ffd9fb5c000 	C:\WINDOWS\system32\CRYPT32.dll
0x00007ffd5e2e0000 - 0x00007ffd5ef99000 	C:\WINDOWS\SYSTEM32\ig8icd64.dll
0x00007ffd97b70000 - 0x00007ffd98575000 	C:\WINDOWS\SYSTEM32\igdusc64.dll
0x00007ffd9d810000 - 0x00007ffd9d823000 	C:\WINDOWS\SYSTEM32\WTSAPI32.dll
0x00007ffd826c0000 - 0x00007ffd8274d000 	C:\WINDOWS\SYSTEM32\mscms.dll
0x00007ffd9ef40000 - 0x00007ffd9ef5f000 	C:\WINDOWS\SYSTEM32\USERENV.dll
0x00007ffd921e0000 - 0x00007ffd92222000 	C:\WINDOWS\SYSTEM32\icm32.dll
0x00007ffd9f160000 - 0x00007ffd9f177000 	C:\WINDOWS\system32\CRYPTSP.dll
0x00007ffd9ee50000 - 0x00007ffd9ee84000 	C:\WINDOWS\system32\rsaenh.dll
0x00007ffd9f710000 - 0x00007ffd9f739000 	C:\WINDOWS\SYSTEM32\bcrypt.dll
0x00007ffd9f280000 - 0x00007ffd9f28b000 	C:\WINDOWS\SYSTEM32\CRYPTBASE.dll
0x00007ffda0c90000 - 0x00007ffda0cac000 	C:\WINDOWS\system32\imagehlp.dll
0x00007ffd9e930000 - 0x00007ffd9e953000 	C:\WINDOWS\SYSTEM32\gpapi.dll
0x00007ffd843e0000 - 0x00007ffd8440f000 	C:\Windows\System32\cryptnet.dll
0x00007ffd9cca0000 - 0x00007ffd9ccd7000 	C:\WINDOWS\SYSTEM32\IPHLPAPI.DLL
0x00007ffd9bde0000 - 0x00007ffd9bdeb000 	C:\WINDOWS\SYSTEM32\WINNSI.DLL
0x00007ffda31d0000 - 0x00007ffda31d8000 	C:\WINDOWS\system32\NSI.dll
0x00007ffd78f10000 - 0x00007ffd79120000 	C:\PROGRA~2\RAPTRI~1\Raptr\ltc_game64-109838.dll
0x00007ffda0800000 - 0x00007ffda0938000 	C:\WINDOWS\system32\ole32.dll
0x00007ffd77d00000 - 0x00007ffd77e8b000 	C:\WINDOWS\SYSTEM32\dbghelp.dll

VM Arguments:
jvm_args: -Dclassworlds.conf=C:\apache-maven-3.3.9/bin/m2.conf -Dmaven.home=C:\apache-maven-3.3.9 -Dmaven.multiModuleProjectDirectory=C:\cygwin64\home\aphis\event\Event-Driven-Programming-Project\project 
java_command: org.codehaus.plexus.classworlds.launcher.Launcher test -Pjava
java_class_path (initial): C:\apache-maven-3.3.9/boot/plexus-classworlds-2.5.2.jar
Launcher Type: SUN_STANDARD

Environment Variables:
JAVA_HOME=C:\Program Files\Java\jdk1.8.0_51
PATH=C:\cygwin64\usr\local\bin;C:\cygwin64\bin;C:\Program Files (x86)\Intel\iCLS Client;C:\Program Files\Intel\iCLS Client;C:\ProgramData\Oracle\Java\javapath;C:\WINDOWS\system32;C:\WINDOWS;C:\WINDOWS\System32\Wbem;C:\WINDOWS\System32\WindowsPowerShell\v1.0;C:\Program Files (x86)\AMD\ATI.ACE\Core-Static;C:\Program Files\Java\jdk1.8.0_51\bin;C:\Program Files\Intel\Intel(R) Management Engine Components\DAL;C:\Program Files (x86)\Intel\Intel(R) Management Engine Components\DAL;C:\Program Files\Intel\Intel(R) Management Engine Components\IPT;C:\Program Files (x86)\Intel\Intel(R) Management Engine Components\IPT;C:\Program Files\Java\jdk1.8.0_51\bin;C:\grails-2.4.5\grails-2.4.5\bin;C:\Program Files (x86)\ATI Technologies\ATI.ACE\Core-Static;C:\Program Files (x86)\Dev-Cpp\MinGW64\bin;C:\Go\bin;C:\Program Files\Git\bin;C:\Program Files (x86)\Skype\Phone;C:\Program Files (x86)\GtkSharp\2.12\bin;C:\apache-maven-3.3.9\bin;C:\Users\aphis\AppData\Local\Programs\Python\Python35-32\Scripts;C:\Users\aphis\AppData\Local\Programs\Python\Python35-32;C:\Program Files (x86)\Microsoft VS Code\bin
USERNAME=aphis
SHELL=/bin/bash
OS=Windows_NT
PROCESSOR_IDENTIFIER=Intel64 Family 6 Model 61 Stepping 4, GenuineIntel



---------------  S Y S T E M  ---------------

OS: Windows 10.0 , 64 bit Build 14295 (10.0.14295.1000)

CPU:total 4 (2 cores per cpu, 2 threads per core) family 6 model 61 stepping 4, cmov, cx8, fxsr, mmx, sse, sse2, sse3, ssse3, sse4.1, sse4.2, popcnt, avx, avx2, aes, clmul, erms, 3dnowpref, lzcnt, ht, tsc, tscinvbit, bmi1, bmi2, adx

Memory: 4k page, physical 8301016k(3519088k free), swap 10267096k(3395976k free)

vm_info: Java HotSpot(TM) 64-Bit Server VM (25.51-b03) for windows-amd64 JRE (1.8.0_51-b16), built on Jun  8 2015 18:03:07 by "java_re" with MS VC++ 10.0 (VS2010)

time: Sun Mar 27 19:59:46 2016
elapsed time: 86 seconds (0d 0h 1m 26s)

