#
# A fatal error has been detected by the Java Runtime Environment:
#
#  EXCEPTION_ACCESS_VIOLATION (0xc0000005) at pc=0x00007ff87cccecb4, pid=12248, tid=6200
#
# JRE version: Java(TM) SE Runtime Environment (8.0_51-b16) (build 1.8.0_51-b16)
# Java VM: Java HotSpot(TM) 64-Bit Server VM (25.51-b03 mixed mode windows-amd64 compressed oops)
# Problematic frame:
# C  [OPENGL32.dll+0xdecb4]
#
# Failed to write core dump. Minidumps are not enabled by default on client versions of Windows
#
# If you would like to submit a bug report, please visit:
#   http://bugreport.java.com/bugreport/crash.jsp
#

---------------  T H R E A D  ---------------

Current thread (0x0000000016f27800):  VMThread [stack: 0x0000000017fc0000,0x00000000180c0000] [id=6200]

siginfo: ExceptionCode=0xc0000005, reading address 0x0000000000000a38

Registers:
RAX=0x0000000000000000, RBX=0x000000002ab1e160, RCX=0x0000000000000001, RDX=0x000000002ab1e168
RSP=0x00000000180bf0f8, RBP=0x0000000000000000, RSI=0x000000002ad12220, RDI=0x000000002ad12220
R8 =0x00000000180bf178, R9 =0x0000000016e35400, R10=0x0000000000000042, R11=0x00007ff87cce1bb8
R12=0x0000000000000000, R13=0x000000002ab17f48, R14=0x000000002ab17e00, R15=0x0000000000000000
RIP=0x00007ff87cccecb4, EFLAGS=0x0000000000010283

Top of Stack: (sp=0x00000000180bf0f8)
0x00000000180bf0f8:   00007ff85b3e44eb 0000000000000001
0x00000000180bf108:   000000002ab1e168 00000000180bf178
0x00000000180bf118:   0000000016e35400 0000000000000000
0x00000000180bf128:   00007ff85b3e9fb7 0000000000000000
0x00000000180bf138:   000000002ab11c10 000000002ab17f30
0x00000000180bf148:   00007ff85b3e9323 fffffffffffffffe
0x00000000180bf158:   00000000180bf1c0 0000000000000000
0x00000000180bf168:   00007ff85b3ea869 000000002ad12220
0x00000000180bf178:   000000002ab17790 000000002ab17e00
0x00000000180bf188:   00007ff85b44a910 fffffffffffffffe
0x00000000180bf198:   000000002ab1a410 0000000000000001
0x00000000180bf1a8:   000000002ab17f28 000000002ab17e00
0x00000000180bf1b8:   00007ff85b452a31 00007ff85b574790
0x00000000180bf1c8:   00007ff85b4b7ad0 0000000016e35400
0x00000000180bf1d8:   0000000000960000 000000002ab17f28
0x00000000180bf1e8:   000000002ab17e00 000000002ab17e00 

Instructions: (pc=0x00007ff87cccecb4)
0x00007ff87cccec94:   cc cc cc cc cc cc 66 0f 1f 44 00 00 8b 05 62 63
0x00007ff87ccceca4:   01 00 83 f8 40 73 0f 65 48 8b 04 c5 80 14 00 00
0x00007ff87cccecb4:   ff a0 38 0a 00 00 b8 47 01 00 00 e9 ec d4 ff ff
0x00007ff87cccecc4:   cc cc cc cc cc cc 66 0f 1f 44 00 00 8b 05 32 63 


Register to memory mapping:

RAX=0x0000000000000000 is an unknown value
RBX=0x000000002ab1e160 is an unknown value
RCX=0x0000000000000001 is an unknown value
RDX=0x000000002ab1e168 is an unknown value
RSP=0x00000000180bf0f8 is an unknown value
RBP=0x0000000000000000 is an unknown value
RSI=0x000000002ad12220 is an unknown value
RDI=0x000000002ad12220 is an unknown value
R8 =0x00000000180bf178 is an unknown value
R9 =0x0000000016e35400 is an unknown value
R10=0x0000000000000042 is an unknown value
R11=0x00007ff87cce1bb8 is an unknown value
R12=0x0000000000000000 is an unknown value
R13=0x000000002ab17f48 is an unknown value
R14=0x000000002ab17e00 is an unknown value
R15=0x0000000000000000 is an unknown value


Stack: [0x0000000017fc0000,0x00000000180c0000],  sp=0x00000000180bf0f8,  free space=1020k
Native frames: (J=compiled Java code, j=interpreted, Vv=VM code, C=native code)

VM_Operation (0x000000001d7ee740): Exit, mode: safepoint, requested by thread 0x0000000019597000


---------------  P R O C E S S  ---------------

Java Threads: ( => current thread )
  0x000000001de89800 JavaThread "LWJGL Timer" daemon [_thread_blocked, id=6532, stack(0x000000002a050000,0x000000002a150000)]
  0x0000000018fa2800 JavaThread "Java2D Disposer" daemon [_thread_blocked, id=1040, stack(0x000000001e800000,0x000000001e900000)]
  0x0000000019597000 JavaThread "event.project.java.MyGameJava.main()" [_thread_blocked, id=7344, stack(0x000000001d6f0000,0x000000001d7f0000)]
  0x00000000187ea800 JavaThread "Service Thread" daemon [_thread_blocked, id=9632, stack(0x0000000018bc0000,0x0000000018cc0000)]
  0x0000000016f65000 JavaThread "C1 CompilerThread2" daemon [_thread_blocked, id=2684, stack(0x00000000186c0000,0x00000000187c0000)]
  0x0000000016f62800 JavaThread "C2 CompilerThread1" daemon [_thread_blocked, id=3660, stack(0x00000000185c0000,0x00000000186c0000)]
  0x0000000016f5f000 JavaThread "C2 CompilerThread0" daemon [_thread_blocked, id=5012, stack(0x00000000184c0000,0x00000000185c0000)]
  0x0000000016f5d800 JavaThread "Attach Listener" daemon [_thread_blocked, id=1928, stack(0x00000000183c0000,0x00000000184c0000)]
  0x0000000016f5c800 JavaThread "Signal Dispatcher" daemon [_thread_blocked, id=5396, stack(0x00000000182c0000,0x00000000183c0000)]
  0x00000000023e8800 JavaThread "Finalizer" daemon [_thread_blocked, id=6468, stack(0x00000000181c0000,0x00000000182c0000)]
  0x00000000023e0000 JavaThread "Reference Handler" daemon [_thread_blocked, id=12056, stack(0x00000000180c0000,0x00000000181c0000)]
  0x000000000096e000 JavaThread "main" [_thread_blocked, id=1428, stack(0x0000000002100000,0x0000000002200000)]

Other Threads:
=>0x0000000016f27800 VMThread [stack: 0x0000000017fc0000,0x00000000180c0000] [id=6200]

VM state:at safepoint (shutting down)

VM Mutex/Monitor currently owned by a thread:  ([mutex/lock_event])
[0x000000000096d3d0] Threads_lock - owner thread: 0x0000000016f27800

Heap:
 PSYoungGen      total 41472K, used 26796K [0x00000000d5c00000, 0x00000000d8e80000, 0x0000000100000000)
  eden space 32256K, 83% used [0x00000000d5c00000,0x00000000d762b008,0x00000000d7b80000)
  from space 9216K, 0% used [0x00000000d8580000,0x00000000d8580000,0x00000000d8e80000)
  to   space 9728K, 0% used [0x00000000d7b80000,0x00000000d7b80000,0x00000000d8500000)
 ParOldGen       total 61440K, used 9375K [0x0000000081400000, 0x0000000085000000, 0x00000000d5c00000)
  object space 61440K, 15% used [0x0000000081400000,0x0000000081d27f70,0x0000000085000000)
 Metaspace       used 24918K, capacity 25646K, committed 25984K, reserved 1073152K
  class space    used 2901K, capacity 3157K, committed 3200K, reserved 1048576K

Card table byte_map: [0x00000000117b0000,0x0000000011bb0000] byte_map_base: 0x00000000113a6000

Marking Bits: (ParMarkBitMap*) 0x0000000052ed4040
 Begin Bits: [0x0000000012260000, 0x0000000014210000)
 End Bits:   [0x0000000014210000, 0x00000000161c0000)

Polling page: 0x00000000001f0000

CodeCache: size=245760Kb used=11871Kb max_used=11882Kb free=233888Kb
 bounds [0x00000000023f0000, 0x0000000002fa0000, 0x00000000113f0000]
 total_blobs=4440 nmethods=3796 adapters=555
 compilation: enabled

Compilation events (10 events):
Event: 34.846 Thread 0x0000000016f65000 nmethod 4221 0x0000000002f95c90 code [0x0000000002f95de0, 0x0000000002f95ef0]
Event: 36.494 Thread 0x0000000016f65000 4222       1       tripleplay.game.Screen::paint (1 bytes)
Event: 36.494 Thread 0x0000000016f65000 nmethod 4222 0x0000000002f959d0 code [0x0000000002f95b20, 0x0000000002f95c30]
Event: 36.978 Thread 0x0000000016f65000 4223       1       org.lwjgl.opengl.WindowsDisplayPeerInfo::doLockAndInitHandle (1 bytes)
Event: 36.979 Thread 0x0000000016f65000 nmethod 4223 0x0000000002f95710 code [0x0000000002f95860, 0x0000000002f95970]
Event: 37.012 Thread 0x0000000016f62800 4224       4       java.nio.Bits::copyFromArray (70 bytes)
Event: 37.013 Thread 0x0000000016f62800 nmethod 4224 0x0000000002f82dd0 code [0x0000000002f82f00, 0x0000000002f82f98]
Event: 39.179 Thread 0x0000000016f5f000 4225       4       playn.core.util.Clock$Source::paint (40 bytes)
Event: 39.179 Thread 0x0000000016f5f000 nmethod 4225 0x0000000002f96490 code [0x0000000002f965c0, 0x0000000002f96658]
Event: 39.781 Thread 0x0000000016f65000 4226   !   3       java.util.logging.LogManager::ensureLogManagerInitialized (128 bytes)

GC Heap History (10 events):
Event: 4.971 GC heap before
{Heap before GC invocations=3 (full 0):
 PSYoungGen      total 38400K, used 38384K [0x00000000d5c00000, 0x00000000d8680000, 0x0000000100000000)
  eden space 33280K, 100% used [0x00000000d5c00000,0x00000000d7c80000,0x00000000d7c80000)
  from space 5120K, 99% used [0x00000000d8180000,0x00000000d867c2d8,0x00000000d8680000)
  to   space 5120K, 0% used [0x00000000d7c80000,0x00000000d7c80000,0x00000000d8180000)
 ParOldGen       total 87552K, used 2737K [0x0000000081400000, 0x0000000086980000, 0x00000000d5c00000)
  object space 87552K, 3% used [0x0000000081400000,0x00000000816ac490,0x0000000086980000)
 Metaspace       used 15119K, capacity 15416K, committed 15616K, reserved 1062912K
  class space    used 1844K, capacity 1945K, committed 2048K, reserved 1048576K
Event: 4.981 GC heap after
Heap after GC invocations=3 (full 0):
 PSYoungGen      total 38400K, used 5120K [0x00000000d5c00000, 0x00000000d8680000, 0x0000000100000000)
  eden space 33280K, 0% used [0x00000000d5c00000,0x00000000d5c00000,0x00000000d7c80000)
  from space 5120K, 100% used [0x00000000d7c80000,0x00000000d8180000,0x00000000d8180000)
  to   space 5120K, 0% used [0x00000000d8180000,0x00000000d8180000,0x00000000d8680000)
 ParOldGen       total 87552K, used 4589K [0x0000000081400000, 0x0000000086980000, 0x00000000d5c00000)
  object space 87552K, 5% used [0x0000000081400000,0x000000008187b5b0,0x0000000086980000)
 Metaspace       used 15119K, capacity 15416K, committed 15616K, reserved 1062912K
  class space    used 1844K, capacity 1945K, committed 2048K, reserved 1048576K
}
Event: 7.052 GC heap before
{Heap before GC invocations=4 (full 0):
 PSYoungGen      total 38400K, used 38400K [0x00000000d5c00000, 0x00000000d8680000, 0x0000000100000000)
  eden space 33280K, 100% used [0x00000000d5c00000,0x00000000d7c80000,0x00000000d7c80000)
  from space 5120K, 100% used [0x00000000d7c80000,0x00000000d8180000,0x00000000d8180000)
  to   space 5120K, 0% used [0x00000000d8180000,0x00000000d8180000,0x00000000d8680000)
 ParOldGen       total 87552K, used 4589K [0x0000000081400000, 0x0000000086980000, 0x00000000d5c00000)
  object space 87552K, 5% used [0x0000000081400000,0x000000008187b5b0,0x0000000086980000)
 Metaspace       used 16206K, capacity 16618K, committed 16768K, reserved 1064960K
  class space    used 1946K, capacity 2091K, committed 2176K, reserved 1048576K
Event: 7.070 GC heap after
Heap after GC invocations=4 (full 0):
 PSYoungGen      total 38400K, used 5088K [0x00000000d5c00000, 0x00000000d8680000, 0x0000000100000000)
  eden space 33280K, 0% used [0x00000000d5c00000,0x00000000d5c00000,0x00000000d7c80000)
  from space 5120K, 99% used [0x00000000d8180000,0x00000000d8678020,0x00000000d8680000)
  to   space 5120K, 0% used [0x00000000d7c80000,0x00000000d7c80000,0x00000000d8180000)
 ParOldGen       total 87552K, used 7487K [0x0000000081400000, 0x0000000086980000, 0x00000000d5c00000)
  object space 87552K, 8% used [0x0000000081400000,0x0000000081b4ffb0,0x0000000086980000)
 Metaspace       used 16206K, capacity 16618K, committed 16768K, reserved 1064960K
  class space    used 1946K, capacity 2091K, committed 2176K, reserved 1048576K
}
Event: 8.656 GC heap before
{Heap before GC invocations=5 (full 0):
 PSYoungGen      total 38400K, used 38368K [0x00000000d5c00000, 0x00000000d8680000, 0x0000000100000000)
  eden space 33280K, 100% used [0x00000000d5c00000,0x00000000d7c80000,0x00000000d7c80000)
  from space 5120K, 99% used [0x00000000d8180000,0x00000000d8678020,0x00000000d8680000)
  to   space 5120K, 0% used [0x00000000d7c80000,0x00000000d7c80000,0x00000000d8180000)
 ParOldGen       total 87552K, used 7487K [0x0000000081400000, 0x0000000086980000, 0x00000000d5c00000)
  object space 87552K, 8% used [0x0000000081400000,0x0000000081b4ffb0,0x0000000086980000)
 Metaspace       used 17807K, capacity 18474K, committed 18560K, reserved 1064960K
  class space    used 2138K, capacity 2350K, committed 2432K, reserved 1048576K
Event: 8.671 GC heap after
Heap after GC invocations=5 (full 0):
 PSYoungGen      total 37888K, used 5104K [0x00000000d5c00000, 0x00000000d8f00000, 0x0000000100000000)
  eden space 32768K, 0% used [0x00000000d5c00000,0x00000000d5c00000,0x00000000d7c00000)
  from space 5120K, 99% used [0x00000000d7c80000,0x00000000d817c010,0x00000000d8180000)
  to   space 9728K, 0% used [0x00000000d8580000,0x00000000d8580000,0x00000000d8f00000)
 ParOldGen       total 87552K, used 10525K [0x0000000081400000, 0x0000000086980000, 0x00000000d5c00000)
  object space 87552K, 12% used [0x0000000081400000,0x0000000081e47668,0x0000000086980000)
 Metaspace       used 17807K, capacity 18474K, committed 18560K, reserved 1064960K
  class space    used 2138K, capacity 2350K, committed 2432K, reserved 1048576K
}
Event: 9.213 GC heap before
{Heap before GC invocations=6 (full 0):
 PSYoungGen      total 37888K, used 8927K [0x00000000d5c00000, 0x00000000d8f00000, 0x0000000100000000)
  eden space 32768K, 11% used [0x00000000d5c00000,0x00000000d5fbbcc0,0x00000000d7c00000)
  from space 5120K, 99% used [0x00000000d7c80000,0x00000000d817c010,0x00000000d8180000)
  to   space 9728K, 0% used [0x00000000d8580000,0x00000000d8580000,0x00000000d8f00000)
 ParOldGen       total 87552K, used 10525K [0x0000000081400000, 0x0000000086980000, 0x00000000d5c00000)
  object space 87552K, 12% used [0x0000000081400000,0x0000000081e47668,0x0000000086980000)
 Metaspace       used 20461K, capacity 21176K, committed 21296K, reserved 1069056K
  class space    used 2419K, capacity 2677K, committed 2688K, reserved 1048576K
Event: 9.224 GC heap after
Heap after GC invocations=6 (full 0):
 PSYoungGen      total 41472K, used 5828K [0x00000000d5c00000, 0x00000000d8e80000, 0x0000000100000000)
  eden space 32256K, 0% used [0x00000000d5c00000,0x00000000d5c00000,0x00000000d7b80000)
  from space 9216K, 63% used [0x00000000d8580000,0x00000000d8b312f0,0x00000000d8e80000)
  to   space 9728K, 0% used [0x00000000d7b80000,0x00000000d7b80000,0x00000000d8500000)
 ParOldGen       total 87552K, used 10533K [0x0000000081400000, 0x0000000086980000, 0x00000000d5c00000)
  object space 87552K, 12% used [0x0000000081400000,0x0000000081e49668,0x0000000086980000)
 Metaspace       used 20461K, capacity 21176K, committed 21296K, reserved 1069056K
  class space    used 2419K, capacity 2677K, committed 2688K, reserved 1048576K
}
Event: 9.224 GC heap before
{Heap before GC invocations=7 (full 1):
 PSYoungGen      total 41472K, used 5828K [0x00000000d5c00000, 0x00000000d8e80000, 0x0000000100000000)
  eden space 32256K, 0% used [0x00000000d5c00000,0x00000000d5c00000,0x00000000d7b80000)
  from space 9216K, 63% used [0x00000000d8580000,0x00000000d8b312f0,0x00000000d8e80000)
  to   space 9728K, 0% used [0x00000000d7b80000,0x00000000d7b80000,0x00000000d8500000)
 ParOldGen       total 87552K, used 10533K [0x0000000081400000, 0x0000000086980000, 0x00000000d5c00000)
  object space 87552K, 12% used [0x0000000081400000,0x0000000081e49668,0x0000000086980000)
 Metaspace       used 20461K, capacity 21176K, committed 21296K, reserved 1069056K
  class space    used 2419K, capacity 2677K, committed 2688K, reserved 1048576K
Event: 9.291 GC heap after
Heap after GC invocations=7 (full 1):
 PSYoungGen      total 41472K, used 0K [0x00000000d5c00000, 0x00000000d8e80000, 0x0000000100000000)
  eden space 32256K, 0% used [0x00000000d5c00000,0x00000000d5c00000,0x00000000d7b80000)
  from space 9216K, 0% used [0x00000000d8580000,0x00000000d8580000,0x00000000d8e80000)
  to   space 9728K, 0% used [0x00000000d7b80000,0x00000000d7b80000,0x00000000d8500000)
 ParOldGen       total 61440K, used 9375K [0x0000000081400000, 0x0000000085000000, 0x00000000d5c00000)
  object space 61440K, 15% used [0x0000000081400000,0x0000000081d27f70,0x0000000085000000)
 Metaspace       used 20461K, capacity 21176K, committed 21296K, reserved 1069056K
  class space    used 2419K, capacity 2677K, committed 2688K, reserved 1048576K
}

Deoptimization events (10 events):
Event: 10.197 Thread 0x00000000196fc800 Uncommon trap: reason=class_check action=maybe_recompile pc=0x0000000002aa6cec method=java.util.Hashtable.put(Ljava/lang/Object;Ljava/lang/Object;)Ljava/lang/Object; @ 18
Event: 10.197 Thread 0x0000000019834800 Uncommon trap: reason=class_check action=maybe_recompile pc=0x0000000002aa6cec method=java.util.Hashtable.put(Ljava/lang/Object;Ljava/lang/Object;)Ljava/lang/Object; @ 18
Event: 10.277 Thread 0x00000000196fc800 Uncommon trap: reason=class_check action=maybe_recompile pc=0x0000000002524298 method=java.util.zip.InflaterInputStream.read([BII)I @ 100
Event: 10.277 Thread 0x0000000019834800 Uncommon trap: reason=class_check action=maybe_recompile pc=0x0000000002524298 method=java.util.zip.InflaterInputStream.read([BII)I @ 100
Event: 10.278 Thread 0x00000000196fc800 Uncommon trap: reason=class_check action=maybe_recompile pc=0x0000000002524298 method=java.util.zip.InflaterInputStream.read([BII)I @ 100
Event: 10.278 Thread 0x00000000196fc800 Uncommon trap: reason=class_check action=maybe_recompile pc=0x0000000002524298 method=java.util.zip.InflaterInputStream.read([BII)I @ 100
Event: 10.282 Thread 0x00000000196fc800 Uncommon trap: reason=class_check action=maybe_recompile pc=0x0000000002d5fc7c method=java.util.concurrent.locks.AbstractQueuedSynchronizer.release(I)Z @ 2
Event: 10.420 Thread 0x0000000019834800 Uncommon trap: reason=unstable_if action=reinterpret pc=0x0000000002bb88a0 method=java.awt.image.ComponentColorModel.coerceData(Ljava/awt/image/WritableRaster;Z)Ljava/awt/image/ColorModel; @ 125
Event: 10.420 Thread 0x0000000019834800 Uncommon trap: reason=class_check action=maybe_recompile pc=0x0000000002d5fc7c method=java.util.concurrent.locks.AbstractQueuedSynchronizer.release(I)Z @ 2
Event: 12.574 Thread 0x0000000019597000 Uncommon trap: reason=unstable_if action=reinterpret pc=0x0000000002b667a8 method=java.lang.CharacterData.of(I)Ljava/lang/CharacterData; @ 4

Internal exceptions (10 events):
Event: 2.817 Thread 0x000000000096e000 Exception <a 'java/lang/NullPointerException'> (0x00000000d5f17068) thrown at [C:\re\workspace\8-2-build-windows-amd64-cygwin\jdk8u51\3951\hotspot\src\share\vm\interpreter\linkResolver.cpp, line 1178]
Event: 3.135 Thread 0x000000000096e000 Implicit null exception at 0x00000000029cc1dc to 0x00000000029cc7e9
Event: 3.159 Thread 0x000000000096e000 Implicit null exception at 0x00000000027c1e55 to 0x00000000027c202d
Event: 3.159 Thread 0x000000000096e000 Implicit null exception at 0x00000000026d202f to 0x00000000026d2099
Event: 3.382 Thread 0x000000000096e000 Implicit null exception at 0x0000000002a76fe0 to 0x0000000002a78191
Event: 6.735 Thread 0x000000000096e000 Implicit null exception at 0x0000000002cbc3b0 to 0x0000000002cbd525
Event: 9.080 Thread 0x0000000019597000 Exception <a 'java/io/FileNotFoundException'> (0x00000000d5e15ae0) thrown at [C:\re\workspace\8-2-build-windows-amd64-cygwin\jdk8u51\3951\hotspot\src\share\vm\prims\jni.cpp, line 709]
Event: 9.138 Thread 0x0000000019597000 Exception <a 'java/io/FileNotFoundException'> (0x00000000d5e39ba0) thrown at [C:\re\workspace\8-2-build-windows-amd64-cygwin\jdk8u51\3951\hotspot\src\share\vm\prims\jni.cpp, line 709]
Event: 9.178 Thread 0x0000000019597000 Exception <a 'java/lang/NoSuchFieldError': method resolution failed> (0x00000000d5f17810) thrown at [C:\re\workspace\8-2-build-windows-amd64-cygwin\jdk8u51\3951\hotspot\src\share\vm\prims\methodHandles.cpp, line 1125]
Event: 9.180 Thread 0x0000000019597000 Exception <a 'java/lang/NoSuchFieldError': method resolution failed> (0x00000000d5f26140) thrown at [C:\re\workspace\8-2-build-windows-amd64-cygwin\jdk8u51\3951\hotspot\src\share\vm\prims\methodHandles.cpp, line 1125]

Events (10 events):
Event: 39.781 Executing VM operation: RevokeBias done
Event: 39.781 Thread 0x000000001e031000 Thread added: 0x000000001e031000
Event: 39.781 Thread 0x0000000019834800 Thread exited: 0x0000000019834800
Event: 39.781 Thread 0x000000001992d000 Thread added: 0x000000001992d000
Event: 39.781 Thread 0x00000000196fc800 Thread exited: 0x00000000196fc800
Event: 39.781 Executing VM operation: RevokeBias
Event: 39.781 Executing VM operation: RevokeBias done
Event: 39.781 Thread 0x000000001992d000 Thread exited: 0x000000001992d000
Event: 39.781 Thread 0x000000001e031000 Thread exited: 0x000000001e031000
Event: 39.782 Executing VM operation: Exit


Dynamic libraries:
0x00007ff6c7be0000 - 0x00007ff6c7c17000 	C:\Program Files\Java\jdk1.8.0_51\bin\java.exe
0x00007ff894930000 - 0x00007ff894af9000 	C:\WINDOWS\SYSTEM32\ntdll.dll
0x00007ff8924d0000 - 0x00007ff89257b000 	C:\WINDOWS\system32\KERNEL32.DLL
0x00007ff8912d0000 - 0x00007ff8914cc000 	C:\WINDOWS\system32\KERNELBASE.dll
0x00007ff8926d0000 - 0x00007ff892777000 	C:\WINDOWS\system32\ADVAPI32.dll
0x00007ff894890000 - 0x00007ff89492d000 	C:\WINDOWS\system32\msvcrt.dll
0x00007ff8925a0000 - 0x00007ff8925fc000 	C:\WINDOWS\system32\sechost.dll
0x00007ff894580000 - 0x00007ff8946a5000 	C:\WINDOWS\system32\RPCRT4.dll
0x00007ff8940b0000 - 0x00007ff894216000 	C:\WINDOWS\system32\USER32.dll
0x0000000054930000 - 0x000000005494f000 	C:\WINDOWS\system32\win32u.dll
0x00007ff892a10000 - 0x00007ff892a40000 	C:\WINDOWS\system32\GDI32.dll
0x00007ff891dc0000 - 0x00007ff891f40000 	C:\WINDOWS\system32\gdi32full.dll
0x00007ff886c70000 - 0x00007ff886edc000 	C:\WINDOWS\WinSxS\amd64_microsoft.windows.common-controls_6595b64144ccf1df_6.0.14291.1001_none_7ae2cee453e38faf\COMCTL32.dll
0x00007ff892780000 - 0x00007ff892a0f000 	C:\WINDOWS\system32\combase.dll
0x00007ff891cc0000 - 0x00007ff891db4000 	C:\WINDOWS\system32\ucrtbase.dll
0x00007ff890fa0000 - 0x00007ff891009000 	C:\WINDOWS\system32\bcryptPrimitives.dll
0x00007ff8926a0000 - 0x00007ff8926ce000 	C:\WINDOWS\system32\IMM32.DLL
0x0000000052340000 - 0x0000000052412000 	C:\Program Files\Java\jdk1.8.0_51\jre\bin\msvcr100.dll
0x00000000526d0000 - 0x0000000052f53000 	C:\Program Files\Java\jdk1.8.0_51\jre\bin\server\jvm.dll
0x00007ff894220000 - 0x00007ff894227000 	C:\WINDOWS\system32\PSAPI.DLL
0x00007ff88f6b0000 - 0x00007ff88f6d3000 	C:\WINDOWS\SYSTEM32\WINMM.dll
0x00007ff8865e0000 - 0x00007ff8865ea000 	C:\WINDOWS\SYSTEM32\VERSION.dll
0x00007ff88d830000 - 0x00007ff88d839000 	C:\WINDOWS\SYSTEM32\WSOCK32.dll
0x00007ff8946b0000 - 0x00007ff89471b000 	C:\WINDOWS\system32\WS2_32.dll
0x00007ff88f680000 - 0x00007ff88f6ab000 	C:\WINDOWS\SYSTEM32\WINMMBASE.dll
0x00007ff891280000 - 0x00007ff8912c3000 	C:\WINDOWS\system32\cfgmgr32.dll
0x00000000532d0000 - 0x00000000532df000 	C:\Program Files\Java\jdk1.8.0_51\jre\bin\verify.dll
0x00000000532a0000 - 0x00000000532c9000 	C:\Program Files\Java\jdk1.8.0_51\jre\bin\java.dll
0x0000000053280000 - 0x0000000053296000 	C:\Program Files\Java\jdk1.8.0_51\jre\bin\zip.dll
0x00007ff892b70000 - 0x00007ff894041000 	C:\WINDOWS\system32\SHELL32.dll
0x00007ff8914d0000 - 0x00007ff891b83000 	C:\WINDOWS\system32\windows.storage.dll
0x00007ff892a40000 - 0x00007ff892a92000 	C:\WINDOWS\system32\shlwapi.dll
0x00007ff890f30000 - 0x00007ff890f3f000 	C:\WINDOWS\system32\kernel.appcore.dll
0x00007ff8911d0000 - 0x00007ff891278000 	C:\WINDOWS\system32\shcore.dll
0x00007ff890f50000 - 0x00007ff890f9b000 	C:\WINDOWS\system32\powrprof.dll
0x00007ff890f10000 - 0x00007ff890f24000 	C:\WINDOWS\system32\profapi.dll
0x0000000053130000 - 0x000000005314a000 	C:\Program Files\Java\jdk1.8.0_51\jre\bin\net.dll
0x00007ff8907f0000 - 0x00007ff89084c000 	C:\WINDOWS\system32\mswsock.dll
0x0000000053110000 - 0x0000000053121000 	C:\Program Files\Java\jdk1.8.0_51\jre\bin\nio.dll
0x0000000052530000 - 0x00000000526c8000 	C:\Program Files\Java\jdk1.8.0_51\jre\bin\awt.dll
0x00007ff892ab0000 - 0x00007ff892b6b000 	C:\WINDOWS\system32\OLEAUT32.dll
0x00007ff88f800000 - 0x00007ff88f879000 	C:\WINDOWS\SYSTEM32\apphelp.dll
0x00007ff88ee30000 - 0x00007ff88ee54000 	C:\WINDOWS\system32\DWMAPI.DLL
0x00007ff88f9c0000 - 0x00007ff88fa53000 	C:\WINDOWS\system32\uxtheme.dll
0x0000000180000000 - 0x0000000180050000 	C:\cygwin64\tmp\playnaphis\1284024257\lwjgl64.dll
0x00007ff87cbf0000 - 0x00007ff87cd13000 	C:\WINDOWS\SYSTEM32\OPENGL32.dll
0x00007ff87c080000 - 0x00007ff87c177000 	C:\WINDOWS\SYSTEM32\DDRAW.dll
0x00007ff8838e0000 - 0x00007ff88390c000 	C:\WINDOWS\SYSTEM32\GLU32.dll
0x00007ff88a0e0000 - 0x00007ff88a0e8000 	C:\WINDOWS\SYSTEM32\DCIMAN32.dll
0x00007ff891f40000 - 0x00007ff892091000 	C:\WINDOWS\system32\MSCTF.dll
0x00007ff86ccc0000 - 0x00007ff86cceb000 	C:\PROGRA~2\RAPTRI~1\Raptr\ltc_help64-109838.dll
0x00007ff891c40000 - 0x00007ff891c95000 	C:\WINDOWS\system32\WINTRUST.dll
0x00007ff890f40000 - 0x00007ff890f50000 	C:\WINDOWS\system32\MSASN1.dll
0x00007ff891010000 - 0x00007ff8911cc000 	C:\WINDOWS\system32\CRYPT32.dll
0x00007ff84cfa0000 - 0x00007ff84dc59000 	C:\WINDOWS\SYSTEM32\ig8icd64.dll
0x00007ff88ee60000 - 0x00007ff88ee73000 	C:\WINDOWS\SYSTEM32\WTSAPI32.dll
0x00007ff88a380000 - 0x00007ff88ad85000 	C:\WINDOWS\SYSTEM32\igdusc64.dll
0x00007ff871920000 - 0x00007ff8719ad000 	C:\WINDOWS\SYSTEM32\mscms.dll
0x00007ff890680000 - 0x00007ff89069f000 	C:\WINDOWS\SYSTEM32\USERENV.dll
0x00007ff87c800000 - 0x00007ff87c842000 	C:\WINDOWS\SYSTEM32\icm32.dll
0x00000000530c0000 - 0x0000000053107000 	C:\Program Files\Java\jdk1.8.0_51\jre\bin\fontmanager.dll
0x0000000053020000 - 0x0000000053062000 	C:\Program Files\Java\jdk1.8.0_51\jre\bin\t2k.dll
0x0000000052fb0000 - 0x0000000052fda000 	C:\Program Files\Java\jdk1.8.0_51\jre\bin\dcpr.dll
0x00007ff8908a0000 - 0x00007ff8908b7000 	C:\WINDOWS\system32\CRYPTSP.dll
0x00007ff890590000 - 0x00007ff8905c4000 	C:\WINDOWS\system32\rsaenh.dll
0x00007ff890e50000 - 0x00007ff890e79000 	C:\WINDOWS\SYSTEM32\bcrypt.dll
0x00007ff8909c0000 - 0x00007ff8909cb000 	C:\WINDOWS\SYSTEM32\CRYPTBASE.dll
0x00007ff892580000 - 0x00007ff89259c000 	C:\WINDOWS\system32\imagehlp.dll
0x00007ff890070000 - 0x00007ff890093000 	C:\WINDOWS\SYSTEM32\gpapi.dll
0x00007ff87fc50000 - 0x00007ff87fc7f000 	C:\Windows\System32\cryptnet.dll
0x00007ff88e5b0000 - 0x00007ff88e5e7000 	C:\WINDOWS\SYSTEM32\IPHLPAPI.DLL
0x00007ff88e030000 - 0x00007ff88e03b000 	C:\WINDOWS\SYSTEM32\WINNSI.DLL
0x00007ff892aa0000 - 0x00007ff892aa8000 	C:\WINDOWS\system32\NSI.dll
0x00007ff85b380000 - 0x00007ff85b590000 	C:\PROGRA~2\RAPTRI~1\Raptr\ltc_game64-109838.dll
0x00007ff894240000 - 0x00007ff894378000 	C:\WINDOWS\system32\ole32.dll
0x00007ff86efc0000 - 0x00007ff86f14b000 	C:\WINDOWS\SYSTEM32\dbghelp.dll

VM Arguments:
jvm_args: -Dclassworlds.conf=C:\apache-maven-3.3.9/bin/m2.conf -Dmaven.home=C:\apache-maven-3.3.9 -Dmaven.multiModuleProjectDirectory=C:\cygwin64\home\aphis\event\Event-Driven-Programming-Project\project 
java_command: org.codehaus.plexus.classworlds.launcher.Launcher test -Pjava
java_class_path (initial): C:\apache-maven-3.3.9/boot/plexus-classworlds-2.5.2.jar
Launcher Type: SUN_STANDARD

Environment Variables:
JAVA_HOME=C:\Program Files\Java\jdk1.8.0_51
PATH=C:\cygwin64\usr\local\bin;C:\cygwin64\bin;C:\Program Files (x86)\Intel\iCLS Client;C:\Program Files\Intel\iCLS Client;C:\ProgramData\Oracle\Java\javapath;C:\WINDOWS\system32;C:\WINDOWS;C:\WINDOWS\System32\Wbem;C:\WINDOWS\System32\WindowsPowerShell\v1.0;C:\Program Files (x86)\AMD\ATI.ACE\Core-Static;C:\Program Files\Java\jdk1.8.0_51\bin;C:\Program Files\Intel\Intel(R) Management Engine Components\DAL;C:\Program Files (x86)\Intel\Intel(R) Management Engine Components\DAL;C:\Program Files\Intel\Intel(R) Management Engine Components\IPT;C:\Program Files (x86)\Intel\Intel(R) Management Engine Components\IPT;C:\Program Files\Java\jdk1.8.0_51\bin;C:\grails-2.4.5\grails-2.4.5\bin;C:\Program Files (x86)\ATI Technologies\ATI.ACE\Core-Static;C:\Program Files (x86)\Dev-Cpp\MinGW64\bin;C:\Go\bin;C:\Program Files\Git\bin;C:\Program Files (x86)\Skype\Phone;C:\Program Files (x86)\GtkSharp\2.12\bin;C:\apache-maven-3.3.9\bin;C:\Users\aphis\AppData\Local\Programs\Python\Python35-32\Scripts;C:\Users\aphis\AppData\Local\Programs\Python\Python35-32;C:\Program Files (x86)\Microsoft VS Code\bin
USERNAME=aphis
SHELL=/bin/bash
OS=Windows_NT
PROCESSOR_IDENTIFIER=Intel64 Family 6 Model 61 Stepping 4, GenuineIntel



---------------  S Y S T E M  ---------------

OS: Windows 10.0 , 64 bit Build 14291 (10.0.14291.1001)

CPU:total 4 (2 cores per cpu, 2 threads per core) family 6 model 61 stepping 4, cmov, cx8, fxsr, mmx, sse, sse2, sse3, ssse3, sse4.1, sse4.2, popcnt, avx, avx2, aes, clmul, erms, 3dnowpref, lzcnt, ht, tsc, tscinvbit, bmi1, bmi2, adx

Memory: 4k page, physical 8301016k(2874396k free), swap 9939416k(2017948k free)

vm_info: Java HotSpot(TM) 64-Bit Server VM (25.51-b03) for windows-amd64 JRE (1.8.0_51-b16), built on Jun  8 2015 18:03:07 by "java_re" with MS VC++ 10.0 (VS2010)

time: Wed Mar 23 18:09:12 2016
elapsed time: 39 seconds (0d 0h 0m 39s)

